#
# There is insufficient memory for the Java Runtime Environment to continue.
# Native memory allocation (malloc) failed to allocate 297072 bytes for Chunk::new
# Possible reasons:
#   The system is out of physical RAM or swap space
#   The process is running with CompressedOops enabled, and the Java Heap may be blocking the growth of the native heap
# Possible solutions:
#   Reduce memory load on the system
#   Increase physical memory or swap space
#   Check if swap backing store is full
#   Decrease Java heap size (-Xmx/-Xms)
#   Decrease number of Java threads
#   Decrease Java thread stack sizes (-Xss)
#   Set larger code cache with -XX:ReservedCodeCacheSize=
#   JVM is running with Unscaled Compressed Oops mode in which the Java heap is
#     placed in the first 4GB address space. The Java Heap base address is the
#     maximum limit for the native heap growth. Please use -XX:HeapBaseMinAddress
#     to set the Java Heap base and to place the Java Heap above 4GB virtual address.
# This output file may be truncated or incomplete.
#
#  Out of Memory Error (arena.cpp:184), pid=2360, tid=3488
#
# JRE version: Java(TM) SE Runtime Environment (19.0.1+10) (build 19.0.1+10-21)
# Java VM: Java HotSpot(TM) 64-Bit Server VM (19.0.1+10-21, mixed mode, sharing, tiered, compressed oops, compressed class ptrs, g1 gc, windows-amd64)
# No core dump will be written. Minidumps are not enabled by default on client versions of Windows
#

---------------  S U M M A R Y ------------

Command Line: -ea -Didea.test.cyclic.buffer.size=1048576 -javaagent:C:\Program Files\JetBrains\IntelliJ IDEA Community Edition 2022.2.3\lib\idea_rt.jar=50886:C:\Program Files\JetBrains\IntelliJ IDEA Community Edition 2022.2.3\bin -Dfile.encoding=UTF-8 -Dsun.stdout.encoding=UTF-8 -Dsun.stderr.encoding=UTF-8 com.intellij.rt.junit.JUnitStarter -ideVersion5 -junit5 com.example.cityHotel.test.CityHotelApplicationTests

Host: Intel(R) Core(TM) i7-10510U CPU @ 1.80GHz, 8 cores, 7G,  Windows 10 , 64 bit Build 19041 (10.0.19041.2364)
Time: Mon Dec 26 18:30:42 2022 West Bank Gaza Standard Time elapsed time: 7.320903 seconds (0d 0h 0m 7s)

---------------  T H R E A D  ---------------

Current thread (0x00000196af8e61e0):  JavaThread "C2 CompilerThread1" daemon [_thread_in_native, id=3488, stack(0x00000018e8a00000,0x00000018e8b00000)]


Current CompileTask:
C2:   7320 5693       4       java.beans.MethodRef::set (58 bytes)

Stack: [0x00000018e8a00000,0x00000018e8b00000]
Native frames: (J=compiled Java code, j=interpreted, Vv=VM code, C=native code)
V  [jvm.dll+0x6ee8fa]
V  [jvm.dll+0x857a1e]
V  [jvm.dll+0x85940e]
V  [jvm.dll+0x859ac3]
V  [jvm.dll+0x28291f]
V  [jvm.dll+0xc9b5f]
V  [jvm.dll+0xc9ee5]
V  [jvm.dll+0x149f3f]
V  [jvm.dll+0x67b032]
V  [jvm.dll+0x67f44c]
V  [jvm.dll+0x24c14e]
V  [jvm.dll+0x24b671]
V  [jvm.dll+0x1d6d61]
V  [jvm.dll+0x25b0fa]
V  [jvm.dll+0x259588]
V  [jvm.dll+0x807928]
V  [jvm.dll+0x8015fa]
V  [jvm.dll+0x6ed5eb]
C  [ucrtbase.dll+0x21bb2]
C  [KERNEL32.DLL+0x17614]
C  [ntdll.dll+0x526a1]


---------------  P R O C E S S  ---------------

Threads class SMR info:
_java_thread_list=0x00000196b1273e30, length=18, elements={
0x000001968aa1f510, 0x00000196a91c98b0, 0x00000196a91ca640, 0x00000196a91ccb60,
0x00000196a91ce640, 0x00000196a91cf110, 0x00000196a91cfbe0, 0x00000196a91d3ee0,
0x00000196a91dca00, 0x00000196a91f1510, 0x00000196ad4d18f0, 0x00000196ad6676a0,
0x00000196ad592270, 0x00000196afd82750, 0x00000196b1e18430, 0x00000196b1e16ef0,
0x00000196af8e61e0, 0x00000196af8e7820
}

Java Threads: ( => current thread )
  0x000001968aa1f510 JavaThread "main" [_thread_in_vm, id=6180, stack(0x00000018e7600000,0x00000018e7700000)]
  0x00000196a91c98b0 JavaThread "Reference Handler" daemon [_thread_blocked, id=2372, stack(0x00000018e7d00000,0x00000018e7e00000)]
  0x00000196a91ca640 JavaThread "Finalizer" daemon [_thread_blocked, id=12560, stack(0x00000018e7e00000,0x00000018e7f00000)]
  0x00000196a91ccb60 JavaThread "Signal Dispatcher" daemon [_thread_blocked, id=6780, stack(0x00000018e7f00000,0x00000018e8000000)]
  0x00000196a91ce640 JavaThread "Attach Listener" daemon [_thread_blocked, id=10128, stack(0x00000018e8000000,0x00000018e8100000)]
  0x00000196a91cf110 JavaThread "Service Thread" daemon [_thread_blocked, id=6920, stack(0x00000018e8100000,0x00000018e8200000)]
  0x00000196a91cfbe0 JavaThread "Monitor Deflation Thread" daemon [_thread_blocked, id=2824, stack(0x00000018e8200000,0x00000018e8300000)]
  0x00000196a91d3ee0 JavaThread "C2 CompilerThread0" daemon [_thread_in_native, id=388, stack(0x00000018e8300000,0x00000018e8400000)]
  0x00000196a91dca00 JavaThread "C1 CompilerThread0" daemon [_thread_blocked, id=7108, stack(0x00000018e8400000,0x00000018e8500000)]
  0x00000196a91f1510 JavaThread "Sweeper thread" daemon [_thread_blocked, id=11952, stack(0x00000018e8500000,0x00000018e8600000)]
  0x00000196ad4d18f0 JavaThread "Common-Cleaner" daemon [_thread_blocked, id=12532, stack(0x00000018e8600000,0x00000018e8700000)]
  0x00000196ad6676a0 JavaThread "Monitor Ctrl-Break" daemon [_thread_in_native, id=2408, stack(0x00000018e8700000,0x00000018e8800000)]
  0x00000196ad592270 JavaThread "Notification Thread" daemon [_thread_blocked, id=9168, stack(0x00000018e8800000,0x00000018e8900000)]
  0x00000196afd82750 JavaThread "mysql-cj-abandoned-connection-cleanup" daemon [_thread_blocked, id=8204, stack(0x00000018e9300000,0x00000018e9400000)]
  0x00000196b1e18430 JavaThread "HikariPool-1 housekeeper" daemon [_thread_blocked, id=13124, stack(0x00000018e9600000,0x00000018e9700000)]
  0x00000196b1e16ef0 JavaThread "HikariPool-1 connection adder" daemon [_thread_blocked, id=13152, stack(0x00000018e9700000,0x00000018e9800000)]
=>0x00000196af8e61e0 JavaThread "C2 CompilerThread1" daemon [_thread_in_native, id=3488, stack(0x00000018e8a00000,0x00000018e8b00000)]
  0x00000196af8e7820 JavaThread "C2 CompilerThread2" daemon [_thread_in_native, id=5828, stack(0x00000018e9200000,0x00000018e9300000)]

Other Threads:
  0x00000196a91ad8e0 VMThread "VM Thread" [stack: 0x00000018e7c00000,0x00000018e7d00000] [id=6740]
  0x00000196ad667be0 WatcherThread "VM Periodic Task Thread" [stack: 0x00000018e8900000,0x00000018e8a00000] [id=1172]
  0x000001968aa93a90 WorkerThread "GC Thread#0" [stack: 0x00000018e7700000,0x00000018e7800000] [id=7288]
  0x00000196adbbc0b0 WorkerThread "GC Thread#1" [stack: 0x00000018e8b00000,0x00000018e8c00000] [id=10912]
  0x00000196ae0a8100 WorkerThread "GC Thread#2" [stack: 0x00000018e8c00000,0x00000018e8d00000] [id=7444]
  0x00000196ae1525b0 WorkerThread "GC Thread#3" [stack: 0x00000018e8d00000,0x00000018e8e00000] [id=2144]
  0x00000196ae153890 WorkerThread "GC Thread#4" [stack: 0x00000018e8e00000,0x00000018e8f00000] [id=5172]
  0x00000196ae157510 WorkerThread "GC Thread#5" [stack: 0x00000018e8f00000,0x00000018e9000000] [id=8316]
  0x00000196ae156160 WorkerThread "GC Thread#6" [stack: 0x00000018e9000000,0x00000018e9100000] [id=5176]
  0x00000196ae156430 WorkerThread "GC Thread#7" [stack: 0x00000018e9100000,0x00000018e9200000] [id=11080]
  0x000001968aaa4490 ConcurrentGCThread "G1 Main Marker" [stack: 0x00000018e7800000,0x00000018e7900000] [id=10428]
  0x000001968aaa6570 WorkerThread "G1 Conc#0" [stack: 0x00000018e7900000,0x00000018e7a00000] [id=2124]
  0x00000196ae156ca0 WorkerThread "G1 Conc#1" [stack: 0x00000018e9400000,0x00000018e9500000] [id=11932]
  0x000001968aaee890 ConcurrentGCThread "G1 Refine#0" [stack: 0x00000018e7a00000,0x00000018e7b00000] [id=11060]
  0x00000196a9069500 ConcurrentGCThread "G1 Service" [stack: 0x00000018e7b00000,0x00000018e7c00000] [id=1680]

Threads with active compile tasks:
C2 CompilerThread0     7338 5644       4       org.springframework.transaction.interceptor.TransactionAttributeSourcePointcut::matches (26 bytes)
C2 CompilerThread1     7338 5693       4       java.beans.MethodRef::set (58 bytes)
C2 CompilerThread2     7338 5440       4       org.springframework.core.ResolvableType::as (86 bytes)

VM state: not at safepoint (normal execution)

VM Mutex/Monitor currently owned by a thread: None

Heap address: 0x0000000083000000, size: 2000 MB, Compressed Oops mode: 32-bit

CDS archive(s) mapped at: [0x0000000800000000-0x0000000800c40000-0x0000000800c40000), size 12845056, SharedBaseAddress: 0x0000000800000000, ArchiveRelocationMode: 0.
Compressed class space mapped at: 0x0000000801000000-0x0000000841000000, reserved size: 1073741824
Narrow klass base: 0x0000000800000000, Narrow klass shift: 0, Narrow klass range: 0x100000000

GC Precious Log:
 CardTable entry size: 512
 Card Set container configuration: InlinePtr #cards 5 size 8 Array Of Cards #cards 12 size 40 Howl #buckets 4 coarsen threshold 1843 Howl Bitmap #cards 512 size 80 coarsen threshold 460 Card regions per heap region 1 cards per card region 2048
 CPUs: 8 total, 8 available
 Memory: 7995M
 Large Page Support: Disabled
 NUMA Support: Disabled
 Compressed Oops: Enabled (32-bit)
 Heap Region Size: 1M
 Heap Min Capacity: 8M
 Heap Initial Capacity: 126M
 Heap Max Capacity: 2000M
 Pre-touch: Disabled
 Parallel Workers: 8
 Concurrent Workers: 2
 Concurrent Refinement Workers: 8
 Periodic GC: Disabled

Heap:
 garbage-first heap   total 75776K, used 32328K [0x0000000083000000, 0x0000000100000000)
  region size 1024K, 9 young (9216K), 5 survivors (5120K)
 Metaspace       used 56622K, committed 57088K, reserved 1114112K
  class space    used 7377K, committed 7616K, reserved 1048576K

Heap Regions: E=young(eden), S=young(survivor), O=old, HS=humongous(starts), HC=humongous(continues), CS=collection set, F=free, OA=open archive, CA=closed archive, TAMS=top-at-mark-start (previous, next)
|   0|0x0000000083000000, 0x0000000083100000, 0x0000000083100000|100%|HS|  |TAMS 0x0000000083100000, 0x0000000083000000| Complete 
|   1|0x0000000083100000, 0x0000000083200000, 0x0000000083200000|100%| O|  |TAMS 0x0000000083200000, 0x0000000083100000| Untracked 
|   2|0x0000000083200000, 0x0000000083300000, 0x0000000083300000|100%| O|  |TAMS 0x0000000083300000, 0x0000000083200000| Untracked 
|   3|0x0000000083300000, 0x0000000083400000, 0x0000000083400000|100%| O|  |TAMS 0x0000000083400000, 0x0000000083300000| Untracked 
|   4|0x0000000083400000, 0x0000000083500000, 0x0000000083500000|100%| O|  |TAMS 0x0000000083500000, 0x0000000083400000| Untracked 
|   5|0x0000000083500000, 0x0000000083600000, 0x0000000083600000|100%| O|  |TAMS 0x0000000083600000, 0x0000000083500000| Untracked 
|   6|0x0000000083600000, 0x0000000083700000, 0x0000000083700000|100%| O|  |TAMS 0x0000000083700000, 0x0000000083600000| Untracked 
|   7|0x0000000083700000, 0x0000000083800000, 0x0000000083800000|100%| O|  |TAMS 0x0000000083800000, 0x0000000083700000| Untracked 
|   8|0x0000000083800000, 0x0000000083900000, 0x0000000083900000|100%| O|  |TAMS 0x0000000083900000, 0x0000000083800000| Untracked 
|   9|0x0000000083900000, 0x0000000083a00000, 0x0000000083a00000|100%| O|  |TAMS 0x0000000083a00000, 0x0000000083900000| Untracked 
|  10|0x0000000083a00000, 0x0000000083b00000, 0x0000000083b00000|100%| O|  |TAMS 0x0000000083b00000, 0x0000000083a00000| Untracked 
|  11|0x0000000083b00000, 0x0000000083c00000, 0x0000000083c00000|100%| O|  |TAMS 0x0000000083c00000, 0x0000000083b00000| Untracked 
|  12|0x0000000083c00000, 0x0000000083d00000, 0x0000000083d00000|100%| O|  |TAMS 0x0000000083d00000, 0x0000000083c00000| Untracked 
|  13|0x0000000083d00000, 0x0000000083e00000, 0x0000000083e00000|100%| O|  |TAMS 0x0000000083e00000, 0x0000000083d00000| Untracked 
|  14|0x0000000083e00000, 0x0000000083f00000, 0x0000000083f00000|100%| O|  |TAMS 0x0000000083f00000, 0x0000000083e00000| Untracked 
|  15|0x0000000083f00000, 0x0000000083f00000, 0x0000000084000000|  0%| F|  |TAMS 0x0000000083f00000, 0x0000000083f00000| Untracked 
|  16|0x0000000084000000, 0x0000000084100000, 0x0000000084100000|100%| O|  |TAMS 0x0000000084100000, 0x0000000084000000| Untracked 
|  17|0x0000000084100000, 0x00000000841c9c00, 0x0000000084200000| 78%| O|  |TAMS 0x00000000841c9c00, 0x0000000084100000| Untracked 
|  18|0x0000000084200000, 0x0000000084300000, 0x0000000084300000|100%| O|  |TAMS 0x0000000084200000, 0x0000000084200000| Untracked 
|  19|0x0000000084300000, 0x0000000084400000, 0x0000000084400000|100%| O|  |TAMS 0x0000000084300000, 0x0000000084300000| Untracked 
|  20|0x0000000084400000, 0x0000000084500000, 0x0000000084500000|100%| O|  |TAMS 0x0000000084400000, 0x0000000084400000| Untracked 
|  21|0x0000000084500000, 0x0000000084600000, 0x0000000084600000|100%| O|  |TAMS 0x0000000084500000, 0x0000000084500000| Untracked 
|  22|0x0000000084600000, 0x0000000084700000, 0x0000000084700000|100%| O|  |TAMS 0x0000000084600000, 0x0000000084600000| Untracked 
|  23|0x0000000084700000, 0x0000000084800000, 0x0000000084800000|100%| O|  |TAMS 0x0000000084700000, 0x0000000084700000| Untracked 
|  24|0x0000000084800000, 0x0000000084800000, 0x0000000084900000|  0%| F|  |TAMS 0x0000000084800000, 0x0000000084800000| Untracked 
|  25|0x0000000084900000, 0x0000000084900000, 0x0000000084a00000|  0%| F|  |TAMS 0x0000000084900000, 0x0000000084900000| Untracked 
|  26|0x0000000084a00000, 0x0000000084a00000, 0x0000000084b00000|  0%| F|  |TAMS 0x0000000084a00000, 0x0000000084a00000| Untracked 
|  27|0x0000000084b00000, 0x0000000084b00000, 0x0000000084c00000|  0%| F|  |TAMS 0x0000000084b00000, 0x0000000084b00000| Untracked 
|  28|0x0000000084c00000, 0x0000000084c00000, 0x0000000084d00000|  0%| F|  |TAMS 0x0000000084c00000, 0x0000000084c00000| Untracked 
|  29|0x0000000084d00000, 0x0000000084d00000, 0x0000000084e00000|  0%| F|  |TAMS 0x0000000084d00000, 0x0000000084d00000| Untracked 
|  30|0x0000000084e00000, 0x0000000084ec8400, 0x0000000084f00000| 78%| O|  |TAMS 0x0000000084e00000, 0x0000000084e00000| Untracked 
|  31|0x0000000084f00000, 0x0000000084f00000, 0x0000000085000000|  0%| F|  |TAMS 0x0000000084f00000, 0x0000000084f00000| Untracked 
|  32|0x0000000085000000, 0x0000000085000000, 0x0000000085100000|  0%| F|  |TAMS 0x0000000085000000, 0x0000000085000000| Untracked 
|  33|0x0000000085100000, 0x0000000085100000, 0x0000000085200000|  0%| F|  |TAMS 0x0000000085100000, 0x0000000085100000| Untracked 
|  34|0x0000000085200000, 0x0000000085200000, 0x0000000085300000|  0%| F|  |TAMS 0x0000000085200000, 0x0000000085200000| Untracked 
|  35|0x0000000085300000, 0x0000000085400000, 0x0000000085400000|100%| S|CS|TAMS 0x0000000085300000, 0x0000000085300000| Complete 
|  36|0x0000000085400000, 0x0000000085500000, 0x0000000085500000|100%| S|CS|TAMS 0x0000000085400000, 0x0000000085400000| Complete 
|  37|0x0000000085500000, 0x0000000085600000, 0x0000000085600000|100%| S|CS|TAMS 0x0000000085500000, 0x0000000085500000| Complete 
|  38|0x0000000085600000, 0x0000000085600000, 0x0000000085700000|  0%| F|  |TAMS 0x0000000085600000, 0x0000000085600000| Untracked 
|  39|0x0000000085700000, 0x0000000085700000, 0x0000000085800000|  0%| F|  |TAMS 0x0000000085700000, 0x0000000085700000| Untracked 
|  40|0x0000000085800000, 0x0000000085800000, 0x0000000085900000|  0%| F|  |TAMS 0x0000000085800000, 0x0000000085800000| Untracked 
|  41|0x0000000085900000, 0x0000000085a00000, 0x0000000085a00000|100%| S|CS|TAMS 0x0000000085900000, 0x0000000085900000| Complete 
|  42|0x0000000085a00000, 0x0000000085b00000, 0x0000000085b00000|100%| S|CS|TAMS 0x0000000085a00000, 0x0000000085a00000| Complete 
|  43|0x0000000085b00000, 0x0000000085b00000, 0x0000000085c00000|  0%| F|  |TAMS 0x0000000085b00000, 0x0000000085b00000| Untracked 
|  44|0x0000000085c00000, 0x0000000085c00000, 0x0000000085d00000|  0%| F|  |TAMS 0x0000000085c00000, 0x0000000085c00000| Untracked 
|  45|0x0000000085d00000, 0x0000000085d00000, 0x0000000085e00000|  0%| F|  |TAMS 0x0000000085d00000, 0x0000000085d00000| Untracked 
|  46|0x0000000085e00000, 0x0000000085e00000, 0x0000000085f00000|  0%| F|  |TAMS 0x0000000085e00000, 0x0000000085e00000| Untracked 
|  47|0x0000000085f00000, 0x0000000085f00000, 0x0000000086000000|  0%| F|  |TAMS 0x0000000085f00000, 0x0000000085f00000| Untracked 
|  48|0x0000000086000000, 0x0000000086000000, 0x0000000086100000|  0%| F|  |TAMS 0x0000000086000000, 0x0000000086000000| Untracked 
|  49|0x0000000086100000, 0x0000000086100000, 0x0000000086200000|  0%| F|  |TAMS 0x0000000086100000, 0x0000000086100000| Untracked 
|  50|0x0000000086200000, 0x0000000086200000, 0x0000000086300000|  0%| F|  |TAMS 0x0000000086200000, 0x0000000086200000| Untracked 
|  51|0x0000000086300000, 0x0000000086300000, 0x0000000086400000|  0%| F|  |TAMS 0x0000000086300000, 0x0000000086300000| Untracked 
|  52|0x0000000086400000, 0x0000000086400000, 0x0000000086500000|  0%| F|  |TAMS 0x0000000086400000, 0x0000000086400000| Untracked 
|  53|0x0000000086500000, 0x0000000086500000, 0x0000000086600000|  0%| F|  |TAMS 0x0000000086500000, 0x0000000086500000| Untracked 
|  54|0x0000000086600000, 0x0000000086600000, 0x0000000086700000|  0%| F|  |TAMS 0x0000000086600000, 0x0000000086600000| Untracked 
|  55|0x0000000086700000, 0x0000000086700000, 0x0000000086800000|  0%| F|  |TAMS 0x0000000086700000, 0x0000000086700000| Untracked 
|  56|0x0000000086800000, 0x0000000086800000, 0x0000000086900000|  0%| F|  |TAMS 0x0000000086800000, 0x0000000086800000| Untracked 
|  57|0x0000000086900000, 0x0000000086900000, 0x0000000086a00000|  0%| F|  |TAMS 0x0000000086900000, 0x0000000086900000| Untracked 
|  58|0x0000000086a00000, 0x0000000086a00000, 0x0000000086b00000|  0%| F|  |TAMS 0x0000000086a00000, 0x0000000086a00000| Untracked 
|  59|0x0000000086b00000, 0x0000000086b00000, 0x0000000086c00000|  0%| F|  |TAMS 0x0000000086b00000, 0x0000000086b00000| Untracked 
|  60|0x0000000086c00000, 0x0000000086c00000, 0x0000000086d00000|  0%| F|  |TAMS 0x0000000086c00000, 0x0000000086c00000| Untracked 
|  61|0x0000000086d00000, 0x0000000086d00000, 0x0000000086e00000|  0%| F|  |TAMS 0x0000000086d00000, 0x0000000086d00000| Untracked 
|  62|0x0000000086e00000, 0x0000000086e00000, 0x0000000086f00000|  0%| F|  |TAMS 0x0000000086e00000, 0x0000000086e00000| Untracked 
|  63|0x0000000086f00000, 0x0000000086f00000, 0x0000000087000000|  0%| F|  |TAMS 0x0000000086f00000, 0x0000000086f00000| Untracked 
|  64|0x0000000087000000, 0x0000000087000000, 0x0000000087100000|  0%| F|  |TAMS 0x0000000087000000, 0x0000000087000000| Untracked 
|  65|0x0000000087100000, 0x0000000087100000, 0x0000000087200000|  0%| F|  |TAMS 0x0000000087100000, 0x0000000087100000| Untracked 
|  66|0x0000000087200000, 0x0000000087200000, 0x0000000087300000|  0%| F|  |TAMS 0x0000000087200000, 0x0000000087200000| Untracked 
|  67|0x0000000087300000, 0x0000000087300000, 0x0000000087400000|  0%| F|  |TAMS 0x0000000087300000, 0x0000000087300000| Untracked 
|  68|0x0000000087400000, 0x0000000087400000, 0x0000000087500000|  0%| F|  |TAMS 0x0000000087400000, 0x0000000087400000| Untracked 
|  69|0x0000000087500000, 0x0000000087500000, 0x0000000087600000|  0%| F|  |TAMS 0x0000000087500000, 0x0000000087500000| Untracked 
|  96|0x0000000089000000, 0x0000000089100000, 0x0000000089100000|100%| E|  |TAMS 0x0000000089000000, 0x0000000089000000| Complete 
|  97|0x0000000089100000, 0x0000000089200000, 0x0000000089200000|100%| E|CS|TAMS 0x0000000089100000, 0x0000000089100000| Complete 
|  98|0x0000000089200000, 0x0000000089300000, 0x0000000089300000|100%| E|CS|TAMS 0x0000000089200000, 0x0000000089200000| Complete 
| 125|0x000000008ad00000, 0x000000008ae00000, 0x000000008ae00000|100%| E|CS|TAMS 0x000000008ad00000, 0x000000008ad00000| Complete 

Card table byte_map: [0x00000196a20b0000,0x00000196a24a0000] _byte_map_base: 0x00000196a1c98000

Marking Bits (Prev, Next): (CMBitMap*) 0x000001968aa93fc0, (CMBitMap*) 0x000001968aa94000
 Prev Bits: [0x00000196a2890000, 0x00000196a47d0000)
 Next Bits: [0x00000196a47d0000, 0x00000196a6710000)

Polling page: 0x000001968a1f0000

Metaspace:

Usage:
  Non-class:     48.10 MB used.
      Class:      7.21 MB used.
       Both:     55.31 MB used.

Virtual space:
  Non-class space:       64.00 MB reserved,      48.38 MB ( 76%) committed,  1 nodes.
      Class space:        1.00 GB reserved,       7.44 MB ( <1%) committed,  1 nodes.
             Both:        1.06 GB reserved,      55.81 MB (  5%) committed. 

Chunk freelists:
   Non-Class:  3.48 MB
       Class:  592.00 KB
        Both:  4.06 MB

MaxMetaspaceSize: unlimited
CompressedClassSpaceSize: 1.00 GB
Initial GC threshold: 21.00 MB
Current GC threshold: 59.19 MB
CDS: on
MetaspaceReclaimPolicy: balanced
 - commit_granule_bytes: 65536.
 - commit_granule_words: 8192.
 - virtual_space_node_default_size: 8388608.
 - enlarge_chunks_in_place: 1.
 - new_chunks_are_fully_committed: 0.
 - uncommit_free_chunks: 1.
 - use_allocation_guard: 0.


Internal statistics:

num_allocs_failed_limit: 6.
num_arena_births: 572.
num_arena_deaths: 0.
num_vsnodes_births: 2.
num_vsnodes_deaths: 0.
num_space_committed: 893.
num_space_uncommitted: 0.
num_chunks_returned_to_freelist: 6.
num_chunks_taken_from_freelist: 2552.
num_chunk_merges: 6.
num_chunk_splits: 1898.
num_chunks_enlarged: 1573.
num_inconsistent_stats: 0.

CodeHeap 'non-profiled nmethods': size=120000Kb used=2993Kb max_used=2993Kb free=117006Kb
 bounds [0x000001969a460000, 0x000001969a750000, 0x00000196a1990000]
CodeHeap 'profiled nmethods': size=120000Kb used=10213Kb max_used=10631Kb free=109787Kb
 bounds [0x0000019692990000, 0x0000019693400000, 0x0000019699ec0000]
CodeHeap 'non-nmethods': size=5760Kb used=1476Kb max_used=1476Kb free=4283Kb
 bounds [0x0000019699ec0000, 0x000001969a130000, 0x000001969a460000]
 total_blobs=5597 nmethods=4956 adapters=547
 compilation: enabled
              stopped_count=0, restarted_count=0
 full_count=0

Compilation events (20 events):
Event: 7.315 Thread 0x00000196a91dca00 5720       3       org.springframework.core.annotation.SynthesizedMergedAnnotationInvocationHandler::invoke (107 bytes)
Event: 7.316 Thread 0x00000196a91dca00 nmethod 5720 0x00000196929c5510 code [0x00000196929c5900, 0x00000196929c73a8]
Event: 7.316 Thread 0x00000196a91dca00 5721       3       org.springframework.util.ReflectionUtils::isToStringMethod (29 bytes)
Event: 7.317 Thread 0x00000196a91dca00 nmethod 5721 0x0000019692bf7410 code [0x0000019692bf75c0, 0x0000019692bf7848]
Event: 7.317 Thread 0x00000196a91dca00 5722       3       org.springframework.core.annotation.SynthesizedMergedAnnotationInvocationHandler::isAnnotationTypeMethod (25 bytes)
Event: 7.317 Thread 0x00000196a91dca00 nmethod 5722 0x0000019692bf6e90 code [0x0000019692bf7040, 0x0000019692bf72a8]
Event: 7.317 Thread 0x00000196a91dca00 5724       1       java.util.Collections$EmptySet::hashCode (2 bytes)
Event: 7.317 Thread 0x00000196a91dca00 nmethod 5724 0x000001969a74bd90 code [0x000001969a74bf20, 0x000001969a74bff8]
Event: 7.317 Thread 0x00000196a91dca00 5723       1       org.springframework.core.env.PropertySource$StubPropertySource::getProperty (2 bytes)
Event: 7.317 Thread 0x00000196a91dca00 nmethod 5723 0x000001969a74c090 code [0x000001969a74c220, 0x000001969a74c2f8]
Event: 7.317 Thread 0x00000196a91dca00 5725       1       org.springframework.web.servlet.mvc.condition.RequestMethodsRequestCondition::getContent (5 bytes)
Event: 7.317 Thread 0x00000196a91dca00 nmethod 5725 0x000001969a74c390 code [0x000001969a74c520, 0x000001969a74c5d8]
Event: 7.317 Thread 0x00000196a91dca00 5726       3       java.util.concurrent.atomic.AtomicBoolean::get (13 bytes)
Event: 7.317 Thread 0x00000196a91dca00 nmethod 5726 0x0000019692b38f90 code [0x0000019692b39120, 0x0000019692b39298]
Event: 7.317 Thread 0x00000196a91dca00 5727   !   3       jdk.proxy2.$Proxy68::annotationType (29 bytes)
Event: 7.318 Thread 0x00000196a91dca00 nmethod 5727 0x0000019692bf6710 code [0x0000019692bf68e0, 0x0000019692bf6cd8]
Event: 7.318 Thread 0x00000196a91dca00 5728       3       org.springframework.context.support.ApplicationObjectSupport::obtainApplicationContext (21 bytes)
Event: 7.318 Thread 0x00000196a91dca00 nmethod 5728 0x0000019692bf6110 code [0x0000019692bf62e0, 0x0000019692bf65d8]
Event: 7.318 Thread 0x00000196a91dca00 5729       3       org.springframework.context.support.ApplicationObjectSupport::getApplicationContext (51 bytes)
Event: 7.318 Thread 0x00000196a91dca00 nmethod 5729 0x00000196929c4690 code [0x00000196929c48e0, 0x00000196929c51c8]

GC Heap History (20 events):
Event: 1.934 GC heap before
{Heap before GC invocations=4 (full 0):
 garbage-first heap   total 55296K, used 41565K [0x0000000083000000, 0x0000000100000000)
  region size 1024K, 34 young (34816K), 7 survivors (7168K)
 Metaspace       used 24352K, committed 24640K, reserved 1114112K
  class space    used 3068K, committed 3200K, reserved 1048576K
}
Event: 1.942 GC heap after
{Heap after GC invocations=5 (full 0):
 garbage-first heap   total 55296K, used 15242K [0x0000000083000000, 0x0000000100000000)
  region size 1024K, 2 young (2048K), 2 survivors (2048K)
 Metaspace       used 24352K, committed 24640K, reserved 1114112K
  class space    used 3068K, committed 3200K, reserved 1048576K
}
Event: 1.949 GC heap before
{Heap before GC invocations=5 (full 0):
 garbage-first heap   total 55296K, used 16266K [0x0000000083000000, 0x0000000100000000)
  region size 1024K, 3 young (3072K), 2 survivors (2048K)
 Metaspace       used 24367K, committed 24640K, reserved 1114112K
  class space    used 3068K, committed 3200K, reserved 1048576K
}
Event: 1.952 GC heap after
{Heap after GC invocations=6 (full 0):
 garbage-first heap   total 55296K, used 15684K [0x0000000083000000, 0x0000000100000000)
  region size 1024K, 1 young (1024K), 1 survivors (1024K)
 Metaspace       used 24367K, committed 24640K, reserved 1114112K
  class space    used 3068K, committed 3200K, reserved 1048576K
}
Event: 2.231 GC heap before
{Heap before GC invocations=6 (full 0):
 garbage-first heap   total 55296K, used 37188K [0x0000000083000000, 0x0000000100000000)
  region size 1024K, 23 young (23552K), 1 survivors (1024K)
 Metaspace       used 25918K, committed 26240K, reserved 1114112K
  class space    used 3249K, committed 3392K, reserved 1048576K
}
Event: 2.234 GC heap after
{Heap after GC invocations=7 (full 0):
 garbage-first heap   total 55296K, used 16362K [0x0000000083000000, 0x0000000100000000)
  region size 1024K, 2 young (2048K), 2 survivors (2048K)
 Metaspace       used 25918K, committed 26240K, reserved 1114112K
  class space    used 3249K, committed 3392K, reserved 1048576K
}
Event: 2.826 GC heap before
{Heap before GC invocations=7 (full 0):
 garbage-first heap   total 55296K, used 38890K [0x0000000083000000, 0x0000000100000000)
  region size 1024K, 24 young (24576K), 2 survivors (2048K)
 Metaspace       used 29485K, committed 29824K, reserved 1114112K
  class space    used 3695K, committed 3840K, reserved 1048576K
}
Event: 2.833 GC heap after
{Heap after GC invocations=8 (full 0):
 garbage-first heap   total 55296K, used 18287K [0x0000000083000000, 0x0000000100000000)
  region size 1024K, 3 young (3072K), 3 survivors (3072K)
 Metaspace       used 29485K, committed 29824K, reserved 1114112K
  class space    used 3695K, committed 3840K, reserved 1048576K
}
Event: 3.507 GC heap before
{Heap before GC invocations=8 (full 0):
 garbage-first heap   total 55296K, used 40815K [0x0000000083000000, 0x0000000100000000)
  region size 1024K, 25 young (25600K), 3 survivors (3072K)
 Metaspace       used 33052K, committed 33408K, reserved 1114112K
  class space    used 4154K, committed 4288K, reserved 1048576K
}
Event: 3.524 GC heap after
{Heap after GC invocations=9 (full 0):
 garbage-first heap   total 110592K, used 20263K [0x0000000083000000, 0x0000000100000000)
  region size 1024K, 2 young (2048K), 2 survivors (2048K)
 Metaspace       used 33052K, committed 33408K, reserved 1114112K
  class space    used 4154K, committed 4288K, reserved 1048576K
}
Event: 3.854 GC heap before
{Heap before GC invocations=9 (full 0):
 garbage-first heap   total 110592K, used 28455K [0x0000000083000000, 0x0000000100000000)
  region size 1024K, 11 young (11264K), 2 survivors (2048K)
 Metaspace       used 35839K, committed 36160K, reserved 1114112K
  class space    used 4651K, committed 4800K, reserved 1048576K
}
Event: 3.861 GC heap after
{Heap after GC invocations=10 (full 0):
 garbage-first heap   total 110592K, used 21093K [0x0000000083000000, 0x0000000100000000)
  region size 1024K, 3 young (3072K), 3 survivors (3072K)
 Metaspace       used 35839K, committed 36160K, reserved 1114112K
  class space    used 4651K, committed 4800K, reserved 1048576K
}
Event: 5.312 GC heap before
{Heap before GC invocations=11 (full 0):
 garbage-first heap   total 75776K, used 63077K [0x0000000083000000, 0x0000000100000000)
  region size 1024K, 44 young (45056K), 3 survivors (3072K)
 Metaspace       used 47192K, committed 47552K, reserved 1114112K
  class space    used 6215K, committed 6400K, reserved 1048576K
}
Event: 5.324 GC heap after
{Heap after GC invocations=12 (full 0):
 garbage-first heap   total 75776K, used 24290K [0x0000000083000000, 0x0000000100000000)
  region size 1024K, 6 young (6144K), 6 survivors (6144K)
 Metaspace       used 47192K, committed 47552K, reserved 1114112K
  class space    used 6215K, committed 6400K, reserved 1048576K
}
Event: 5.352 GC heap before
{Heap before GC invocations=12 (full 0):
 garbage-first heap   total 75776K, used 25314K [0x0000000083000000, 0x0000000100000000)
  region size 1024K, 7 young (7168K), 6 survivors (6144K)
 Metaspace       used 47542K, committed 47936K, reserved 1114112K
  class space    used 6255K, committed 6464K, reserved 1048576K
}
Event: 5.361 GC heap after
{Heap after GC invocations=13 (full 0):
 garbage-first heap   total 75776K, used 24593K [0x0000000083000000, 0x0000000100000000)
  region size 1024K, 1 young (1024K), 1 survivors (1024K)
 Metaspace       used 47542K, committed 47936K, reserved 1114112K
  class space    used 6255K, committed 6464K, reserved 1048576K
}
Event: 6.277 GC heap before
{Heap before GC invocations=13 (full 0):
 garbage-first heap   total 75776K, used 56337K [0x0000000083000000, 0x0000000100000000)
  region size 1024K, 33 young (33792K), 1 survivors (1024K)
 Metaspace       used 53498K, committed 53952K, reserved 1114112K
  class space    used 7024K, committed 7232K, reserved 1048576K
}
Event: 6.286 GC heap after
{Heap after GC invocations=14 (full 0):
 garbage-first heap   total 75776K, used 26285K [0x0000000083000000, 0x0000000100000000)
  region size 1024K, 3 young (3072K), 3 survivors (3072K)
 Metaspace       used 53498K, committed 53952K, reserved 1114112K
  class space    used 7024K, committed 7232K, reserved 1048576K
}
Event: 7.228 GC heap before
{Heap before GC invocations=14 (full 0):
 garbage-first heap   total 75776K, used 58029K [0x0000000083000000, 0x0000000100000000)
  region size 1024K, 34 young (34816K), 3 survivors (3072K)
 Metaspace       used 56213K, committed 56704K, reserved 1114112K
  class space    used 7334K, committed 7552K, reserved 1048576K
}
Event: 7.242 GC heap after
{Heap after GC invocations=15 (full 0):
 garbage-first heap   total 75776K, used 29256K [0x0000000083000000, 0x0000000100000000)
  region size 1024K, 5 young (5120K), 5 survivors (5120K)
 Metaspace       used 56213K, committed 56704K, reserved 1114112K
  class space    used 7334K, committed 7552K, reserved 1048576K
}

Dll operation events (13 events):
Event: 0.007 Loaded shared library C:\Program Files\Java\jdk-19\bin\java.dll
Event: 0.017 Loaded shared library C:\Program Files\Java\jdk-19\bin\jsvml.dll
Event: 0.135 Loaded shared library C:\Program Files\Java\jdk-19\bin\zip.dll
Event: 0.136 Loaded shared library C:\Program Files\Java\jdk-19\bin\instrument.dll
Event: 0.140 Loaded shared library C:\Program Files\Java\jdk-19\bin\net.dll
Event: 0.141 Loaded shared library C:\Program Files\Java\jdk-19\bin\nio.dll
Event: 0.143 Loaded shared library C:\Program Files\Java\jdk-19\bin\zip.dll
Event: 0.152 Loaded shared library C:\Program Files\JetBrains\IntelliJ IDEA Community Edition 2022.2.3\bin\breakgen64.dll
Event: 0.157 Loaded shared library C:\Program Files\Java\jdk-19\bin\extnet.dll
Event: 0.262 Loaded shared library C:\Program Files\Java\jdk-19\bin\jimage.dll
Event: 0.542 Loaded shared library C:\Program Files\Java\jdk-19\bin\verify.dll
Event: 1.112 Loaded shared library C:\Program Files\Java\jdk-19\bin\management.dll
Event: 1.116 Loaded shared library C:\Program Files\Java\jdk-19\bin\management_ext.dll

Deoptimization events (20 events):
Event: 7.154 Thread 0x000001968aa1f510 Uncommon trap: trap_request=0xffffffbe fr.pc=0x000001969a7499a4 relative=0x0000000000000304
Event: 7.154 Thread 0x000001968aa1f510 Uncommon trap: reason=profile_predicate action=maybe_recompile pc=0x000001969a7499a4 method=java.util.HashMap.valuesToArray([Ljava/lang/Object;)[Ljava/lang/Object; @ 48 c2
Event: 7.154 Thread 0x000001968aa1f510 DEOPT PACKING pc=0x000001969a7499a4 sp=0x00000018e76f89b0
Event: 7.154 Thread 0x000001968aa1f510 DEOPT UNPACKING pc=0x0000019699f26da3 sp=0x00000018e76f8948 mode 2
Event: 7.155 Thread 0x000001968aa1f510 Uncommon trap: trap_request=0xffffffbe fr.pc=0x000001969a7499a4 relative=0x0000000000000304
Event: 7.155 Thread 0x000001968aa1f510 Uncommon trap: reason=profile_predicate action=maybe_recompile pc=0x000001969a7499a4 method=java.util.HashMap.valuesToArray([Ljava/lang/Object;)[Ljava/lang/Object; @ 48 c2
Event: 7.155 Thread 0x000001968aa1f510 DEOPT PACKING pc=0x000001969a7499a4 sp=0x00000018e76f8aa0
Event: 7.155 Thread 0x000001968aa1f510 DEOPT UNPACKING pc=0x0000019699f26da3 sp=0x00000018e76f8a38 mode 2
Event: 7.196 Thread 0x000001968aa1f510 Uncommon trap: trap_request=0xffffffd6 fr.pc=0x000001969a74afec relative=0x000000000000074c
Event: 7.196 Thread 0x000001968aa1f510 Uncommon trap: reason=array_check action=maybe_recompile pc=0x000001969a74afec method=java.util.HashMap.valuesToArray([Ljava/lang/Object;)[Ljava/lang/Object; @ 62 c2
Event: 7.196 Thread 0x000001968aa1f510 DEOPT PACKING pc=0x000001969a74afec sp=0x00000018e76f9290
Event: 7.196 Thread 0x000001968aa1f510 DEOPT UNPACKING pc=0x0000019699f26da3 sp=0x00000018e76f9238 mode 2
Event: 7.271 Thread 0x000001968aa1f510 Uncommon trap: trap_request=0xffffffd6 fr.pc=0x000001969a74afec relative=0x000000000000074c
Event: 7.271 Thread 0x000001968aa1f510 Uncommon trap: reason=array_check action=maybe_recompile pc=0x000001969a74afec method=java.util.HashMap.valuesToArray([Ljava/lang/Object;)[Ljava/lang/Object; @ 62 c2
Event: 7.271 Thread 0x000001968aa1f510 DEOPT PACKING pc=0x000001969a74afec sp=0x00000018e76f9c50
Event: 7.271 Thread 0x000001968aa1f510 DEOPT UNPACKING pc=0x0000019699f26da3 sp=0x00000018e76f9bf8 mode 2
Event: 7.279 Thread 0x000001968aa1f510 Uncommon trap: trap_request=0xffffffd6 fr.pc=0x000001969a74afec relative=0x000000000000074c
Event: 7.279 Thread 0x000001968aa1f510 Uncommon trap: reason=array_check action=maybe_recompile pc=0x000001969a74afec method=java.util.HashMap.valuesToArray([Ljava/lang/Object;)[Ljava/lang/Object; @ 62 c2
Event: 7.279 Thread 0x000001968aa1f510 DEOPT PACKING pc=0x000001969a74afec sp=0x00000018e76f9f40
Event: 7.279 Thread 0x000001968aa1f510 DEOPT UNPACKING pc=0x0000019699f26da3 sp=0x00000018e76f9ee8 mode 2

Classes loaded (20 events):
Event: 7.167 Loading class java/lang/ObjectCustomizer
Event: 7.167 Loading class java/lang/ObjectCustomizer done
Event: 7.186 Loading class java/lang/ObjectCustomizer
Event: 7.186 Loading class java/lang/ObjectCustomizer done
Event: 7.186 Loading class java/lang/ObjectCustomizer
Event: 7.186 Loading class java/lang/ObjectCustomizer done
Event: 7.204 Loading class java/lang/ObjectCustomizer
Event: 7.204 Loading class java/lang/ObjectCustomizer done
Event: 7.204 Loading class java/lang/ObjectCustomizer
Event: 7.204 Loading class java/lang/ObjectCustomizer done
Event: 7.208 Loading class java/util/EventListenerCustomizer
Event: 7.208 Loading class java/util/EventListenerCustomizer done
Event: 7.208 Loading class java/util/EventListenerCustomizer
Event: 7.208 Loading class java/util/EventListenerCustomizer done
Event: 7.269 Loading class java/lang/ObjectCustomizer
Event: 7.269 Loading class java/lang/ObjectCustomizer done
Event: 7.269 Loading class java/lang/ObjectCustomizer
Event: 7.269 Loading class java/lang/ObjectCustomizer done
Event: 7.298 Loading class java/util/Comparators$NullComparator
Event: 7.298 Loading class java/util/Comparators$NullComparator done

Classes unloaded (0 events):
No events

Classes redefined (0 events):
No events

Internal exceptions (20 events):
Event: 7.270 Thread 0x000001968aa1f510 Exception <a 'java/lang/ClassNotFoundException'{0x000000008adb3638}: java/lang/ObjectCustomizer> (0x000000008adb3638) 
thrown [s\open\src\hotspot\share\classfile\systemDictionary.cpp, line 255]
Event: 7.270 Thread 0x000001968aa1f510 Exception <a 'java/lang/ClassNotFoundException'{0x000000008adbbeb0}: org/springframework/context/support/ApplicationObjectSupportCustomizer> (0x000000008adbbeb0) 
thrown [s\open\src\hotspot\share\classfile\systemDictionary.cpp, line 255]
Event: 7.271 Thread 0x000001968aa1f510 Exception <a 'java/lang/ClassNotFoundException'{0x000000008adc4ee8}: org/springframework/web/context/support/WebApplicationObjectSupportCustomizer> (0x000000008adc4ee8) 
thrown [s\open\src\hotspot\share\classfile\systemDictionary.cpp, line 255]
Event: 7.272 Thread 0x000001968aa1f510 Exception <a 'java/lang/ClassNotFoundException'{0x000000008adcc700}: org/springframework/web/servlet/handler/AbstractHandlerMappingCustomizer> (0x000000008adcc700) 
thrown [s\open\src\hotspot\share\classfile\systemDictionary.cpp, line 255]
Event: 7.274 Thread 0x000001968aa1f510 Exception <a 'java/lang/ClassNotFoundException'{0x000000008ade52c0}: org/springframework/web/servlet/handler/AbstractHandlerMethodMappingCustomizer> (0x000000008ade52c0) 
thrown [s\open\src\hotspot\share\classfile\systemDictionary.cpp, line 255]
Event: 7.276 Thread 0x000001968aa1f510 Exception <a 'java/lang/ClassNotFoundException'{0x000000008adf9e80}: org/springframework/web/servlet/mvc/method/RequestMappingInfoHandlerMappingCustomizer> (0x000000008adf9e80) 
thrown [s\open\src\hotspot\share\classfile\systemDictionary.cpp, line 255]
Event: 7.276 Thread 0x000001968aa1f510 Exception <a 'java/lang/ClassNotFoundException'{0x0000000089205870}: org/springframework/web/servlet/mvc/method/annotation/RequestMappingHandlerMappingCustomizer> (0x0000000089205870) 
thrown [s\open\src\hotspot\share\classfile\systemDictionary.cpp, line 255]
Event: 7.278 Thread 0x000001968aa1f510 Exception <a 'java/lang/ClassNotFoundException'{0x0000000089242348}: org/springframework/web/servlet/handler/MatchableHandlerMappingCustomizer> (0x0000000089242348) 
thrown [s\open\src\hotspot\share\classfile\systemDictionary.cpp, line 255]
Event: 7.279 Thread 0x000001968aa1f510 Exception <a 'java/lang/ClassNotFoundException'{0x0000000089249190}: org/springframework/web/servlet/HandlerMappingCustomizer> (0x0000000089249190) 
thrown [s\open\src\hotspot\share\classfile\systemDictionary.cpp, line 255]
Event: 7.279 Thread 0x000001968aa1f510 Exception <a 'java/lang/ClassNotFoundException'{0x000000008924f718}: org/springframework/context/EmbeddedValueResolverAwareCustomizer> (0x000000008924f718) 
thrown [s\open\src\hotspot\share\classfile\systemDictionary.cpp, line 255]
Event: 7.280 Thread 0x000001968aa1f510 Exception <a 'java/lang/ClassNotFoundException'{0x0000000089255618}: org/springframework/beans/factory/AwareCustomizer> (0x0000000089255618) 
thrown [s\open\src\hotspot\share\classfile\systemDictionary.cpp, line 255]
Event: 7.280 Thread 0x000001968aa1f510 Exception <a 'java/lang/ClassNotFoundException'{0x000000008925a8e8}: org/springframework/beans/factory/InitializingBeanCustomizer> (0x000000008925a8e8) 
thrown [s\open\src\hotspot\share\classfile\systemDictionary.cpp, line 255]
Event: 7.281 Thread 0x000001968aa1f510 Exception <a 'java/lang/ClassNotFoundException'{0x00000000892603c0}: org/springframework/web/servlet/HandlerMappingCustomizer> (0x00000000892603c0) 
thrown [s\open\src\hotspot\share\classfile\systemDictionary.cpp, line 255]
Event: 7.281 Thread 0x000001968aa1f510 Exception <a 'java/lang/ClassNotFoundException'{0x0000000089266080}: org/springframework/core/OrderedCustomizer> (0x0000000089266080) 
thrown [s\open\src\hotspot\share\classfile\systemDictionary.cpp, line 255]
Event: 7.282 Thread 0x000001968aa1f510 Exception <a 'java/lang/ClassNotFoundException'{0x000000008926be08}: org/springframework/beans/factory/BeanNameAwareCustomizer> (0x000000008926be08) 
thrown [s\open\src\hotspot\share\classfile\systemDictionary.cpp, line 255]
Event: 7.282 Thread 0x000001968aa1f510 Exception <a 'java/lang/ClassNotFoundException'{0x0000000089271c38}: org/springframework/beans/factory/AwareCustomizer> (0x0000000089271c38) 
thrown [s\open\src\hotspot\share\classfile\systemDictionary.cpp, line 255]
Event: 7.283 Thread 0x000001968aa1f510 Exception <a 'java/lang/ClassNotFoundException'{0x0000000089276ed8}: org/springframework/web/context/ServletContextAwareCustomizer> (0x0000000089276ed8) 
thrown [s\open\src\hotspot\share\classfile\systemDictionary.cpp, line 255]
Event: 7.283 Thread 0x000001968aa1f510 Exception <a 'java/lang/ClassNotFoundException'{0x000000008927cd80}: org/springframework/beans/factory/AwareCustomizer> (0x000000008927cd80) 
thrown [s\open\src\hotspot\share\classfile\systemDictionary.cpp, line 255]
Event: 7.283 Thread 0x000001968aa1f510 Exception <a 'java/lang/ClassNotFoundException'{0x0000000089282290}: org/springframework/context/ApplicationContextAwareCustomizer> (0x0000000089282290) 
thrown [s\open\src\hotspot\share\classfile\systemDictionary.cpp, line 255]
Event: 7.284 Thread 0x000001968aa1f510 Exception <a 'java/lang/ClassNotFoundException'{0x00000000892887e8}: org/springframework/beans/factory/AwareCustomizer> (0x00000000892887e8) 
thrown [s\open\src\hotspot\share\classfile\systemDictionary.cpp, line 255]

VM Operations (20 events):
Event: 5.998 Executing VM operation: HandshakeAllThreads
Event: 5.998 Executing VM operation: HandshakeAllThreads done
Event: 6.013 Executing VM operation: ICBufferFull
Event: 6.013 Executing VM operation: ICBufferFull done
Event: 6.277 Executing VM operation: G1CollectForAllocation
Event: 6.286 Executing VM operation: G1CollectForAllocation done
Event: 6.632 Executing VM operation: HandshakeAllThreads
Event: 6.632 Executing VM operation: HandshakeAllThreads done
Event: 6.682 Executing VM operation: HandshakeAllThreads
Event: 6.682 Executing VM operation: HandshakeAllThreads done
Event: 6.699 Executing VM operation: ICBufferFull
Event: 6.700 Executing VM operation: ICBufferFull done
Event: 7.226 Executing VM operation: HandshakeAllThreads
Event: 7.226 Executing VM operation: HandshakeAllThreads done
Event: 7.228 Executing VM operation: G1CollectForAllocation
Event: 7.245 Executing VM operation: G1CollectForAllocation done
Event: 7.309 Executing VM operation: HandshakeAllThreads
Event: 7.309 Executing VM operation: HandshakeAllThreads done
Event: 7.310 Executing VM operation: HandshakeAllThreads
Event: 7.310 Executing VM operation: HandshakeAllThreads done

Events (20 events):
Event: 5.682 Thread 0x00000196a91f1510 flushing nmethod 0x0000019693223210
Event: 5.682 Thread 0x00000196a91f1510 flushing nmethod 0x0000019693225110
Event: 5.682 Thread 0x00000196a91f1510 flushing nmethod 0x000001969322ca90
Event: 5.682 Thread 0x00000196a91f1510 flushing nmethod 0x000001969322d390
Event: 5.682 Thread 0x00000196a91f1510 flushing nmethod 0x0000019693252110
Event: 5.682 Thread 0x00000196a91f1510 flushing nmethod 0x000001969326cb90
Event: 5.682 Thread 0x00000196a91f1510 flushing nmethod 0x0000019693270e10
Event: 5.682 Thread 0x00000196a91f1510 flushing nmethod 0x0000019693278810
Event: 5.682 Thread 0x00000196a91f1510 flushing nmethod 0x000001969328bd90
Event: 5.682 Thread 0x00000196a91f1510 flushing nmethod 0x00000196932bd410
Event: 5.682 Thread 0x00000196a91f1510 flushing nmethod 0x00000196932c8710
Event: 5.682 Thread 0x00000196a91f1510 flushing nmethod 0x00000196932c9b10
Event: 5.682 Thread 0x00000196a91f1510 flushing nmethod 0x00000196932cd010
Event: 5.682 Thread 0x00000196a91f1510 flushing nmethod 0x00000196932e0010
Event: 5.682 Thread 0x00000196a91f1510 flushing nmethod 0x00000196932e0610
Event: 5.682 Thread 0x00000196a91f1510 flushing nmethod 0x00000196932e7510
Event: 5.682 Thread 0x00000196a91f1510 flushing nmethod 0x00000196932e9210
Event: 5.683 Thread 0x00000196a91f1510 flushing nmethod 0x0000019693376990
Event: 5.683 Thread 0x00000196a91f1510 flushing nmethod 0x0000019693397d90
Event: 5.727 Thread 0x00000196af8e7820 Thread added: 0x00000196af8e7820


Dynamic libraries:
0x00007ff69cdf0000 - 0x00007ff69ce00000 	C:\Program Files\Java\jdk-19\bin\java.exe
0x00007ff916e10000 - 0x00007ff917008000 	C:\WINDOWS\SYSTEM32\ntdll.dll
0x00007ff916d10000 - 0x00007ff916dcf000 	C:\WINDOWS\System32\KERNEL32.DLL
0x00007ff914500000 - 0x00007ff9147d2000 	C:\WINDOWS\System32\KERNELBASE.dll
0x00007ff914810000 - 0x00007ff914910000 	C:\WINDOWS\System32\ucrtbase.dll
0x00007ff8e1a90000 - 0x00007ff8e1aab000 	C:\Program Files\Java\jdk-19\bin\VCRUNTIME140.dll
0x00007ff8e1ab0000 - 0x00007ff8e1ac8000 	C:\Program Files\Java\jdk-19\bin\jli.dll
0x00007ff9150e0000 - 0x00007ff91518e000 	C:\WINDOWS\System32\ADVAPI32.dll
0x00007ff915010000 - 0x00007ff9150ae000 	C:\WINDOWS\System32\msvcrt.dll
0x00007ff915c30000 - 0x00007ff915ccc000 	C:\WINDOWS\System32\sechost.dll
0x00007ff915cd0000 - 0x00007ff915df5000 	C:\WINDOWS\System32\RPCRT4.dll
0x00007ff915920000 - 0x00007ff915ac1000 	C:\WINDOWS\System32\USER32.dll
0x00007ff914be0000 - 0x00007ff914c02000 	C:\WINDOWS\System32\win32u.dll
0x00007ff913900000 - 0x00007ff913b9a000 	C:\WINDOWS\WinSxS\amd64_microsoft.windows.common-controls_6595b64144ccf1df_6.0.19041.1110_none_60b5254171f9507e\COMCTL32.dll
0x00007ff915ad0000 - 0x00007ff915afb000 	C:\WINDOWS\System32\GDI32.dll
0x00007ff914d40000 - 0x00007ff914e4f000 	C:\WINDOWS\System32\gdi32full.dll
0x00007ff914c10000 - 0x00007ff914cad000 	C:\WINDOWS\System32\msvcp_win.dll
0x00007ff90d900000 - 0x00007ff90d90a000 	C:\WINDOWS\SYSTEM32\VERSION.dll
0x00007ff915ed0000 - 0x00007ff915f02000 	C:\WINDOWS\System32\IMM32.DLL
0x00007ff8ed6f0000 - 0x00007ff8ed6fc000 	C:\Program Files\Java\jdk-19\bin\vcruntime140_1.dll
0x00007ff8c5560000 - 0x00007ff8c55ee000 	C:\Program Files\Java\jdk-19\bin\msvcp140.dll
0x00007ff8a7370000 - 0x00007ff8a8030000 	C:\Program Files\Java\jdk-19\bin\server\jvm.dll
0x00007ff8f3a60000 - 0x00007ff8f3a69000 	C:\WINDOWS\SYSTEM32\WSOCK32.dll
0x00007ff8f92e0000 - 0x00007ff8f9307000 	C:\WINDOWS\SYSTEM32\WINMM.dll
0x00007ff915e00000 - 0x00007ff915e6b000 	C:\WINDOWS\System32\WS2_32.dll
0x00007ff9126e0000 - 0x00007ff9126f2000 	C:\WINDOWS\SYSTEM32\kernel.appcore.dll
0x00007ff8e3180000 - 0x00007ff8e318a000 	C:\Program Files\Java\jdk-19\bin\jimage.dll
0x00007ff913eb0000 - 0x00007ff914094000 	C:\WINDOWS\SYSTEM32\DBGHELP.DLL
0x00007ff913cd0000 - 0x00007ff913d05000 	C:\WINDOWS\SYSTEM32\dbgcore.DLL
0x00007ff914cb0000 - 0x00007ff914d32000 	C:\WINDOWS\System32\bcryptPrimitives.dll
0x00007ff9112c0000 - 0x00007ff9112ce000 	C:\Program Files\Java\jdk-19\bin\instrument.dll
0x00007ff8e1a60000 - 0x00007ff8e1a86000 	C:\Program Files\Java\jdk-19\bin\java.dll
0x00007ff8c5480000 - 0x00007ff8c5557000 	C:\Program Files\Java\jdk-19\bin\jsvml.dll
0x00007ff915fc0000 - 0x00007ff916704000 	C:\WINDOWS\System32\SHELL32.dll
0x00007ff911f30000 - 0x00007ff9126c2000 	C:\WINDOWS\SYSTEM32\windows.storage.dll
0x00007ff915550000 - 0x00007ff9158a5000 	C:\WINDOWS\System32\combase.dll
0x00007ff913860000 - 0x00007ff913890000 	C:\WINDOWS\SYSTEM32\Wldp.dll
0x00007ff9154a0000 - 0x00007ff91554d000 	C:\WINDOWS\System32\SHCORE.dll
0x00007ff916710000 - 0x00007ff916765000 	C:\WINDOWS\System32\shlwapi.dll
0x00007ff914440000 - 0x00007ff91445f000 	C:\WINDOWS\SYSTEM32\profapi.dll
0x00007ff8d92a0000 - 0x00007ff8d92b8000 	C:\Program Files\Java\jdk-19\bin\zip.dll
0x00007ff8e1a40000 - 0x00007ff8e1a53000 	C:\Program Files\Java\jdk-19\bin\net.dll
0x00007ff90a860000 - 0x00007ff90a96c000 	C:\WINDOWS\SYSTEM32\WINHTTP.dll
0x00007ff913730000 - 0x00007ff91379a000 	C:\WINDOWS\system32\mswsock.dll
0x00007ff8e1a20000 - 0x00007ff8e1a36000 	C:\Program Files\Java\jdk-19\bin\nio.dll
0x00007ff911240000 - 0x00007ff91125a000 	C:\Program Files\JetBrains\IntelliJ IDEA Community Edition 2022.2.3\bin\breakgen64.dll
0x00007ff8e1a10000 - 0x00007ff8e1a18000 	C:\Program Files\Java\jdk-19\bin\extnet.dll
0x00007ff8d9270000 - 0x00007ff8d9280000 	C:\Program Files\Java\jdk-19\bin\verify.dll
0x00007ff9112a0000 - 0x00007ff9112aa000 	C:\Program Files\Java\jdk-19\bin\management.dll
0x00007ff90f220000 - 0x00007ff90f22b000 	C:\Program Files\Java\jdk-19\bin\management_ext.dll
0x00007ff9150b0000 - 0x00007ff9150b8000 	C:\WINDOWS\System32\PSAPI.DLL
0x00007ff8ed740000 - 0x00007ff8ed757000 	C:\WINDOWS\system32\napinsp.dll
0x00007ff8ed6d0000 - 0x00007ff8ed6eb000 	C:\WINDOWS\system32\pnrpnsp.dll
0x00007ff8ed690000 - 0x00007ff8ed6a5000 	C:\WINDOWS\system32\wshbth.dll
0x00007ff910b40000 - 0x00007ff910b5d000 	C:\WINDOWS\system32\NLAapi.dll
0x00007ff9132b0000 - 0x00007ff9132eb000 	C:\WINDOWS\SYSTEM32\IPHLPAPI.DLL
0x00007ff9132f0000 - 0x00007ff9133ba000 	C:\WINDOWS\SYSTEM32\DNSAPI.dll
0x00007ff9158b0000 - 0x00007ff9158b8000 	C:\WINDOWS\System32\NSI.dll
0x00007ff8ed650000 - 0x00007ff8ed662000 	C:\WINDOWS\System32\winrnr.dll
0x00000000721d0000 - 0x00000000721da000 	C:\Program Files\National Instruments\Shared\mDNS Responder\nimdnsNSP.dll
0x00000000721c0000 - 0x00000000721d0000 	C:\WINDOWS\SYSTEM32\nimdnsResponder.dll
0x00007ff8ffdf0000 - 0x00007ff8ffdfa000 	C:\Windows\System32\rasadhlp.dll
0x00007ff8fc1e0000 - 0x00007ff8fc260000 	C:\WINDOWS\System32\fwpuclnt.dll
0x00007ff9147e0000 - 0x00007ff914807000 	C:\WINDOWS\System32\bcrypt.dll
0x00007ff914290000 - 0x00007ff9142a8000 	C:\WINDOWS\SYSTEM32\CRYPTSP.dll
0x00007ff912f40000 - 0x00007ff912f74000 	C:\WINDOWS\system32\rsaenh.dll
0x00007ff914400000 - 0x00007ff91442e000 	C:\WINDOWS\SYSTEM32\USERENV.dll
0x00007ff913820000 - 0x00007ff91382c000 	C:\WINDOWS\SYSTEM32\CRYPTBASE.dll
0x00007ff90b2f0000 - 0x00007ff90b307000 	C:\WINDOWS\SYSTEM32\dhcpcsvc6.DLL
0x00007ff90c210000 - 0x00007ff90c22d000 	C:\WINDOWS\SYSTEM32\dhcpcsvc.DLL

dbghelp: loaded successfully - version: 4.0.5 - missing functions: none
symbol engine: initialized successfully - sym options: 0x614 - pdb path: .;C:\Program Files\Java\jdk-19\bin;C:\WINDOWS\SYSTEM32;C:\WINDOWS\WinSxS\amd64_microsoft.windows.common-controls_6595b64144ccf1df_6.0.19041.1110_none_60b5254171f9507e;C:\Program Files\Java\jdk-19\bin\server;C:\Program Files\JetBrains\IntelliJ IDEA Community Edition 2022.2.3\bin;C:\Program Files\National Instruments\Shared\mDNS Responder

VM Arguments:
jvm_args: -ea -Didea.test.cyclic.buffer.size=1048576 -javaagent:C:\Program Files\JetBrains\IntelliJ IDEA Community Edition 2022.2.3\lib\idea_rt.jar=50886:C:\Program Files\JetBrains\IntelliJ IDEA Community Edition 2022.2.3\bin -Dfile.encoding=UTF-8 -Dsun.stdout.encoding=UTF-8 -Dsun.stderr.encoding=UTF-8 
java_command: com.intellij.rt.junit.JUnitStarter -ideVersion5 -junit5 com.example.cityHotel.test.CityHotelApplicationTests
java_class_path (initial): C:\Users\user\.m2\repository\org\junit\platform\junit-platform-launcher\1.8.2\junit-platform-launcher-1.8.2.jar;C:\Program Files\JetBrains\IntelliJ IDEA Community Edition 2022.2.3\lib\idea_rt.jar;C:\Program Files\JetBrains\IntelliJ IDEA Community Edition 2022.2.3\plugins\junit\lib\junit5-rt.jar;C:\Program Files\JetBrains\IntelliJ IDEA Community Edition 2022.2.3\plugins\junit\lib\junit-rt.jar;C:\Users\user\OneDrive\Desktop\complete project with Swagger and responseEntity\TrainingProject\target\test-classes;C:\Users\user\OneDrive\Desktop\complete project with Swagger and responseEntity\TrainingProject\target\classes;C:\Users\user\.m2\repository\org\springframework\boot\spring-boot-starter-data-jpa\2.7.7-SNAPSHOT\spring-boot-starter-data-jpa-2.7.7-20221222.092404-18.jar;C:\Users\user\.m2\repository\org\springframework\boot\spring-boot-starter-aop\2.7.7-SNAPSHOT\spring-boot-starter-aop-2.7.7-20221222.092404-18.jar;C:\Users\user\.m2\repository\org\springframework\spring-aop\5.3.24\spring-aop-5.3.24.jar;C:\Users\user\.m2\repository\org\aspectj\aspectjweaver\1.9.7\aspectjweaver-1.9.7.jar;C:\Users\user\.m2\repository\org\springframework\boot\spring-boot-starter-jdbc\2.7.7-SNAPSHOT\spring-boot-starter-jdbc-2.7.7-20221222.092404-18.jar;C:\Users\user\.m2\repository\com\zaxxer\HikariCP\4.0.3\HikariCP-4.0.3.jar;C:\Users\user\.m2\repository\org\springframework\spring-jdbc\5.3.24\spring-jdbc-5.3.24.jar;C:\Users\user\.m2\repository\jakarta\transaction\jakarta.transaction-api\1.3.3\jakarta.transaction-api-1.3.3.jar;C:\Users\user\.m2\repository\jakarta\persistence\jakarta.persistence-api\2.2.3\jakarta.persistence-api-2.2.3.jar;C:\Users\user\.m2\repository\org\hibernate\hibernate-core\5.6.14.Final\hibernate-core-5.6.14.Final.jar;C:\Users\user\.m2\repository\org\jboss\logging\jboss-logging\3.4.3.Final\jboss-logging-3.4.3.Final.jar;C:\Users\user\.m2\repository\net\bytebuddy\byte-buddy\1.12.20\byte-buddy-1.12.20.jar;C:\Users\user\.m2\repository\antlr\antlr\2.7.7\antlr-2.7.7.jar;C:\Users\user\.m2\repository\org\jboss\jandex\2.4.2.Final\jandex-2.4.2.Final.jar;C:\Users\user\.m2\repository\org\hibernate\common\hibernate-commons-annotations\5.1.2.Final\hibernate-commons-annotations-5.1.2.Final.jar;C:\Users\user\.m2\repository\org\glassfish\jaxb\jaxb-runtime\2.3.7\jaxb-runtime-2.3.7.jar;C:\Users\user\.m2\repository\org\glassfish\jaxb\txw2\2.3.7\txw2-2.3.7.jar;C:\Users\user\.m2\repository\com\sun\istack\istack-commons-runtime\3.0.12\istack-commons-runtime-3.0.12.jar;C:\Users\user\.m2\repository\com\sun\activation\jakarta.activation\1.2.2\jakarta.activation-1.2.2.jar;C:\Users\user\.m2\repository\org\springframework\data\spring-data-jpa\2.7.6\spring-data-jpa-2.7.6.jar;C:\Users\user\.m2\repository\org\springframework\data\spring-data-commons\2.7.6\spring-data-commons-2.7.6.jar;C:\Users\user\.m2\repository\org\springframework\spring-orm\5.3.24\spring-orm-5.3.24.jar;C:\Users\user\.m2\repository\org\springframework\spring-context\5.3.24\spring-context-5.3.24.jar;C:\Users\user\.m2\repository\org\springframework\spring-tx\5.3.24\spring-tx-5.3.24.jar;C:\Users\user\.m2\repository\org\springframework\spring-beans\5.3.24\spring-beans-5.3.24.jar;C:\Users\user\.m2\repository\org\springframework\spring-aspects\5.3.24\spring-aspects-5.3.24.jar;C:\Users\user\.m2\repository\org\springframework\boot\spring-boot-starter-web\2.7.7-SNAPSHOT\spring-boot-starter-web-2.7.7-20221222.092404-18.jar;C:\Users\user\.m2\repository\org\springframework\boot\spring-boot-starter\2.7.7-SNAPSHOT\spring-boot-starter-2.7.7-20221222.092404-18.jar;C:\Users\user\.m2\repository\org\springframework\boot\spring-boot-starter-logging\2.7.7-SNAPSHOT\spring-boot-starter-logging-2.7.7-20221222.092404-18.jar;C:\Users\user\.m2\repository\ch\qos\logback\logback-classic\1.2.11\logback-classic-1.2.11.jar;C:\Users\user\.m2\repository\ch\qos\logback\logback-core\1.2.11\logback-core-1.2.11.jar;C:\Users\user\.m2\repository\org\apache\logging\log4j\log4j-to-slf4j\2.17.2\log4j-to-slf4j-2.17.2.jar;C:\Users\user\.m2\repository\org\apache\logging\log4j\log4j-api\2.17.2\log4j-api-2.17.2.jar;C:\Users\user\.m2\repository\org\slf4j\jul-to-slf4j\1.7.36\jul-to-slf4j-1.7.36.jar;C:\Users\user\.m2\repository\jakarta\annotation\jakarta.annotation-api\1.3.5\jakarta.annotation-api-1.3.5.jar;C:\Users\user\.m2\repository\org\yaml\snakeyaml\1.30\snakeyaml-1.30.jar;C:\Users\user\.m2\repository\org\springframework\boot\spring-boot-starter-json\2.7.7-SNAPSHOT\spring-boot-starter-json-2.7.7-20221222.092404-18.jar;C:\Users\user\.m2\repository\com\fasterxml\jackson\datatype\jackson-datatype-jdk8\2.13.4\jackson-datatype-jdk8-2.13.4.jar;C:\Users\user\.m2\repository\com\fasterxml\jackson\datatype\jackson-datatype-jsr310\2.13.4\jackson-datatype-jsr310-2.13.4.jar;C:\Users\user\.m2\repository\com\fasterxml\jackson\module\jackson-module-parameter-names\2.13.4\jackson-module-parameter-names-2.13.4.jar;C:\Users\user\.m2\repository\org\springframework\boot\spring-boot-starter-tomcat\2.7.7-SNAPSHOT\spring-boot-starter-tomcat-2.7.7-20221222.092404-18.jar;C:\Users\user\.m2\repository\org\apache\tomcat\embed\tomcat-embed-core\9.0.70\tomcat-embed-core-9.0.70.jar;C:\Users\user\.m2\repository\org\apache\tomcat\embed\tomcat-embed-websocket\9.0.70\tomcat-embed-websocket-9.0.70.jar;C:\Users\user\.m2\repository\org\springframework\spring-web\5.3.24\spring-web-5.3.24.jar;C:\Users\user\.m2\repository\org\springframework\spring-webmvc\5.3.24\spring-webmvc-5.3.24.jar;C:\Users\user\.m2\repository\org\springframework\spring-expression\5.3.24\spring-expression-5.3.24.jar;C:\Users\user\.m2\repository\org\springframework\boot\spring-boot-devtools\2.7.7-SNAPSHOT\spring-boot-devtools-2.7.7-20221222.092404-18.jar;C:\Users\user\.m2\repository\org\springframework\boot\spring-boot\2.7.7-SNAPSHOT\spring-boot-2.7.7-20221222.092404-18.jar;C:\Users\user\.m2\repository\org\springframework\boot\spring-boot-autoconfigure\2.7.7-SNAPSHOT\spring-boot-autoconfigure-2.7.7-20221222.092404-18.jar;C:\Users\user\.m2\repository\com\h2database\h2\2.1.214\h2-2.1.214.jar;C:\Users\user\.m2\repository\com\mysql\mysql-connector-j\8.0.31\mysql-connector-j-8.0.31.jar;C:\Users\user\.m2\repository\org\springframework\boot\spring-boot-configuration-processor\2.7.7-SNAPSHOT\spring-boot-configuration-processor-2.7.7-20221222.092404-18.jar;C:\Users\user\.m2\repository\org\projectlombok\lombok\1.18.24\lombok-1.18.24.jar;C:\Users\user\.m2\repository\org\springframework\boot\spring-boot-starter-test\2.7.7-SNAPSHOT\spring-boot-starter-test-2.7.7-20221222.092404-18.jar;C:\Users\user\.m2\repository\org\springframework\boot\spring-boot-test\2.7.7-SNAPSHOT\spring-boot-test-2.7.7-20221222.092404-18.jar;C:\Users\user\.m2\repository\org\springframework\boot\spring-boot-test-autoconfigure\2.7.7-SNAPSHOT\spring-boot-test-autoconfigure-2.7.7-20221222.092404-18.jar;C:\Users\user\.m2\repository\com\jayway\jsonpath\json-path\2.7.0\json-path-2.7.0.jar;C:\Users\user\.m2\repository\net\minidev\json-smart\2.4.8\json-smart-2.4.8.jar;C:\Users\user\.m2\repository\net\minidev\accessors-smart\2.4.8\accessors-smart-2.4.8.jar;C:\Users\user\.m2\repository\org\ow2\asm\asm\9.1\asm-9.1.jar;C:\Users\user\.m2\repository\jakarta\xml\bind\jakarta.xml.bind-api\2.3.3\jakarta.xml.bind-api-2.3.3.jar;C:\Users\user\.m2\repository\jakarta\activation\jakarta.activation-api\1.2.2\jakarta.activation-api-1.2.2.jar;C:\Users\user\.m2\repository\org\assertj\assertj-core\3.22.0\assertj-core-3.22.0.jar;C:\Users\user\.m2\repository\org\hamcrest\hamcrest\2.2\hamcrest-2.2.jar;C:\Users\user\.m2\repository\org\junit\jupiter\junit-jupiter\5.8.2\junit-jupiter-5.8.2.jar;C:\Users\user\.m2\repository\org\junit\jupiter\junit-jupiter-params\5.8.2\junit-jupiter-params-5.8.2.jar;C:\Users\user\.m2\repository\org\mockito\mockito-core\4.5.1\mockito-core-4.5.1.jar;C:\Users\user\.m2\repository\net\bytebuddy\byte-buddy-agent\1.12.20\byte-buddy-agent-1.12.20.jar;C:\Users\user\.m2\repository\org\objenesis\objenesis\3.2\objenesis-3.2.jar;C:\Users\user\.m2\repository\org\mockito\mockito-junit-jupiter\4.5.1\mockito-junit-jupiter-4.5.1.jar;C:\Users\user\.m2\repository\org\skyscreamer\jsonassert\1.5.1\jsonassert-1.5.1.jar;C:\Users\user\.m2\repository\com\vaadin\external\google\android-json\0.0.20131108.vaadin1\android-json-0.0.20131108.vaadin1.jar;C:\Users\user\.m2\repository\org\springframework\spring-core\5.3.24\spring-core-5.3.24.jar;C:\Users\user\.m2\repository\org\springframework\spring-jcl\5.3.24\spring-jcl-5.3.24.jar;C:\Users\user\.m2\repository\org\springframework\spring-test\5.3.24\spring-test-5.3.24.jar;C:\Users\user\.m2\repository\org\xmlunit\xmlunit-core\2.9.0\xmlunit-core-2.9.0.jar;C:\Users\user\.m2\repository\com\fasterxml\jackson\core\jackson-databind\2.14.0\jackson-databind-2.14.0.jar;C:\Users\user\.m2\repository\com\fasterxml\jackson\core\jackson-annotations\2.13.4\jackson-annotations-2.13.4.jar;C:\Users\user\.m2\repository\com\fasterxml\jackson\core\jackson-core\2.13.4\jackson-core-2.13.4.jar;C:\Users\user\.m2\repository\io\springfox\springfox-boot-starter\3.0.0\springfox-boot-starter-3.0.0.jar;C:\Users\user\.m2\repository\io\springfox\springfox-oas\3.0.0\springfox-oas-3.0.0.jar;C:\Users\user\.m2\repository\io\swagger\core\v3\swagger-annotations\2.1.2\swagger-annotations-2.1.2.jar;C:\Users\user\.m2\repository\io\swagger\core\v3\swagger-models\2.1.2\swagger-models-2.1.2.jar;C:\Users\user\.m2\repository\io\springfox\springfox-spi\3.0.0\springfox-spi-3.0.0.jar;C:\Users\user\.m2\repository\io\springfox\springfox-schema\3.0.0\springfox-schema-3.0.0.jar;C:\Users\user\.m2\repository\io\springfox\springfox-core\3.0.0\springfox-core-3.0.0.jar;C:\Users\user\.m2\repository\io\springfox\springfox-spring-web\3.0.0\springfox-spring-web-3.0.0.jar;C:\Users\user\.m2\repository\io\github\classgraph\classgraph\4.8.83\classgraph-4.8.83.jar;C:\Users\user\.m2\repository\io\springfox\springfox-spring-webmvc\3.0.0\springfox-spring-webmvc-3.0.0.jar;C:\Users\user\.m2\repository\io\springfox\springfox-spring-webflux\3.0.0\springfox-spring-webflux-3.0.0.jar;C:\Users\user\.m2\repository\io\springfox\springfox-swagger-common\3.0.0\springfox-swagger-common-3.0.0.jar;C:\Users\user\.m2\repository\org\mapstruct\mapstruct\1.3.1.Final\mapstruct-1.3.1.Final.jar;C:\Users\user\.m2\repository\io\springfox\springfox-data-rest\3.0.0\springfox-data-rest-3.0.0.jar;C:\Users\user\.m2\repository\io\springfox\springfox-bean-validators\3.0.0\springfox-bean-validators-3.0.0.jar;C:\Users\user\.m2\repository\io\springfox\springfox-swagger2\3.0.0\springfox-swagger2-3.0.0.jar;C:\Users\user\.m2\repository\io\swagger\swagger-annotations\1.5.20\swagger-annotations-1.5.20.jar;C:\Users\user\.m2\repository\io\swagger\swagger-models\1.5.20\swagger-models-1.5.20.jar;C:\Users\user\.m2\repository\io\springfox\springfox-swagger-ui\3.0.0\springfox-swagger-ui-3.0.0.jar;C:\Users\user\.m2\repository\com\fasterxml\classmate\1.5.1\classmate-1.5.1.jar;C:\Users\user\.m2\repository\org\slf4j\slf4j-api\1.7.36\slf4j-api-1.7.36.jar;C:\Users\user\.m2\repository\org\springframework\plugin\spring-plugin-core\2.0.0.RELEASE\spring-plugin-core-2.0.0.RELEASE.jar;C:\Users\user\.m2\repository\org\springframework\plugin\spring-plugin-metadata\2.0.0.RELEASE\spring-plugin-metadata-2.0.0.RELEASE.jar;C:\Users\user\.m2\repository\org\springframework\boot\spring-boot-starter-validation\2.7.7-SNAPSHOT\spring-boot-starter-validation-2.7.7-20221222.092404-18.jar;C:\Users\user\.m2\repository\org\apache\tomcat\embed\tomcat-embed-el\9.0.70\tomcat-embed-el-9.0.70.jar;C:\Users\user\.m2\repository\org\hibernate\validator\hibernate-validator\6.2.5.Final\hibernate-validator-6.2.5.Final.jar;C:\Users\user\.m2\repository\jakarta\validation\jakarta.validation-api\2.0.2\jakarta.validation-api-2.0.2.jar;C:\Users\user\.m2\repository\org\junit\jupiter\junit-jupiter-api\5.9.0\junit-jupiter-api-5.9.0.jar;C:\Users\user\.m2\repository\org\opentest4j\opentest4j\1.2.0\opentest4j-1.2.0.jar;C:\Users\user\.m2\repository\org\junit\platform\junit-platform-commons\1.8.2\junit-platform-commons-1.8.2.jar;C:\Users\user\.m2\repository\org\apiguardian\apiguardian-api\1.1.2\apiguardian-api-1.1.2.jar;C:\Users\user\.m2\repository\org\junit\jupiter\junit-jupiter-engine\5.9.0\junit-jupiter-engine-5.9.0.jar;C:\Users\user\.m2\repository\org\junit\platform\junit-platform-engine\1.8.2\junit-platform-engine-1.8.2.jar
Launcher Type: SUN_STANDARD

[Global flags]
     intx CICompilerCount                          = 4                                         {product} {ergonomic}
     uint ConcGCThreads                            = 2                                         {product} {ergonomic}
     uint G1ConcRefinementThreads                  = 8                                         {product} {ergonomic}
   size_t G1HeapRegionSize                         = 1048576                                   {product} {ergonomic}
    uintx GCDrainStackTargetSize                   = 64                                        {product} {ergonomic}
   size_t InitialHeapSize                          = 132120576                                 {product} {ergonomic}
   size_t MarkStackSize                            = 4194304                                   {product} {ergonomic}
   size_t MaxHeapSize                              = 2097152000                                {product} {ergonomic}
   size_t MaxNewSize                               = 1258291200                                {product} {ergonomic}
   size_t MinHeapDeltaBytes                        = 1048576                                   {product} {ergonomic}
   size_t MinHeapSize                              = 8388608                                   {product} {ergonomic}
    uintx NonNMethodCodeHeapSize                   = 5839372                                {pd product} {ergonomic}
    uintx NonProfiledCodeHeapSize                  = 122909434                              {pd product} {ergonomic}
    uintx ProfiledCodeHeapSize                     = 122909434                              {pd product} {ergonomic}
    uintx ReservedCodeCacheSize                    = 251658240                              {pd product} {ergonomic}
     bool SegmentedCodeCache                       = true                                      {product} {ergonomic}
   size_t SoftMaxHeapSize                          = 2097152000                             {manageable} {ergonomic}
     bool UseCompressedClassPointers               = true                           {product lp64_product} {ergonomic}
     bool UseCompressedOops                        = true                           {product lp64_product} {ergonomic}
     bool UseG1GC                                  = true                                      {product} {ergonomic}
     bool UseLargePagesIndividualAllocation        = false                                  {pd product} {ergonomic}

Logging:
Log output configuration:
 #0: stdout all=warning uptime,level,tags foldmultilines=false
 #1: stderr all=off uptime,level,tags foldmultilines=false

Environment Variables:
JAVA_HOME=C:\Program Files\Java\jdk-17.0.1\bin
PATH=C:\Program Files\Common Files\Oracle\Java\javapath;C:\DevSuiteHome_3\jdk\jre\bin\classic;C:\DevSuiteHome_3\jdk\jre\bin;C:\DevSuiteHome_3\jdk\jre\bin\client;C:\DevSuiteHome_3\jlib;C:\DevSuiteHome_3\bin;C:\DevSuiteHome_3\jre\1.4.2\bin\client;C:\DevSuiteHome_3\jre\1.4.2\bin;C:\oraclexe\app\oracle\product\10.2.0\server\bin;C:\WINDOWS\system32;C:\WINDOWS;C:\WINDOWS\System32\Wbem;C:\WINDOWS\System32\WindowsPowerShell\v1.0\;C:\WINDOWS\System32\OpenSSH\;C:\Program Files\dotnet\;C:\Program Files\Git\cmd;C:\Program Files\Microsoft SQL Server\130\Tools\Binn\;C:\Program Files\Java\jdk-17.0.1\bin;C:\Users\user\AppData\Local\Microsoft\WindowsApps;C:\Users\user\.dotnet\tools;C:\Users\user\AppData\Local\Programs\Microsoft VS Code\bin;C:\Users\user\OneDrive\Documents\Flutter\flutter\bin;;C:\Program Files\JetBrains\IntelliJ IDEA Community Edition 2022.2.3\bin;
USERNAME=user
OS=Windows_NT
PROCESSOR_IDENTIFIER=Intel64 Family 6 Model 142 Stepping 12, GenuineIntel
TMP=C:\Users\user\AppData\Local\Temp
TEMP=C:\Users\user\AppData\Local\Temp



---------------  S Y S T E M  ---------------

OS:
 Windows 10 , 64 bit Build 19041 (10.0.19041.2364)
OS uptime: 0 days 1:40 hours

CPU: total 8 (initial active 8) (4 cores per cpu, 2 threads per core) family 6 model 142 stepping 12 microcode 0xde, cx8, cmov, fxsr, ht, mmx, 3dnowpref, sse, sse2, sse3, ssse3, sse4.1, sse4.2, popcnt, lzcnt, tsc, tscinvbit, avx, avx2, aes, erms, clmul, bmi1, bmi2, adx, fma, vzeroupper, clflush, clflushopt, rdtscp

Memory: 4k page, system-wide physical 7995M (1297M free)
TotalPageFile size 10043M (AvailPageFile size 5M)
current process WorkingSet (physical memory assigned to process): 254M, peak: 257M
current process commit charge ("private bytes"): 295M, peak: 308M

vm_info: Java HotSpot(TM) 64-Bit Server VM (19.0.1+10-21) for windows-amd64 JRE (19.0.1+10-21), built on 2022-09-14T12:45:06Z by "mach5one" with MS VC++ 17.1 (VS2022)

END.
