#
# There is insufficient memory for the Java Runtime Environment to continue.
# Native memory allocation (malloc) failed to allocate 797056 bytes for Chunk::new
# Possible reasons:
#   The system is out of physical RAM or swap space
#   The process is running with CompressedOops enabled, and the Java Heap may be blocking the growth of the native heap
# Possible solutions:
#   Reduce memory load on the system
#   Increase physical memory or swap space
#   Check if swap backing store is full
#   Decrease Java heap size (-Xmx/-Xms)
#   Decrease number of Java threads
#   Decrease Java thread stack sizes (-Xss)
#   Set larger code cache with -XX:ReservedCodeCacheSize=
#   JVM is running with Unscaled Compressed Oops mode in which the Java heap is
#     placed in the first 4GB address space. The Java Heap base address is the
#     maximum limit for the native heap growth. Please use -XX:HeapBaseMinAddress
#     to set the Java Heap base and to place the Java Heap above 4GB virtual address.
# This output file may be truncated or incomplete.
#
#  Out of Memory Error (arena.cpp:184), pid=2080, tid=15028
#
# JRE version: Java(TM) SE Runtime Environment (19.0.1+10) (build 19.0.1+10-21)
# Java VM: Java HotSpot(TM) 64-Bit Server VM (19.0.1+10-21, mixed mode, sharing, tiered, compressed oops, compressed class ptrs, g1 gc, windows-amd64)
# No core dump will be written. Minidumps are not enabled by default on client versions of Windows
#

---------------  S U M M A R Y ------------

Command Line: -javaagent:C:\Program Files\JetBrains\IntelliJ IDEA Community Edition 2022.2.3\lib\idea_rt.jar=50690:C:\Program Files\JetBrains\IntelliJ IDEA Community Edition 2022.2.3\bin -Dfile.encoding=UTF-8 -Dsun.stdout.encoding=UTF-8 -Dsun.stderr.encoding=UTF-8 com.example.cityHotel.CityHotelApplication

Host: Intel(R) Core(TM) i7-10510U CPU @ 1.80GHz, 8 cores, 7G,  Windows 10 , 64 bit Build 19041 (10.0.19041.2364)
Time: Sun Dec 18 23:36:33 2022 West Bank Gaza Standard Time elapsed time: 4.556902 seconds (0d 0h 0m 4s)

---------------  T H R E A D  ---------------

Current thread (0x000001e2bfa87f60):  JavaThread "C2 CompilerThread0" daemon [_thread_in_native, id=15028, stack(0x0000005077000000,0x0000005077100000)]


Current CompileTask:
C2:   4556 4190       4       jdk.internal.org.objectweb.asm.MethodWriter::computeAllFrames (510 bytes)

Stack: [0x0000005077000000,0x0000005077100000]
Native frames: (J=compiled Java code, j=interpreted, Vv=VM code, C=native code)
V  [jvm.dll+0x6ee8fa]
V  [jvm.dll+0x857a1e]
V  [jvm.dll+0x85940e]
V  [jvm.dll+0x859ac3]
V  [jvm.dll+0x28291f]
V  [jvm.dll+0xc9b5f]
V  [jvm.dll+0xc9ee5]
V  [jvm.dll+0x2f7c6f]
V  [jvm.dll+0x5f0c5b]
V  [jvm.dll+0x2551fc]
V  [jvm.dll+0x24e097]
V  [jvm.dll+0x24b563]
V  [jvm.dll+0x1d6d61]
V  [jvm.dll+0x25b0fa]
V  [jvm.dll+0x259588]
V  [jvm.dll+0x807928]
V  [jvm.dll+0x8015fa]
V  [jvm.dll+0x6ed5eb]
C  [ucrtbase.dll+0x21bb2]
C  [KERNEL32.DLL+0x17614]
C  [ntdll.dll+0x526a1]


---------------  P R O C E S S  ---------------

Threads class SMR info:
_java_thread_list=0x000001e2c6fee7a0, length=23, elements={
0x000001e2a1377a20, 0x000001e2bfa7e150, 0x000001e2bfa7ef40, 0x000001e2bfa82390,
0x000001e2bfa85ce0, 0x000001e2bfa86610, 0x000001e2bfa87300, 0x000001e2bfa87f60,
0x000001e2bfa8c8f0, 0x000001e2bfa8f4f0, 0x000001e2c3cb6ec0, 0x000001e2c4082990,
0x000001e2c4082ed0, 0x000001e2c4096400, 0x000001e2c43a9ed0, 0x000001e2c47089f0,
0x000001e2c4c1ff20, 0x000001e2c500ee00, 0x000001e2c500e8b0, 0x000001e2c500d370,
0x000001e2c500d8c0, 0x000001e2c500f350, 0x000001e2c500f8a0
}

Java Threads: ( => current thread )
  0x000001e2a1377a20 JavaThread "main" [_thread_blocked, id=4048, stack(0x0000005076300000,0x0000005076400000)]
  0x000001e2bfa7e150 JavaThread "Reference Handler" daemon [_thread_blocked, id=4836, stack(0x0000005076a00000,0x0000005076b00000)]
  0x000001e2bfa7ef40 JavaThread "Finalizer" daemon [_thread_blocked, id=4224, stack(0x0000005076b00000,0x0000005076c00000)]
  0x000001e2bfa82390 JavaThread "Signal Dispatcher" daemon [_thread_blocked, id=10564, stack(0x0000005076c00000,0x0000005076d00000)]
  0x000001e2bfa85ce0 JavaThread "Attach Listener" daemon [_thread_blocked, id=15116, stack(0x0000005076d00000,0x0000005076e00000)]
  0x000001e2bfa86610 JavaThread "Service Thread" daemon [_thread_blocked, id=5060, stack(0x0000005076e00000,0x0000005076f00000)]
  0x000001e2bfa87300 JavaThread "Monitor Deflation Thread" daemon [_thread_blocked, id=14204, stack(0x0000005076f00000,0x0000005077000000)]
=>0x000001e2bfa87f60 JavaThread "C2 CompilerThread0" daemon [_thread_in_native, id=15028, stack(0x0000005077000000,0x0000005077100000)]
  0x000001e2bfa8c8f0 JavaThread "C1 CompilerThread0" daemon [_thread_blocked, id=13888, stack(0x0000005077100000,0x0000005077200000)]
  0x000001e2bfa8f4f0 JavaThread "Sweeper thread" daemon [_thread_blocked, id=304, stack(0x0000005077200000,0x0000005077300000)]
  0x000001e2c3cb6ec0 JavaThread "Common-Cleaner" daemon [_thread_blocked, id=14148, stack(0x0000005077300000,0x0000005077400000)]
  0x000001e2c4082990 JavaThread "Monitor Ctrl-Break" daemon [_thread_in_native, id=13632, stack(0x0000005077400000,0x0000005077500000)]
  0x000001e2c4082ed0 JavaThread "Notification Thread" daemon [_thread_blocked, id=2052, stack(0x0000005077500000,0x0000005077600000)]
  0x000001e2c4096400 JavaThread "C2 CompilerThread1" daemon [_thread_blocked, id=9560, stack(0x0000005077700000,0x0000005077800000)]
  0x000001e2c43a9ed0 JavaThread "Thread-0" [_thread_blocked, id=9720, stack(0x0000005077800000,0x0000005077900000)]
  0x000001e2c47089f0 JavaThread "restartedMain" [_thread_in_vm, id=7196, stack(0x0000005077900000,0x0000005077a00000)]
  0x000001e2c4c1ff20 JavaThread "C2 CompilerThread2" daemon [_thread_blocked, id=9016, stack(0x0000005078200000,0x0000005078300000)]
  0x000001e2c500ee00 JavaThread "mysql-cj-abandoned-connection-cleanup" daemon [_thread_blocked, id=2380, stack(0x0000005078300000,0x0000005078400000)]
  0x000001e2c500e8b0 JavaThread "HikariPool-1 housekeeper" daemon [_thread_blocked, id=14288, stack(0x0000005078500000,0x0000005078600000)]
  0x000001e2c500d370 JavaThread "Catalina-utility-1" [_thread_blocked, id=4056, stack(0x0000005078600000,0x0000005078700000)]
  0x000001e2c500d8c0 JavaThread "Catalina-utility-2" [_thread_blocked, id=7568, stack(0x0000005078700000,0x0000005078800000)]
  0x000001e2c500f350 JavaThread "container-0" [_thread_blocked, id=8132, stack(0x0000005078800000,0x0000005078900000)]
  0x000001e2c500f8a0 JavaThread "HikariPool-1 connection adder" daemon [_thread_blocked, id=5264, stack(0x0000005078900000,0x0000005078a00000)]

Other Threads:
  0x000001e2bfa63fd0 VMThread "VM Thread" [stack: 0x0000005076900000,0x0000005076a00000] [id=3616]
  0x000001e2c3ff94b0 WatcherThread "VM Periodic Task Thread" [stack: 0x0000005077600000,0x0000005077700000] [id=6344]
  0x000001e2a13d6600 WorkerThread "GC Thread#0" [stack: 0x0000005076400000,0x0000005076500000] [id=3576]
  0x000001e2c4730360 WorkerThread "GC Thread#1" [stack: 0x0000005077a00000,0x0000005077b00000] [id=4396]
  0x000001e2c4732d30 WorkerThread "GC Thread#2" [stack: 0x0000005077b00000,0x0000005077c00000] [id=10096]
  0x000001e2c47343b0 WorkerThread "GC Thread#3" [stack: 0x0000005077c00000,0x0000005077d00000] [id=7152]
  0x000001e2c47332d0 WorkerThread "GC Thread#4" [stack: 0x0000005077d00000,0x0000005077e00000] [id=7036]
  0x000001e2c4733b40 WorkerThread "GC Thread#5" [stack: 0x0000005077e00000,0x0000005077f00000] [id=8340]
  0x000001e2c4732790 WorkerThread "GC Thread#6" [stack: 0x0000005077f00000,0x0000005078000000] [id=7592]
  0x000001e2c4733000 WorkerThread "GC Thread#7" [stack: 0x0000005078000000,0x0000005078100000] [id=5268]
  0x000001e2a13e8110 ConcurrentGCThread "G1 Main Marker" [stack: 0x0000005076500000,0x0000005076600000] [id=10484]
  0x000001e2a13e8b40 WorkerThread "G1 Conc#0" [stack: 0x0000005076600000,0x0000005076700000] [id=760]
  0x000001e2c4733870 WorkerThread "G1 Conc#1" [stack: 0x0000005078100000,0x0000005078200000] [id=9924]
  0x000001e2a143e030 ConcurrentGCThread "G1 Refine#0" [stack: 0x0000005076700000,0x0000005076800000] [id=12404]
  0x000001e2a143eb70 ConcurrentGCThread "G1 Service" [stack: 0x0000005076800000,0x0000005076900000] [id=2280]

Threads with active compile tasks:
C2 CompilerThread0     4575 4190       4       jdk.internal.org.objectweb.asm.MethodWriter::computeAllFrames (510 bytes)

VM state: not at safepoint (normal execution)

VM Mutex/Monitor currently owned by a thread:  ([mutex/lock_event])
[0x000001e2a1370bc0] Metaspace_lock - owner thread: 0x000001e2c47089f0

Heap address: 0x0000000083000000, size: 2000 MB, Compressed Oops mode: 32-bit

CDS archive(s) mapped at: [0x0000000800000000-0x0000000800c40000-0x0000000800c40000), size 12845056, SharedBaseAddress: 0x0000000800000000, ArchiveRelocationMode: 0.
Compressed class space mapped at: 0x0000000801000000-0x0000000841000000, reserved size: 1073741824
Narrow klass base: 0x0000000800000000, Narrow klass shift: 0, Narrow klass range: 0x100000000

GC Precious Log:
 CardTable entry size: 512
 Card Set container configuration: InlinePtr #cards 5 size 8 Array Of Cards #cards 12 size 40 Howl #buckets 4 coarsen threshold 1843 Howl Bitmap #cards 512 size 80 coarsen threshold 460 Card regions per heap region 1 cards per card region 2048
 CPUs: 8 total, 8 available
 Memory: 7995M
 Large Page Support: Disabled
 NUMA Support: Disabled
 Compressed Oops: Enabled (32-bit)
 Heap Region Size: 1M
 Heap Min Capacity: 8M
 Heap Initial Capacity: 126M
 Heap Max Capacity: 2000M
 Pre-touch: Disabled
 Parallel Workers: 8
 Concurrent Workers: 2
 Concurrent Refinement Workers: 8
 Periodic GC: Disabled

Heap:
 garbage-first heap   total 48128K, used 23571K [0x0000000083000000, 0x0000000100000000)
  region size 1024K, 6 young (6144K), 1 survivors (1024K)
 Metaspace       used 42513K, committed 42880K, reserved 1114112K
  class space    used 5491K, committed 5696K, reserved 1048576K

Heap Regions: E=young(eden), S=young(survivor), O=old, HS=humongous(starts), HC=humongous(continues), CS=collection set, F=free, OA=open archive, CA=closed archive, TAMS=top-at-mark-start (previous, next)
|   0|0x0000000083000000, 0x0000000083100000, 0x0000000083100000|100%|HS|  |TAMS 0x0000000083100000, 0x0000000083000000| Complete 
|   1|0x0000000083100000, 0x0000000083200000, 0x0000000083200000|100%| O|  |TAMS 0x0000000083200000, 0x0000000083100000| Untracked 
|   2|0x0000000083200000, 0x0000000083300000, 0x0000000083300000|100%| O|  |TAMS 0x0000000083300000, 0x0000000083200000| Untracked 
|   3|0x0000000083300000, 0x0000000083400000, 0x0000000083400000|100%| O|  |TAMS 0x0000000083400000, 0x0000000083300000| Untracked 
|   4|0x0000000083400000, 0x0000000083500000, 0x0000000083500000|100%| O|  |TAMS 0x0000000083500000, 0x0000000083400000| Untracked 
|   5|0x0000000083500000, 0x0000000083600000, 0x0000000083600000|100%| O|  |TAMS 0x0000000083600000, 0x0000000083500000| Untracked 
|   6|0x0000000083600000, 0x0000000083700000, 0x0000000083700000|100%| O|  |TAMS 0x0000000083700000, 0x0000000083600000| Untracked 
|   7|0x0000000083700000, 0x0000000083800000, 0x0000000083800000|100%| O|  |TAMS 0x0000000083800000, 0x0000000083700000| Untracked 
|   8|0x0000000083800000, 0x0000000083900000, 0x0000000083900000|100%| O|  |TAMS 0x0000000083900000, 0x0000000083800000| Untracked 
|   9|0x0000000083900000, 0x0000000083a00000, 0x0000000083a00000|100%| O|  |TAMS 0x0000000083a00000, 0x0000000083900000| Untracked 
|  10|0x0000000083a00000, 0x0000000083b00000, 0x0000000083b00000|100%| O|  |TAMS 0x0000000083b00000, 0x0000000083a00000| Untracked 
|  11|0x0000000083b00000, 0x0000000083c00000, 0x0000000083c00000|100%| O|  |TAMS 0x0000000083c00000, 0x0000000083b00000| Untracked 
|  12|0x0000000083c00000, 0x0000000083d00000, 0x0000000083d00000|100%| O|  |TAMS 0x0000000083d00000, 0x0000000083c00000| Untracked 
|  13|0x0000000083d00000, 0x0000000083e00000, 0x0000000083e00000|100%| O|  |TAMS 0x0000000083e00000, 0x0000000083d00000| Untracked 
|  14|0x0000000083e00000, 0x0000000083f00000, 0x0000000083f00000|100%| O|  |TAMS 0x0000000083f00000, 0x0000000083e00000| Untracked 
|  15|0x0000000083f00000, 0x0000000084000000, 0x0000000084000000|100%| O|  |TAMS 0x0000000083f4b000, 0x0000000083f00000| Untracked 
|  16|0x0000000084000000, 0x0000000084100000, 0x0000000084100000|100%| O|  |TAMS 0x0000000084000000, 0x0000000084000000| Untracked 
|  17|0x0000000084100000, 0x0000000084200000, 0x0000000084200000|100%| O|  |TAMS 0x0000000084100000, 0x0000000084100000| Untracked 
|  18|0x0000000084200000, 0x00000000842dc400, 0x0000000084300000| 86%| O|  |TAMS 0x0000000084200000, 0x0000000084200000| Untracked 
|  19|0x0000000084300000, 0x0000000084300000, 0x0000000084400000|  0%| F|  |TAMS 0x0000000084300000, 0x0000000084300000| Untracked 
|  20|0x0000000084400000, 0x0000000084400000, 0x0000000084500000|  0%| F|  |TAMS 0x0000000084400000, 0x0000000084400000| Untracked 
|  21|0x0000000084500000, 0x0000000084500000, 0x0000000084600000|  0%| F|  |TAMS 0x0000000084500000, 0x0000000084500000| Untracked 
|  22|0x0000000084600000, 0x0000000084600000, 0x0000000084700000|  0%| F|  |TAMS 0x0000000084600000, 0x0000000084600000| Untracked 
|  23|0x0000000084700000, 0x0000000084700000, 0x0000000084800000|  0%| F|  |TAMS 0x0000000084700000, 0x0000000084700000| Untracked 
|  24|0x0000000084800000, 0x0000000084800000, 0x0000000084900000|  0%| F|  |TAMS 0x0000000084800000, 0x0000000084800000| Untracked 
|  25|0x0000000084900000, 0x0000000084900000, 0x0000000084a00000|  0%| F|  |TAMS 0x0000000084900000, 0x0000000084900000| Untracked 
|  26|0x0000000084a00000, 0x0000000084a00000, 0x0000000084b00000|  0%| F|  |TAMS 0x0000000084a00000, 0x0000000084a00000| Untracked 
|  27|0x0000000084b00000, 0x0000000084b00000, 0x0000000084c00000|  0%| F|  |TAMS 0x0000000084b00000, 0x0000000084b00000| Untracked 
|  28|0x0000000084c00000, 0x0000000084c00000, 0x0000000084d00000|  0%| F|  |TAMS 0x0000000084c00000, 0x0000000084c00000| Untracked 
|  29|0x0000000084d00000, 0x0000000084d00000, 0x0000000084e00000|  0%| F|  |TAMS 0x0000000084d00000, 0x0000000084d00000| Untracked 
|  30|0x0000000084e00000, 0x0000000084e00000, 0x0000000084f00000|  0%| F|  |TAMS 0x0000000084e00000, 0x0000000084e00000| Untracked 
|  31|0x0000000084f00000, 0x0000000084f00000, 0x0000000085000000|  0%| F|  |TAMS 0x0000000084f00000, 0x0000000084f00000| Untracked 
|  32|0x0000000085000000, 0x0000000085000000, 0x0000000085100000|  0%| F|  |TAMS 0x0000000085000000, 0x0000000085000000| Untracked 
|  33|0x0000000085100000, 0x0000000085100000, 0x0000000085200000|  0%| F|  |TAMS 0x0000000085100000, 0x0000000085100000| Untracked 
|  34|0x0000000085200000, 0x0000000085200000, 0x0000000085300000|  0%| F|  |TAMS 0x0000000085200000, 0x0000000085200000| Untracked 
|  35|0x0000000085300000, 0x0000000085300000, 0x0000000085400000|  0%| F|  |TAMS 0x0000000085300000, 0x0000000085300000| Untracked 
|  36|0x0000000085400000, 0x0000000085400000, 0x0000000085500000|  0%| F|  |TAMS 0x0000000085400000, 0x0000000085400000| Untracked 
|  37|0x0000000085500000, 0x0000000085500000, 0x0000000085600000|  0%| F|  |TAMS 0x0000000085500000, 0x0000000085500000| Untracked 
|  38|0x0000000085600000, 0x0000000085600000, 0x0000000085700000|  0%| F|  |TAMS 0x0000000085600000, 0x0000000085600000| Untracked 
|  39|0x0000000085700000, 0x0000000085700000, 0x0000000085800000|  0%| F|  |TAMS 0x0000000085700000, 0x0000000085700000| Untracked 
|  73|0x0000000087900000, 0x0000000087900000, 0x0000000087a00000|  0%| F|  |TAMS 0x0000000087900000, 0x0000000087900000| Untracked 
|  74|0x0000000087a00000, 0x0000000087a452c8, 0x0000000087b00000| 27%| E|  |TAMS 0x0000000087a00000, 0x0000000087a00000| Complete 
|  75|0x0000000087b00000, 0x0000000087c00000, 0x0000000087c00000|100%| E|CS|TAMS 0x0000000087b00000, 0x0000000087b00000| Complete 
|  76|0x0000000087c00000, 0x0000000087d00000, 0x0000000087d00000|100%| E|CS|TAMS 0x0000000087c00000, 0x0000000087c00000| Complete 
|  77|0x0000000087d00000, 0x0000000087e00000, 0x0000000087e00000|100%| E|CS|TAMS 0x0000000087d00000, 0x0000000087d00000| Complete 
|  78|0x0000000087e00000, 0x0000000087e289c8, 0x0000000087f00000| 15%| S|CS|TAMS 0x0000000087e00000, 0x0000000087e00000| Complete 
| 125|0x000000008ad00000, 0x000000008ae00000, 0x000000008ae00000|100%| E|CS|TAMS 0x000000008ad00000, 0x000000008ad00000| Complete 

Card table byte_map: [0x000001e2b8a00000,0x000001e2b8df0000] _byte_map_base: 0x000001e2b85e8000

Marking Bits (Prev, Next): (CMBitMap*) 0x000001e2a13d7c40, (CMBitMap*) 0x000001e2a13d7c80
 Prev Bits: [0x000001e2b91e0000, 0x000001e2bb120000)
 Next Bits: [0x000001e2bb120000, 0x000001e2bd060000)

Polling page: 0x000001e29f510000

Metaspace:

Usage:
  Non-class:     36.15 MB used.
      Class:      5.36 MB used.
       Both:     41.52 MB used.

Virtual space:
  Non-class space:       64.00 MB reserved,      36.31 MB ( 57%) committed,  1 nodes.
      Class space:        1.00 GB reserved,       5.56 MB ( <1%) committed,  1 nodes.
             Both:        1.06 GB reserved,      41.88 MB (  4%) committed. 

Chunk freelists:
   Non-Class:  3.30 MB
       Class:  2.42 MB
        Both:  5.72 MB

MaxMetaspaceSize: unlimited
CompressedClassSpaceSize: 1.00 GB
Initial GC threshold: 21.00 MB
Current GC threshold: 59.00 MB
CDS: on
MetaspaceReclaimPolicy: balanced
 - commit_granule_bytes: 65536.
 - commit_granule_words: 8192.
 - virtual_space_node_default_size: 8388608.
 - enlarge_chunks_in_place: 1.
 - new_chunks_are_fully_committed: 0.
 - uncommit_free_chunks: 1.
 - use_allocation_guard: 0.


Internal statistics:

num_allocs_failed_limit: 6.
num_arena_births: 434.
num_arena_deaths: 0.
num_vsnodes_births: 2.
num_vsnodes_deaths: 0.
num_space_committed: 670.
num_space_uncommitted: 0.
num_chunks_returned_to_freelist: 6.
num_chunks_taken_from_freelist: 1893.
num_chunk_merges: 6.
num_chunk_splits: 1380.
num_chunks_enlarged: 1137.
num_inconsistent_stats: 0.

CodeHeap 'non-profiled nmethods': size=120000Kb used=2583Kb max_used=2583Kb free=117416Kb
 bounds [0x000001e2b0db0000, 0x000001e2b1040000, 0x000001e2b82e0000]
CodeHeap 'profiled nmethods': size=120000Kb used=9093Kb max_used=9093Kb free=110906Kb
 bounds [0x000001e2a92e0000, 0x000001e2a9bd0000, 0x000001e2b0810000]
CodeHeap 'non-nmethods': size=5760Kb used=1360Kb max_used=1415Kb free=4399Kb
 bounds [0x000001e2b0810000, 0x000001e2b0a80000, 0x000001e2b0db0000]
 total_blobs=4837 nmethods=4236 adapters=510
 compilation: enabled
              stopped_count=0, restarted_count=0
 full_count=0

Compilation events (20 events):
Event: 4.543 Thread 0x000001e2bfa8c8f0 nmethod 4221 0x000001e2a9ba3710 code [0x000001e2a9ba38c0, 0x000001e2a9ba3b58]
Event: 4.543 Thread 0x000001e2bfa8c8f0 4219       3       java.lang.invoke.LambdaForm$DMH/0x00000008012d9c00::invokeVirtual (14 bytes)
Event: 4.543 Thread 0x000001e2bfa8c8f0 nmethod 4219 0x000001e2a9ba3c90 code [0x000001e2a9ba3e60, 0x000001e2a9ba42f8]
Event: 4.543 Thread 0x000001e2bfa8c8f0 4220       3       net.bytebuddy.description.method.ParameterList$ForLoadedExecutable::size (13 bytes)
Event: 4.543 Thread 0x000001e2bfa8c8f0 nmethod 4220 0x000001e2a9ba4410 code [0x000001e2a9ba45c0, 0x000001e2a9ba4728]
Event: 4.543 Thread 0x000001e2bfa8c8f0 4222   !   3       net.bytebuddy.utility.dispatcher.JavaDispatcher$ProxiedInvocationHandler::invoke (305 bytes)
Event: 4.547 Thread 0x000001e2bfa8c8f0 nmethod 4222 0x000001e2a9ba4810 code [0x000001e2a9ba4f00, 0x000001e2a9ba8848]
Event: 4.547 Thread 0x000001e2bfa8c8f0 4225       3       net.bytebuddy.utility.dispatcher.JavaDispatcher$Dispatcher$ForNonStaticMethod::invoke (47 bytes)
Event: 4.551 Thread 0x000001e2bfa8c8f0 nmethod 4225 0x000001e2a9baa090 code [0x000001e2a9baa8a0, 0x000001e2a9bafb78]
Event: 4.551 Thread 0x000001e2bfa8c8f0 4230       3       net.bytebuddy.matcher.ElementMatcher$Junction$ForNonNullValues::matches (18 bytes)
Event: 4.551 Thread 0x000001e2bfa8c8f0 nmethod 4230 0x000001e2a9bb2610 code [0x000001e2a9bb27c0, 0x000001e2a9bb2a28]
Event: 4.551 Thread 0x000001e2bfa8c8f0 4224       3       net.bytebuddy.description.type.TypeDescription$Generic$OfNonGenericType$ForLoadedType::asErasure (8 bytes)
Event: 4.552 Thread 0x000001e2bfa8c8f0 nmethod 4224 0x000001e2a9bb2b10 code [0x000001e2a9bb2d20, 0x000001e2a9bb3448]
Event: 4.552 Thread 0x000001e2bfa8c8f0 4223       3       java.util.AbstractList::listIterator (6 bytes)
Event: 4.552 Thread 0x000001e2bfa8c8f0 nmethod 4223 0x000001e2a9bb3690 code [0x000001e2a9bb3840, 0x000001e2a9bb3a08]
Event: 4.552 Thread 0x000001e2bfa8c8f0 4229       3       java.lang.invoke.DirectMethodHandle$Holder::invokeStatic (14 bytes)
Event: 4.552 Thread 0x000001e2bfa8c8f0 nmethod 4229 0x000001e2a9bb3a90 code [0x000001e2a9bb3c60, 0x000001e2a9bb3ff8]
Event: 4.552 Thread 0x000001e2bfa8c8f0 4226       3       net.bytebuddy.utility.dispatcher.JavaDispatcher::access$100 (4 bytes)
Event: 4.552 Thread 0x000001e2bfa8c8f0 nmethod 4226 0x000001e2a9bb4110 code [0x000001e2a9bb42a0, 0x000001e2a9bb4398]
Event: 4.552 Thread 0x000001e2bfa8c8f0 4227       3       net.bytebuddy.utility.Invoker$Dispatcher::invoke (7 bytes)

GC Heap History (20 events):
Event: 0.608 GC heap before
{Heap before GC invocations=0 (full 0):
 garbage-first heap   total 129024K, used 23552K [0x0000000083000000, 0x0000000100000000)
  region size 1024K, 23 young (23552K), 0 survivors (0K)
 Metaspace       used 5884K, committed 6016K, reserved 1114112K
  class space    used 628K, committed 704K, reserved 1048576K
}
Event: 0.612 GC heap after
{Heap after GC invocations=1 (full 0):
 garbage-first heap   total 129024K, used 6675K [0x0000000083000000, 0x0000000100000000)
  region size 1024K, 3 young (3072K), 3 survivors (3072K)
 Metaspace       used 5884K, committed 6016K, reserved 1114112K
  class space    used 628K, committed 704K, reserved 1048576K
}
Event: 0.990 GC heap before
{Heap before GC invocations=1 (full 0):
 garbage-first heap   total 129024K, used 36371K [0x0000000083000000, 0x0000000100000000)
  region size 1024K, 33 young (33792K), 3 survivors (3072K)
 Metaspace       used 14221K, committed 14464K, reserved 1114112K
  class space    used 1682K, committed 1792K, reserved 1048576K
}
Event: 0.994 GC heap after
{Heap after GC invocations=2 (full 0):
 garbage-first heap   total 129024K, used 8709K [0x0000000083000000, 0x0000000100000000)
  region size 1024K, 2 young (2048K), 2 survivors (2048K)
 Metaspace       used 14221K, committed 14464K, reserved 1114112K
  class space    used 1682K, committed 1792K, reserved 1048576K
}
Event: 2.093 GC heap before
{Heap before GC invocations=2 (full 0):
 garbage-first heap   total 129024K, used 53765K [0x0000000083000000, 0x0000000100000000)
  region size 1024K, 47 young (48128K), 2 survivors (2048K)
 Metaspace       used 21232K, committed 21504K, reserved 1114112K
  class space    used 2521K, committed 2688K, reserved 1048576K
}
Event: 2.098 GC heap after
{Heap after GC invocations=3 (full 0):
 garbage-first heap   total 129024K, used 12315K [0x0000000083000000, 0x0000000100000000)
  region size 1024K, 6 young (6144K), 6 survivors (6144K)
 Metaspace       used 21232K, committed 21504K, reserved 1114112K
  class space    used 2521K, committed 2688K, reserved 1048576K
}
Event: 2.840 GC heap before
{Heap before GC invocations=4 (full 0):
 garbage-first heap   total 48128K, used 34843K [0x0000000083000000, 0x0000000100000000)
  region size 1024K, 28 young (28672K), 6 survivors (6144K)
 Metaspace       used 26176K, committed 26560K, reserved 1114112K
  class space    used 3181K, committed 3392K, reserved 1048576K
}
Event: 2.847 GC heap after
{Heap after GC invocations=5 (full 0):
 garbage-first heap   total 48128K, used 15374K [0x0000000083000000, 0x0000000100000000)
  region size 1024K, 4 young (4096K), 4 survivors (4096K)
 Metaspace       used 26176K, committed 26560K, reserved 1114112K
  class space    used 3181K, committed 3392K, reserved 1048576K
}
Event: 2.870 GC heap before
{Heap before GC invocations=5 (full 0):
 garbage-first heap   total 48128K, used 16398K [0x0000000083000000, 0x0000000100000000)
  region size 1024K, 5 young (5120K), 4 survivors (4096K)
 Metaspace       used 26416K, committed 26752K, reserved 1114112K
  class space    used 3207K, committed 3392K, reserved 1048576K
}
Event: 2.873 GC heap after
{Heap after GC invocations=6 (full 0):
 garbage-first heap   total 48128K, used 15712K [0x0000000083000000, 0x0000000100000000)
  region size 1024K, 1 young (1024K), 1 survivors (1024K)
 Metaspace       used 26416K, committed 26752K, reserved 1114112K
  class space    used 3207K, committed 3392K, reserved 1048576K
}
Event: 3.290 GC heap before
{Heap before GC invocations=6 (full 0):
 garbage-first heap   total 48128K, used 33120K [0x0000000083000000, 0x0000000100000000)
  region size 1024K, 19 young (19456K), 1 survivors (1024K)
 Metaspace       used 30450K, committed 30848K, reserved 1114112K
  class space    used 3636K, committed 3840K, reserved 1048576K
}
Event: 3.292 GC heap after
{Heap after GC invocations=7 (full 0):
 garbage-first heap   total 48128K, used 16766K [0x0000000083000000, 0x0000000100000000)
  region size 1024K, 2 young (2048K), 2 survivors (2048K)
 Metaspace       used 30450K, committed 30848K, reserved 1114112K
  class space    used 3636K, committed 3840K, reserved 1048576K
}
Event: 3.819 GC heap before
{Heap before GC invocations=7 (full 0):
 garbage-first heap   total 48128K, used 34174K [0x0000000083000000, 0x0000000100000000)
  region size 1024K, 20 young (20480K), 2 survivors (2048K)
 Metaspace       used 35196K, committed 35648K, reserved 1114112K
  class space    used 4325K, committed 4544K, reserved 1048576K
}
Event: 3.822 GC heap after
{Heap after GC invocations=8 (full 0):
 garbage-first heap   total 48128K, used 18358K [0x0000000083000000, 0x0000000100000000)
  region size 1024K, 2 young (2048K), 2 survivors (2048K)
 Metaspace       used 35196K, committed 35648K, reserved 1114112K
  class space    used 4325K, committed 4544K, reserved 1048576K
}
Event: 3.858 GC heap before
{Heap before GC invocations=8 (full 0):
 garbage-first heap   total 48128K, used 19382K [0x0000000083000000, 0x0000000100000000)
  region size 1024K, 4 young (4096K), 2 survivors (2048K)
 Metaspace       used 35554K, committed 35968K, reserved 1114112K
  class space    used 4395K, committed 4608K, reserved 1048576K
}
Event: 3.860 GC heap after
{Heap after GC invocations=9 (full 0):
 garbage-first heap   total 48128K, used 18630K [0x0000000083000000, 0x0000000100000000)
  region size 1024K, 1 young (1024K), 1 survivors (1024K)
 Metaspace       used 35554K, committed 35968K, reserved 1114112K
  class space    used 4395K, committed 4608K, reserved 1048576K
}
Event: 4.436 GC heap before
{Heap before GC invocations=10 (full 0):
 garbage-first heap   total 48128K, used 35014K [0x0000000083000000, 0x0000000100000000)
  region size 1024K, 18 young (18432K), 1 survivors (1024K)
 Metaspace       used 41218K, committed 41600K, reserved 1114112K
  class space    used 5217K, committed 5376K, reserved 1048576K
}
Event: 4.437 GC heap after
{Heap after GC invocations=11 (full 0):
 garbage-first heap   total 48128K, used 19450K [0x0000000083000000, 0x0000000100000000)
  region size 1024K, 2 young (2048K), 2 survivors (2048K)
 Metaspace       used 41218K, committed 41600K, reserved 1114112K
  class space    used 5217K, committed 5376K, reserved 1048576K
}
Event: 4.454 GC heap before
{Heap before GC invocations=11 (full 0):
 garbage-first heap   total 48128K, used 19450K [0x0000000083000000, 0x0000000100000000)
  region size 1024K, 3 young (3072K), 2 survivors (2048K)
 Metaspace       used 41424K, committed 41792K, reserved 1114112K
  class space    used 5264K, committed 5440K, reserved 1048576K
}
Event: 4.456 GC heap after
{Heap after GC invocations=12 (full 0):
 garbage-first heap   total 48128K, used 19475K [0x0000000083000000, 0x0000000100000000)
  region size 1024K, 1 young (1024K), 1 survivors (1024K)
 Metaspace       used 41424K, committed 41792K, reserved 1114112K
  class space    used 5264K, committed 5440K, reserved 1048576K
}

Dll operation events (14 events):
Event: 0.007 Loaded shared library C:\Program Files\Java\jdk-19\bin\java.dll
Event: 0.015 Loaded shared library C:\Program Files\Java\jdk-19\bin\jsvml.dll
Event: 0.111 Loaded shared library C:\Program Files\Java\jdk-19\bin\zip.dll
Event: 0.115 Loaded shared library C:\Program Files\Java\jdk-19\bin\instrument.dll
Event: 0.125 Loaded shared library C:\Program Files\Java\jdk-19\bin\net.dll
Event: 0.127 Loaded shared library C:\Program Files\Java\jdk-19\bin\nio.dll
Event: 0.132 Loaded shared library C:\Program Files\Java\jdk-19\bin\zip.dll
Event: 0.228 Loaded shared library C:\Program Files\JetBrains\IntelliJ IDEA Community Edition 2022.2.3\bin\breakgen64.dll
Event: 0.236 Loaded shared library C:\Program Files\Java\jdk-19\bin\extnet.dll
Event: 0.255 Loaded shared library C:\Program Files\Java\jdk-19\bin\verify.dll
Event: 0.258 Loaded shared library C:\Program Files\Java\jdk-19\bin\jimage.dll
Event: 0.487 Loaded shared library C:\Program Files\Java\jdk-19\bin\management.dll
Event: 0.489 Loaded shared library C:\Program Files\Java\jdk-19\bin\management_ext.dll
Event: 2.798 Loaded shared library C:\Program Files\Java\jdk-19\bin\sunmscapi.dll

Deoptimization events (20 events):
Event: 3.343 Thread 0x000001e2c47089f0 Uncommon trap: trap_request=0xffffff45 fr.pc=0x000001e2b0e7bbe8 relative=0x0000000000000248
Event: 3.343 Thread 0x000001e2c47089f0 Uncommon trap: reason=unstable_if action=reinterpret pc=0x000001e2b0e7bbe8 method=jdk.internal.org.objectweb.asm.Frame.push(I)V @ 26 c2
Event: 3.343 Thread 0x000001e2c47089f0 DEOPT PACKING pc=0x000001e2b0e7bbe8 sp=0x00000050779fca60
Event: 3.343 Thread 0x000001e2c47089f0 DEOPT UNPACKING pc=0x000001e2b0876da3 sp=0x00000050779fca08 mode 2
Event: 3.655 Thread 0x000001e2c47089f0 Uncommon trap: trap_request=0xffffffde fr.pc=0x000001e2b0fb26ac relative=0x00000000000006ac
Event: 3.655 Thread 0x000001e2c47089f0 Uncommon trap: reason=class_check action=maybe_recompile pc=0x000001e2b0fb26ac method=java.lang.reflect.Executable.getAnnotation(Ljava/lang/Class;)Ljava/lang/annotation/Annotation; @ 19 c2
Event: 3.655 Thread 0x000001e2c47089f0 DEOPT PACKING pc=0x000001e2b0fb26ac sp=0x00000050779fba00
Event: 3.655 Thread 0x000001e2c47089f0 DEOPT UNPACKING pc=0x000001e2b0876da3 sp=0x00000050779fb978 mode 2
Event: 3.658 Thread 0x000001e2c47089f0 Uncommon trap: trap_request=0xffffffde fr.pc=0x000001e2b0fb26ac relative=0x00000000000006ac
Event: 3.658 Thread 0x000001e2c47089f0 Uncommon trap: reason=class_check action=maybe_recompile pc=0x000001e2b0fb26ac method=java.lang.reflect.Executable.getAnnotation(Ljava/lang/Class;)Ljava/lang/annotation/Annotation; @ 19 c2
Event: 3.658 Thread 0x000001e2c47089f0 DEOPT PACKING pc=0x000001e2b0fb26ac sp=0x00000050779fba00
Event: 3.658 Thread 0x000001e2c47089f0 DEOPT UNPACKING pc=0x000001e2b0876da3 sp=0x00000050779fb978 mode 2
Event: 3.658 Thread 0x000001e2c47089f0 Uncommon trap: trap_request=0xffffffde fr.pc=0x000001e2b0fb26ac relative=0x00000000000006ac
Event: 3.658 Thread 0x000001e2c47089f0 Uncommon trap: reason=class_check action=maybe_recompile pc=0x000001e2b0fb26ac method=java.lang.reflect.Executable.getAnnotation(Ljava/lang/Class;)Ljava/lang/annotation/Annotation; @ 19 c2
Event: 3.658 Thread 0x000001e2c47089f0 DEOPT PACKING pc=0x000001e2b0fb26ac sp=0x00000050779fba00
Event: 3.658 Thread 0x000001e2c47089f0 DEOPT UNPACKING pc=0x000001e2b0876da3 sp=0x00000050779fb978 mode 2
Event: 3.658 Thread 0x000001e2c47089f0 Uncommon trap: trap_request=0xffffffde fr.pc=0x000001e2b0fb26ac relative=0x00000000000006ac
Event: 3.658 Thread 0x000001e2c47089f0 Uncommon trap: reason=class_check action=maybe_recompile pc=0x000001e2b0fb26ac method=java.lang.reflect.Executable.getAnnotation(Ljava/lang/Class;)Ljava/lang/annotation/Annotation; @ 19 c2
Event: 3.658 Thread 0x000001e2c47089f0 DEOPT PACKING pc=0x000001e2b0fb26ac sp=0x00000050779fba00
Event: 3.658 Thread 0x000001e2c47089f0 DEOPT UNPACKING pc=0x000001e2b0876da3 sp=0x00000050779fb978 mode 2

Classes loaded (20 events):
Event: 4.298 Loading class javax/naming/RefAddr
Event: 4.299 Loading class javax/naming/RefAddr done
Event: 4.299 Loading class javax/naming/StringRefAddr
Event: 4.299 Loading class javax/naming/StringRefAddr done
Event: 4.305 Loading class java/io/InvalidObjectException
Event: 4.305 Loading class java/io/InvalidObjectException done
Event: 4.335 Loading class java/util/concurrent/CompletionStage
Event: 4.335 Loading class java/util/concurrent/CompletionStage done
Event: 4.336 Loading class java/util/concurrent/CompletableFuture
Event: 4.336 Loading class java/util/concurrent/CompletableFuture done
Event: 4.336 Loading class java/util/concurrent/CompletableFuture$AltResult
Event: 4.337 Loading class java/util/concurrent/CompletableFuture$AltResult done
Event: 4.337 Loading class java/util/concurrent/CompletableFuture$Completion
Event: 4.337 Loading class java/util/concurrent/CompletableFuture$AsynchronousCompletionTask
Event: 4.337 Loading class java/util/concurrent/CompletableFuture$AsynchronousCompletionTask done
Event: 4.337 Loading class java/util/concurrent/CompletableFuture$Completion done
Event: 4.464 Loading class java/util/ArrayList$ListItr
Event: 4.464 Loading class java/util/ArrayList$ListItr done
Event: 4.512 Loading class java/util/AbstractList$SubList
Event: 4.512 Loading class java/util/AbstractList$SubList done

Classes unloaded (0 events):
No events

Classes redefined (0 events):
No events

Internal exceptions (20 events):
Event: 2.418 Thread 0x000001e2c47089f0 Exception <a 'java/lang/NoSuchMethodError'{0x0000000084fecde0}: 'int java.lang.invoke.DirectMethodHandle$Holder.invokeVirtual(java.lang.Object, java.lang.Object)'> (0x0000000084fecde0) 
thrown [s\open\src\hotspot\share\interpreter\linkResolver.cpp, line 774]
Event: 2.422 Thread 0x000001e2c47089f0 Exception <a 'java/lang/IncompatibleClassChangeError'{0x0000000084e26360}: Found class java.lang.Object, but interface was expected> (0x0000000084e26360) 
thrown [s\open\src\hotspot\share\interpreter\linkResolver.cpp, line 841]
Event: 2.422 Thread 0x000001e2c47089f0 Exception <a 'java/lang/NoSuchMethodError'{0x0000000084e2b4e0}: 'void java.lang.invoke.DirectMethodHandle$Holder.invokeStatic(java.lang.Object, int, java.lang.Object)'> (0x0000000084e2b4e0) 
thrown [s\open\src\hotspot\share\interpreter\linkResolver.cpp, line 774]
Event: 2.427 Thread 0x000001e2c47089f0 Exception <a 'java/lang/NoSuchMethodError'{0x0000000084e5a658}: 'int java.lang.invoke.DirectMethodHandle$Holder.invokeSpecial(java.lang.Object, java.lang.Object, int)'> (0x0000000084e5a658) 
thrown [s\open\src\hotspot\share\interpreter\linkResolver.cpp, line 774]
Event: 2.560 Thread 0x000001e2c47089f0 Exception <a 'java/lang/NoSuchMethodError'{0x0000000084a31048}: 'java.lang.Object java.lang.invoke.DirectMethodHandle$Holder.invokeStaticInit(java.lang.Object, int, int, int, int)'> (0x0000000084a31048) 
thrown [s\open\src\hotspot\share\interpreter\linkResolver.cpp, line 774]
Event: 2.675 Thread 0x000001e2c47089f0 Exception <a 'java/lang/NoSuchMethodError'{0x0000000084a70138}: 'java.lang.Object java.lang.invoke.DirectMethodHandle$Holder.invokeStaticInit(java.lang.Object, java.lang.Object, int, int, int, int)'> (0x0000000084a70138) 
thrown [s\open\src\hotspot\share\interpreter\linkResolver.cpp, line 774]
Event: 2.750 Thread 0x000001e2c47089f0 Exception <a 'java/lang/NoSuchMethodError'{0x00000000848ed298}: 'int java.lang.invoke.DirectMethodHandle$Holder.invokeVirtual(java.lang.Object, java.lang.Object, java.lang.Object, java.lang.Object)'> (0x00000000848ed298) 
thrown [s\open\src\hotspot\share\interpreter\linkResolver.cpp, line 774]
Event: 2.750 Thread 0x000001e2c47089f0 Exception <a 'java/lang/NoSuchMethodError'{0x00000000848f0f78}: 'int java.lang.invoke.DelegatingMethodHandle$Holder.reinvoke_L(java.lang.Object, java.lang.Object, java.lang.Object, java.lang.Object)'> (0x00000000848f0f78) 
thrown [s\open\src\hotspot\share\interpreter\linkResolver.cpp, line 774]
Event: 2.850 Thread 0x000001e2c47089f0 Exception <a 'sun/nio/fs/WindowsException'{0x000000008ad617c0}> (0x000000008ad617c0) 
thrown [s\open\src\hotspot\share\prims\jni.cpp, line 517]
Event: 2.851 Thread 0x000001e2c47089f0 Exception <a 'sun/nio/fs/WindowsException'{0x000000008ad67318}> (0x000000008ad67318) 
thrown [s\open\src\hotspot\share\prims\jni.cpp, line 517]
Event: 2.852 Thread 0x000001e2c47089f0 Exception <a 'sun/nio/fs/WindowsException'{0x000000008ad679f0}> (0x000000008ad679f0) 
thrown [s\open\src\hotspot\share\prims\jni.cpp, line 517]
Event: 2.951 Thread 0x000001e2c47089f0 Exception <a 'java/io/FileNotFoundException'{0x0000000087bafdd8}> (0x0000000087bafdd8) 
thrown [s\open\src\hotspot\share\prims\jni.cpp, line 517]
Event: 2.977 Thread 0x000001e2c47089f0 Exception <a 'java/lang/NoSuchMethodError'{0x0000000087ad1b80}: 'int java.lang.invoke.DirectMethodHandle$Holder.invokeInterface(java.lang.Object, java.lang.Object, java.lang.Object, java.lang.Object)'> (0x0000000087ad1b80) 
thrown [s\open\src\hotspot\share\interpreter\linkResolver.cpp, line 774]
Event: 3.238 Thread 0x000001e2c47089f0 Implicit null exception at 0x000001e2b0f74ab3 to 0x000001e2b0f74bf8
Event: 3.246 Thread 0x000001e2c47089f0 Exception <a 'java/lang/NoSuchMethodError'{0x0000000084d5f380}: 'java.lang.Object java.lang.invoke.DirectMethodHandle$Holder.invokeStaticInit(java.lang.Object, java.lang.Object, java.lang.Object, java.lang.Object)'> (0x0000000084d5f380) 
thrown [s\open\src\hotspot\share\interpreter\linkResolver.cpp, line 774]
Event: 3.300 Thread 0x000001e2c47089f0 Exception <a 'java/lang/NoSuchMethodError'{0x000000008ad55f00}: 'long java.lang.invoke.DirectMethodHandle$Holder.invokeVirtual(java.lang.Object, java.lang.Object)'> (0x000000008ad55f00) 
thrown [s\open\src\hotspot\share\interpreter\linkResolver.cpp, line 774]
Event: 3.306 Thread 0x000001e2c47089f0 Exception <a 'java/io/FileNotFoundException'{0x000000008ad7f698}> (0x000000008ad7f698) 
thrown [s\open\src\hotspot\share\prims\jni.cpp, line 517]
Event: 3.343 Thread 0x000001e2c47089f0 Exception <a 'java/lang/NoSuchMethodError'{0x0000000087ed9150}: 'java.lang.Object java.lang.invoke.DirectMethodHandle$Holder.newInvokeSpecial(java.lang.Object, java.lang.Object, java.lang.Object, java.lang.Object, java.lang.Object, java.lang.Object, java.lang.Object, java.lang.Object, java.lang.Object, java.lang.Object, java.lang.Object)'> (0x0000000087ed9150) 
thrown [s\open\src\hotspot\share\interpreter\linkResolver.cpp, line 774]
Event: 4.034 Thread 0x000001e2c47089f0 Exception <a 'java/lang/NoSuchMethodError'{0x0000000087aa2d18}: 'void java.lang.invoke.DirectMethodHandle$Holder.invokeVirtual(java.lang.Object, java.lang.Object)'> (0x0000000087aa2d18) 
thrown [s\open\src\hotspot\share\interpreter\linkResolver.cpp, line 774]
Event: 4.308 Thread 0x000001e2c47089f0 Exception <a 'java/lang/NoSuchMethodError'{0x00000000852502c8}: 'java.lang.Object java.lang.invoke.DirectMethodHandle$Holder.newInvokeSpecial(java.lang.Object, java.lang.Object, int, java.lang.Object, java.lang.Object)'> (0x00000000852502c8) 
thrown [s\open\src\hotspot\share\interpreter\linkResolver.cpp, line 774]

VM Operations (20 events):
Event: 3.290 Executing VM operation: G1CollectForAllocation
Event: 3.292 Executing VM operation: G1CollectForAllocation done
Event: 3.308 Executing VM operation: HandshakeAllThreads
Event: 3.308 Executing VM operation: HandshakeAllThreads done
Event: 3.653 Executing VM operation: ICBufferFull
Event: 3.653 Executing VM operation: ICBufferFull done
Event: 3.818 Executing VM operation: G1CollectForAllocation
Event: 3.822 Executing VM operation: G1CollectForAllocation done
Event: 3.858 Executing VM operation: CollectForMetadataAllocation
Event: 3.860 Executing VM operation: CollectForMetadataAllocation done
Event: 3.880 Executing VM operation: G1PauseRemark
Event: 3.882 Executing VM operation: G1PauseRemark done
Event: 3.890 Executing VM operation: G1PauseCleanup
Event: 3.890 Executing VM operation: G1PauseCleanup done
Event: 4.435 Executing VM operation: G1CollectForAllocation
Event: 4.437 Executing VM operation: G1CollectForAllocation done
Event: 4.454 Executing VM operation: G1CollectForAllocation
Event: 4.456 Executing VM operation: G1CollectForAllocation done
Event: 4.464 Executing VM operation: HandshakeAllThreads
Event: 4.464 Executing VM operation: HandshakeAllThreads done

Events (20 events):
Event: 0.030 Thread 0x000001e2bfa87f60 Thread added: 0x000001e2bfa87f60
Event: 0.030 Thread 0x000001e2bfa8c8f0 Thread added: 0x000001e2bfa8c8f0
Event: 0.030 Thread 0x000001e2bfa8f4f0 Thread added: 0x000001e2bfa8f4f0
Event: 0.080 Thread 0x000001e2c3cb6ec0 Thread added: 0x000001e2c3cb6ec0
Event: 0.228 Thread 0x000001e2c4082990 Thread added: 0x000001e2c4082990
Event: 0.228 Thread 0x000001e2c4082ed0 Thread added: 0x000001e2c4082ed0
Event: 0.299 Thread 0x000001e2c4096400 Thread added: 0x000001e2c4096400
Event: 0.521 Thread 0x000001e2c43a9ed0 Thread added: 0x000001e2c43a9ed0
Event: 0.526 Thread 0x000001e2c47089f0 Thread added: 0x000001e2c47089f0
Event: 0.824 Thread 0x000001e2c47b9bb0 Thread added: 0x000001e2c47b9bb0
Event: 1.026 Thread 0x000001e2c4c1ff20 Thread added: 0x000001e2c4c1ff20
Event: 1.027 Thread 0x000001e2c47b9bb0 Thread exited: 0x000001e2c47b9bb0
Event: 1.091 Thread 0x000001e2c4dc1460 Thread added: 0x000001e2c4dc1460
Event: 1.149 Thread 0x000001e2c4dc1460 Thread exited: 0x000001e2c4dc1460
Event: 3.018 Thread 0x000001e2c500ee00 Thread added: 0x000001e2c500ee00
Event: 3.239 Thread 0x000001e2c500e8b0 Thread added: 0x000001e2c500e8b0
Event: 3.310 Thread 0x000001e2c500d370 Thread added: 0x000001e2c500d370
Event: 3.312 Thread 0x000001e2c500d8c0 Thread added: 0x000001e2c500d8c0
Event: 3.317 Thread 0x000001e2c500f350 Thread added: 0x000001e2c500f350
Event: 3.354 Thread 0x000001e2c500f8a0 Thread added: 0x000001e2c500f8a0


Dynamic libraries:
0x00007ff756fa0000 - 0x00007ff756fb0000 	C:\Program Files\Java\jdk-19\bin\java.exe
0x00007ff847990000 - 0x00007ff847b88000 	C:\WINDOWS\SYSTEM32\ntdll.dll
0x00007ff847740000 - 0x00007ff8477ff000 	C:\WINDOWS\System32\KERNEL32.DLL
0x00007ff8454f0000 - 0x00007ff8457c2000 	C:\WINDOWS\System32\KERNELBASE.dll
0x00007ff845330000 - 0x00007ff845430000 	C:\WINDOWS\System32\ucrtbase.dll
0x00007fffca930000 - 0x00007fffca94b000 	C:\Program Files\Java\jdk-19\bin\VCRUNTIME140.dll
0x00007fffca810000 - 0x00007fffca828000 	C:\Program Files\Java\jdk-19\bin\jli.dll
0x00007ff847690000 - 0x00007ff84773e000 	C:\WINDOWS\System32\ADVAPI32.dll
0x00007ff846ab0000 - 0x00007ff846b4e000 	C:\WINDOWS\System32\msvcrt.dll
0x00007ff847340000 - 0x00007ff8473dc000 	C:\WINDOWS\System32\sechost.dll
0x00007ff845fc0000 - 0x00007ff8460e5000 	C:\WINDOWS\System32\RPCRT4.dll
0x00007ff8473e0000 - 0x00007ff847581000 	C:\WINDOWS\System32\USER32.dll
0x00007ff844480000 - 0x00007ff84471a000 	C:\WINDOWS\WinSxS\amd64_microsoft.windows.common-controls_6595b64144ccf1df_6.0.19041.1110_none_60b5254171f9507e\COMCTL32.dll
0x00007ff845300000 - 0x00007ff845322000 	C:\WINDOWS\System32\win32u.dll
0x00007ff846d00000 - 0x00007ff846d2b000 	C:\WINDOWS\System32\GDI32.dll
0x00007ff845080000 - 0x00007ff84518f000 	C:\WINDOWS\System32\gdi32full.dll
0x00007ff845930000 - 0x00007ff8459cd000 	C:\WINDOWS\System32\msvcp_win.dll
0x00007ff83e800000 - 0x00007ff83e80a000 	C:\WINDOWS\SYSTEM32\VERSION.dll
0x00007ff846b50000 - 0x00007ff846b82000 	C:\WINDOWS\System32\IMM32.DLL
0x00007ff824bc0000 - 0x00007ff824bcc000 	C:\Program Files\Java\jdk-19\bin\vcruntime140_1.dll
0x00007fffc19a0000 - 0x00007fffc1a2e000 	C:\Program Files\Java\jdk-19\bin\msvcp140.dll
0x00007fffc0ce0000 - 0x00007fffc19a0000 	C:\Program Files\Java\jdk-19\bin\server\jvm.dll
0x00007ff829d50000 - 0x00007ff829d77000 	C:\WINDOWS\SYSTEM32\WINMM.dll
0x00007ff83fe90000 - 0x00007ff83fe99000 	C:\WINDOWS\SYSTEM32\WSOCK32.dll
0x00007ff847200000 - 0x00007ff84726b000 	C:\WINDOWS\System32\WS2_32.dll
0x00007ff843250000 - 0x00007ff843262000 	C:\WINDOWS\SYSTEM32\kernel.appcore.dll
0x00007ff81e920000 - 0x00007ff81e92a000 	C:\Program Files\Java\jdk-19\bin\jimage.dll
0x00007ff844ab0000 - 0x00007ff844c94000 	C:\WINDOWS\SYSTEM32\DBGHELP.DLL
0x00007ff844850000 - 0x00007ff844885000 	C:\WINDOWS\SYSTEM32\dbgcore.DLL
0x00007ff8451c0000 - 0x00007ff845242000 	C:\WINDOWS\System32\bcryptPrimitives.dll
0x00007ff841b50000 - 0x00007ff841b5e000 	C:\Program Files\Java\jdk-19\bin\instrument.dll
0x00007fffc0cb0000 - 0x00007fffc0cd6000 	C:\Program Files\Java\jdk-19\bin\java.dll
0x00007fffc0bd0000 - 0x00007fffc0ca7000 	C:\Program Files\Java\jdk-19\bin\jsvml.dll
0x00007ff846360000 - 0x00007ff846aa4000 	C:\WINDOWS\System32\SHELL32.dll
0x00007ff842ab0000 - 0x00007ff843242000 	C:\WINDOWS\SYSTEM32\windows.storage.dll
0x00007ff845c60000 - 0x00007ff845fb5000 	C:\WINDOWS\System32\combase.dll
0x00007ff8443e0000 - 0x00007ff844410000 	C:\WINDOWS\SYSTEM32\Wldp.dll
0x00007ff846c50000 - 0x00007ff846cfd000 	C:\WINDOWS\System32\SHCORE.dll
0x00007ff846d30000 - 0x00007ff846d85000 	C:\WINDOWS\System32\shlwapi.dll
0x00007ff844fc0000 - 0x00007ff844fdf000 	C:\WINDOWS\SYSTEM32\profapi.dll
0x00007fffc0b70000 - 0x00007fffc0b88000 	C:\Program Files\Java\jdk-19\bin\zip.dll
0x00007fffc0bb0000 - 0x00007fffc0bc3000 	C:\Program Files\Java\jdk-19\bin\net.dll
0x00007ff83bb40000 - 0x00007ff83bc4c000 	C:\WINDOWS\SYSTEM32\WINHTTP.dll
0x00007ff844290000 - 0x00007ff8442fa000 	C:\WINDOWS\system32\mswsock.dll
0x00007fffc0b90000 - 0x00007fffc0ba6000 	C:\Program Files\Java\jdk-19\bin\nio.dll
0x00007ff841b30000 - 0x00007ff841b4a000 	C:\Program Files\JetBrains\IntelliJ IDEA Community Edition 2022.2.3\bin\breakgen64.dll
0x00007ff81d260000 - 0x00007ff81d268000 	C:\Program Files\Java\jdk-19\bin\extnet.dll
0x00007ff8031e0000 - 0x00007ff8031f0000 	C:\Program Files\Java\jdk-19\bin\verify.dll
0x00007ff841b20000 - 0x00007ff841b2a000 	C:\Program Files\Java\jdk-19\bin\management.dll
0x00007ff841b10000 - 0x00007ff841b1b000 	C:\Program Files\Java\jdk-19\bin\management_ext.dll
0x00007ff847330000 - 0x00007ff847338000 	C:\WINDOWS\System32\PSAPI.DLL
0x00007ff81f6d0000 - 0x00007ff81f6e7000 	C:\WINDOWS\system32\napinsp.dll
0x00007ff81f4c0000 - 0x00007ff81f4db000 	C:\WINDOWS\system32\pnrpnsp.dll
0x00007ff81f2c0000 - 0x00007ff81f2d5000 	C:\WINDOWS\system32\wshbth.dll
0x00007ff8414d0000 - 0x00007ff8414ed000 	C:\WINDOWS\system32\NLAapi.dll
0x00007ff843e30000 - 0x00007ff843e6b000 	C:\WINDOWS\SYSTEM32\IPHLPAPI.DLL
0x00007ff843e70000 - 0x00007ff843f3a000 	C:\WINDOWS\SYSTEM32\DNSAPI.dll
0x00007ff847680000 - 0x00007ff847688000 	C:\WINDOWS\System32\NSI.dll
0x00007ff81f270000 - 0x00007ff81f282000 	C:\WINDOWS\System32\winrnr.dll
0x0000000068650000 - 0x000000006865a000 	C:\Program Files\National Instruments\Shared\mDNS Responder\nimdnsNSP.dll
0x0000000068640000 - 0x0000000068650000 	C:\WINDOWS\SYSTEM32\nimdnsResponder.dll
0x00007ff82d000000 - 0x00007ff82d00a000 	C:\Windows\System32\rasadhlp.dll
0x00007ff82d020000 - 0x00007ff82d0a0000 	C:\WINDOWS\System32\fwpuclnt.dll
0x00007ff845190000 - 0x00007ff8451b7000 	C:\WINDOWS\System32\bcrypt.dll
0x00007ff844e10000 - 0x00007ff844e28000 	C:\WINDOWS\SYSTEM32\CRYPTSP.dll
0x00007ff843ac0000 - 0x00007ff843af4000 	C:\WINDOWS\system32\rsaenh.dll
0x00007ff844f80000 - 0x00007ff844fae000 	C:\WINDOWS\SYSTEM32\USERENV.dll
0x00007ff8443a0000 - 0x00007ff8443ac000 	C:\WINDOWS\SYSTEM32\CRYPTBASE.dll
0x00007ff83be00000 - 0x00007ff83be17000 	C:\WINDOWS\SYSTEM32\dhcpcsvc6.DLL
0x00007ff83ceb0000 - 0x00007ff83cecd000 	C:\WINDOWS\SYSTEM32\dhcpcsvc.DLL
0x00007ff841b00000 - 0x00007ff841b0e000 	C:\Program Files\Java\jdk-19\bin\sunmscapi.dll
0x00007ff8457d0000 - 0x00007ff845926000 	C:\WINDOWS\System32\CRYPT32.dll
0x00007ff844450000 - 0x00007ff844477000 	C:\WINDOWS\SYSTEM32\ncrypt.dll
0x00007ff844410000 - 0x00007ff84444b000 	C:\WINDOWS\SYSTEM32\NTASN1.dll

dbghelp: loaded successfully - version: 4.0.5 - missing functions: none
symbol engine: initialized successfully - sym options: 0x614 - pdb path: .;C:\Program Files\Java\jdk-19\bin;C:\WINDOWS\SYSTEM32;C:\WINDOWS\WinSxS\amd64_microsoft.windows.common-controls_6595b64144ccf1df_6.0.19041.1110_none_60b5254171f9507e;C:\Program Files\Java\jdk-19\bin\server;C:\Program Files\JetBrains\IntelliJ IDEA Community Edition 2022.2.3\bin;C:\Program Files\National Instruments\Shared\mDNS Responder

VM Arguments:
jvm_args: -javaagent:C:\Program Files\JetBrains\IntelliJ IDEA Community Edition 2022.2.3\lib\idea_rt.jar=50690:C:\Program Files\JetBrains\IntelliJ IDEA Community Edition 2022.2.3\bin -Dfile.encoding=UTF-8 -Dsun.stdout.encoding=UTF-8 -Dsun.stderr.encoding=UTF-8 
java_command: com.example.cityHotel.CityHotelApplication
java_class_path (initial): C:\Users\user\OneDrive\Desktop\spring boot\cityHotel\target\classes;C:\Users\user\.m2\repository\org\springframework\boot\spring-boot-starter-data-jpa\2.7.7-SNAPSHOT\spring-boot-starter-data-jpa-2.7.7-20221212.130126-11.jar;C:\Users\user\.m2\repository\org\springframework\boot\spring-boot-starter-aop\2.7.7-SNAPSHOT\spring-boot-starter-aop-2.7.7-20221212.130126-11.jar;C:\Users\user\.m2\repository\org\springframework\spring-aop\5.3.24\spring-aop-5.3.24.jar;C:\Users\user\.m2\repository\org\aspectj\aspectjweaver\1.9.7\aspectjweaver-1.9.7.jar;C:\Users\user\.m2\repository\org\springframework\boot\spring-boot-starter-jdbc\2.7.7-SNAPSHOT\spring-boot-starter-jdbc-2.7.7-20221212.130126-11.jar;C:\Users\user\.m2\repository\com\zaxxer\HikariCP\4.0.3\HikariCP-4.0.3.jar;C:\Users\user\.m2\repository\org\springframework\spring-jdbc\5.3.24\spring-jdbc-5.3.24.jar;C:\Users\user\.m2\repository\jakarta\transaction\jakarta.transaction-api\1.3.3\jakarta.transaction-api-1.3.3.jar;C:\Users\user\.m2\repository\jakarta\persistence\jakarta.persistence-api\2.2.3\jakarta.persistence-api-2.2.3.jar;C:\Users\user\.m2\repository\org\hibernate\hibernate-core\5.6.14.Final\hibernate-core-5.6.14.Final.jar;C:\Users\user\.m2\repository\org\jboss\logging\jboss-logging\3.4.3.Final\jboss-logging-3.4.3.Final.jar;C:\Users\user\.m2\repository\net\bytebuddy\byte-buddy\1.12.19\byte-buddy-1.12.19.jar;C:\Users\user\.m2\repository\antlr\antlr\2.7.7\antlr-2.7.7.jar;C:\Users\user\.m2\repository\org\jboss\jandex\2.4.2.Final\jandex-2.4.2.Final.jar;C:\Users\user\.m2\repository\com\fasterxml\classmate\1.5.1\classmate-1.5.1.jar;C:\Users\user\.m2\repository\org\hibernate\common\hibernate-commons-annotations\5.1.2.Final\hibernate-commons-annotations-5.1.2.Final.jar;C:\Users\user\.m2\repository\org\glassfish\jaxb\jaxb-runtime\2.3.7\jaxb-runtime-2.3.7.jar;C:\Users\user\.m2\repository\org\glassfish\jaxb\txw2\2.3.7\txw2-2.3.7.jar;C:\Users\user\.m2\repository\com\sun\istack\istack-commons-runtime\3.0.12\istack-commons-runtime-3.0.12.jar;C:\Users\user\.m2\repository\com\sun\activation\jakarta.activation\1.2.2\jakarta.activation-1.2.2.jar;C:\Users\user\.m2\repository\org\springframework\data\spring-data-jpa\2.7.6\spring-data-jpa-2.7.6.jar;C:\Users\user\.m2\repository\org\springframework\data\spring-data-commons\2.7.6\spring-data-commons-2.7.6.jar;C:\Users\user\.m2\repository\org\springframework\spring-orm\5.3.24\spring-orm-5.3.24.jar;C:\Users\user\.m2\repository\org\springframework\spring-context\5.3.24\spring-context-5.3.24.jar;C:\Users\user\.m2\repository\org\springframework\spring-tx\5.3.24\spring-tx-5.3.24.jar;C:\Users\user\.m2\repository\org\springframework\spring-beans\5.3.24\spring-beans-5.3.24.jar;C:\Users\user\.m2\repository\org\slf4j\slf4j-api\1.7.36\slf4j-api-1.7.36.jar;C:\Users\user\.m2\repository\org\springframework\spring-aspects\5.3.24\spring-aspects-5.3.24.jar;C:\Users\user\.m2\repository\org\springframework\boot\spring-boot-starter-web\2.7.7-SNAPSHOT\spring-boot-starter-web-2.7.7-20221212.130126-11.jar;C:\Users\user\.m2\repository\org\springframework\boot\spring-boot-starter\2.7.7-SNAPSHOT\spring-boot-starter-2.7.7-20221212.130126-11.jar;C:\Users\user\.m2\repository\org\springframework\boot\spring-boot-starter-logging\2.7.7-SNAPSHOT\spring-boot-starter-logging-2.7.7-20221212.130126-11.jar;C:\Users\user\.m2\repository\ch\qos\logback\logback-classic\1.2.11\logback-classic-1.2.11.jar;C:\Users\user\.m2\repository\ch\qos\logback\logback-core\1.2.11\logback-core-1.2.11.jar;C:\Users\user\.m2\repository\org\apache\logging\log4j\log4j-to-slf4j\2.17.2\log4j-to-slf4j-2.17.2.jar;C:\Users\user\.m2\repository\org\apache\logging\log4j\log4j-api\2.17.2\log4j-api-2.17.2.jar;C:\Users\user\.m2\repository\org\slf4j\jul-to-slf4j\1.7.36\jul-to-slf4j-1.7.36.jar;C:\Users\user\.m2\repository\jakarta\annotation\jakarta.annotation-api\1.3.5\jakarta.annotation-api-1.3.5.jar;C:\Users\user\.m2\repository\org\yaml\snakeyaml\1.30\snakeyaml-1.30.jar;C:\Users\user\.m2\repository\org\springframework\boot\spring-boot-starter-json\2.7.7-SNAPSHOT\spring-boot-starter-json-2.7.7-20221212.130126-11.jar;C:\Users\user\.m2\repository\com\fasterxml\jackson\core\jackson-databind\2.13.4.2\jackson-databind-2.13.4.2.jar;C:\Users\user\.m2\repository\com\fasterxml\jackson\core\jackson-annotations\2.13.4\jackson-annotations-2.13.4.jar;C:\Users\user\.m2\repository\com\fasterxml\jackson\core\jackson-core\2.13.4\jackson-core-2.13.4.jar;C:\Users\user\.m2\repository\com\fasterxml\jackson\datatype\jackson-datatype-jdk8\2.13.4\jackson-datatype-jdk8-2.13.4.jar;C:\Users\user\.m2\repository\com\fasterxml\jackson\datatype\jackson-datatype-jsr310\2.13.4\jackson-datatype-jsr310-2.13.4.jar;C:\Users\user\.m2\repository\com\fasterxml\jackson\module\jackson-module-parameter-names\2.13.4\jackson-module-parameter-names-2.13.4.jar;C:\Users\user\.m2\repository\org\springframework\boot\spring-boot-starter-tomcat\2.7.7-SNAPSHOT\spring-boot-starter-tomcat-2.7.7-20221212.130126-11.jar;C:\Users\user\.m2\repository\org\apache\tomcat\embed\tomcat-embed-core\9.0.69\tomcat-embed-core-9.0.69.jar;C:\Users\user\.m2\repository\org\apache\tomcat\embed\tomcat-embed-el\9.0.69\tomcat-embed-el-9.0.69.jar;C:\Users\user\.m2\repository\org\apache\tomcat\embed\tomcat-embed-websocket\9.0.69\tomcat-embed-websocket-9.0.69.jar;C:\Users\user\.m2\repository\org\springframework\spring-web\5.3.24\spring-web-5.3.24.jar;C:\Users\user\.m2\repository\org\springframework\spring-webmvc\5.3.24\spring-webmvc-5.3.24.jar;C:\Users\user\.m2\repository\org\springframework\spring-expression\5.3.24\spring-expression-5.3.24.jar;C:\Users\user\.m2\repository\org\springframework\boot\spring-boot-devtools\2.7.7-SNAPSHOT\spring-boot-devtools-2.7.7-20221212.130126-11.jar;C:\Users\user\.m2\repository\org\springframework\boot\spring-boot\2.7.7-SNAPSHOT\spring-boot-2.7.7-20221212.130126-11.jar;C:\Users\user\.m2\repository\org\springframework\boot\spring-boot-autoconfigure\2.7.7-SNAPSHOT\spring-boot-autoconfigure-2.7.7-20221212.130126-11.jar;C:\Users\user\.m2\repository\com\h2database\h2\2.1.214\h2-2.1.214.jar;C:\Users\user\.m2\repository\com\mysql\mysql-connector-j\8.0.31\mysql-connector-j-8.0.31.jar;C:\Users\user\.m2\repository\org\springframework\boot\spring-boot-configuration-processor\2.7.7-SNAPSHOT\spring-boot-configuration-processor-2.7.7-20221212.130126-11.jar;C:\Users\user\.m2\repository\org\projectlombok\lombok\1.18.24\lombok-1.18.24.jar;C:\Users\user\.m2\repository\jakarta\xml\bind\jakarta.xml.bind-api\2.3.3\jakarta.xml.bind-api-2.3.3.jar;C:\Users\user\.m2\repository\jakarta\activation\jakarta.activation-api\1.2.2\jakarta.activation-api-1.2.2.jar;C:\Users\user\.m2\repository\org\springframework\spring-core\5.3.24\spring-core-5.3.24.jar;C:\Users\user\.m2\repository\org\springframework\spring-jcl\5.3.24\spring-jcl-5.3.24.jar
Launcher Type: SUN_STANDARD

[Global flags]
     intx CICompilerCount                          = 4                                         {product} {ergonomic}
     uint ConcGCThreads                            = 2                                         {product} {ergonomic}
     uint G1ConcRefinementThreads                  = 8                                         {product} {ergonomic}
   size_t G1HeapRegionSize                         = 1048576                                   {product} {ergonomic}
    uintx GCDrainStackTargetSize                   = 64                                        {product} {ergonomic}
   size_t InitialHeapSize                          = 132120576                                 {product} {ergonomic}
   size_t MarkStackSize                            = 4194304                                   {product} {ergonomic}
   size_t MaxHeapSize                              = 2097152000                                {product} {ergonomic}
   size_t MaxNewSize                               = 1258291200                                {product} {ergonomic}
   size_t MinHeapDeltaBytes                        = 1048576                                   {product} {ergonomic}
   size_t MinHeapSize                              = 8388608                                   {product} {ergonomic}
    uintx NonNMethodCodeHeapSize                   = 5839372                                {pd product} {ergonomic}
    uintx NonProfiledCodeHeapSize                  = 122909434                              {pd product} {ergonomic}
    uintx ProfiledCodeHeapSize                     = 122909434                              {pd product} {ergonomic}
    uintx ReservedCodeCacheSize                    = 251658240                              {pd product} {ergonomic}
     bool SegmentedCodeCache                       = true                                      {product} {ergonomic}
   size_t SoftMaxHeapSize                          = 2097152000                             {manageable} {ergonomic}
     bool UseCompressedClassPointers               = true                           {product lp64_product} {ergonomic}
     bool UseCompressedOops                        = true                           {product lp64_product} {ergonomic}
     bool UseG1GC                                  = true                                      {product} {ergonomic}
     bool UseLargePagesIndividualAllocation        = false                                  {pd product} {ergonomic}

Logging:
Log output configuration:
 #0: stdout all=warning uptime,level,tags foldmultilines=false
 #1: stderr all=off uptime,level,tags foldmultilines=false

Environment Variables:
JAVA_HOME=C:\Program Files\Java\jdk-17.0.1\bin
PATH=C:\Program Files\Common Files\Oracle\Java\javapath;C:\DevSuiteHome_3\jdk\jre\bin\classic;C:\DevSuiteHome_3\jdk\jre\bin;C:\DevSuiteHome_3\jdk\jre\bin\client;C:\DevSuiteHome_3\jlib;C:\DevSuiteHome_3\bin;C:\DevSuiteHome_3\jre\1.4.2\bin\client;C:\DevSuiteHome_3\jre\1.4.2\bin;C:\oraclexe\app\oracle\product\10.2.0\server\bin;C:\WINDOWS\system32;C:\WINDOWS;C:\WINDOWS\System32\Wbem;C:\WINDOWS\System32\WindowsPowerShell\v1.0\;C:\WINDOWS\System32\OpenSSH\;C:\Program Files\dotnet\;C:\Program Files\Git\cmd;C:\Program Files\Microsoft SQL Server\130\Tools\Binn\;C:\Program Files\Java\jdk-17.0.1\bin;C:\Users\user\AppData\Local\Microsoft\WindowsApps;C:\Users\user\.dotnet\tools;C:\Users\user\AppData\Local\Programs\Microsoft VS Code\bin;C:\Users\user\OneDrive\Documents\Flutter\flutter\bin;;C:\Program Files\JetBrains\IntelliJ IDEA Community Edition 2022.2.3\bin;
USERNAME=user
OS=Windows_NT
PROCESSOR_IDENTIFIER=Intel64 Family 6 Model 142 Stepping 12, GenuineIntel
TMP=C:\Users\user\AppData\Local\Temp
TEMP=C:\Users\user\AppData\Local\Temp



---------------  S Y S T E M  ---------------

OS:
 Windows 10 , 64 bit Build 19041 (10.0.19041.2364)
OS uptime: 0 days 1:36 hours

CPU: total 8 (initial active 8) (4 cores per cpu, 2 threads per core) family 6 model 142 stepping 12 microcode 0xde, cx8, cmov, fxsr, ht, mmx, 3dnowpref, sse, sse2, sse3, ssse3, sse4.1, sse4.2, popcnt, lzcnt, tsc, tscinvbit, avx, avx2, aes, erms, clmul, bmi1, bmi2, adx, fma, vzeroupper, clflush, clflushopt, rdtscp

Memory: 4k page, system-wide physical 7995M (1526M free)
TotalPageFile size 10043M (AvailPageFile size 5M)
current process WorkingSet (physical memory assigned to process): 192M, peak: 192M
current process commit charge ("private bytes"): 228M, peak: 281M

vm_info: Java HotSpot(TM) 64-Bit Server VM (19.0.1+10-21) for windows-amd64 JRE (19.0.1+10-21), built on 2022-09-14T12:45:06Z by "mach5one" with MS VC++ 17.1 (VS2022)

END.
