#
# There is insufficient memory for the Java Runtime Environment to continue.
# Native memory allocation (malloc) failed to allocate 1476304 bytes for Chunk::new
# Possible reasons:
#   The system is out of physical RAM or swap space
#   The process is running with CompressedOops enabled, and the Java Heap may be blocking the growth of the native heap
# Possible solutions:
#   Reduce memory load on the system
#   Increase physical memory or swap space
#   Check if swap backing store is full
#   Decrease Java heap size (-Xmx/-Xms)
#   Decrease number of Java threads
#   Decrease Java thread stack sizes (-Xss)
#   Set larger code cache with -XX:ReservedCodeCacheSize=
#   JVM is running with Unscaled Compressed Oops mode in which the Java heap is
#     placed in the first 4GB address space. The Java Heap base address is the
#     maximum limit for the native heap growth. Please use -XX:HeapBaseMinAddress
#     to set the Java Heap base and to place the Java Heap above 4GB virtual address.
# This output file may be truncated or incomplete.
#
#  Out of Memory Error (arena.cpp:184), pid=9324, tid=11644
#
# JRE version: Java(TM) SE Runtime Environment (19.0.1+10) (build 19.0.1+10-21)
# Java VM: Java HotSpot(TM) 64-Bit Server VM (19.0.1+10-21, mixed mode, sharing, tiered, compressed oops, compressed class ptrs, g1 gc, windows-amd64)
# No core dump will be written. Minidumps are not enabled by default on client versions of Windows
#

---------------  S U M M A R Y ------------

Command Line: -ea -Didea.test.cyclic.buffer.size=1048576 -javaagent:C:\Program Files\JetBrains\IntelliJ IDEA Community Edition 2022.2.3\lib\idea_rt.jar=50889:C:\Program Files\JetBrains\IntelliJ IDEA Community Edition 2022.2.3\bin -Dfile.encoding=UTF-8 -Dsun.stdout.encoding=UTF-8 -Dsun.stderr.encoding=UTF-8 com.intellij.rt.junit.JUnitStarter -ideVersion5 -junit5 com.example.cityHotel.test.CityHotelApplicationTests

Host: Intel(R) Core(TM) i7-10510U CPU @ 1.80GHz, 8 cores, 7G,  Windows 10 , 64 bit Build 19041 (10.0.19041.2364)
Time: Mon Dec 26 18:30:42 2022 West Bank Gaza Standard Time elapsed time: 5.022834 seconds (0d 0h 0m 5s)

---------------  T H R E A D  ---------------

Current thread (0x00000253ff789160):  JavaThread "C2 CompilerThread0" daemon [_thread_in_native, id=11644, stack(0x000000932f300000,0x000000932f400000)]


Current CompileTask:
C2:   5023 4265   !   4       jdk.internal.loader.BuiltinClassLoader::findClassOnClassPathOrNull (64 bytes)

Stack: [0x000000932f300000,0x000000932f400000]
Native frames: (J=compiled Java code, j=interpreted, Vv=VM code, C=native code)
V  [jvm.dll+0x6ee8fa]
V  [jvm.dll+0x857a1e]
V  [jvm.dll+0x85940e]
V  [jvm.dll+0x859ac3]
V  [jvm.dll+0x28291f]
V  [jvm.dll+0xc9b5f]
V  [jvm.dll+0xc9ee5]
V  [jvm.dll+0x3bcbac]
V  [jvm.dll+0x1ee12a]
V  [jvm.dll+0x24c41b]
V  [jvm.dll+0x24b671]
V  [jvm.dll+0x1d6d61]
V  [jvm.dll+0x25b0fa]
V  [jvm.dll+0x259588]
V  [jvm.dll+0x807928]
V  [jvm.dll+0x8015fa]
V  [jvm.dll+0x6ed5eb]
C  [ucrtbase.dll+0x21bb2]
C  [KERNEL32.DLL+0x17614]
C  [ntdll.dll+0x526a1]


---------------  P R O C E S S  ---------------

Threads class SMR info:
_java_thread_list=0x00000253a074da80, length=16, elements={
0x00000253f9f13330, 0x00000253ff778f70, 0x00000253ff779d60, 0x00000253ff780480,
0x00000253ff781dc0, 0x00000253ff7826f0, 0x00000253ff783160, 0x00000253ff789160,
0x00000253ff794710, 0x00000253ff796ca0, 0x00000253ff7500d0, 0x000002539d183760,
0x000002539d187fb0, 0x000002539d257ba0, 0x00000253a04df950, 0x000002539dda9810
}

Java Threads: ( => current thread )
  0x00000253f9f13330 JavaThread "main" [_thread_in_vm, id=2292, stack(0x000000932e600000,0x000000932e700000)]
  0x00000253ff778f70 JavaThread "Reference Handler" daemon [_thread_blocked, id=11752, stack(0x000000932ed00000,0x000000932ee00000)]
  0x00000253ff779d60 JavaThread "Finalizer" daemon [_thread_blocked, id=7712, stack(0x000000932ee00000,0x000000932ef00000)]
  0x00000253ff780480 JavaThread "Signal Dispatcher" daemon [_thread_blocked, id=5000, stack(0x000000932ef00000,0x000000932f000000)]
  0x00000253ff781dc0 JavaThread "Attach Listener" daemon [_thread_blocked, id=1600, stack(0x000000932f000000,0x000000932f100000)]
  0x00000253ff7826f0 JavaThread "Service Thread" daemon [_thread_blocked, id=9972, stack(0x000000932f100000,0x000000932f200000)]
  0x00000253ff783160 JavaThread "Monitor Deflation Thread" daemon [_thread_blocked, id=8804, stack(0x000000932f200000,0x000000932f300000)]
=>0x00000253ff789160 JavaThread "C2 CompilerThread0" daemon [_thread_in_native, id=11644, stack(0x000000932f300000,0x000000932f400000)]
  0x00000253ff794710 JavaThread "C1 CompilerThread0" daemon [_thread_blocked, id=7292, stack(0x000000932f400000,0x000000932f500000)]
  0x00000253ff796ca0 JavaThread "Sweeper thread" daemon [_thread_blocked, id=9516, stack(0x000000932f500000,0x000000932f600000)]
  0x00000253ff7500d0 JavaThread "Common-Cleaner" daemon [_thread_blocked, id=11628, stack(0x000000932f600000,0x000000932f700000)]
  0x000002539d183760 JavaThread "Monitor Ctrl-Break" daemon [_thread_in_native, id=9172, stack(0x000000932f700000,0x000000932f800000)]
  0x000002539d187fb0 JavaThread "Notification Thread" daemon [_thread_blocked, id=13232, stack(0x000000932f800000,0x000000932f900000)]
  0x000002539d257ba0 JavaThread "C2 CompilerThread1" daemon [_thread_blocked, id=2716, stack(0x000000932fa00000,0x000000932fb00000)]
  0x00000253a04df950 JavaThread "C2 CompilerThread2" daemon [_thread_blocked, id=8284, stack(0x0000009330200000,0x0000009330300000)]
  0x000002539dda9810 JavaThread "mysql-cj-abandoned-connection-cleanup" daemon [_thread_blocked, id=2480, stack(0x0000009330300000,0x0000009330400000)]

Other Threads:
  0x00000253ff75ede0 VMThread "VM Thread" [stack: 0x000000932ec00000,0x000000932ed00000] [id=9904]
  0x000002539d18b5a0 WatcherThread "VM Periodic Task Thread" [stack: 0x000000932f900000,0x000000932fa00000] [id=11412]
  0x00000253f9f72e50 WorkerThread "GC Thread#0" [stack: 0x000000932e700000,0x000000932e800000] [id=1156]
  0x000002539dd293c0 WorkerThread "GC Thread#1" [stack: 0x000000932fb00000,0x000000932fc00000] [id=8800]
  0x000002539dd29690 WorkerThread "GC Thread#2" [stack: 0x000000932fc00000,0x000000932fd00000] [id=7784]
  0x000002539dbb4e20 WorkerThread "GC Thread#3" [stack: 0x000000932fd00000,0x000000932fe00000] [id=8272]
  0x000002539dd6acb0 WorkerThread "GC Thread#4" [stack: 0x000000932fe00000,0x000000932ff00000] [id=4660]
  0x000002539dd6ddf0 WorkerThread "GC Thread#5" [stack: 0x000000932ff00000,0x0000009330000000] [id=1788]
  0x000002539dd6db20 WorkerThread "GC Thread#6" [stack: 0x0000009330000000,0x0000009330100000] [id=8772]
  0x000002539dd6cfe0 WorkerThread "GC Thread#7" [stack: 0x0000009330100000,0x0000009330200000] [id=384]
  0x00000253f9f83950 ConcurrentGCThread "G1 Main Marker" [stack: 0x000000932e800000,0x000000932e900000] [id=7912]
  0x00000253f9f84b20 WorkerThread "G1 Conc#0" [stack: 0x000000932e900000,0x000000932ea00000] [id=3696]
  0x000002539dd6d2b0 WorkerThread "G1 Conc#1" [stack: 0x0000009330400000,0x0000009330500000] [id=468]
  0x00000253ff618500 ConcurrentGCThread "G1 Refine#0" [stack: 0x000000932ea00000,0x000000932eb00000] [id=10952]
  0x00000253ff618e50 ConcurrentGCThread "G1 Service" [stack: 0x000000932eb00000,0x000000932ec00000] [id=8064]

Threads with active compile tasks:
C2 CompilerThread0     5049 4265   !   4       jdk.internal.loader.BuiltinClassLoader::findClassOnClassPathOrNull (64 bytes)

VM state: not at safepoint (normal execution)

VM Mutex/Monitor currently owned by a thread: None

Heap address: 0x0000000083000000, size: 2000 MB, Compressed Oops mode: 32-bit

CDS archive(s) mapped at: [0x0000000800000000-0x0000000800c40000-0x0000000800c40000), size 12845056, SharedBaseAddress: 0x0000000800000000, ArchiveRelocationMode: 0.
Compressed class space mapped at: 0x0000000801000000-0x0000000841000000, reserved size: 1073741824
Narrow klass base: 0x0000000800000000, Narrow klass shift: 0, Narrow klass range: 0x100000000

GC Precious Log:
 CardTable entry size: 512
 Card Set container configuration: InlinePtr #cards 5 size 8 Array Of Cards #cards 12 size 40 Howl #buckets 4 coarsen threshold 1843 Howl Bitmap #cards 512 size 80 coarsen threshold 460 Card regions per heap region 1 cards per card region 2048
 CPUs: 8 total, 8 available
 Memory: 7995M
 Large Page Support: Disabled
 NUMA Support: Disabled
 Compressed Oops: Enabled (32-bit)
 Heap Region Size: 1M
 Heap Min Capacity: 8M
 Heap Initial Capacity: 126M
 Heap Max Capacity: 2000M
 Pre-touch: Disabled
 Parallel Workers: 8
 Concurrent Workers: 2
 Concurrent Refinement Workers: 8
 Periodic GC: Disabled

Heap:
 garbage-first heap   total 102400K, used 46764K [0x0000000083000000, 0x0000000100000000)
  region size 1024K, 32 young (32768K), 3 survivors (3072K)
 Metaspace       used 34106K, committed 34496K, reserved 1114112K
  class space    used 4358K, committed 4544K, reserved 1048576K

Heap Regions: E=young(eden), S=young(survivor), O=old, HS=humongous(starts), HC=humongous(continues), CS=collection set, F=free, OA=open archive, CA=closed archive, TAMS=top-at-mark-start (previous, next)
|   0|0x0000000083000000, 0x0000000083100000, 0x0000000083100000|100%|HS|  |TAMS 0x0000000083100000, 0x0000000083000000| Complete 
|   1|0x0000000083100000, 0x0000000083200000, 0x0000000083200000|100%| O|  |TAMS 0x0000000083200000, 0x0000000083100000| Untracked 
|   2|0x0000000083200000, 0x0000000083300000, 0x0000000083300000|100%| O|  |TAMS 0x0000000083300000, 0x0000000083200000| Untracked 
|   3|0x0000000083300000, 0x0000000083400000, 0x0000000083400000|100%| O|  |TAMS 0x0000000083400000, 0x0000000083300000| Untracked 
|   4|0x0000000083400000, 0x0000000083500000, 0x0000000083500000|100%| O|  |TAMS 0x0000000083500000, 0x0000000083400000| Untracked 
|   5|0x0000000083500000, 0x0000000083600000, 0x0000000083600000|100%| O|  |TAMS 0x0000000083600000, 0x0000000083500000| Untracked 
|   6|0x0000000083600000, 0x0000000083700000, 0x0000000083700000|100%| O|  |TAMS 0x0000000083700000, 0x0000000083600000| Untracked 
|   7|0x0000000083700000, 0x0000000083700000, 0x0000000083800000|  0%| F|  |TAMS 0x0000000083700000, 0x0000000083700000| Untracked 
|   8|0x0000000083800000, 0x0000000083900000, 0x0000000083900000|100%| O|  |TAMS 0x0000000083800000, 0x0000000083800000| Untracked 
|   9|0x0000000083900000, 0x0000000083a00000, 0x0000000083a00000|100%| O|  |TAMS 0x0000000083900000, 0x0000000083900000| Untracked 
|  10|0x0000000083a00000, 0x0000000083b00000, 0x0000000083b00000|100%| O|  |TAMS 0x0000000083a00000, 0x0000000083a00000| Untracked 
|  11|0x0000000083b00000, 0x0000000083c00000, 0x0000000083c00000|100%| O|  |TAMS 0x0000000083b00000, 0x0000000083b00000| Untracked 
|  12|0x0000000083c00000, 0x0000000083d00000, 0x0000000083d00000|100%| O|  |TAMS 0x0000000083c00000, 0x0000000083c00000| Untracked 
|  13|0x0000000083d00000, 0x0000000083e00000, 0x0000000083e00000|100%| O|  |TAMS 0x0000000083d00000, 0x0000000083d00000| Untracked 
|  14|0x0000000083e00000, 0x0000000083f00000, 0x0000000083f00000|100%| O|  |TAMS 0x0000000083e00000, 0x0000000083e00000| Untracked 
|  15|0x0000000083f00000, 0x0000000083fd7200, 0x0000000084000000| 84%| O|  |TAMS 0x0000000083f00000, 0x0000000083f00000| Untracked 
|  16|0x0000000084000000, 0x0000000084000000, 0x0000000084100000|  0%| F|  |TAMS 0x0000000084000000, 0x0000000084000000| Untracked 
|  17|0x0000000084100000, 0x0000000084100000, 0x0000000084200000|  0%| F|  |TAMS 0x0000000084100000, 0x0000000084100000| Untracked 
|  18|0x0000000084200000, 0x0000000084200000, 0x0000000084300000|  0%| F|  |TAMS 0x0000000084200000, 0x0000000084200000| Untracked 
|  19|0x0000000084300000, 0x0000000084300000, 0x0000000084400000|  0%| F|  |TAMS 0x0000000084300000, 0x0000000084300000| Untracked 
|  20|0x0000000084400000, 0x0000000084400000, 0x0000000084500000|  0%| F|  |TAMS 0x0000000084400000, 0x0000000084400000| Untracked 
|  21|0x0000000084500000, 0x0000000084500000, 0x0000000084600000|  0%| F|  |TAMS 0x0000000084500000, 0x0000000084500000| Untracked 
|  22|0x0000000084600000, 0x0000000084600000, 0x0000000084700000|  0%| F|  |TAMS 0x0000000084600000, 0x0000000084600000| Untracked 
|  23|0x0000000084700000, 0x0000000084700000, 0x0000000084800000|  0%| F|  |TAMS 0x0000000084700000, 0x0000000084700000| Untracked 
|  24|0x0000000084800000, 0x0000000084800000, 0x0000000084900000|  0%| F|  |TAMS 0x0000000084800000, 0x0000000084800000| Untracked 
|  25|0x0000000084900000, 0x0000000084900000, 0x0000000084a00000|  0%| F|  |TAMS 0x0000000084900000, 0x0000000084900000| Untracked 
|  26|0x0000000084a00000, 0x0000000084a00000, 0x0000000084b00000|  0%| F|  |TAMS 0x0000000084a00000, 0x0000000084a00000| Untracked 
|  27|0x0000000084b00000, 0x0000000084bd3e88, 0x0000000084c00000| 82%| S|CS|TAMS 0x0000000084b00000, 0x0000000084b00000| Complete 
|  28|0x0000000084c00000, 0x0000000084d00000, 0x0000000084d00000|100%| S|CS|TAMS 0x0000000084c00000, 0x0000000084c00000| Complete 
|  29|0x0000000084d00000, 0x0000000084e00000, 0x0000000084e00000|100%| S|CS|TAMS 0x0000000084d00000, 0x0000000084d00000| Complete 
|  30|0x0000000084e00000, 0x0000000084e00000, 0x0000000084f00000|  0%| F|  |TAMS 0x0000000084e00000, 0x0000000084e00000| Untracked 
|  31|0x0000000084f00000, 0x0000000084f00000, 0x0000000085000000|  0%| F|  |TAMS 0x0000000084f00000, 0x0000000084f00000| Untracked 
|  32|0x0000000085000000, 0x0000000085000000, 0x0000000085100000|  0%| F|  |TAMS 0x0000000085000000, 0x0000000085000000| Untracked 
|  33|0x0000000085100000, 0x0000000085100000, 0x0000000085200000|  0%| F|  |TAMS 0x0000000085100000, 0x0000000085100000| Untracked 
|  34|0x0000000085200000, 0x0000000085200000, 0x0000000085300000|  0%| F|  |TAMS 0x0000000085200000, 0x0000000085200000| Untracked 
|  35|0x0000000085300000, 0x0000000085300000, 0x0000000085400000|  0%| F|  |TAMS 0x0000000085300000, 0x0000000085300000| Untracked 
|  36|0x0000000085400000, 0x0000000085400000, 0x0000000085500000|  0%| F|  |TAMS 0x0000000085400000, 0x0000000085400000| Untracked 
|  37|0x0000000085500000, 0x0000000085500000, 0x0000000085600000|  0%| F|  |TAMS 0x0000000085500000, 0x0000000085500000| Untracked 
|  38|0x0000000085600000, 0x0000000085600000, 0x0000000085700000|  0%| F|  |TAMS 0x0000000085600000, 0x0000000085600000| Untracked 
|  39|0x0000000085700000, 0x0000000085700000, 0x0000000085800000|  0%| F|  |TAMS 0x0000000085700000, 0x0000000085700000| Untracked 
|  40|0x0000000085800000, 0x0000000085800000, 0x0000000085900000|  0%| F|  |TAMS 0x0000000085800000, 0x0000000085800000| Untracked 
|  41|0x0000000085900000, 0x0000000085900000, 0x0000000085a00000|  0%| F|  |TAMS 0x0000000085900000, 0x0000000085900000| Untracked 
|  42|0x0000000085a00000, 0x0000000085a00000, 0x0000000085b00000|  0%| F|  |TAMS 0x0000000085a00000, 0x0000000085a00000| Untracked 
|  43|0x0000000085b00000, 0x0000000085b00000, 0x0000000085c00000|  0%| F|  |TAMS 0x0000000085b00000, 0x0000000085b00000| Untracked 
|  44|0x0000000085c00000, 0x0000000085c00000, 0x0000000085d00000|  0%| F|  |TAMS 0x0000000085c00000, 0x0000000085c00000| Untracked 
|  45|0x0000000085d00000, 0x0000000085d00000, 0x0000000085e00000|  0%| F|  |TAMS 0x0000000085d00000, 0x0000000085d00000| Untracked 
|  46|0x0000000085e00000, 0x0000000085e00000, 0x0000000085f00000|  0%| F|  |TAMS 0x0000000085e00000, 0x0000000085e00000| Untracked 
|  47|0x0000000085f00000, 0x0000000085f00000, 0x0000000086000000|  0%| F|  |TAMS 0x0000000085f00000, 0x0000000085f00000| Untracked 
|  48|0x0000000086000000, 0x0000000086000000, 0x0000000086100000|  0%| F|  |TAMS 0x0000000086000000, 0x0000000086000000| Untracked 
|  49|0x0000000086100000, 0x0000000086100000, 0x0000000086200000|  0%| F|  |TAMS 0x0000000086100000, 0x0000000086100000| Untracked 
|  50|0x0000000086200000, 0x0000000086200000, 0x0000000086300000|  0%| F|  |TAMS 0x0000000086200000, 0x0000000086200000| Untracked 
|  51|0x0000000086300000, 0x0000000086300000, 0x0000000086400000|  0%| F|  |TAMS 0x0000000086300000, 0x0000000086300000| Untracked 
|  52|0x0000000086400000, 0x0000000086400000, 0x0000000086500000|  0%| F|  |TAMS 0x0000000086400000, 0x0000000086400000| Untracked 
|  53|0x0000000086500000, 0x0000000086500000, 0x0000000086600000|  0%| F|  |TAMS 0x0000000086500000, 0x0000000086500000| Untracked 
|  54|0x0000000086600000, 0x0000000086600000, 0x0000000086700000|  0%| F|  |TAMS 0x0000000086600000, 0x0000000086600000| Untracked 
|  55|0x0000000086700000, 0x0000000086700000, 0x0000000086800000|  0%| F|  |TAMS 0x0000000086700000, 0x0000000086700000| Untracked 
|  56|0x0000000086800000, 0x0000000086800000, 0x0000000086900000|  0%| F|  |TAMS 0x0000000086800000, 0x0000000086800000| Untracked 
|  57|0x0000000086900000, 0x0000000086900000, 0x0000000086a00000|  0%| F|  |TAMS 0x0000000086900000, 0x0000000086900000| Untracked 
|  58|0x0000000086a00000, 0x0000000086a00000, 0x0000000086b00000|  0%| F|  |TAMS 0x0000000086a00000, 0x0000000086a00000| Untracked 
|  59|0x0000000086b00000, 0x0000000086b00000, 0x0000000086c00000|  0%| F|  |TAMS 0x0000000086b00000, 0x0000000086b00000| Untracked 
|  60|0x0000000086c00000, 0x0000000086c00000, 0x0000000086d00000|  0%| F|  |TAMS 0x0000000086c00000, 0x0000000086c00000| Untracked 
|  61|0x0000000086d00000, 0x0000000086d00000, 0x0000000086e00000|  0%| F|  |TAMS 0x0000000086d00000, 0x0000000086d00000| Untracked 
|  62|0x0000000086e00000, 0x0000000086e00000, 0x0000000086f00000|  0%| F|  |TAMS 0x0000000086e00000, 0x0000000086e00000| Untracked 
|  63|0x0000000086f00000, 0x0000000086f00000, 0x0000000087000000|  0%| F|  |TAMS 0x0000000086f00000, 0x0000000086f00000| Untracked 
|  64|0x0000000087000000, 0x0000000087000000, 0x0000000087100000|  0%| F|  |TAMS 0x0000000087000000, 0x0000000087000000| Untracked 
|  65|0x0000000087100000, 0x0000000087100000, 0x0000000087200000|  0%| F|  |TAMS 0x0000000087100000, 0x0000000087100000| Untracked 
|  66|0x0000000087200000, 0x0000000087200000, 0x0000000087300000|  0%| F|  |TAMS 0x0000000087200000, 0x0000000087200000| Untracked 
|  67|0x0000000087300000, 0x0000000087300000, 0x0000000087400000|  0%| F|  |TAMS 0x0000000087300000, 0x0000000087300000| Untracked 
|  68|0x0000000087400000, 0x0000000087400000, 0x0000000087500000|  0%| F|  |TAMS 0x0000000087400000, 0x0000000087400000| Untracked 
|  69|0x0000000087500000, 0x0000000087500000, 0x0000000087600000|  0%| F|  |TAMS 0x0000000087500000, 0x0000000087500000| Untracked 
|  70|0x0000000087600000, 0x0000000087600000, 0x0000000087700000|  0%| F|  |TAMS 0x0000000087600000, 0x0000000087600000| Untracked 
|  71|0x0000000087700000, 0x0000000087800000, 0x0000000087800000|100%| E|  |TAMS 0x0000000087700000, 0x0000000087700000| Complete 
|  72|0x0000000087800000, 0x0000000087900000, 0x0000000087900000|100%| E|CS|TAMS 0x0000000087800000, 0x0000000087800000| Complete 
|  73|0x0000000087900000, 0x0000000087a00000, 0x0000000087a00000|100%| E|CS|TAMS 0x0000000087900000, 0x0000000087900000| Complete 
|  74|0x0000000087a00000, 0x0000000087b00000, 0x0000000087b00000|100%| E|CS|TAMS 0x0000000087a00000, 0x0000000087a00000| Complete 
|  75|0x0000000087b00000, 0x0000000087c00000, 0x0000000087c00000|100%| E|CS|TAMS 0x0000000087b00000, 0x0000000087b00000| Complete 
|  76|0x0000000087c00000, 0x0000000087d00000, 0x0000000087d00000|100%| E|CS|TAMS 0x0000000087c00000, 0x0000000087c00000| Complete 
|  77|0x0000000087d00000, 0x0000000087e00000, 0x0000000087e00000|100%| E|CS|TAMS 0x0000000087d00000, 0x0000000087d00000| Complete 
|  78|0x0000000087e00000, 0x0000000087f00000, 0x0000000087f00000|100%| E|CS|TAMS 0x0000000087e00000, 0x0000000087e00000| Complete 
|  79|0x0000000087f00000, 0x0000000088000000, 0x0000000088000000|100%| E|CS|TAMS 0x0000000087f00000, 0x0000000087f00000| Complete 
|  80|0x0000000088000000, 0x0000000088100000, 0x0000000088100000|100%| E|CS|TAMS 0x0000000088000000, 0x0000000088000000| Complete 
|  81|0x0000000088100000, 0x0000000088200000, 0x0000000088200000|100%| E|CS|TAMS 0x0000000088100000, 0x0000000088100000| Complete 
|  82|0x0000000088200000, 0x0000000088300000, 0x0000000088300000|100%| E|CS|TAMS 0x0000000088200000, 0x0000000088200000| Complete 
|  83|0x0000000088300000, 0x0000000088400000, 0x0000000088400000|100%| E|CS|TAMS 0x0000000088300000, 0x0000000088300000| Complete 
|  84|0x0000000088400000, 0x0000000088500000, 0x0000000088500000|100%| E|CS|TAMS 0x0000000088400000, 0x0000000088400000| Complete 
|  85|0x0000000088500000, 0x0000000088600000, 0x0000000088600000|100%| E|CS|TAMS 0x0000000088500000, 0x0000000088500000| Complete 
|  86|0x0000000088600000, 0x0000000088700000, 0x0000000088700000|100%| E|CS|TAMS 0x0000000088600000, 0x0000000088600000| Complete 
|  87|0x0000000088700000, 0x0000000088800000, 0x0000000088800000|100%| E|CS|TAMS 0x0000000088700000, 0x0000000088700000| Complete 
|  88|0x0000000088800000, 0x0000000088900000, 0x0000000088900000|100%| E|CS|TAMS 0x0000000088800000, 0x0000000088800000| Complete 
|  89|0x0000000088900000, 0x0000000088a00000, 0x0000000088a00000|100%| E|CS|TAMS 0x0000000088900000, 0x0000000088900000| Complete 
|  90|0x0000000088a00000, 0x0000000088b00000, 0x0000000088b00000|100%| E|CS|TAMS 0x0000000088a00000, 0x0000000088a00000| Complete 
|  91|0x0000000088b00000, 0x0000000088c00000, 0x0000000088c00000|100%| E|CS|TAMS 0x0000000088b00000, 0x0000000088b00000| Complete 
|  92|0x0000000088c00000, 0x0000000088d00000, 0x0000000088d00000|100%| E|CS|TAMS 0x0000000088c00000, 0x0000000088c00000| Complete 
|  93|0x0000000088d00000, 0x0000000088e00000, 0x0000000088e00000|100%| E|CS|TAMS 0x0000000088d00000, 0x0000000088d00000| Complete 
|  94|0x0000000088e00000, 0x0000000088f00000, 0x0000000088f00000|100%| E|CS|TAMS 0x0000000088e00000, 0x0000000088e00000| Complete 
|  95|0x0000000088f00000, 0x0000000089000000, 0x0000000089000000|100%| E|CS|TAMS 0x0000000088f00000, 0x0000000088f00000| Complete 
|  96|0x0000000089000000, 0x0000000089100000, 0x0000000089100000|100%| E|CS|TAMS 0x0000000089000000, 0x0000000089000000| Complete 
|  97|0x0000000089100000, 0x0000000089200000, 0x0000000089200000|100%| E|CS|TAMS 0x0000000089100000, 0x0000000089100000| Complete 
|  98|0x0000000089200000, 0x0000000089300000, 0x0000000089300000|100%| E|CS|TAMS 0x0000000089200000, 0x0000000089200000| Complete 
| 125|0x000000008ad00000, 0x000000008ae00000, 0x000000008ae00000|100%| E|CS|TAMS 0x000000008ad00000, 0x000000008ad00000| Complete 

Card table byte_map: [0x00000253fa6f0000,0x00000253faae0000] _byte_map_base: 0x00000253fa2d8000

Marking Bits (Prev, Next): (CMBitMap*) 0x00000253f9f734c0, (CMBitMap*) 0x00000253f9f73480
 Prev Bits: [0x00000253fce10000, 0x00000253fed50000)
 Next Bits: [0x00000253faed0000, 0x00000253fce10000)

Polling page: 0x00000253f7e30000

Metaspace:

Usage:
  Non-class:     29.06 MB used.
      Class:      4.26 MB used.
       Both:     33.32 MB used.

Virtual space:
  Non-class space:       64.00 MB reserved,      29.25 MB ( 46%) committed,  1 nodes.
      Class space:        1.00 GB reserved,       4.44 MB ( <1%) committed,  1 nodes.
             Both:        1.06 GB reserved,      33.69 MB (  3%) committed. 

Chunk freelists:
   Non-Class:  2.70 MB
       Class:  3.55 MB
        Both:  6.25 MB

MaxMetaspaceSize: unlimited
CompressedClassSpaceSize: 1.00 GB
Initial GC threshold: 21.00 MB
Current GC threshold: 35.31 MB
CDS: on
MetaspaceReclaimPolicy: balanced
 - commit_granule_bytes: 65536.
 - commit_granule_words: 8192.
 - virtual_space_node_default_size: 8388608.
 - enlarge_chunks_in_place: 1.
 - new_chunks_are_fully_committed: 0.
 - uncommit_free_chunks: 1.
 - use_allocation_guard: 0.


Internal statistics:

num_allocs_failed_limit: 3.
num_arena_births: 374.
num_arena_deaths: 0.
num_vsnodes_births: 2.
num_vsnodes_deaths: 0.
num_space_committed: 539.
num_space_uncommitted: 0.
num_chunks_returned_to_freelist: 3.
num_chunks_taken_from_freelist: 1528.
num_chunk_merges: 3.
num_chunk_splits: 1120.
num_chunks_enlarged: 922.
num_inconsistent_stats: 0.

CodeHeap 'non-profiled nmethods': size=120000Kb used=2253Kb max_used=2253Kb free=117746Kb
 bounds [0x000002538f970000, 0x000002538fbe0000, 0x0000025396ea0000]
CodeHeap 'profiled nmethods': size=120000Kb used=9477Kb max_used=9477Kb free=110522Kb
 bounds [0x0000025387ea0000, 0x00000253887f0000, 0x000002538f3d0000]
CodeHeap 'non-nmethods': size=5760Kb used=1302Kb max_used=1390Kb free=4457Kb
 bounds [0x000002538f3d0000, 0x000002538f640000, 0x000002538f970000]
 total_blobs=4814 nmethods=4295 adapters=428
 compilation: enabled
              stopped_count=0, restarted_count=0
 full_count=0

Compilation events (20 events):
Event: 4.884 Thread 0x00000253ff794710 nmethod 4283 0x000002538fb98010 code [0x000002538fb981a0, 0x000002538fb98258]
Event: 4.885 Thread 0x00000253a04df950 nmethod 4282 0x000002538fb98310 code [0x000002538fb984a0, 0x000002538fb987e8]
Event: 4.905 Thread 0x000002539d257ba0 4284       4       jdk.internal.org.objectweb.asm.Frame::pop (53 bytes)
Event: 4.914 Thread 0x00000253a04df950 4285       4       java.util.Arrays$ArrayList::size (6 bytes)
Event: 4.915 Thread 0x00000253a04df950 nmethod 4285 0x000002538fb98990 code [0x000002538fb98b20, 0x000002538fb98bb8]
Event: 4.917 Thread 0x000002539d257ba0 nmethod 4284 0x000002538fb98c90 code [0x000002538fb98ea0, 0x000002538fb99810]
Event: 4.926 Thread 0x00000253a04df950 4286  s    4       java.util.jar.JarFile::getInputStream (88 bytes)
Event: 4.933 Thread 0x00000253ff794710 4287       3       java.util.Arrays$ArrayList::get (7 bytes)
Event: 4.933 Thread 0x00000253ff794710 nmethod 4287 0x00000253887de310 code [0x00000253887de4a0, 0x00000253887de5d8]
Event: 4.946 Thread 0x00000253ff794710 4288   !   3       java.util.AbstractList$Itr::next (46 bytes)
Event: 4.946 Thread 0x00000253ff794710 nmethod 4288 0x00000253887de690 code [0x00000253887de8a0, 0x00000253887deeb8]
Event: 4.946 Thread 0x00000253ff794710 4289       3       java.util.AbstractList$Itr::checkForComodification (23 bytes)
Event: 4.947 Thread 0x00000253ff794710 nmethod 4289 0x00000253887df190 code [0x00000253887df340, 0x00000253887df568]
Event: 4.949 Thread 0x00000253ff794710 4290       3       java.lang.reflect.Proxy$ProxyBuilder::ensureAccess (39 bytes)
Event: 4.950 Thread 0x00000253ff794710 nmethod 4290 0x00000253887df690 code [0x00000253887df900, 0x00000253887e0148]
Event: 4.950 Thread 0x00000253ff794710 4291       3       java.lang.reflect.Constructor::acquireConstructorAccessor (75 bytes)
Event: 4.951 Thread 0x00000253ff794710 nmethod 4291 0x00000253887e0510 code [0x00000253887e0720, 0x00000253887e0dc8]
Event: 4.975 Thread 0x000002539d257ba0 4292       4       jdk.internal.org.objectweb.asm.Frame::push (59 bytes)
Event: 4.991 Thread 0x000002539d257ba0 nmethod 4292 0x000002538fb9a090 code [0x000002538fb9a2a0, 0x000002538fb9b000]
Event: 4.992 Thread 0x000002539d257ba0 4294       4       jdk.internal.org.objectweb.asm.MethodWriter::visitMethodInsn (191 bytes)

GC Heap History (14 events):
Event: 0.808 GC heap before
{Heap before GC invocations=0 (full 0):
 garbage-first heap   total 129024K, used 23552K [0x0000000083000000, 0x0000000100000000)
  region size 1024K, 23 young (23552K), 0 survivors (0K)
 Metaspace       used 5093K, committed 5184K, reserved 1114112K
  class space    used 601K, committed 640K, reserved 1048576K
}
Event: 0.814 GC heap after
{Heap after GC invocations=1 (full 0):
 garbage-first heap   total 129024K, used 7467K [0x0000000083000000, 0x0000000100000000)
  region size 1024K, 3 young (3072K), 3 survivors (3072K)
 Metaspace       used 5093K, committed 5184K, reserved 1114112K
  class space    used 601K, committed 640K, reserved 1048576K
}
Event: 1.845 GC heap before
{Heap before GC invocations=1 (full 0):
 garbage-first heap   total 129024K, used 37163K [0x0000000083000000, 0x0000000100000000)
  region size 1024K, 32 young (32768K), 3 survivors (3072K)
 Metaspace       used 12772K, committed 12992K, reserved 1114112K
  class space    used 1592K, committed 1728K, reserved 1048576K
}
Event: 1.856 GC heap after
{Heap after GC invocations=2 (full 0):
 garbage-first heap   total 129024K, used 11106K [0x0000000083000000, 0x0000000100000000)
  region size 1024K, 4 young (4096K), 4 survivors (4096K)
 Metaspace       used 12772K, committed 12992K, reserved 1114112K
  class space    used 1592K, committed 1728K, reserved 1048576K
}
Event: 2.518 GC heap before
{Heap before GC invocations=2 (full 0):
 garbage-first heap   total 129024K, used 47970K [0x0000000083000000, 0x0000000100000000)
  region size 1024K, 42 young (43008K), 4 survivors (4096K)
 Metaspace       used 21332K, committed 21504K, reserved 1114112K
  class space    used 2680K, committed 2752K, reserved 1048576K
}
Event: 2.524 GC heap after
{Heap after GC invocations=3 (full 0):
 garbage-first heap   total 129024K, used 13815K [0x0000000083000000, 0x0000000100000000)
  region size 1024K, 7 young (7168K), 7 survivors (7168K)
 Metaspace       used 21332K, committed 21504K, reserved 1114112K
  class space    used 2680K, committed 2752K, reserved 1048576K
}
Event: 2.932 GC heap before
{Heap before GC invocations=4 (full 0):
 garbage-first heap   total 55296K, used 38391K [0x0000000083000000, 0x0000000100000000)
  region size 1024K, 32 young (32768K), 7 survivors (7168K)
 Metaspace       used 24321K, committed 24576K, reserved 1114112K
  class space    used 3066K, committed 3200K, reserved 1048576K
}
Event: 2.943 GC heap after
{Heap after GC invocations=5 (full 0):
 garbage-first heap   total 55296K, used 15414K [0x0000000083000000, 0x0000000100000000)
  region size 1024K, 2 young (2048K), 2 survivors (2048K)
 Metaspace       used 24321K, committed 24576K, reserved 1114112K
  class space    used 3066K, committed 3200K, reserved 1048576K
}
Event: 2.955 GC heap before
{Heap before GC invocations=5 (full 0):
 garbage-first heap   total 55296K, used 16438K [0x0000000083000000, 0x0000000100000000)
  region size 1024K, 3 young (3072K), 2 survivors (2048K)
 Metaspace       used 24339K, committed 24576K, reserved 1114112K
  class space    used 3067K, committed 3200K, reserved 1048576K
}
Event: 2.959 GC heap after
{Heap after GC invocations=6 (full 0):
 garbage-first heap   total 55296K, used 15676K [0x0000000083000000, 0x0000000100000000)
  region size 1024K, 1 young (1024K), 1 survivors (1024K)
 Metaspace       used 24339K, committed 24576K, reserved 1114112K
  class space    used 3067K, committed 3200K, reserved 1048576K
}
Event: 3.246 GC heap before
{Heap before GC invocations=6 (full 0):
 garbage-first heap   total 55296K, used 37180K [0x0000000083000000, 0x0000000100000000)
  region size 1024K, 23 young (23552K), 1 survivors (1024K)
 Metaspace       used 25612K, committed 25856K, reserved 1114112K
  class space    used 3202K, committed 3328K, reserved 1048576K
}
Event: 3.250 GC heap after
{Heap after GC invocations=7 (full 0):
 garbage-first heap   total 55296K, used 16220K [0x0000000083000000, 0x0000000100000000)
  region size 1024K, 1 young (1024K), 1 survivors (1024K)
 Metaspace       used 25612K, committed 25856K, reserved 1114112K
  class space    used 3202K, committed 3328K, reserved 1048576K
}
Event: 3.880 GC heap before
{Heap before GC invocations=7 (full 0):
 garbage-first heap   total 55296K, used 39772K [0x0000000083000000, 0x0000000100000000)
  region size 1024K, 24 young (24576K), 1 survivors (1024K)
 Metaspace       used 29175K, committed 29440K, reserved 1114112K
  class space    used 3647K, committed 3776K, reserved 1048576K
}
Event: 3.887 GC heap after
{Heap after GC invocations=8 (full 0):
 garbage-first heap   total 102400K, used 18092K [0x0000000083000000, 0x0000000100000000)
  region size 1024K, 3 young (3072K), 3 survivors (3072K)
 Metaspace       used 29175K, committed 29440K, reserved 1114112K
  class space    used 3647K, committed 3776K, reserved 1048576K
}

Dll operation events (13 events):
Event: 0.009 Loaded shared library C:\Program Files\Java\jdk-19\bin\java.dll
Event: 0.019 Loaded shared library C:\Program Files\Java\jdk-19\bin\jsvml.dll
Event: 0.159 Loaded shared library C:\Program Files\Java\jdk-19\bin\zip.dll
Event: 0.161 Loaded shared library C:\Program Files\Java\jdk-19\bin\instrument.dll
Event: 0.167 Loaded shared library C:\Program Files\Java\jdk-19\bin\net.dll
Event: 0.169 Loaded shared library C:\Program Files\Java\jdk-19\bin\nio.dll
Event: 0.173 Loaded shared library C:\Program Files\Java\jdk-19\bin\zip.dll
Event: 0.186 Loaded shared library C:\Program Files\JetBrains\IntelliJ IDEA Community Edition 2022.2.3\bin\breakgen64.dll
Event: 0.193 Loaded shared library C:\Program Files\Java\jdk-19\bin\extnet.dll
Event: 0.348 Loaded shared library C:\Program Files\Java\jdk-19\bin\jimage.dll
Event: 0.790 Loaded shared library C:\Program Files\Java\jdk-19\bin\verify.dll
Event: 1.752 Loaded shared library C:\Program Files\Java\jdk-19\bin\management.dll
Event: 1.755 Loaded shared library C:\Program Files\Java\jdk-19\bin\management_ext.dll

Deoptimization events (20 events):
Event: 4.875 Thread 0x00000253f9f13330 Uncommon trap: trap_request=0xffffffde fr.pc=0x000002538fb49b8c relative=0x000000000000024c
Event: 4.875 Thread 0x00000253f9f13330 Uncommon trap: reason=class_check action=maybe_recompile pc=0x000002538fb49b8c method=java.util.Collections$SetFromMap.contains(Ljava/lang/Object;)Z @ 5 c2
Event: 4.875 Thread 0x00000253f9f13330 DEOPT PACKING pc=0x000002538fb49b8c sp=0x000000932e6f8c90
Event: 4.875 Thread 0x00000253f9f13330 DEOPT UNPACKING pc=0x000002538f436da3 sp=0x000000932e6f8c38 mode 2
Event: 4.877 Thread 0x00000253f9f13330 Uncommon trap: trap_request=0xffffffc6 fr.pc=0x000002538fb54290 relative=0x00000000000001b0
Event: 4.877 Thread 0x00000253f9f13330 Uncommon trap: reason=bimorphic_or_optimized_type_check action=maybe_recompile pc=0x000002538fb54290 method=java.lang.ClassLoader.loadClass(Ljava/lang/String;)Ljava/lang/Class; @ 3 c2
Event: 4.877 Thread 0x00000253f9f13330 DEOPT PACKING pc=0x000002538fb54290 sp=0x000000932e6f7770
Event: 4.877 Thread 0x00000253f9f13330 DEOPT UNPACKING pc=0x000002538f436da3 sp=0x000000932e6f76f0 mode 2
Event: 4.877 Thread 0x00000253f9f13330 Uncommon trap: trap_request=0xffffff45 fr.pc=0x000002538fa5808c relative=0x00000000000000ec
Event: 4.877 Thread 0x00000253f9f13330 Uncommon trap: reason=unstable_if action=reinterpret pc=0x000002538fa5808c method=java.lang.ClassLoader.getClassLoadingLock(Ljava/lang/String;)Ljava/lang/Object; @ 6 c2
Event: 4.877 Thread 0x00000253f9f13330 DEOPT PACKING pc=0x000002538fa5808c sp=0x000000932e6f7630
Event: 4.877 Thread 0x00000253f9f13330 DEOPT UNPACKING pc=0x000002538f436da3 sp=0x000000932e6f75d0 mode 2
Event: 4.877 Thread 0x00000253f9f13330 Uncommon trap: trap_request=0xffffffc6 fr.pc=0x000002538fb54290 relative=0x00000000000001b0
Event: 4.877 Thread 0x00000253f9f13330 Uncommon trap: reason=bimorphic_or_optimized_type_check action=maybe_recompile pc=0x000002538fb54290 method=java.lang.ClassLoader.loadClass(Ljava/lang/String;)Ljava/lang/Class; @ 3 c2
Event: 4.877 Thread 0x00000253f9f13330 DEOPT PACKING pc=0x000002538fb54290 sp=0x000000932e6f79b0
Event: 4.877 Thread 0x00000253f9f13330 DEOPT UNPACKING pc=0x000002538f436da3 sp=0x000000932e6f7930 mode 2
Event: 4.970 Thread 0x00000253f9f13330 Uncommon trap: trap_request=0xffffffc6 fr.pc=0x000002538fb54290 relative=0x00000000000001b0
Event: 4.970 Thread 0x00000253f9f13330 Uncommon trap: reason=bimorphic_or_optimized_type_check action=maybe_recompile pc=0x000002538fb54290 method=java.lang.ClassLoader.loadClass(Ljava/lang/String;)Ljava/lang/Class; @ 3 c2
Event: 4.970 Thread 0x00000253f9f13330 DEOPT PACKING pc=0x000002538fb54290 sp=0x000000932e6f95f0
Event: 4.970 Thread 0x00000253f9f13330 DEOPT UNPACKING pc=0x000002538f436da3 sp=0x000000932e6f9570 mode 2

Classes loaded (20 events):
Event: 4.519 Loading class java/lang/ObjectCustomizer
Event: 4.519 Loading class java/lang/ObjectCustomizer done
Event: 4.551 Loading class java/lang/ObjectCustomizer
Event: 4.551 Loading class java/lang/ObjectCustomizer done
Event: 4.551 Loading class java/lang/ObjectCustomizer
Event: 4.551 Loading class java/lang/ObjectCustomizer done
Event: 4.582 Loading class java/lang/ObjectCustomizer
Event: 4.582 Loading class java/lang/ObjectCustomizer done
Event: 4.582 Loading class java/lang/ObjectCustomizer
Event: 4.582 Loading class java/lang/ObjectCustomizer done
Event: 4.621 Loading class java/lang/instrument/ClassFileTransformer
Event: 4.622 Loading class java/lang/instrument/ClassFileTransformer done
Event: 4.660 Loading class java/util/IllegalFormatException
Event: 4.660 Loading class java/util/IllegalFormatException done
Event: 4.704 Loading class java/util/ServiceLoader$ProviderSpliterator
Event: 4.704 Loading class java/util/ServiceLoader$ProviderSpliterator done
Event: 4.808 Loading class java/lang/Process
Event: 4.808 Loading class java/lang/Process done
Event: 4.830 Loading class java/lang/reflect/GenericSignatureFormatError
Event: 4.830 Loading class java/lang/reflect/GenericSignatureFormatError done

Classes unloaded (0 events):
No events

Classes redefined (0 events):
No events

Internal exceptions (20 events):
Event: 4.551 Thread 0x00000253f9f13330 Exception <a 'java/lang/ClassNotFoundException'{0x0000000088340920}: java/lang/ObjectCustomizer> (0x0000000088340920) 
thrown [s\open\src\hotspot\share\classfile\systemDictionary.cpp, line 255]
Event: 4.552 Thread 0x00000253f9f13330 Exception <a 'java/lang/ClassNotFoundException'{0x0000000088348968}: org/springframework/boot/orm/jpa/EntityManagerFactoryBuilderCustomizer> (0x0000000088348968) 
thrown [s\open\src\hotspot\share\classfile\systemDictionary.cpp, line 255]
Event: 4.582 Thread 0x00000253f9f13330 Exception <a 'java/lang/ClassNotFoundException'{0x00000000883efb68}: java/lang/ObjectCustomizer> (0x00000000883efb68) 
thrown [s\open\src\hotspot\share\classfile\systemDictionary.cpp, line 255]
Event: 4.583 Thread 0x00000253f9f13330 Exception <a 'java/lang/ClassNotFoundException'{0x00000000883f7bb0}: org/springframework/orm/jpa/AbstractEntityManagerFactoryBeanCustomizer> (0x00000000883f7bb0) 
thrown [s\open\src\hotspot\share\classfile\systemDictionary.cpp, line 255]
Event: 4.589 Thread 0x00000253f9f13330 Exception <a 'java/lang/ClassNotFoundException'{0x0000000088223100}: org/springframework/orm/jpa/LocalContainerEntityManagerFactoryBeanCustomizer> (0x0000000088223100) 
thrown [s\open\src\hotspot\share\classfile\systemDictionary.cpp, line 255]
Event: 4.609 Thread 0x00000253f9f13330 Exception <a 'java/lang/ClassNotFoundException'{0x00000000882694b8}: org/springframework/context/ResourceLoaderAwareCustomizer> (0x00000000882694b8) 
thrown [s\open\src\hotspot\share\classfile\systemDictionary.cpp, line 255]
Event: 4.609 Thread 0x00000253f9f13330 Exception <a 'java/lang/ClassNotFoundException'{0x000000008826eb38}: org/springframework/beans/factory/AwareCustomizer> (0x000000008826eb38) 
thrown [s\open\src\hotspot\share\classfile\systemDictionary.cpp, line 255]
Event: 4.610 Thread 0x00000253f9f13330 Exception <a 'java/lang/ClassNotFoundException'{0x0000000088273790}: org/springframework/context/weaving/LoadTimeWeaverAwareCustomizer> (0x0000000088273790) 
thrown [s\open\src\hotspot\share\classfile\systemDictionary.cpp, line 255]
Event: 4.610 Thread 0x00000253f9f13330 Exception <a 'java/lang/ClassNotFoundException'{0x0000000088279318}: org/springframework/beans/factory/AwareCustomizer> (0x0000000088279318) 
thrown [s\open\src\hotspot\share\classfile\systemDictionary.cpp, line 255]
Event: 4.611 Thread 0x00000253f9f13330 Exception <a 'java/lang/ClassNotFoundException'{0x000000008827de20}: org/springframework/beans/factory/FactoryBeanCustomizer> (0x000000008827de20) 
thrown [s\open\src\hotspot\share\classfile\systemDictionary.cpp, line 255]
Event: 4.612 Thread 0x00000253f9f13330 Exception <a 'java/lang/ClassNotFoundException'{0x0000000088286c30}: org/springframework/beans/factory/BeanClassLoaderAwareCustomizer> (0x0000000088286c30) 
thrown [s\open\src\hotspot\share\classfile\systemDictionary.cpp, line 255]
Event: 4.612 Thread 0x00000253f9f13330 Exception <a 'java/lang/ClassNotFoundException'{0x000000008828c2d8}: org/springframework/beans/factory/AwareCustomizer> (0x000000008828c2d8) 
thrown [s\open\src\hotspot\share\classfile\systemDictionary.cpp, line 255]
Event: 4.613 Thread 0x00000253f9f13330 Exception <a 'java/lang/ClassNotFoundException'{0x0000000088290d70}: org/springframework/beans/factory/BeanFactoryAwareCustomizer> (0x0000000088290d70) 
thrown [s\open\src\hotspot\share\classfile\systemDictionary.cpp, line 255]
Event: 4.613 Thread 0x00000253f9f13330 Exception <a 'java/lang/ClassNotFoundException'{0x0000000088296ab8}: org/springframework/beans/factory/AwareCustomizer> (0x0000000088296ab8) 
thrown [s\open\src\hotspot\share\classfile\systemDictionary.cpp, line 255]
Event: 4.614 Thread 0x00000253f9f13330 Exception <a 'java/lang/ClassNotFoundException'{0x000000008829b520}: org/springframework/beans/factory/BeanNameAwareCustomizer> (0x000000008829b520) 
thrown [s\open\src\hotspot\share\classfile\systemDictionary.cpp, line 255]
Event: 4.614 Thread 0x00000253f9f13330 Exception <a 'java/lang/ClassNotFoundException'{0x00000000882a0f68}: org/springframework/beans/factory/AwareCustomizer> (0x00000000882a0f68) 
thrown [s\open\src\hotspot\share\classfile\systemDictionary.cpp, line 255]
Event: 4.615 Thread 0x00000253f9f13330 Exception <a 'java/lang/ClassNotFoundException'{0x00000000882a5a00}: org/springframework/beans/factory/InitializingBeanCustomizer> (0x00000000882a5a00) 
thrown [s\open\src\hotspot\share\classfile\systemDictionary.cpp, line 255]
Event: 4.615 Thread 0x00000253f9f13330 Exception <a 'java/lang/ClassNotFoundException'{0x00000000882aacf0}: org/springframework/beans/factory/DisposableBeanCustomizer> (0x00000000882aacf0) 
thrown [s\open\src\hotspot\share\classfile\systemDictionary.cpp, line 255]
Event: 4.616 Thread 0x00000253f9f13330 Exception <a 'java/lang/ClassNotFoundException'{0x00000000882b05d0}: org/springframework/orm/jpa/EntityManagerFactoryInfoCustomizer> (0x00000000882b05d0) 
thrown [s\open\src\hotspot\share\classfile\systemDictionary.cpp, line 255]
Event: 4.617 Thread 0x00000253f9f13330 Exception <a 'java/lang/ClassNotFoundException'{0x00000000882bfd20}: org/springframework/dao/support/PersistenceExceptionTranslatorCustomizer> (0x00000000882bfd20) 
thrown [s\open\src\hotspot\share\classfile\systemDictionary.cpp, line 255]

VM Operations (20 events):
Event: 3.441 Executing VM operation: HandshakeAllThreads
Event: 3.441 Executing VM operation: HandshakeAllThreads done
Event: 3.656 Executing VM operation: HandshakeAllThreads
Event: 3.656 Executing VM operation: HandshakeAllThreads done
Event: 3.660 Executing VM operation: HandshakeAllThreads
Event: 3.660 Executing VM operation: HandshakeAllThreads done
Event: 3.662 Executing VM operation: ICBufferFull
Event: 3.662 Executing VM operation: ICBufferFull done
Event: 3.757 Executing VM operation: HandshakeAllThreads
Event: 3.757 Executing VM operation: HandshakeAllThreads done
Event: 3.758 Executing VM operation: HandshakeAllThreads
Event: 3.758 Executing VM operation: HandshakeAllThreads done
Event: 3.879 Executing VM operation: G1CollectForAllocation
Event: 3.887 Executing VM operation: G1CollectForAllocation done
Event: 4.200 Executing VM operation: HandshakeAllThreads
Event: 4.200 Executing VM operation: HandshakeAllThreads done
Event: 4.332 Executing VM operation: HandshakeAllThreads
Event: 4.332 Executing VM operation: HandshakeAllThreads done
Event: 4.427 Executing VM operation: ICBufferFull
Event: 4.427 Executing VM operation: ICBufferFull done

Events (20 events):
Event: 0.035 Thread 0x00000253ff779d60 Thread added: 0x00000253ff779d60
Event: 0.035 Thread 0x00000253ff780480 Thread added: 0x00000253ff780480
Event: 0.035 Thread 0x00000253ff781dc0 Thread added: 0x00000253ff781dc0
Event: 0.035 Thread 0x00000253ff7826f0 Thread added: 0x00000253ff7826f0
Event: 0.035 Thread 0x00000253ff783160 Thread added: 0x00000253ff783160
Event: 0.035 Thread 0x00000253ff789160 Thread added: 0x00000253ff789160
Event: 0.035 Thread 0x00000253ff794710 Thread added: 0x00000253ff794710
Event: 0.035 Thread 0x00000253ff796ca0 Thread added: 0x00000253ff796ca0
Event: 0.137 Thread 0x00000253ff7500d0 Thread added: 0x00000253ff7500d0
Event: 0.187 Thread 0x000002539d183760 Thread added: 0x000002539d183760
Event: 0.187 Thread 0x000002539d187fb0 Thread added: 0x000002539d187fb0
Event: 0.209 Thread 0x000002539d257ba0 Thread added: 0x000002539d257ba0
Event: 1.858 Thread 0x000002539e535ec0 Thread added: 0x000002539e535ec0
Event: 1.862 Thread 0x000002539dda92c0 Thread added: 0x000002539dda92c0
Event: 2.459 Thread 0x000002539ddaa2b0 Thread added: 0x000002539ddaa2b0
Event: 2.482 Thread 0x000002539ddaa2b0 Thread exited: 0x000002539ddaa2b0
Event: 2.698 Thread 0x000002539dda92c0 Thread exited: 0x000002539dda92c0
Event: 3.731 Thread 0x000002539e535ec0 Thread exited: 0x000002539e535ec0
Event: 4.140 Thread 0x00000253a04df950 Thread added: 0x00000253a04df950
Event: 4.334 Thread 0x000002539dda9810 Thread added: 0x000002539dda9810


Dynamic libraries:
0x00007ff69cdf0000 - 0x00007ff69ce00000 	C:\Program Files\Java\jdk-19\bin\java.exe
0x00007ff916e10000 - 0x00007ff917008000 	C:\WINDOWS\SYSTEM32\ntdll.dll
0x00007ff916d10000 - 0x00007ff916dcf000 	C:\WINDOWS\System32\KERNEL32.DLL
0x00007ff914500000 - 0x00007ff9147d2000 	C:\WINDOWS\System32\KERNELBASE.dll
0x00007ff914810000 - 0x00007ff914910000 	C:\WINDOWS\System32\ucrtbase.dll
0x00007ff8e1ab0000 - 0x00007ff8e1ac8000 	C:\Program Files\Java\jdk-19\bin\jli.dll
0x00007ff8e1a90000 - 0x00007ff8e1aab000 	C:\Program Files\Java\jdk-19\bin\VCRUNTIME140.dll
0x00007ff9150e0000 - 0x00007ff91518e000 	C:\WINDOWS\System32\ADVAPI32.dll
0x00007ff915010000 - 0x00007ff9150ae000 	C:\WINDOWS\System32\msvcrt.dll
0x00007ff915c30000 - 0x00007ff915ccc000 	C:\WINDOWS\System32\sechost.dll
0x00007ff915cd0000 - 0x00007ff915df5000 	C:\WINDOWS\System32\RPCRT4.dll
0x00007ff915920000 - 0x00007ff915ac1000 	C:\WINDOWS\System32\USER32.dll
0x00007ff914be0000 - 0x00007ff914c02000 	C:\WINDOWS\System32\win32u.dll
0x00007ff915ad0000 - 0x00007ff915afb000 	C:\WINDOWS\System32\GDI32.dll
0x00007ff914d40000 - 0x00007ff914e4f000 	C:\WINDOWS\System32\gdi32full.dll
0x00007ff914c10000 - 0x00007ff914cad000 	C:\WINDOWS\System32\msvcp_win.dll
0x00007ff913900000 - 0x00007ff913b9a000 	C:\WINDOWS\WinSxS\amd64_microsoft.windows.common-controls_6595b64144ccf1df_6.0.19041.1110_none_60b5254171f9507e\COMCTL32.dll
0x00007ff90d900000 - 0x00007ff90d90a000 	C:\WINDOWS\SYSTEM32\VERSION.dll
0x00007ff915ed0000 - 0x00007ff915f02000 	C:\WINDOWS\System32\IMM32.DLL
0x00007ff8ed6f0000 - 0x00007ff8ed6fc000 	C:\Program Files\Java\jdk-19\bin\vcruntime140_1.dll
0x00007ff8c5560000 - 0x00007ff8c55ee000 	C:\Program Files\Java\jdk-19\bin\msvcp140.dll
0x00007ff8a7370000 - 0x00007ff8a8030000 	C:\Program Files\Java\jdk-19\bin\server\jvm.dll
0x00007ff8f92e0000 - 0x00007ff8f9307000 	C:\WINDOWS\SYSTEM32\WINMM.dll
0x00007ff8f3a60000 - 0x00007ff8f3a69000 	C:\WINDOWS\SYSTEM32\WSOCK32.dll
0x00007ff915e00000 - 0x00007ff915e6b000 	C:\WINDOWS\System32\WS2_32.dll
0x00007ff9126e0000 - 0x00007ff9126f2000 	C:\WINDOWS\SYSTEM32\kernel.appcore.dll
0x00007ff8e3180000 - 0x00007ff8e318a000 	C:\Program Files\Java\jdk-19\bin\jimage.dll
0x00007ff913eb0000 - 0x00007ff914094000 	C:\WINDOWS\SYSTEM32\DBGHELP.DLL
0x00007ff913cd0000 - 0x00007ff913d05000 	C:\WINDOWS\SYSTEM32\dbgcore.DLL
0x00007ff914cb0000 - 0x00007ff914d32000 	C:\WINDOWS\System32\bcryptPrimitives.dll
0x00007ff9112c0000 - 0x00007ff9112ce000 	C:\Program Files\Java\jdk-19\bin\instrument.dll
0x00007ff8e1a60000 - 0x00007ff8e1a86000 	C:\Program Files\Java\jdk-19\bin\java.dll
0x00007ff8c5480000 - 0x00007ff8c5557000 	C:\Program Files\Java\jdk-19\bin\jsvml.dll
0x00007ff915fc0000 - 0x00007ff916704000 	C:\WINDOWS\System32\SHELL32.dll
0x00007ff911f30000 - 0x00007ff9126c2000 	C:\WINDOWS\SYSTEM32\windows.storage.dll
0x00007ff915550000 - 0x00007ff9158a5000 	C:\WINDOWS\System32\combase.dll
0x00007ff913860000 - 0x00007ff913890000 	C:\WINDOWS\SYSTEM32\Wldp.dll
0x00007ff9154a0000 - 0x00007ff91554d000 	C:\WINDOWS\System32\SHCORE.dll
0x00007ff916710000 - 0x00007ff916765000 	C:\WINDOWS\System32\shlwapi.dll
0x00007ff914440000 - 0x00007ff91445f000 	C:\WINDOWS\SYSTEM32\profapi.dll
0x00007ff8d92a0000 - 0x00007ff8d92b8000 	C:\Program Files\Java\jdk-19\bin\zip.dll
0x00007ff8e1a40000 - 0x00007ff8e1a53000 	C:\Program Files\Java\jdk-19\bin\net.dll
0x00007ff90a860000 - 0x00007ff90a96c000 	C:\WINDOWS\SYSTEM32\WINHTTP.dll
0x00007ff913730000 - 0x00007ff91379a000 	C:\WINDOWS\system32\mswsock.dll
0x00007ff8e1a20000 - 0x00007ff8e1a36000 	C:\Program Files\Java\jdk-19\bin\nio.dll
0x00007ff911240000 - 0x00007ff91125a000 	C:\Program Files\JetBrains\IntelliJ IDEA Community Edition 2022.2.3\bin\breakgen64.dll
0x00007ff8e1a10000 - 0x00007ff8e1a18000 	C:\Program Files\Java\jdk-19\bin\extnet.dll
0x00007ff8d9270000 - 0x00007ff8d9280000 	C:\Program Files\Java\jdk-19\bin\verify.dll
0x00007ff9112a0000 - 0x00007ff9112aa000 	C:\Program Files\Java\jdk-19\bin\management.dll
0x00007ff90f220000 - 0x00007ff90f22b000 	C:\Program Files\Java\jdk-19\bin\management_ext.dll
0x00007ff9150b0000 - 0x00007ff9150b8000 	C:\WINDOWS\System32\PSAPI.DLL
0x00007ff8ed740000 - 0x00007ff8ed757000 	C:\WINDOWS\system32\napinsp.dll
0x00007ff8ed6d0000 - 0x00007ff8ed6eb000 	C:\WINDOWS\system32\pnrpnsp.dll
0x00007ff8ed690000 - 0x00007ff8ed6a5000 	C:\WINDOWS\system32\wshbth.dll
0x00007ff910b40000 - 0x00007ff910b5d000 	C:\WINDOWS\system32\NLAapi.dll
0x00007ff9132b0000 - 0x00007ff9132eb000 	C:\WINDOWS\SYSTEM32\IPHLPAPI.DLL
0x00007ff9132f0000 - 0x00007ff9133ba000 	C:\WINDOWS\SYSTEM32\DNSAPI.dll
0x00007ff9158b0000 - 0x00007ff9158b8000 	C:\WINDOWS\System32\NSI.dll
0x00007ff8ed650000 - 0x00007ff8ed662000 	C:\WINDOWS\System32\winrnr.dll
0x00000000721d0000 - 0x00000000721da000 	C:\Program Files\National Instruments\Shared\mDNS Responder\nimdnsNSP.dll
0x00000000721c0000 - 0x00000000721d0000 	C:\WINDOWS\SYSTEM32\nimdnsResponder.dll
0x00007ff8ffdf0000 - 0x00007ff8ffdfa000 	C:\Windows\System32\rasadhlp.dll
0x00007ff8fc1e0000 - 0x00007ff8fc260000 	C:\WINDOWS\System32\fwpuclnt.dll
0x00007ff9147e0000 - 0x00007ff914807000 	C:\WINDOWS\System32\bcrypt.dll

dbghelp: loaded successfully - version: 4.0.5 - missing functions: none
symbol engine: initialized successfully - sym options: 0x614 - pdb path: .;C:\Program Files\Java\jdk-19\bin;C:\WINDOWS\SYSTEM32;C:\WINDOWS\WinSxS\amd64_microsoft.windows.common-controls_6595b64144ccf1df_6.0.19041.1110_none_60b5254171f9507e;C:\Program Files\Java\jdk-19\bin\server;C:\Program Files\JetBrains\IntelliJ IDEA Community Edition 2022.2.3\bin;C:\Program Files\National Instruments\Shared\mDNS Responder

VM Arguments:
jvm_args: -ea -Didea.test.cyclic.buffer.size=1048576 -javaagent:C:\Program Files\JetBrains\IntelliJ IDEA Community Edition 2022.2.3\lib\idea_rt.jar=50889:C:\Program Files\JetBrains\IntelliJ IDEA Community Edition 2022.2.3\bin -Dfile.encoding=UTF-8 -Dsun.stdout.encoding=UTF-8 -Dsun.stderr.encoding=UTF-8 
java_command: com.intellij.rt.junit.JUnitStarter -ideVersion5 -junit5 com.example.cityHotel.test.CityHotelApplicationTests
java_class_path (initial): C:\Users\user\.m2\repository\org\junit\platform\junit-platform-launcher\1.8.2\junit-platform-launcher-1.8.2.jar;C:\Program Files\JetBrains\IntelliJ IDEA Community Edition 2022.2.3\lib\idea_rt.jar;C:\Program Files\JetBrains\IntelliJ IDEA Community Edition 2022.2.3\plugins\junit\lib\junit5-rt.jar;C:\Program Files\JetBrains\IntelliJ IDEA Community Edition 2022.2.3\plugins\junit\lib\junit-rt.jar;C:\Users\user\OneDrive\Desktop\complete project with Swagger and responseEntity\TrainingProject\target\test-classes;C:\Users\user\OneDrive\Desktop\complete project with Swagger and responseEntity\TrainingProject\target\classes;C:\Users\user\.m2\repository\org\springframework\boot\spring-boot-starter-data-jpa\2.7.7-SNAPSHOT\spring-boot-starter-data-jpa-2.7.7-20221222.092404-18.jar;C:\Users\user\.m2\repository\org\springframework\boot\spring-boot-starter-aop\2.7.7-SNAPSHOT\spring-boot-starter-aop-2.7.7-20221222.092404-18.jar;C:\Users\user\.m2\repository\org\springframework\spring-aop\5.3.24\spring-aop-5.3.24.jar;C:\Users\user\.m2\repository\org\aspectj\aspectjweaver\1.9.7\aspectjweaver-1.9.7.jar;C:\Users\user\.m2\repository\org\springframework\boot\spring-boot-starter-jdbc\2.7.7-SNAPSHOT\spring-boot-starter-jdbc-2.7.7-20221222.092404-18.jar;C:\Users\user\.m2\repository\com\zaxxer\HikariCP\4.0.3\HikariCP-4.0.3.jar;C:\Users\user\.m2\repository\org\springframework\spring-jdbc\5.3.24\spring-jdbc-5.3.24.jar;C:\Users\user\.m2\repository\jakarta\transaction\jakarta.transaction-api\1.3.3\jakarta.transaction-api-1.3.3.jar;C:\Users\user\.m2\repository\jakarta\persistence\jakarta.persistence-api\2.2.3\jakarta.persistence-api-2.2.3.jar;C:\Users\user\.m2\repository\org\hibernate\hibernate-core\5.6.14.Final\hibernate-core-5.6.14.Final.jar;C:\Users\user\.m2\repository\org\jboss\logging\jboss-logging\3.4.3.Final\jboss-logging-3.4.3.Final.jar;C:\Users\user\.m2\repository\net\bytebuddy\byte-buddy\1.12.20\byte-buddy-1.12.20.jar;C:\Users\user\.m2\repository\antlr\antlr\2.7.7\antlr-2.7.7.jar;C:\Users\user\.m2\repository\org\jboss\jandex\2.4.2.Final\jandex-2.4.2.Final.jar;C:\Users\user\.m2\repository\org\hibernate\common\hibernate-commons-annotations\5.1.2.Final\hibernate-commons-annotations-5.1.2.Final.jar;C:\Users\user\.m2\repository\org\glassfish\jaxb\jaxb-runtime\2.3.7\jaxb-runtime-2.3.7.jar;C:\Users\user\.m2\repository\org\glassfish\jaxb\txw2\2.3.7\txw2-2.3.7.jar;C:\Users\user\.m2\repository\com\sun\istack\istack-commons-runtime\3.0.12\istack-commons-runtime-3.0.12.jar;C:\Users\user\.m2\repository\com\sun\activation\jakarta.activation\1.2.2\jakarta.activation-1.2.2.jar;C:\Users\user\.m2\repository\org\springframework\data\spring-data-jpa\2.7.6\spring-data-jpa-2.7.6.jar;C:\Users\user\.m2\repository\org\springframework\data\spring-data-commons\2.7.6\spring-data-commons-2.7.6.jar;C:\Users\user\.m2\repository\org\springframework\spring-orm\5.3.24\spring-orm-5.3.24.jar;C:\Users\user\.m2\repository\org\springframework\spring-context\5.3.24\spring-context-5.3.24.jar;C:\Users\user\.m2\repository\org\springframework\spring-tx\5.3.24\spring-tx-5.3.24.jar;C:\Users\user\.m2\repository\org\springframework\spring-beans\5.3.24\spring-beans-5.3.24.jar;C:\Users\user\.m2\repository\org\springframework\spring-aspects\5.3.24\spring-aspects-5.3.24.jar;C:\Users\user\.m2\repository\org\springframework\boot\spring-boot-starter-web\2.7.7-SNAPSHOT\spring-boot-starter-web-2.7.7-20221222.092404-18.jar;C:\Users\user\.m2\repository\org\springframework\boot\spring-boot-starter\2.7.7-SNAPSHOT\spring-boot-starter-2.7.7-20221222.092404-18.jar;C:\Users\user\.m2\repository\org\springframework\boot\spring-boot-starter-logging\2.7.7-SNAPSHOT\spring-boot-starter-logging-2.7.7-20221222.092404-18.jar;C:\Users\user\.m2\repository\ch\qos\logback\logback-classic\1.2.11\logback-classic-1.2.11.jar;C:\Users\user\.m2\repository\ch\qos\logback\logback-core\1.2.11\logback-core-1.2.11.jar;C:\Users\user\.m2\repository\org\apache\logging\log4j\log4j-to-slf4j\2.17.2\log4j-to-slf4j-2.17.2.jar;C:\Users\user\.m2\repository\org\apache\logging\log4j\log4j-api\2.17.2\log4j-api-2.17.2.jar;C:\Users\user\.m2\repository\org\slf4j\jul-to-slf4j\1.7.36\jul-to-slf4j-1.7.36.jar;C:\Users\user\.m2\repository\jakarta\annotation\jakarta.annotation-api\1.3.5\jakarta.annotation-api-1.3.5.jar;C:\Users\user\.m2\repository\org\yaml\snakeyaml\1.30\snakeyaml-1.30.jar;C:\Users\user\.m2\repository\org\springframework\boot\spring-boot-starter-json\2.7.7-SNAPSHOT\spring-boot-starter-json-2.7.7-20221222.092404-18.jar;C:\Users\user\.m2\repository\com\fasterxml\jackson\datatype\jackson-datatype-jdk8\2.13.4\jackson-datatype-jdk8-2.13.4.jar;C:\Users\user\.m2\repository\com\fasterxml\jackson\datatype\jackson-datatype-jsr310\2.13.4\jackson-datatype-jsr310-2.13.4.jar;C:\Users\user\.m2\repository\com\fasterxml\jackson\module\jackson-module-parameter-names\2.13.4\jackson-module-parameter-names-2.13.4.jar;C:\Users\user\.m2\repository\org\springframework\boot\spring-boot-starter-tomcat\2.7.7-SNAPSHOT\spring-boot-starter-tomcat-2.7.7-20221222.092404-18.jar;C:\Users\user\.m2\repository\org\apache\tomcat\embed\tomcat-embed-core\9.0.70\tomcat-embed-core-9.0.70.jar;C:\Users\user\.m2\repository\org\apache\tomcat\embed\tomcat-embed-websocket\9.0.70\tomcat-embed-websocket-9.0.70.jar;C:\Users\user\.m2\repository\org\springframework\spring-web\5.3.24\spring-web-5.3.24.jar;C:\Users\user\.m2\repository\org\springframework\spring-webmvc\5.3.24\spring-webmvc-5.3.24.jar;C:\Users\user\.m2\repository\org\springframework\spring-expression\5.3.24\spring-expression-5.3.24.jar;C:\Users\user\.m2\repository\org\springframework\boot\spring-boot-devtools\2.7.7-SNAPSHOT\spring-boot-devtools-2.7.7-20221222.092404-18.jar;C:\Users\user\.m2\repository\org\springframework\boot\spring-boot\2.7.7-SNAPSHOT\spring-boot-2.7.7-20221222.092404-18.jar;C:\Users\user\.m2\repository\org\springframework\boot\spring-boot-autoconfigure\2.7.7-SNAPSHOT\spring-boot-autoconfigure-2.7.7-20221222.092404-18.jar;C:\Users\user\.m2\repository\com\h2database\h2\2.1.214\h2-2.1.214.jar;C:\Users\user\.m2\repository\com\mysql\mysql-connector-j\8.0.31\mysql-connector-j-8.0.31.jar;C:\Users\user\.m2\repository\org\springframework\boot\spring-boot-configuration-processor\2.7.7-SNAPSHOT\spring-boot-configuration-processor-2.7.7-20221222.092404-18.jar;C:\Users\user\.m2\repository\org\projectlombok\lombok\1.18.24\lombok-1.18.24.jar;C:\Users\user\.m2\repository\org\springframework\boot\spring-boot-starter-test\2.7.7-SNAPSHOT\spring-boot-starter-test-2.7.7-20221222.092404-18.jar;C:\Users\user\.m2\repository\org\springframework\boot\spring-boot-test\2.7.7-SNAPSHOT\spring-boot-test-2.7.7-20221222.092404-18.jar;C:\Users\user\.m2\repository\org\springframework\boot\spring-boot-test-autoconfigure\2.7.7-SNAPSHOT\spring-boot-test-autoconfigure-2.7.7-20221222.092404-18.jar;C:\Users\user\.m2\repository\com\jayway\jsonpath\json-path\2.7.0\json-path-2.7.0.jar;C:\Users\user\.m2\repository\net\minidev\json-smart\2.4.8\json-smart-2.4.8.jar;C:\Users\user\.m2\repository\net\minidev\accessors-smart\2.4.8\accessors-smart-2.4.8.jar;C:\Users\user\.m2\repository\org\ow2\asm\asm\9.1\asm-9.1.jar;C:\Users\user\.m2\repository\jakarta\xml\bind\jakarta.xml.bind-api\2.3.3\jakarta.xml.bind-api-2.3.3.jar;C:\Users\user\.m2\repository\jakarta\activation\jakarta.activation-api\1.2.2\jakarta.activation-api-1.2.2.jar;C:\Users\user\.m2\repository\org\assertj\assertj-core\3.22.0\assertj-core-3.22.0.jar;C:\Users\user\.m2\repository\org\hamcrest\hamcrest\2.2\hamcrest-2.2.jar;C:\Users\user\.m2\repository\org\junit\jupiter\junit-jupiter\5.8.2\junit-jupiter-5.8.2.jar;C:\Users\user\.m2\repository\org\junit\jupiter\junit-jupiter-params\5.8.2\junit-jupiter-params-5.8.2.jar;C:\Users\user\.m2\repository\org\mockito\mockito-core\4.5.1\mockito-core-4.5.1.jar;C:\Users\user\.m2\repository\net\bytebuddy\byte-buddy-agent\1.12.20\byte-buddy-agent-1.12.20.jar;C:\Users\user\.m2\repository\org\objenesis\objenesis\3.2\objenesis-3.2.jar;C:\Users\user\.m2\repository\org\mockito\mockito-junit-jupiter\4.5.1\mockito-junit-jupiter-4.5.1.jar;C:\Users\user\.m2\repository\org\skyscreamer\jsonassert\1.5.1\jsonassert-1.5.1.jar;C:\Users\user\.m2\repository\com\vaadin\external\google\android-json\0.0.20131108.vaadin1\android-json-0.0.20131108.vaadin1.jar;C:\Users\user\.m2\repository\org\springframework\spring-core\5.3.24\spring-core-5.3.24.jar;C:\Users\user\.m2\repository\org\springframework\spring-jcl\5.3.24\spring-jcl-5.3.24.jar;C:\Users\user\.m2\repository\org\springframework\spring-test\5.3.24\spring-test-5.3.24.jar;C:\Users\user\.m2\repository\org\xmlunit\xmlunit-core\2.9.0\xmlunit-core-2.9.0.jar;C:\Users\user\.m2\repository\com\fasterxml\jackson\core\jackson-databind\2.14.0\jackson-databind-2.14.0.jar;C:\Users\user\.m2\repository\com\fasterxml\jackson\core\jackson-annotations\2.13.4\jackson-annotations-2.13.4.jar;C:\Users\user\.m2\repository\com\fasterxml\jackson\core\jackson-core\2.13.4\jackson-core-2.13.4.jar;C:\Users\user\.m2\repository\io\springfox\springfox-boot-starter\3.0.0\springfox-boot-starter-3.0.0.jar;C:\Users\user\.m2\repository\io\springfox\springfox-oas\3.0.0\springfox-oas-3.0.0.jar;C:\Users\user\.m2\repository\io\swagger\core\v3\swagger-annotations\2.1.2\swagger-annotations-2.1.2.jar;C:\Users\user\.m2\repository\io\swagger\core\v3\swagger-models\2.1.2\swagger-models-2.1.2.jar;C:\Users\user\.m2\repository\io\springfox\springfox-spi\3.0.0\springfox-spi-3.0.0.jar;C:\Users\user\.m2\repository\io\springfox\springfox-schema\3.0.0\springfox-schema-3.0.0.jar;C:\Users\user\.m2\repository\io\springfox\springfox-core\3.0.0\springfox-core-3.0.0.jar;C:\Users\user\.m2\repository\io\springfox\springfox-spring-web\3.0.0\springfox-spring-web-3.0.0.jar;C:\Users\user\.m2\repository\io\github\classgraph\classgraph\4.8.83\classgraph-4.8.83.jar;C:\Users\user\.m2\repository\io\springfox\springfox-spring-webmvc\3.0.0\springfox-spring-webmvc-3.0.0.jar;C:\Users\user\.m2\repository\io\springfox\springfox-spring-webflux\3.0.0\springfox-spring-webflux-3.0.0.jar;C:\Users\user\.m2\repository\io\springfox\springfox-swagger-common\3.0.0\springfox-swagger-common-3.0.0.jar;C:\Users\user\.m2\repository\org\mapstruct\mapstruct\1.3.1.Final\mapstruct-1.3.1.Final.jar;C:\Users\user\.m2\repository\io\springfox\springfox-data-rest\3.0.0\springfox-data-rest-3.0.0.jar;C:\Users\user\.m2\repository\io\springfox\springfox-bean-validators\3.0.0\springfox-bean-validators-3.0.0.jar;C:\Users\user\.m2\repository\io\springfox\springfox-swagger2\3.0.0\springfox-swagger2-3.0.0.jar;C:\Users\user\.m2\repository\io\swagger\swagger-annotations\1.5.20\swagger-annotations-1.5.20.jar;C:\Users\user\.m2\repository\io\swagger\swagger-models\1.5.20\swagger-models-1.5.20.jar;C:\Users\user\.m2\repository\io\springfox\springfox-swagger-ui\3.0.0\springfox-swagger-ui-3.0.0.jar;C:\Users\user\.m2\repository\com\fasterxml\classmate\1.5.1\classmate-1.5.1.jar;C:\Users\user\.m2\repository\org\slf4j\slf4j-api\1.7.36\slf4j-api-1.7.36.jar;C:\Users\user\.m2\repository\org\springframework\plugin\spring-plugin-core\2.0.0.RELEASE\spring-plugin-core-2.0.0.RELEASE.jar;C:\Users\user\.m2\repository\org\springframework\plugin\spring-plugin-metadata\2.0.0.RELEASE\spring-plugin-metadata-2.0.0.RELEASE.jar;C:\Users\user\.m2\repository\org\springframework\boot\spring-boot-starter-validation\2.7.7-SNAPSHOT\spring-boot-starter-validation-2.7.7-20221222.092404-18.jar;C:\Users\user\.m2\repository\org\apache\tomcat\embed\tomcat-embed-el\9.0.70\tomcat-embed-el-9.0.70.jar;C:\Users\user\.m2\repository\org\hibernate\validator\hibernate-validator\6.2.5.Final\hibernate-validator-6.2.5.Final.jar;C:\Users\user\.m2\repository\jakarta\validation\jakarta.validation-api\2.0.2\jakarta.validation-api-2.0.2.jar;C:\Users\user\.m2\repository\org\junit\jupiter\junit-jupiter-api\5.9.0\junit-jupiter-api-5.9.0.jar;C:\Users\user\.m2\repository\org\opentest4j\opentest4j\1.2.0\opentest4j-1.2.0.jar;C:\Users\user\.m2\repository\org\junit\platform\junit-platform-commons\1.8.2\junit-platform-commons-1.8.2.jar;C:\Users\user\.m2\repository\org\apiguardian\apiguardian-api\1.1.2\apiguardian-api-1.1.2.jar;C:\Users\user\.m2\repository\org\junit\jupiter\junit-jupiter-engine\5.9.0\junit-jupiter-engine-5.9.0.jar;C:\Users\user\.m2\repository\org\junit\platform\junit-platform-engine\1.8.2\junit-platform-engine-1.8.2.jar
Launcher Type: SUN_STANDARD

[Global flags]
     intx CICompilerCount                          = 4                                         {product} {ergonomic}
     uint ConcGCThreads                            = 2                                         {product} {ergonomic}
     uint G1ConcRefinementThreads                  = 8                                         {product} {ergonomic}
   size_t G1HeapRegionSize                         = 1048576                                   {product} {ergonomic}
    uintx GCDrainStackTargetSize                   = 64                                        {product} {ergonomic}
   size_t InitialHeapSize                          = 132120576                                 {product} {ergonomic}
   size_t MarkStackSize                            = 4194304                                   {product} {ergonomic}
   size_t MaxHeapSize                              = 2097152000                                {product} {ergonomic}
   size_t MaxNewSize                               = 1258291200                                {product} {ergonomic}
   size_t MinHeapDeltaBytes                        = 1048576                                   {product} {ergonomic}
   size_t MinHeapSize                              = 8388608                                   {product} {ergonomic}
    uintx NonNMethodCodeHeapSize                   = 5839372                                {pd product} {ergonomic}
    uintx NonProfiledCodeHeapSize                  = 122909434                              {pd product} {ergonomic}
    uintx ProfiledCodeHeapSize                     = 122909434                              {pd product} {ergonomic}
    uintx ReservedCodeCacheSize                    = 251658240                              {pd product} {ergonomic}
     bool SegmentedCodeCache                       = true                                      {product} {ergonomic}
   size_t SoftMaxHeapSize                          = 2097152000                             {manageable} {ergonomic}
     bool UseCompressedClassPointers               = true                           {product lp64_product} {ergonomic}
     bool UseCompressedOops                        = true                           {product lp64_product} {ergonomic}
     bool UseG1GC                                  = true                                      {product} {ergonomic}
     bool UseLargePagesIndividualAllocation        = false                                  {pd product} {ergonomic}

Logging:
Log output configuration:
 #0: stdout all=warning uptime,level,tags foldmultilines=false
 #1: stderr all=off uptime,level,tags foldmultilines=false

Environment Variables:
JAVA_HOME=C:\Program Files\Java\jdk-17.0.1\bin
PATH=C:\Program Files\Common Files\Oracle\Java\javapath;C:\DevSuiteHome_3\jdk\jre\bin\classic;C:\DevSuiteHome_3\jdk\jre\bin;C:\DevSuiteHome_3\jdk\jre\bin\client;C:\DevSuiteHome_3\jlib;C:\DevSuiteHome_3\bin;C:\DevSuiteHome_3\jre\1.4.2\bin\client;C:\DevSuiteHome_3\jre\1.4.2\bin;C:\oraclexe\app\oracle\product\10.2.0\server\bin;C:\WINDOWS\system32;C:\WINDOWS;C:\WINDOWS\System32\Wbem;C:\WINDOWS\System32\WindowsPowerShell\v1.0\;C:\WINDOWS\System32\OpenSSH\;C:\Program Files\dotnet\;C:\Program Files\Git\cmd;C:\Program Files\Microsoft SQL Server\130\Tools\Binn\;C:\Program Files\Java\jdk-17.0.1\bin;C:\Users\user\AppData\Local\Microsoft\WindowsApps;C:\Users\user\.dotnet\tools;C:\Users\user\AppData\Local\Programs\Microsoft VS Code\bin;C:\Users\user\OneDrive\Documents\Flutter\flutter\bin;;C:\Program Files\JetBrains\IntelliJ IDEA Community Edition 2022.2.3\bin;
USERNAME=user
OS=Windows_NT
PROCESSOR_IDENTIFIER=Intel64 Family 6 Model 142 Stepping 12, GenuineIntel
TMP=C:\Users\user\AppData\Local\Temp
TEMP=C:\Users\user\AppData\Local\Temp



---------------  S Y S T E M  ---------------

OS:
 Windows 10 , 64 bit Build 19041 (10.0.19041.2364)
OS uptime: 0 days 1:40 hours

CPU: total 8 (initial active 8) (4 cores per cpu, 2 threads per core) family 6 model 142 stepping 12 microcode 0xde, cx8, cmov, fxsr, ht, mmx, 3dnowpref, sse, sse2, sse3, ssse3, sse4.1, sse4.2, popcnt, lzcnt, tsc, tscinvbit, avx, avx2, aes, erms, clmul, bmi1, bmi2, adx, fma, vzeroupper, clflush, clflushopt, rdtscp

Memory: 4k page, system-wide physical 7995M (1307M free)
TotalPageFile size 10043M (AvailPageFile size 6M)
current process WorkingSet (physical memory assigned to process): 199M, peak: 202M
current process commit charge ("private bytes"): 274M, peak: 279M

vm_info: Java HotSpot(TM) 64-Bit Server VM (19.0.1+10-21) for windows-amd64 JRE (19.0.1+10-21), built on 2022-09-14T12:45:06Z by "mach5one" with MS VC++ 17.1 (VS2022)

END.
