#
# There is insufficient memory for the Java Runtime Environment to continue.
# Native memory allocation (malloc) failed to allocate 1900816 bytes for Chunk::new
# Possible reasons:
#   The system is out of physical RAM or swap space
#   The process is running with CompressedOops enabled, and the Java Heap may be blocking the growth of the native heap
# Possible solutions:
#   Reduce memory load on the system
#   Increase physical memory or swap space
#   Check if swap backing store is full
#   Decrease Java heap size (-Xmx/-Xms)
#   Decrease number of Java threads
#   Decrease Java thread stack sizes (-Xss)
#   Set larger code cache with -XX:ReservedCodeCacheSize=
#   JVM is running with Unscaled Compressed Oops mode in which the Java heap is
#     placed in the first 4GB address space. The Java Heap base address is the
#     maximum limit for the native heap growth. Please use -XX:HeapBaseMinAddress
#     to set the Java Heap base and to place the Java Heap above 4GB virtual address.
# This output file may be truncated or incomplete.
#
#  Out of Memory Error (arena.cpp:184), pid=1896, tid=7732
#
# JRE version: Java(TM) SE Runtime Environment (19.0.1+10) (build 19.0.1+10-21)
# Java VM: Java HotSpot(TM) 64-Bit Server VM (19.0.1+10-21, mixed mode, sharing, tiered, compressed oops, compressed class ptrs, g1 gc, windows-amd64)
# No core dump will be written. Minidumps are not enabled by default on client versions of Windows
#

---------------  S U M M A R Y ------------

Command Line: -javaagent:C:\Program Files\JetBrains\IntelliJ IDEA Community Edition 2022.2.3\lib\idea_rt.jar=55437:C:\Program Files\JetBrains\IntelliJ IDEA Community Edition 2022.2.3\bin -Dfile.encoding=UTF-8 -Dsun.stdout.encoding=UTF-8 -Dsun.stderr.encoding=UTF-8 com.example.cityHotel.CityHotelApplication

Host: Intel(R) Core(TM) i7-10510U CPU @ 1.80GHz, 8 cores, 7G,  Windows 10 , 64 bit Build 19041 (10.0.19041.2364)
Time: Sun Dec 18 21:26:32 2022 West Bank Gaza Standard Time elapsed time: 6.964499 seconds (0d 0h 0m 6s)

---------------  T H R E A D  ---------------

Current thread (0x000001b8a1d5e370):  JavaThread "C2 CompilerThread0" daemon [_thread_in_native, id=7732, stack(0x0000003e39800000,0x0000003e39900000)]


Current CompileTask:
C2:   6964 4448       4       org.springframework.core.annotation.TypeMappedAnnotations::get (52 bytes)

Stack: [0x0000003e39800000,0x0000003e39900000]
Native frames: (J=compiled Java code, j=interpreted, Vv=VM code, C=native code)
V  [jvm.dll+0x6ee8fa]
V  [jvm.dll+0x857a1e]
V  [jvm.dll+0x85940e]
V  [jvm.dll+0x859ac3]
V  [jvm.dll+0x28291f]
V  [jvm.dll+0xc9b5f]
V  [jvm.dll+0xc9ee5]
V  [jvm.dll+0x3bcb72]
V  [jvm.dll+0x386201]
V  [jvm.dll+0x38567a]
V  [jvm.dll+0x24c2c9]
V  [jvm.dll+0x24b671]
V  [jvm.dll+0x1d6d61]
V  [jvm.dll+0x25b0fa]
V  [jvm.dll+0x259588]
V  [jvm.dll+0x807928]
V  [jvm.dll+0x8015fa]
V  [jvm.dll+0x6ed5eb]
C  [ucrtbase.dll+0x21bb2]
C  [KERNEL32.DLL+0x17614]
C  [ntdll.dll+0x526a1]


---------------  P R O C E S S  ---------------

Threads class SMR info:
_java_thread_list=0x000001b8a744d4a0, length=23, elements={
0x000001b881688890, 0x000001b8a1d4d780, 0x000001b8a1d4e570, 0x000001b8a1d53bc0,
0x000001b8a1d55500, 0x000001b8a1d565d0, 0x000001b8a1d577e0, 0x000001b8a1d5e370,
0x000001b8a1d62c80, 0x000001b8a1d755e0, 0x000001b8a60b2b10, 0x000001b8a60b3060,
0x000001b8a60b3b00, 0x000001b8a60b35b0, 0x000001b8a60b45a0, 0x000001b8a60b5040,
0x000001b8a60b25c0, 0x000001b8a60b4af0, 0x000001b8a60b5590, 0x000001b8a8a82150,
0x000001b8a8a84bd0, 0x000001b8a8678840, 0x000001b8a8679e80
}

Java Threads: ( => current thread )
  0x000001b881688890 JavaThread "main" [_thread_blocked, id=9948, stack(0x0000003e38b00000,0x0000003e38c00000)]
  0x000001b8a1d4d780 JavaThread "Reference Handler" daemon [_thread_blocked, id=11092, stack(0x0000003e39200000,0x0000003e39300000)]
  0x000001b8a1d4e570 JavaThread "Finalizer" daemon [_thread_blocked, id=3884, stack(0x0000003e39300000,0x0000003e39400000)]
  0x000001b8a1d53bc0 JavaThread "Signal Dispatcher" daemon [_thread_blocked, id=6108, stack(0x0000003e39400000,0x0000003e39500000)]
  0x000001b8a1d55500 JavaThread "Attach Listener" daemon [_thread_blocked, id=10824, stack(0x0000003e39500000,0x0000003e39600000)]
  0x000001b8a1d565d0 JavaThread "Service Thread" daemon [_thread_blocked, id=3024, stack(0x0000003e39600000,0x0000003e39700000)]
  0x000001b8a1d577e0 JavaThread "Monitor Deflation Thread" daemon [_thread_blocked, id=1688, stack(0x0000003e39700000,0x0000003e39800000)]
=>0x000001b8a1d5e370 JavaThread "C2 CompilerThread0" daemon [_thread_in_native, id=7732, stack(0x0000003e39800000,0x0000003e39900000)]
  0x000001b8a1d62c80 JavaThread "C1 CompilerThread0" daemon [_thread_in_native, id=9976, stack(0x0000003e39900000,0x0000003e39a00000)]
  0x000001b8a1d755e0 JavaThread "Sweeper thread" daemon [_thread_blocked, id=11484, stack(0x0000003e39a00000,0x0000003e39b00000)]
  0x000001b8a60b2b10 JavaThread "Common-Cleaner" daemon [_thread_blocked, id=8104, stack(0x0000003e39b00000,0x0000003e39c00000)]
  0x000001b8a60b3060 JavaThread "Monitor Ctrl-Break" daemon [_thread_in_native, id=8728, stack(0x0000003e39c00000,0x0000003e39d00000)]
  0x000001b8a60b3b00 JavaThread "Notification Thread" daemon [_thread_blocked, id=12168, stack(0x0000003e39d00000,0x0000003e39e00000)]
  0x000001b8a60b35b0 JavaThread "Thread-0" [_thread_blocked, id=4368, stack(0x0000003e3a000000,0x0000003e3a100000)]
  0x000001b8a60b45a0 JavaThread "restartedMain" [_thread_in_Java, id=3776, stack(0x0000003e3a100000,0x0000003e3a200000)]
  0x000001b8a60b5040 JavaThread "mysql-cj-abandoned-connection-cleanup" daemon [_thread_blocked, id=11892, stack(0x0000003e3ab00000,0x0000003e3ac00000)]
  0x000001b8a60b25c0 JavaThread "HikariPool-1 housekeeper" daemon [_thread_blocked, id=10304, stack(0x0000003e3ad00000,0x0000003e3ae00000)]
  0x000001b8a60b4af0 JavaThread "Catalina-utility-1" [_thread_blocked, id=8028, stack(0x0000003e3ae00000,0x0000003e3af00000)]
  0x000001b8a60b5590 JavaThread "Catalina-utility-2" [_thread_blocked, id=10652, stack(0x0000003e3af00000,0x0000003e3b000000)]
  0x000001b8a8a82150 JavaThread "container-0" [_thread_blocked, id=5040, stack(0x0000003e3b000000,0x0000003e3b100000)]
  0x000001b8a8a84bd0 JavaThread "HikariPool-1 connection adder" daemon [_thread_blocked, id=436, stack(0x0000003e3b100000,0x0000003e3b200000)]
  0x000001b8a8678840 JavaThread "C2 CompilerThread1" daemon [_thread_in_native, id=8784, stack(0x0000003e39f00000,0x0000003e3a000000)]
  0x000001b8a8679e80 JavaThread "C2 CompilerThread2" daemon [_thread_in_native, id=13844, stack(0x0000003e3a900000,0x0000003e3aa00000)]

Other Threads:
  0x000001b8a1d2ea40 VMThread "VM Thread" [stack: 0x0000003e39100000,0x0000003e39200000] [id=3480]
  0x000001b8a63fecb0 WatcherThread "VM Periodic Task Thread" [stack: 0x0000003e39e00000,0x0000003e39f00000] [id=2840]
  0x000001b8816e73a0 WorkerThread "GC Thread#0" [stack: 0x0000003e38c00000,0x0000003e38d00000] [id=7508]
  0x000001b8a6b80d20 WorkerThread "GC Thread#1" [stack: 0x0000003e3a200000,0x0000003e3a300000] [id=13624]
  0x000001b8a6bf6160 WorkerThread "GC Thread#2" [stack: 0x0000003e3a300000,0x0000003e3a400000] [id=3584]
  0x000001b8a6babb30 WorkerThread "GC Thread#3" [stack: 0x0000003e3a400000,0x0000003e3a500000] [id=8684]
  0x000001b8a6bab860 WorkerThread "GC Thread#4" [stack: 0x0000003e3a500000,0x0000003e3a600000] [id=11576]
  0x000001b8a6baaff0 WorkerThread "GC Thread#5" [stack: 0x0000003e3a600000,0x0000003e3a700000] [id=1692]
  0x000001b8a6bac3a0 WorkerThread "GC Thread#6" [stack: 0x0000003e3a700000,0x0000003e3a800000] [id=6180]
  0x000001b8a6babe00 WorkerThread "GC Thread#7" [stack: 0x0000003e3a800000,0x0000003e3a900000] [id=14256]
  0x000001b8816f8eb0 ConcurrentGCThread "G1 Main Marker" [stack: 0x0000003e38d00000,0x0000003e38e00000] [id=3660]
  0x000001b8816fa080 WorkerThread "G1 Conc#0" [stack: 0x0000003e38e00000,0x0000003e38f00000] [id=14068]
  0x000001b8a82687b0 WorkerThread "G1 Conc#1" [stack: 0x0000003e3aa00000,0x0000003e3ab00000] [id=7592]
  0x000001b8a1bef130 ConcurrentGCThread "G1 Refine#0" [stack: 0x0000003e38f00000,0x0000003e39000000] [id=12632]
  0x000001b8a1befc70 ConcurrentGCThread "G1 Service" [stack: 0x0000003e39000000,0x0000003e39100000] [id=10932]

Threads with active compile tasks:
C2 CompilerThread0     6988 4448       4       org.springframework.core.annotation.TypeMappedAnnotations::get (52 bytes)
C1 CompilerThread0     6988 4588   !   3       org.springframework.core.SerializableTypeWrapper$TypeProxyInvocationHandler::invoke (325 bytes)
C2 CompilerThread1     6988 4371       4       org.springframework.core.annotation.AnnotationsScanner::scan (18 bytes)
C2 CompilerThread2     6988 4363   !   4       org.springframework.core.annotation.AnnotationsScanner::processMethodHierarchy (276 bytes)

VM state: not at safepoint (normal execution)

VM Mutex/Monitor currently owned by a thread: None

Heap address: 0x0000000083000000, size: 2000 MB, Compressed Oops mode: 32-bit

CDS archive(s) mapped at: [0x0000000800000000-0x0000000800c40000-0x0000000800c40000), size 12845056, SharedBaseAddress: 0x0000000800000000, ArchiveRelocationMode: 0.
Compressed class space mapped at: 0x0000000801000000-0x0000000841000000, reserved size: 1073741824
Narrow klass base: 0x0000000800000000, Narrow klass shift: 0, Narrow klass range: 0x100000000

GC Precious Log:
 CardTable entry size: 512
 Card Set container configuration: InlinePtr #cards 5 size 8 Array Of Cards #cards 12 size 40 Howl #buckets 4 coarsen threshold 1843 Howl Bitmap #cards 512 size 80 coarsen threshold 460 Card regions per heap region 1 cards per card region 2048
 CPUs: 8 total, 8 available
 Memory: 7995M
 Large Page Support: Disabled
 NUMA Support: Disabled
 Compressed Oops: Enabled (32-bit)
 Heap Region Size: 1M
 Heap Min Capacity: 8M
 Heap Initial Capacity: 126M
 Heap Max Capacity: 2000M
 Pre-touch: Disabled
 Parallel Workers: 8
 Concurrent Workers: 2
 Concurrent Refinement Workers: 8
 Periodic GC: Disabled

Heap:
 garbage-first heap   total 78848K, used 37111K [0x0000000083000000, 0x0000000100000000)
  region size 1024K, 19 young (19456K), 2 survivors (2048K)
 Metaspace       used 47491K, committed 47872K, reserved 1114112K
  class space    used 6169K, committed 6336K, reserved 1048576K

Heap Regions: E=young(eden), S=young(survivor), O=old, HS=humongous(starts), HC=humongous(continues), CS=collection set, F=free, OA=open archive, CA=closed archive, TAMS=top-at-mark-start (previous, next)
|   0|0x0000000083000000, 0x0000000083100000, 0x0000000083100000|100%|HS|  |TAMS 0x0000000083100000, 0x0000000083000000| Complete 
|   1|0x0000000083100000, 0x0000000083200000, 0x0000000083200000|100%| O|  |TAMS 0x0000000083200000, 0x0000000083100000| Untracked 
|   2|0x0000000083200000, 0x0000000083300000, 0x0000000083300000|100%| O|  |TAMS 0x0000000083300000, 0x0000000083200000| Untracked 
|   3|0x0000000083300000, 0x0000000083400000, 0x0000000083400000|100%| O|  |TAMS 0x0000000083400000, 0x0000000083300000| Untracked 
|   4|0x0000000083400000, 0x0000000083500000, 0x0000000083500000|100%| O|  |TAMS 0x0000000083500000, 0x0000000083400000| Untracked 
|   5|0x0000000083500000, 0x0000000083600000, 0x0000000083600000|100%| O|  |TAMS 0x0000000083600000, 0x0000000083500000| Untracked 
|   6|0x0000000083600000, 0x0000000083700000, 0x0000000083700000|100%| O|  |TAMS 0x0000000083700000, 0x0000000083600000| Untracked 
|   7|0x0000000083700000, 0x0000000083800000, 0x0000000083800000|100%| O|  |TAMS 0x0000000083800000, 0x0000000083700000| Untracked 
|   8|0x0000000083800000, 0x0000000083900000, 0x0000000083900000|100%| O|  |TAMS 0x0000000083900000, 0x0000000083800000| Untracked 
|   9|0x0000000083900000, 0x0000000083a00000, 0x0000000083a00000|100%| O|  |TAMS 0x0000000083a00000, 0x0000000083900000| Untracked 
|  10|0x0000000083a00000, 0x0000000083b00000, 0x0000000083b00000|100%| O|  |TAMS 0x0000000083b00000, 0x0000000083a00000| Untracked 
|  11|0x0000000083b00000, 0x0000000083c00000, 0x0000000083c00000|100%| O|  |TAMS 0x0000000083c00000, 0x0000000083b00000| Untracked 
|  12|0x0000000083c00000, 0x0000000083d00000, 0x0000000083d00000|100%| O|  |TAMS 0x0000000083d00000, 0x0000000083c00000| Untracked 
|  13|0x0000000083d00000, 0x0000000083e00000, 0x0000000083e00000|100%| O|  |TAMS 0x0000000083e00000, 0x0000000083d00000| Untracked 
|  14|0x0000000083e00000, 0x0000000083f00000, 0x0000000083f00000|100%| O|  |TAMS 0x0000000083f00000, 0x0000000083e00000| Untracked 
|  15|0x0000000083f00000, 0x0000000084000000, 0x0000000084000000|100%| O|  |TAMS 0x0000000083f92200, 0x0000000083f00000| Untracked 
|  16|0x0000000084000000, 0x0000000084100000, 0x0000000084100000|100%| O|  |TAMS 0x0000000084000000, 0x0000000084000000| Untracked 
|  17|0x0000000084100000, 0x0000000084200000, 0x0000000084200000|100%| O|  |TAMS 0x0000000084100000, 0x0000000084100000| Untracked 
|  18|0x0000000084200000, 0x00000000842eb000, 0x0000000084300000| 91%| O|  |TAMS 0x0000000084200000, 0x0000000084200000| Untracked 
|  19|0x0000000084300000, 0x0000000084300000, 0x0000000084400000|  0%| F|  |TAMS 0x0000000084300000, 0x0000000084300000| Untracked 
|  20|0x0000000084400000, 0x0000000084400000, 0x0000000084500000|  0%| F|  |TAMS 0x0000000084400000, 0x0000000084400000| Untracked 
|  21|0x0000000084500000, 0x0000000084500000, 0x0000000084600000|  0%| F|  |TAMS 0x0000000084500000, 0x0000000084500000| Untracked 
|  22|0x0000000084600000, 0x0000000084600000, 0x0000000084700000|  0%| F|  |TAMS 0x0000000084600000, 0x0000000084600000| Untracked 
|  23|0x0000000084700000, 0x0000000084700000, 0x0000000084800000|  0%| F|  |TAMS 0x0000000084700000, 0x0000000084700000| Untracked 
|  24|0x0000000084800000, 0x0000000084800000, 0x0000000084900000|  0%| F|  |TAMS 0x0000000084800000, 0x0000000084800000| Untracked 
|  25|0x0000000084900000, 0x0000000084900000, 0x0000000084a00000|  0%| F|  |TAMS 0x0000000084900000, 0x0000000084900000| Untracked 
|  26|0x0000000084a00000, 0x0000000084a00000, 0x0000000084b00000|  0%| F|  |TAMS 0x0000000084a00000, 0x0000000084a00000| Untracked 
|  27|0x0000000084b00000, 0x0000000084b52e78, 0x0000000084c00000| 32%| S|CS|TAMS 0x0000000084b00000, 0x0000000084b00000| Complete 
|  28|0x0000000084c00000, 0x0000000084d00000, 0x0000000084d00000|100%| S|CS|TAMS 0x0000000084c00000, 0x0000000084c00000| Complete 
|  29|0x0000000084d00000, 0x0000000084d00000, 0x0000000084e00000|  0%| F|  |TAMS 0x0000000084d00000, 0x0000000084d00000| Untracked 
|  30|0x0000000084e00000, 0x0000000084e00000, 0x0000000084f00000|  0%| F|  |TAMS 0x0000000084e00000, 0x0000000084e00000| Untracked 
|  31|0x0000000084f00000, 0x0000000084f00000, 0x0000000085000000|  0%| F|  |TAMS 0x0000000084f00000, 0x0000000084f00000| Untracked 
|  32|0x0000000085000000, 0x0000000085000000, 0x0000000085100000|  0%| F|  |TAMS 0x0000000085000000, 0x0000000085000000| Untracked 
|  33|0x0000000085100000, 0x0000000085100000, 0x0000000085200000|  0%| F|  |TAMS 0x0000000085100000, 0x0000000085100000| Untracked 
|  34|0x0000000085200000, 0x0000000085200000, 0x0000000085300000|  0%| F|  |TAMS 0x0000000085200000, 0x0000000085200000| Untracked 
|  35|0x0000000085300000, 0x0000000085300000, 0x0000000085400000|  0%| F|  |TAMS 0x0000000085300000, 0x0000000085300000| Untracked 
|  36|0x0000000085400000, 0x0000000085400000, 0x0000000085500000|  0%| F|  |TAMS 0x0000000085400000, 0x0000000085400000| Untracked 
|  37|0x0000000085500000, 0x0000000085500000, 0x0000000085600000|  0%| F|  |TAMS 0x0000000085500000, 0x0000000085500000| Untracked 
|  38|0x0000000085600000, 0x0000000085600000, 0x0000000085700000|  0%| F|  |TAMS 0x0000000085600000, 0x0000000085600000| Untracked 
|  39|0x0000000085700000, 0x0000000085700000, 0x0000000085800000|  0%| F|  |TAMS 0x0000000085700000, 0x0000000085700000| Untracked 
|  40|0x0000000085800000, 0x0000000085800000, 0x0000000085900000|  0%| F|  |TAMS 0x0000000085800000, 0x0000000085800000| Untracked 
|  41|0x0000000085900000, 0x0000000085900000, 0x0000000085a00000|  0%| F|  |TAMS 0x0000000085900000, 0x0000000085900000| Untracked 
|  42|0x0000000085a00000, 0x0000000085a00000, 0x0000000085b00000|  0%| F|  |TAMS 0x0000000085a00000, 0x0000000085a00000| Untracked 
|  43|0x0000000085b00000, 0x0000000085b00000, 0x0000000085c00000|  0%| F|  |TAMS 0x0000000085b00000, 0x0000000085b00000| Untracked 
|  44|0x0000000085c00000, 0x0000000085c00000, 0x0000000085d00000|  0%| F|  |TAMS 0x0000000085c00000, 0x0000000085c00000| Untracked 
|  45|0x0000000085d00000, 0x0000000085d00000, 0x0000000085e00000|  0%| F|  |TAMS 0x0000000085d00000, 0x0000000085d00000| Untracked 
|  46|0x0000000085e00000, 0x0000000085e00000, 0x0000000085f00000|  0%| F|  |TAMS 0x0000000085e00000, 0x0000000085e00000| Untracked 
|  47|0x0000000085f00000, 0x0000000085f00000, 0x0000000086000000|  0%| F|  |TAMS 0x0000000085f00000, 0x0000000085f00000| Untracked 
|  48|0x0000000086000000, 0x0000000086000000, 0x0000000086100000|  0%| F|  |TAMS 0x0000000086000000, 0x0000000086000000| Untracked 
|  49|0x0000000086100000, 0x0000000086100000, 0x0000000086200000|  0%| F|  |TAMS 0x0000000086100000, 0x0000000086100000| Untracked 
|  50|0x0000000086200000, 0x0000000086200000, 0x0000000086300000|  0%| F|  |TAMS 0x0000000086200000, 0x0000000086200000| Untracked 
|  51|0x0000000086300000, 0x0000000086300000, 0x0000000086400000|  0%| F|  |TAMS 0x0000000086300000, 0x0000000086300000| Untracked 
|  52|0x0000000086400000, 0x0000000086400000, 0x0000000086500000|  0%| F|  |TAMS 0x0000000086400000, 0x0000000086400000| Untracked 
|  53|0x0000000086500000, 0x0000000086500000, 0x0000000086600000|  0%| F|  |TAMS 0x0000000086500000, 0x0000000086500000| Untracked 
|  54|0x0000000086600000, 0x0000000086600000, 0x0000000086700000|  0%| F|  |TAMS 0x0000000086600000, 0x0000000086600000| Untracked 
|  55|0x0000000086700000, 0x0000000086700000, 0x0000000086800000|  0%| F|  |TAMS 0x0000000086700000, 0x0000000086700000| Untracked 
|  56|0x0000000086800000, 0x0000000086800000, 0x0000000086900000|  0%| F|  |TAMS 0x0000000086800000, 0x0000000086800000| Untracked 
|  57|0x0000000086900000, 0x0000000086900000, 0x0000000086a00000|  0%| F|  |TAMS 0x0000000086900000, 0x0000000086900000| Untracked 
|  58|0x0000000086a00000, 0x0000000086a00000, 0x0000000086b00000|  0%| F|  |TAMS 0x0000000086a00000, 0x0000000086a00000| Untracked 
|  59|0x0000000086b00000, 0x0000000086b00000, 0x0000000086c00000|  0%| F|  |TAMS 0x0000000086b00000, 0x0000000086b00000| Untracked 
|  60|0x0000000086c00000, 0x0000000086c580f8, 0x0000000086d00000| 34%| E|  |TAMS 0x0000000086c00000, 0x0000000086c00000| Complete 
|  61|0x0000000086d00000, 0x0000000086e00000, 0x0000000086e00000|100%| E|CS|TAMS 0x0000000086d00000, 0x0000000086d00000| Complete 
|  62|0x0000000086e00000, 0x0000000086f00000, 0x0000000086f00000|100%| E|CS|TAMS 0x0000000086e00000, 0x0000000086e00000| Complete 
|  63|0x0000000086f00000, 0x0000000087000000, 0x0000000087000000|100%| E|CS|TAMS 0x0000000086f00000, 0x0000000086f00000| Complete 
|  64|0x0000000087000000, 0x0000000087100000, 0x0000000087100000|100%| E|CS|TAMS 0x0000000087000000, 0x0000000087000000| Complete 
|  65|0x0000000087100000, 0x0000000087200000, 0x0000000087200000|100%| E|CS|TAMS 0x0000000087100000, 0x0000000087100000| Complete 
|  66|0x0000000087200000, 0x0000000087300000, 0x0000000087300000|100%| E|CS|TAMS 0x0000000087200000, 0x0000000087200000| Complete 
|  67|0x0000000087300000, 0x0000000087400000, 0x0000000087400000|100%| E|CS|TAMS 0x0000000087300000, 0x0000000087300000| Complete 
|  68|0x0000000087400000, 0x0000000087500000, 0x0000000087500000|100%| E|CS|TAMS 0x0000000087400000, 0x0000000087400000| Complete 
|  69|0x0000000087500000, 0x0000000087600000, 0x0000000087600000|100%| E|CS|TAMS 0x0000000087500000, 0x0000000087500000| Complete 
|  72|0x0000000087800000, 0x0000000087900000, 0x0000000087900000|100%| E|CS|TAMS 0x0000000087800000, 0x0000000087800000| Complete 
|  73|0x0000000087900000, 0x0000000087a00000, 0x0000000087a00000|100%| E|CS|TAMS 0x0000000087900000, 0x0000000087900000| Complete 
|  74|0x0000000087a00000, 0x0000000087b00000, 0x0000000087b00000|100%| E|CS|TAMS 0x0000000087a00000, 0x0000000087a00000| Complete 
|  75|0x0000000087b00000, 0x0000000087c00000, 0x0000000087c00000|100%| E|CS|TAMS 0x0000000087b00000, 0x0000000087b00000| Complete 
|  76|0x0000000087c00000, 0x0000000087d00000, 0x0000000087d00000|100%| E|CS|TAMS 0x0000000087c00000, 0x0000000087c00000| Complete 
|  77|0x0000000087d00000, 0x0000000087e00000, 0x0000000087e00000|100%| E|CS|TAMS 0x0000000087d00000, 0x0000000087d00000| Complete 
| 125|0x000000008ad00000, 0x000000008ae00000, 0x000000008ae00000|100%| E|CS|TAMS 0x000000008ad00000, 0x000000008ad00000| Complete 

Card table byte_map: [0x000001b89ac40000,0x000001b89b030000] _byte_map_base: 0x000001b89a828000

Marking Bits (Prev, Next): (CMBitMap*) 0x000001b8816e89e0, (CMBitMap*) 0x000001b8816e8a20
 Prev Bits: [0x000001b89b420000, 0x000001b89d360000)
 Next Bits: [0x000001b89d360000, 0x000001b89f2a0000)

Polling page: 0x000001b881750000

Metaspace:

Usage:
  Non-class:     40.37 MB used.
      Class:      6.03 MB used.
       Both:     46.40 MB used.

Virtual space:
  Non-class space:       64.00 MB reserved,      40.56 MB ( 63%) committed,  1 nodes.
      Class space:        1.00 GB reserved,       6.19 MB ( <1%) committed,  1 nodes.
             Both:        1.06 GB reserved,      46.75 MB (  4%) committed. 

Chunk freelists:
   Non-Class:  3.27 MB
       Class:  1.77 MB
        Both:  5.03 MB

MaxMetaspaceSize: unlimited
CompressedClassSpaceSize: 1.00 GB
Initial GC threshold: 21.00 MB
Current GC threshold: 59.00 MB
CDS: on
MetaspaceReclaimPolicy: balanced
 - commit_granule_bytes: 65536.
 - commit_granule_words: 8192.
 - virtual_space_node_default_size: 8388608.
 - enlarge_chunks_in_place: 1.
 - new_chunks_are_fully_committed: 0.
 - uncommit_free_chunks: 1.
 - use_allocation_guard: 0.


Internal statistics:

num_allocs_failed_limit: 6.
num_arena_births: 468.
num_arena_deaths: 0.
num_vsnodes_births: 2.
num_vsnodes_deaths: 0.
num_space_committed: 748.
num_space_uncommitted: 0.
num_chunks_returned_to_freelist: 6.
num_chunks_taken_from_freelist: 2146.
num_chunk_merges: 6.
num_chunk_splits: 1542.
num_chunks_enlarged: 1281.
num_inconsistent_stats: 0.

CodeHeap 'non-profiled nmethods': size=120000Kb used=2581Kb max_used=2581Kb free=117418Kb
 bounds [0x000001b8928b0000, 0x000001b892b40000, 0x000001b899de0000]
CodeHeap 'profiled nmethods': size=120000Kb used=9957Kb max_used=9957Kb free=110042Kb
 bounds [0x000001b88ade0000, 0x000001b88b7a0000, 0x000001b892310000]
CodeHeap 'non-nmethods': size=5760Kb used=1377Kb max_used=1414Kb free=4382Kb
 bounds [0x000001b892310000, 0x000001b892580000, 0x000001b8928b0000]
 total_blobs=5174 nmethods=4568 adapters=513
 compilation: enabled
              stopped_count=0, restarted_count=0
 full_count=0

Compilation events (20 events):
Event: 6.901 Thread 0x000001b8a1d62c80 4575       3       java.lang.reflect.Method::specificToGenericStringHeader (48 bytes)
Event: 6.903 Thread 0x000001b8a1d62c80 nmethod 4575 0x000001b88b790090 code [0x000001b88b7903e0, 0x000001b88b791958]
Event: 6.905 Thread 0x000001b8a1d62c80 4576       3       sun.reflect.generics.parser.SignatureParser::parseTypeArgument (135 bytes)
Event: 6.906 Thread 0x000001b8a1d62c80 nmethod 4576 0x000001b88b792110 code [0x000001b88b792460, 0x000001b88b793c68]
Event: 6.906 Thread 0x000001b8a1d62c80 4577       3       org.springframework.core.annotation.TypeMappedAnnotations$MergedAnnotationFinder::doWithAnnotations (10 bytes)
Event: 6.906 Thread 0x000001b8a1d62c80 nmethod 4577 0x000001b88b794210 code [0x000001b88b7943c0, 0x000001b88b794508]
Event: 6.908 Thread 0x000001b8a1d62c80 4578       3       org.springframework.core.convert.support.GenericConversionService$ConverterCacheKey::hashCode (19 bytes)
Event: 6.908 Thread 0x000001b8a1d62c80 nmethod 4578 0x000001b88b794610 code [0x000001b88b7947e0, 0x000001b88b794d98]
Event: 6.916 Thread 0x000001b8a1d62c80 4579       1       java.lang.reflect.Parameter::getRealName (5 bytes)
Event: 6.916 Thread 0x000001b8a1d62c80 nmethod 4579 0x000001b892b35210 code [0x000001b892b353a0, 0x000001b892b35458]
Event: 6.916 Thread 0x000001b8a1d62c80 4581       3       org.springframework.core.convert.TypeDescriptor$AnnotatedElementAdapter::<init> (15 bytes)
Event: 6.917 Thread 0x000001b8a1d62c80 nmethod 4581 0x000001b88b794f90 code [0x000001b88b795140, 0x000001b88b795358]
Event: 6.917 Thread 0x000001b8a1d62c80 4580       3       org.springframework.core.convert.TypeDescriptor::valueOf (42 bytes)
Event: 6.917 Thread 0x000001b8a1d62c80 nmethod 4580 0x000001b88b795410 code [0x000001b88b795600, 0x000001b88b795bc8]
Event: 6.917 Thread 0x000001b8a1d62c80 4582       3       java.lang.Exception::<init> (6 bytes)
Event: 6.918 Thread 0x000001b8a1d62c80 nmethod 4582 0x000001b88b795d90 code [0x000001b88b795f60, 0x000001b88b796388]
Event: 6.935 Thread 0x000001b8a1d62c80 4583       3       java.lang.reflect.ProxyGenerator$ProxyMethod::codeWrapArgument (54 bytes)
Event: 6.935 Thread 0x000001b8a1d62c80 nmethod 4583 0x000001b88b796490 code [0x000001b88b796680, 0x000001b88b796af8]
Event: 6.935 Thread 0x000001b8a1d62c80 4584       3       java.lang.reflect.ProxyGenerator::generateClassFile (282 bytes)
Event: 6.937 Thread 0x000001b8a1d62c80 nmethod 4584 0x000001b88b796c90 code [0x000001b88b797080, 0x000001b88b798a88]

GC Heap History (20 events):
Event: 1.670 GC heap before
{Heap before GC invocations=1 (full 0):
 garbage-first heap   total 129024K, used 36489K [0x0000000083000000, 0x0000000100000000)
  region size 1024K, 33 young (33792K), 3 survivors (3072K)
 Metaspace       used 14107K, committed 14400K, reserved 1114112K
  class space    used 1643K, committed 1792K, reserved 1048576K
}
Event: 1.675 GC heap after
{Heap after GC invocations=2 (full 0):
 garbage-first heap   total 129024K, used 9339K [0x0000000083000000, 0x0000000100000000)
  region size 1024K, 3 young (3072K), 3 survivors (3072K)
 Metaspace       used 14107K, committed 14400K, reserved 1114112K
  class space    used 1643K, committed 1792K, reserved 1048576K
}
Event: 3.254 GC heap before
{Heap before GC invocations=2 (full 0):
 garbage-first heap   total 129024K, used 54395K [0x0000000083000000, 0x0000000100000000)
  region size 1024K, 48 young (49152K), 3 survivors (3072K)
 Metaspace       used 21240K, committed 21504K, reserved 1114112K
  class space    used 2522K, committed 2688K, reserved 1048576K
}
Event: 3.260 GC heap after
{Heap after GC invocations=3 (full 0):
 garbage-first heap   total 129024K, used 12521K [0x0000000083000000, 0x0000000100000000)
  region size 1024K, 6 young (6144K), 6 survivors (6144K)
 Metaspace       used 21240K, committed 21504K, reserved 1114112K
  class space    used 2522K, committed 2688K, reserved 1048576K
}
Event: 3.982 GC heap before
{Heap before GC invocations=4 (full 0):
 garbage-first heap   total 48128K, used 35049K [0x0000000083000000, 0x0000000100000000)
  region size 1024K, 28 young (28672K), 6 survivors (6144K)
 Metaspace       used 26152K, committed 26496K, reserved 1114112K
  class space    used 3181K, committed 3328K, reserved 1048576K
}
Event: 3.990 GC heap after
{Heap after GC invocations=5 (full 0):
 garbage-first heap   total 48128K, used 15545K [0x0000000083000000, 0x0000000100000000)
  region size 1024K, 4 young (4096K), 4 survivors (4096K)
 Metaspace       used 26152K, committed 26496K, reserved 1114112K
  class space    used 3181K, committed 3328K, reserved 1048576K
}
Event: 4.024 GC heap before
{Heap before GC invocations=5 (full 0):
 garbage-first heap   total 48128K, used 16569K [0x0000000083000000, 0x0000000100000000)
  region size 1024K, 5 young (5120K), 4 survivors (4096K)
 Metaspace       used 26470K, committed 26880K, reserved 1114112K
  class space    used 3213K, committed 3392K, reserved 1048576K
}
Event: 4.029 GC heap after
{Heap after GC invocations=6 (full 0):
 garbage-first heap   total 48128K, used 15985K [0x0000000083000000, 0x0000000100000000)
  region size 1024K, 1 young (1024K), 1 survivors (1024K)
 Metaspace       used 26470K, committed 26880K, reserved 1114112K
  class space    used 3213K, committed 3392K, reserved 1048576K
}
Event: 4.527 GC heap before
{Heap before GC invocations=6 (full 0):
 garbage-first heap   total 48128K, used 33393K [0x0000000083000000, 0x0000000100000000)
  region size 1024K, 19 young (19456K), 1 survivors (1024K)
 Metaspace       used 30478K, committed 30848K, reserved 1114112K
  class space    used 3643K, committed 3840K, reserved 1048576K
}
Event: 4.529 GC heap after
{Heap after GC invocations=7 (full 0):
 garbage-first heap   total 48128K, used 17066K [0x0000000083000000, 0x0000000100000000)
  region size 1024K, 2 young (2048K), 2 survivors (2048K)
 Metaspace       used 30478K, committed 30848K, reserved 1114112K
  class space    used 3643K, committed 3840K, reserved 1048576K
}
Event: 5.190 GC heap before
{Heap before GC invocations=7 (full 0):
 garbage-first heap   total 48128K, used 34474K [0x0000000083000000, 0x0000000100000000)
  region size 1024K, 20 young (20480K), 2 survivors (2048K)
 Metaspace       used 35257K, committed 35712K, reserved 1114112K
  class space    used 4330K, committed 4544K, reserved 1048576K
}
Event: 5.193 GC heap after
{Heap after GC invocations=8 (full 0):
 garbage-first heap   total 48128K, used 18606K [0x0000000083000000, 0x0000000100000000)
  region size 1024K, 2 young (2048K), 2 survivors (2048K)
 Metaspace       used 35257K, committed 35712K, reserved 1114112K
  class space    used 4330K, committed 4544K, reserved 1048576K
}
Event: 5.224 GC heap before
{Heap before GC invocations=8 (full 0):
 garbage-first heap   total 48128K, used 18606K [0x0000000083000000, 0x0000000100000000)
  region size 1024K, 3 young (3072K), 2 survivors (2048K)
 Metaspace       used 35584K, committed 35968K, reserved 1114112K
  class space    used 4401K, committed 4608K, reserved 1048576K
}
Event: 5.226 GC heap after
{Heap after GC invocations=9 (full 0):
 garbage-first heap   total 48128K, used 18833K [0x0000000083000000, 0x0000000100000000)
  region size 1024K, 1 young (1024K), 1 survivors (1024K)
 Metaspace       used 35584K, committed 35968K, reserved 1114112K
  class space    used 4401K, committed 4608K, reserved 1048576K
}
Event: 5.846 GC heap before
{Heap before GC invocations=10 (full 0):
 garbage-first heap   total 48128K, used 36241K [0x0000000083000000, 0x0000000100000000)
  region size 1024K, 18 young (18432K), 1 survivors (1024K)
 Metaspace       used 41231K, committed 41600K, reserved 1114112K
  class space    used 5217K, committed 5376K, reserved 1048576K
}
Event: 5.849 GC heap after
{Heap after GC invocations=11 (full 0):
 garbage-first heap   total 48128K, used 19669K [0x0000000083000000, 0x0000000100000000)
  region size 1024K, 2 young (2048K), 2 survivors (2048K)
 Metaspace       used 41231K, committed 41600K, reserved 1114112K
  class space    used 5217K, committed 5376K, reserved 1048576K
}
Event: 5.880 GC heap before
{Heap before GC invocations=11 (full 0):
 garbage-first heap   total 48128K, used 20693K [0x0000000083000000, 0x0000000100000000)
  region size 1024K, 3 young (3072K), 2 survivors (2048K)
 Metaspace       used 41486K, committed 41856K, reserved 1114112K
  class space    used 5272K, committed 5440K, reserved 1048576K
}
Event: 5.883 GC heap after
{Heap after GC invocations=12 (full 0):
 garbage-first heap   total 48128K, used 19491K [0x0000000083000000, 0x0000000100000000)
  region size 1024K, 1 young (1024K), 1 survivors (1024K)
 Metaspace       used 41486K, committed 41856K, reserved 1114112K
  class space    used 5272K, committed 5440K, reserved 1048576K
}
Event: 6.520 GC heap before
{Heap before GC invocations=12 (full 0):
 garbage-first heap   total 48128K, used 35875K [0x0000000083000000, 0x0000000100000000)
  region size 1024K, 18 young (18432K), 1 survivors (1024K)
 Metaspace       used 45175K, committed 45568K, reserved 1114112K
  class space    used 5887K, committed 6080K, reserved 1048576K
}
Event: 6.523 GC heap after
{Heap after GC invocations=13 (full 0):
 garbage-first heap   total 78848K, used 20727K [0x0000000083000000, 0x0000000100000000)
  region size 1024K, 2 young (2048K), 2 survivors (2048K)
 Metaspace       used 45175K, committed 45568K, reserved 1114112K
  class space    used 5887K, committed 6080K, reserved 1048576K
}

Dll operation events (14 events):
Event: 0.009 Loaded shared library C:\Program Files\Java\jdk-19\bin\java.dll
Event: 0.021 Loaded shared library C:\Program Files\Java\jdk-19\bin\jsvml.dll
Event: 0.133 Loaded shared library C:\Program Files\Java\jdk-19\bin\zip.dll
Event: 0.136 Loaded shared library C:\Program Files\Java\jdk-19\bin\instrument.dll
Event: 0.144 Loaded shared library C:\Program Files\Java\jdk-19\bin\net.dll
Event: 0.146 Loaded shared library C:\Program Files\Java\jdk-19\bin\nio.dll
Event: 0.149 Loaded shared library C:\Program Files\Java\jdk-19\bin\zip.dll
Event: 0.267 Loaded shared library C:\Program Files\JetBrains\IntelliJ IDEA Community Edition 2022.2.3\bin\breakgen64.dll
Event: 0.278 Loaded shared library C:\Program Files\Java\jdk-19\bin\extnet.dll
Event: 0.325 Loaded shared library C:\Program Files\Java\jdk-19\bin\verify.dll
Event: 0.332 Loaded shared library C:\Program Files\Java\jdk-19\bin\jimage.dll
Event: 0.756 Loaded shared library C:\Program Files\Java\jdk-19\bin\management.dll
Event: 0.760 Loaded shared library C:\Program Files\Java\jdk-19\bin\management_ext.dll
Event: 3.952 Loaded shared library C:\Program Files\Java\jdk-19\bin\sunmscapi.dll

Deoptimization events (20 events):
Event: 6.854 Thread 0x000001b8a60b45a0 Uncommon trap: trap_request=0xffffffde fr.pc=0x000001b89292c230 relative=0x0000000000000170
Event: 6.854 Thread 0x000001b8a60b45a0 Uncommon trap: reason=class_check action=maybe_recompile pc=0x000001b89292c230 method=org.springframework.boot.context.properties.source.ConfigurationPropertyName$Elements.charAt(II)C @ 43 c2
Event: 6.854 Thread 0x000001b8a60b45a0 DEOPT PACKING pc=0x000001b89292c230 sp=0x0000003e3a1fb4b0
Event: 6.854 Thread 0x000001b8a60b45a0 DEOPT UNPACKING pc=0x000001b892376da3 sp=0x0000003e3a1fb428 mode 2
Event: 6.868 Thread 0x000001b8a60b45a0 Uncommon trap: trap_request=0xfffffff4 fr.pc=0x000001b8929bb8f8 relative=0x0000000000000238
Event: 6.868 Thread 0x000001b8a60b45a0 Uncommon trap: reason=null_check action=make_not_entrant pc=0x000001b8929bb8f8 method=org.springframework.util.ClassUtils.isAssignable(Ljava/lang/Class;Ljava/lang/Class;)Z @ 14 c2
Event: 6.868 Thread 0x000001b8a60b45a0 DEOPT PACKING pc=0x000001b8929bb8f8 sp=0x0000003e3a1fe220
Event: 6.868 Thread 0x000001b8a60b45a0 DEOPT UNPACKING pc=0x000001b892376da3 sp=0x0000003e3a1fe1b0 mode 2
Event: 6.891 Thread 0x000001b8a60b45a0 Uncommon trap: trap_request=0xffffff45 fr.pc=0x000001b892a83664 relative=0x0000000000000384
Event: 6.891 Thread 0x000001b8a60b45a0 Uncommon trap: reason=unstable_if action=reinterpret pc=0x000001b892a83664 method=org.springframework.core.annotation.TypeMappedAnnotations$MergedAnnotationFinder.doWithAnnotations(Ljava/lang/Object;ILjava/lang/Object;[Ljava/lang/annotation/Annotation;)Lo
Event: 6.891 Thread 0x000001b8a60b45a0 DEOPT PACKING pc=0x000001b892a83664 sp=0x0000003e3a1fdf20
Event: 6.892 Thread 0x000001b8a60b45a0 DEOPT UNPACKING pc=0x000001b892376da3 sp=0x0000003e3a1fde40 mode 2
Event: 6.893 Thread 0x000001b8a60b45a0 Uncommon trap: trap_request=0xffffff45 fr.pc=0x000001b8929ee1ec relative=0x00000000000001cc
Event: 6.893 Thread 0x000001b8a60b45a0 Uncommon trap: reason=unstable_if action=reinterpret pc=0x000001b8929ee1ec method=org.springframework.beans.factory.support.AbstractAutowireCapableBeanFactory.determineTargetType(Ljava/lang/String;Lorg/springframework/beans/factory/support/RootBeanDefinit
Event: 6.893 Thread 0x000001b8a60b45a0 DEOPT PACKING pc=0x000001b8929ee1ec sp=0x0000003e3a1fe1d0
Event: 6.893 Thread 0x000001b8a60b45a0 DEOPT UNPACKING pc=0x000001b892376da3 sp=0x0000003e3a1fe188 mode 2
Event: 6.916 Thread 0x000001b8a60b45a0 Uncommon trap: trap_request=0xffffff45 fr.pc=0x000001b892adf4e8 relative=0x0000000000000248
Event: 6.916 Thread 0x000001b8a60b45a0 Uncommon trap: reason=unstable_if action=reinterpret pc=0x000001b892adf4e8 method=java.util.ArrayDeque.addLast(Ljava/lang/Object;)V @ 42 c2
Event: 6.916 Thread 0x000001b8a60b45a0 DEOPT PACKING pc=0x000001b892adf4e8 sp=0x0000003e3a1fdf20
Event: 6.916 Thread 0x000001b8a60b45a0 DEOPT UNPACKING pc=0x000001b892376da3 sp=0x0000003e3a1fde78 mode 2

Classes loaded (20 events):
Event: 6.573 Loading class java/util/concurrent/ConcurrentHashMap$TreeBin
Event: 6.573 Loading class java/util/concurrent/ConcurrentHashMap$TreeBin done
Event: 6.683 Loading class java/util/stream/ReduceOps$5
Event: 6.684 Loading class java/util/stream/ReduceOps$5 done
Event: 6.684 Loading class java/util/stream/ReduceOps$CountingSink$OfRef
Event: 6.684 Loading class java/util/stream/ReduceOps$CountingSink
Event: 6.684 Loading class java/util/stream/ReduceOps$CountingSink done
Event: 6.684 Loading class java/util/stream/ReduceOps$CountingSink$OfRef done
Event: 6.735 Loading class java/util/regex/PatternSyntaxException
Event: 6.735 Loading class java/util/regex/PatternSyntaxException done
Event: 6.740 Loading class java/util/Comparators$NullComparator
Event: 6.741 Loading class java/util/Comparators$NullComparator done
Event: 6.871 Loading class java/lang/ObjectCustomizer
Event: 6.871 Loading class java/lang/ObjectCustomizer done
Event: 6.871 Loading class java/lang/ObjectCustomizer
Event: 6.871 Loading class java/lang/ObjectCustomizer done
Event: 6.895 Loading class java/lang/ObjectCustomizer
Event: 6.895 Loading class java/lang/ObjectCustomizer done
Event: 6.895 Loading class java/lang/ObjectCustomizer
Event: 6.895 Loading class java/lang/ObjectCustomizer done

Classes unloaded (0 events):
No events

Classes redefined (0 events):
No events

Internal exceptions (20 events):
Event: 6.871 Thread 0x000001b8a60b45a0 Exception <a 'java/lang/ClassNotFoundException'{0x00000000871b1fb0}: java/lang/ObjectCustomizer> (0x00000000871b1fb0) 
thrown [s\open\src\hotspot\share\classfile\systemDictionary.cpp, line 255]
Event: 6.871 Thread 0x000001b8a60b45a0 Exception <a 'java/lang/ClassNotFoundException'{0x00000000871b92c0}: org/springframework/data/repository/core/support/RepositoryFactoryBeanSupportCustomizer> (0x00000000871b92c0) 
thrown [s\open\src\hotspot\share\classfile\systemDictionary.cpp, line 255]
Event: 6.876 Thread 0x000001b8a60b45a0 Exception <a 'java/lang/ClassNotFoundException'{0x00000000871dee68}: org/springframework/data/repository/core/support/TransactionalRepositoryFactoryBeanSupportCustomizer> (0x00000000871dee68) 
thrown [s\open\src\hotspot\share\classfile\systemDictionary.cpp, line 255]
Event: 6.877 Thread 0x000001b8a60b45a0 Exception <a 'java/lang/ClassNotFoundException'{0x00000000871eccc0}: org/springframework/data/jpa/repository/support/JpaRepositoryFactoryBeanCustomizer> (0x00000000871eccc0) 
thrown [s\open\src\hotspot\share\classfile\systemDictionary.cpp, line 255]
Event: 6.881 Thread 0x000001b8a60b45a0 Exception <a 'java/lang/ClassNotFoundException'{0x000000008701b9a0}: org/springframework/beans/factory/BeanFactoryAwareCustomizer> (0x000000008701b9a0) 
thrown [s\open\src\hotspot\share\classfile\systemDictionary.cpp, line 255]
Event: 6.882 Thread 0x000001b8a60b45a0 Exception <a 'java/lang/ClassNotFoundException'{0x0000000087020570}: org/springframework/beans/factory/AwareCustomizer> (0x0000000087020570) 
thrown [s\open\src\hotspot\share\classfile\systemDictionary.cpp, line 255]
Event: 6.882 Thread 0x000001b8a60b45a0 Exception <a 'java/lang/ClassNotFoundException'{0x0000000087023ec8}: org/springframework/beans/factory/InitializingBeanCustomizer> (0x0000000087023ec8) 
thrown [s\open\src\hotspot\share\classfile\systemDictionary.cpp, line 255]
Event: 6.883 Thread 0x000001b8a60b45a0 Exception <a 'java/lang/ClassNotFoundException'{0x0000000087028a98}: org/springframework/data/repository/core/support/RepositoryFactoryInformationCustomizer> (0x0000000087028a98) 
thrown [s\open\src\hotspot\share\classfile\systemDictionary.cpp, line 255]
Event: 6.884 Thread 0x000001b8a60b45a0 Exception <a 'java/lang/ClassNotFoundException'{0x00000000870329d0}: org/springframework/beans/factory/FactoryBeanCustomizer> (0x00000000870329d0) 
thrown [s\open\src\hotspot\share\classfile\systemDictionary.cpp, line 255]
Event: 6.885 Thread 0x000001b8a60b45a0 Exception <a 'java/lang/ClassNotFoundException'{0x000000008703a5f8}: org/springframework/beans/factory/BeanClassLoaderAwareCustomizer> (0x000000008703a5f8) 
thrown [s\open\src\hotspot\share\classfile\systemDictionary.cpp, line 255]
Event: 6.886 Thread 0x000001b8a60b45a0 Exception <a 'java/lang/ClassNotFoundException'{0x000000008703eb28}: org/springframework/beans/factory/AwareCustomizer> (0x000000008703eb28) 
thrown [s\open\src\hotspot\share\classfile\systemDictionary.cpp, line 255]
Event: 6.886 Thread 0x000001b8a60b45a0 Exception <a 'java/lang/ClassNotFoundException'{0x0000000087042418}: org/springframework/beans/factory/BeanFactoryAwareCustomizer> (0x0000000087042418) 
thrown [s\open\src\hotspot\share\classfile\systemDictionary.cpp, line 255]
Event: 6.887 Thread 0x000001b8a60b45a0 Exception <a 'java/lang/ClassNotFoundException'{0x0000000087046fe8}: org/springframework/beans/factory/AwareCustomizer> (0x0000000087046fe8) 
thrown [s\open\src\hotspot\share\classfile\systemDictionary.cpp, line 255]
Event: 6.887 Thread 0x000001b8a60b45a0 Exception <a 'java/lang/ClassNotFoundException'{0x000000008704aab8}: org/springframework/context/ApplicationEventPublisherAwareCustomizer> (0x000000008704aab8) 
thrown [s\open\src\hotspot\share\classfile\systemDictionary.cpp, line 255]
Event: 6.888 Thread 0x000001b8a60b45a0 Exception <a 'java/lang/ClassNotFoundException'{0x000000008704f9b8}: org/springframework/beans/factory/AwareCustomizer> (0x000000008704f9b8) 
thrown [s\open\src\hotspot\share\classfile\systemDictionary.cpp, line 255]
Event: 6.895 Thread 0x000001b8a60b45a0 Exception <a 'java/lang/ClassNotFoundException'{0x00000000870797e8}: java/lang/ObjectCustomizer> (0x00000000870797e8) 
thrown [s\open\src\hotspot\share\classfile\systemDictionary.cpp, line 255]
Event: 6.896 Thread 0x000001b8a60b45a0 Exception <a 'java/lang/ClassNotFoundException'{0x0000000087080658}: org/springframework/core/io/support/PropertiesLoaderSupportCustomizer> (0x0000000087080658) 
thrown [s\open\src\hotspot\share\classfile\systemDictionary.cpp, line 255]
Event: 6.897 Thread 0x000001b8a60b45a0 Exception <a 'java/lang/ClassNotFoundException'{0x000000008708cca0}: org/springframework/beans/factory/config/PropertiesFactoryBeanCustomizer> (0x000000008708cca0) 
thrown [s\open\src\hotspot\share\classfile\systemDictionary.cpp, line 255]
Event: 6.900 Thread 0x000001b8a60b45a0 Exception <a 'java/lang/ClassNotFoundException'{0x00000000870a1168}: org/springframework/beans/factory/FactoryBeanCustomizer> (0x00000000870a1168) 
thrown [s\open\src\hotspot\share\classfile\systemDictionary.cpp, line 255]
Event: 6.901 Thread 0x000001b8a60b45a0 Exception <a 'java/lang/ClassNotFoundException'{0x00000000870a7418}: org/springframework/beans/factory/InitializingBeanCustomizer> (0x00000000870a7418) 
thrown [s\open\src\hotspot\share\classfile\systemDictionary.cpp, line 255]

VM Operations (20 events):
Event: 5.260 Executing VM operation: G1PauseCleanup
Event: 5.260 Executing VM operation: G1PauseCleanup done
Event: 5.846 Executing VM operation: G1CollectForAllocation
Event: 5.849 Executing VM operation: G1CollectForAllocation done
Event: 5.880 Executing VM operation: G1CollectForAllocation
Event: 5.883 Executing VM operation: G1CollectForAllocation done
Event: 5.885 Executing VM operation: HandshakeAllThreads
Event: 5.885 Executing VM operation: HandshakeAllThreads done
Event: 6.350 Executing VM operation: ICBufferFull
Event: 6.350 Executing VM operation: ICBufferFull done
Event: 6.509 Executing VM operation: HandshakeAllThreads
Event: 6.509 Executing VM operation: HandshakeAllThreads done
Event: 6.520 Executing VM operation: G1CollectForAllocation
Event: 6.523 Executing VM operation: G1CollectForAllocation done
Event: 6.642 Executing VM operation: HandshakeAllThreads
Event: 6.642 Executing VM operation: HandshakeAllThreads done
Event: 6.753 Executing VM operation: HandshakeAllThreads
Event: 6.753 Executing VM operation: HandshakeAllThreads done
Event: 6.791 Executing VM operation: HandshakeAllThreads
Event: 6.791 Executing VM operation: HandshakeAllThreads done

Events (20 events):
Event: 0.268 Thread 0x000001b8a60b3060 Thread added: 0x000001b8a60b3060
Event: 0.268 Thread 0x000001b8a60b3b00 Thread added: 0x000001b8a60b3b00
Event: 0.379 Thread 0x000001b8a6580090 Thread added: 0x000001b8a6580090
Event: 0.838 Thread 0x000001b8a60b35b0 Thread added: 0x000001b8a60b35b0
Event: 0.849 Thread 0x000001b8a60b45a0 Thread added: 0x000001b8a60b45a0
Event: 1.407 Thread 0x000001b8a60b25c0 Thread added: 0x000001b8a60b25c0
Event: 1.741 Thread 0x000001b8a60b25c0 Thread exited: 0x000001b8a60b25c0
Event: 1.835 Thread 0x000001b8a60b4050 Thread added: 0x000001b8a60b4050
Event: 1.919 Thread 0x000001b8a60b4050 Thread exited: 0x000001b8a60b4050
Event: 2.873 Thread 0x000001b8a7199f40 Thread added: 0x000001b8a7199f40
Event: 4.180 Thread 0x000001b8a60b5040 Thread added: 0x000001b8a60b5040
Event: 4.459 Thread 0x000001b8a60b25c0 Thread added: 0x000001b8a60b25c0
Event: 4.561 Thread 0x000001b8a60b4af0 Thread added: 0x000001b8a60b4af0
Event: 4.563 Thread 0x000001b8a60b5590 Thread added: 0x000001b8a60b5590
Event: 4.569 Thread 0x000001b8a8a82150 Thread added: 0x000001b8a8a82150
Event: 4.628 Thread 0x000001b8a8a84bd0 Thread added: 0x000001b8a8a84bd0
Event: 4.919 Thread 0x000001b8a7199f40 Thread exited: 0x000001b8a7199f40
Event: 5.542 Thread 0x000001b8a6580090 Thread exited: 0x000001b8a6580090
Event: 5.925 Thread 0x000001b8a8678840 Thread added: 0x000001b8a8678840
Event: 6.325 Thread 0x000001b8a8679e80 Thread added: 0x000001b8a8679e80


Dynamic libraries:
0x00007ff603520000 - 0x00007ff603530000 	C:\Program Files\Java\jdk-19\bin\java.exe
0x00007ff9b64d0000 - 0x00007ff9b66c8000 	C:\WINDOWS\SYSTEM32\ntdll.dll
0x00007ff9b5240000 - 0x00007ff9b52ff000 	C:\WINDOWS\System32\KERNEL32.DLL
0x00007ff9b3fa0000 - 0x00007ff9b4272000 	C:\WINDOWS\System32\KERNELBASE.dll
0x00007ff9b3bf0000 - 0x00007ff9b3cf0000 	C:\WINDOWS\System32\ucrtbase.dll
0x00007ff97c020000 - 0x00007ff97c03b000 	C:\Program Files\Java\jdk-19\bin\VCRUNTIME140.dll
0x00007ff991450000 - 0x00007ff991468000 	C:\Program Files\Java\jdk-19\bin\jli.dll
0x00007ff9b63d0000 - 0x00007ff9b647e000 	C:\WINDOWS\System32\ADVAPI32.dll
0x00007ff9b61b0000 - 0x00007ff9b624e000 	C:\WINDOWS\System32\msvcrt.dll
0x00007ff9b4af0000 - 0x00007ff9b4b8c000 	C:\WINDOWS\System32\sechost.dll
0x00007ff9b4510000 - 0x00007ff9b4635000 	C:\WINDOWS\System32\RPCRT4.dll
0x00007ff998d20000 - 0x00007ff998fba000 	C:\WINDOWS\WinSxS\amd64_microsoft.windows.common-controls_6595b64144ccf1df_6.0.19041.1110_none_60b5254171f9507e\COMCTL32.dll
0x00007ff9b46b0000 - 0x00007ff9b4851000 	C:\WINDOWS\System32\USER32.dll
0x00007ff9b5210000 - 0x00007ff9b523b000 	C:\WINDOWS\System32\GDI32.dll
0x00007ff9b3bc0000 - 0x00007ff9b3be2000 	C:\WINDOWS\System32\win32u.dll
0x00007ff9b43b0000 - 0x00007ff9b44bf000 	C:\WINDOWS\System32\gdi32full.dll
0x00007ff9b3cf0000 - 0x00007ff9b3d8d000 	C:\WINDOWS\System32\msvcp_win.dll
0x00007ff9ad560000 - 0x00007ff9ad56a000 	C:\WINDOWS\SYSTEM32\VERSION.dll
0x00007ff9b6170000 - 0x00007ff9b61a2000 	C:\WINDOWS\System32\IMM32.DLL
0x00007ff97eb10000 - 0x00007ff97eb1c000 	C:\Program Files\Java\jdk-19\bin\vcruntime140_1.dll
0x00007ff949290000 - 0x00007ff94931e000 	C:\Program Files\Java\jdk-19\bin\msvcp140.dll
0x00007ff9416a0000 - 0x00007ff942360000 	C:\Program Files\Java\jdk-19\bin\server\jvm.dll
0x00007ff997f00000 - 0x00007ff997f27000 	C:\WINDOWS\SYSTEM32\WINMM.dll
0x00007ff995df0000 - 0x00007ff995df9000 	C:\WINDOWS\SYSTEM32\WSOCK32.dll
0x00007ff9b5850000 - 0x00007ff9b58bb000 	C:\WINDOWS\System32\WS2_32.dll
0x00007ff9b2460000 - 0x00007ff9b2472000 	C:\WINDOWS\SYSTEM32\kernel.appcore.dll
0x00007ff97b230000 - 0x00007ff97b23a000 	C:\Program Files\Java\jdk-19\bin\jimage.dll
0x00007ff9b1980000 - 0x00007ff9b1b64000 	C:\WINDOWS\SYSTEM32\DBGHELP.DLL
0x00007ff994e30000 - 0x00007ff994e65000 	C:\WINDOWS\SYSTEM32\dbgcore.DLL
0x00007ff9b42b0000 - 0x00007ff9b4332000 	C:\WINDOWS\System32\bcryptPrimitives.dll
0x00007ff9b0510000 - 0x00007ff9b051e000 	C:\Program Files\Java\jdk-19\bin\instrument.dll
0x00007ff97aff0000 - 0x00007ff97b016000 	C:\Program Files\Java\jdk-19\bin\java.dll
0x00007ff9491b0000 - 0x00007ff949287000 	C:\Program Files\Java\jdk-19\bin\jsvml.dll
0x00007ff9b59c0000 - 0x00007ff9b6104000 	C:\WINDOWS\System32\SHELL32.dll
0x00007ff9b1c60000 - 0x00007ff9b23f2000 	C:\WINDOWS\SYSTEM32\windows.storage.dll
0x00007ff9b4d00000 - 0x00007ff9b5055000 	C:\WINDOWS\System32\combase.dll
0x00007ff9b3620000 - 0x00007ff9b3650000 	C:\WINDOWS\SYSTEM32\Wldp.dll
0x00007ff9b4a40000 - 0x00007ff9b4aed000 	C:\WINDOWS\System32\SHCORE.dll
0x00007ff9b6110000 - 0x00007ff9b6165000 	C:\WINDOWS\System32\shlwapi.dll
0x00007ff9b3b00000 - 0x00007ff9b3b1f000 	C:\WINDOWS\SYSTEM32\profapi.dll
0x00007ff9712d0000 - 0x00007ff9712e8000 	C:\Program Files\Java\jdk-19\bin\zip.dll
0x00007ff97b210000 - 0x00007ff97b223000 	C:\Program Files\Java\jdk-19\bin\net.dll
0x00007ff9aa9a0000 - 0x00007ff9aaaac000 	C:\WINDOWS\SYSTEM32\WINHTTP.dll
0x00007ff9b3380000 - 0x00007ff9b33ea000 	C:\WINDOWS\system32\mswsock.dll
0x00007ff975b10000 - 0x00007ff975b26000 	C:\Program Files\Java\jdk-19\bin\nio.dll
0x00007ff9b0410000 - 0x00007ff9b042a000 	C:\Program Files\JetBrains\IntelliJ IDEA Community Edition 2022.2.3\bin\breakgen64.dll
0x00007ff9733e0000 - 0x00007ff9733e8000 	C:\Program Files\Java\jdk-19\bin\extnet.dll
0x00007ff970b70000 - 0x00007ff970b80000 	C:\Program Files\Java\jdk-19\bin\verify.dll
0x00007ff9b0400000 - 0x00007ff9b040a000 	C:\Program Files\Java\jdk-19\bin\management.dll
0x00007ff9b03f0000 - 0x00007ff9b03fb000 	C:\Program Files\Java\jdk-19\bin\management_ext.dll
0x00007ff9b4640000 - 0x00007ff9b4648000 	C:\WINDOWS\System32\PSAPI.DLL
0x00007ff98b860000 - 0x00007ff98b877000 	C:\WINDOWS\system32\napinsp.dll
0x00007ff98b900000 - 0x00007ff98b91b000 	C:\WINDOWS\system32\pnrpnsp.dll
0x00007ff98b8e0000 - 0x00007ff98b8f5000 	C:\WINDOWS\system32\wshbth.dll
0x00007ff9b0170000 - 0x00007ff9b018d000 	C:\WINDOWS\system32\NLAapi.dll
0x00007ff9b3020000 - 0x00007ff9b305b000 	C:\WINDOWS\SYSTEM32\IPHLPAPI.DLL
0x00007ff9b3060000 - 0x00007ff9b312a000 	C:\WINDOWS\SYSTEM32\DNSAPI.dll
0x00007ff9b6480000 - 0x00007ff9b6488000 	C:\WINDOWS\System32\NSI.dll
0x00007ff98b8c0000 - 0x00007ff98b8d2000 	C:\WINDOWS\System32\winrnr.dll
0x000000006bff0000 - 0x000000006bffa000 	C:\Program Files\National Instruments\Shared\mDNS Responder\nimdnsNSP.dll
0x000000006bfe0000 - 0x000000006bff0000 	C:\WINDOWS\SYSTEM32\nimdnsResponder.dll
0x00007ff99b600000 - 0x00007ff99b60a000 	C:\Windows\System32\rasadhlp.dll
0x00007ff99b610000 - 0x00007ff99b690000 	C:\WINDOWS\System32\fwpuclnt.dll
0x00007ff9b4280000 - 0x00007ff9b42a7000 	C:\WINDOWS\System32\bcrypt.dll
0x00007ff9b3570000 - 0x00007ff9b3588000 	C:\WINDOWS\SYSTEM32\CRYPTSP.dll
0x00007ff9b2c30000 - 0x00007ff9b2c64000 	C:\WINDOWS\system32\rsaenh.dll
0x00007ff9b3ac0000 - 0x00007ff9b3aee000 	C:\WINDOWS\SYSTEM32\USERENV.dll
0x00007ff9b3590000 - 0x00007ff9b359c000 	C:\WINDOWS\SYSTEM32\CRYPTBASE.dll
0x00007ff9abba0000 - 0x00007ff9abbb7000 	C:\WINDOWS\SYSTEM32\dhcpcsvc6.DLL
0x00007ff9aba50000 - 0x00007ff9aba6d000 	C:\WINDOWS\SYSTEM32\dhcpcsvc.DLL
0x00007ff9b03e0000 - 0x00007ff9b03ee000 	C:\Program Files\Java\jdk-19\bin\sunmscapi.dll
0x00007ff9b3e40000 - 0x00007ff9b3f96000 	C:\WINDOWS\System32\CRYPT32.dll
0x00007ff9b3690000 - 0x00007ff9b36b7000 	C:\WINDOWS\SYSTEM32\ncrypt.dll
0x00007ff9b3650000 - 0x00007ff9b368b000 	C:\WINDOWS\SYSTEM32\NTASN1.dll

dbghelp: loaded successfully - version: 4.0.5 - missing functions: none
symbol engine: initialized successfully - sym options: 0x614 - pdb path: .;C:\Program Files\Java\jdk-19\bin;C:\WINDOWS\SYSTEM32;C:\WINDOWS\WinSxS\amd64_microsoft.windows.common-controls_6595b64144ccf1df_6.0.19041.1110_none_60b5254171f9507e;C:\Program Files\Java\jdk-19\bin\server;C:\Program Files\JetBrains\IntelliJ IDEA Community Edition 2022.2.3\bin;C:\Program Files\National Instruments\Shared\mDNS Responder

VM Arguments:
jvm_args: -javaagent:C:\Program Files\JetBrains\IntelliJ IDEA Community Edition 2022.2.3\lib\idea_rt.jar=55437:C:\Program Files\JetBrains\IntelliJ IDEA Community Edition 2022.2.3\bin -Dfile.encoding=UTF-8 -Dsun.stdout.encoding=UTF-8 -Dsun.stderr.encoding=UTF-8 
java_command: com.example.cityHotel.CityHotelApplication
java_class_path (initial): C:\Users\user\OneDrive\Desktop\spring boot\cityHotel\target\classes;C:\Users\user\.m2\repository\org\springframework\boot\spring-boot-starter-data-jpa\2.7.7-SNAPSHOT\spring-boot-starter-data-jpa-2.7.7-20221212.130126-11.jar;C:\Users\user\.m2\repository\org\springframework\boot\spring-boot-starter-aop\2.7.7-SNAPSHOT\spring-boot-starter-aop-2.7.7-20221212.130126-11.jar;C:\Users\user\.m2\repository\org\springframework\spring-aop\5.3.24\spring-aop-5.3.24.jar;C:\Users\user\.m2\repository\org\aspectj\aspectjweaver\1.9.7\aspectjweaver-1.9.7.jar;C:\Users\user\.m2\repository\org\springframework\boot\spring-boot-starter-jdbc\2.7.7-SNAPSHOT\spring-boot-starter-jdbc-2.7.7-20221212.130126-11.jar;C:\Users\user\.m2\repository\com\zaxxer\HikariCP\4.0.3\HikariCP-4.0.3.jar;C:\Users\user\.m2\repository\org\springframework\spring-jdbc\5.3.24\spring-jdbc-5.3.24.jar;C:\Users\user\.m2\repository\jakarta\transaction\jakarta.transaction-api\1.3.3\jakarta.transaction-api-1.3.3.jar;C:\Users\user\.m2\repository\jakarta\persistence\jakarta.persistence-api\2.2.3\jakarta.persistence-api-2.2.3.jar;C:\Users\user\.m2\repository\org\hibernate\hibernate-core\5.6.14.Final\hibernate-core-5.6.14.Final.jar;C:\Users\user\.m2\repository\org\jboss\logging\jboss-logging\3.4.3.Final\jboss-logging-3.4.3.Final.jar;C:\Users\user\.m2\repository\net\bytebuddy\byte-buddy\1.12.19\byte-buddy-1.12.19.jar;C:\Users\user\.m2\repository\antlr\antlr\2.7.7\antlr-2.7.7.jar;C:\Users\user\.m2\repository\org\jboss\jandex\2.4.2.Final\jandex-2.4.2.Final.jar;C:\Users\user\.m2\repository\com\fasterxml\classmate\1.5.1\classmate-1.5.1.jar;C:\Users\user\.m2\repository\org\hibernate\common\hibernate-commons-annotations\5.1.2.Final\hibernate-commons-annotations-5.1.2.Final.jar;C:\Users\user\.m2\repository\org\glassfish\jaxb\jaxb-runtime\2.3.7\jaxb-runtime-2.3.7.jar;C:\Users\user\.m2\repository\org\glassfish\jaxb\txw2\2.3.7\txw2-2.3.7.jar;C:\Users\user\.m2\repository\com\sun\istack\istack-commons-runtime\3.0.12\istack-commons-runtime-3.0.12.jar;C:\Users\user\.m2\repository\com\sun\activation\jakarta.activation\1.2.2\jakarta.activation-1.2.2.jar;C:\Users\user\.m2\repository\org\springframework\data\spring-data-jpa\2.7.6\spring-data-jpa-2.7.6.jar;C:\Users\user\.m2\repository\org\springframework\data\spring-data-commons\2.7.6\spring-data-commons-2.7.6.jar;C:\Users\user\.m2\repository\org\springframework\spring-orm\5.3.24\spring-orm-5.3.24.jar;C:\Users\user\.m2\repository\org\springframework\spring-context\5.3.24\spring-context-5.3.24.jar;C:\Users\user\.m2\repository\org\springframework\spring-tx\5.3.24\spring-tx-5.3.24.jar;C:\Users\user\.m2\repository\org\springframework\spring-beans\5.3.24\spring-beans-5.3.24.jar;C:\Users\user\.m2\repository\org\slf4j\slf4j-api\1.7.36\slf4j-api-1.7.36.jar;C:\Users\user\.m2\repository\org\springframework\spring-aspects\5.3.24\spring-aspects-5.3.24.jar;C:\Users\user\.m2\repository\org\springframework\boot\spring-boot-starter-web\2.7.7-SNAPSHOT\spring-boot-starter-web-2.7.7-20221212.130126-11.jar;C:\Users\user\.m2\repository\org\springframework\boot\spring-boot-starter\2.7.7-SNAPSHOT\spring-boot-starter-2.7.7-20221212.130126-11.jar;C:\Users\user\.m2\repository\org\springframework\boot\spring-boot-starter-logging\2.7.7-SNAPSHOT\spring-boot-starter-logging-2.7.7-20221212.130126-11.jar;C:\Users\user\.m2\repository\ch\qos\logback\logback-classic\1.2.11\logback-classic-1.2.11.jar;C:\Users\user\.m2\repository\ch\qos\logback\logback-core\1.2.11\logback-core-1.2.11.jar;C:\Users\user\.m2\repository\org\apache\logging\log4j\log4j-to-slf4j\2.17.2\log4j-to-slf4j-2.17.2.jar;C:\Users\user\.m2\repository\org\apache\logging\log4j\log4j-api\2.17.2\log4j-api-2.17.2.jar;C:\Users\user\.m2\repository\org\slf4j\jul-to-slf4j\1.7.36\jul-to-slf4j-1.7.36.jar;C:\Users\user\.m2\repository\jakarta\annotation\jakarta.annotation-api\1.3.5\jakarta.annotation-api-1.3.5.jar;C:\Users\user\.m2\repository\org\yaml\snakeyaml\1.30\snakeyaml-1.30.jar;C:\Users\user\.m2\repository\org\springframework\boot\spring-boot-starter-json\2.7.7-SNAPSHOT\spring-boot-starter-json-2.7.7-20221212.130126-11.jar;C:\Users\user\.m2\repository\com\fasterxml\jackson\core\jackson-databind\2.13.4.2\jackson-databind-2.13.4.2.jar;C:\Users\user\.m2\repository\com\fasterxml\jackson\core\jackson-annotations\2.13.4\jackson-annotations-2.13.4.jar;C:\Users\user\.m2\repository\com\fasterxml\jackson\core\jackson-core\2.13.4\jackson-core-2.13.4.jar;C:\Users\user\.m2\repository\com\fasterxml\jackson\datatype\jackson-datatype-jdk8\2.13.4\jackson-datatype-jdk8-2.13.4.jar;C:\Users\user\.m2\repository\com\fasterxml\jackson\datatype\jackson-datatype-jsr310\2.13.4\jackson-datatype-jsr310-2.13.4.jar;C:\Users\user\.m2\repository\com\fasterxml\jackson\module\jackson-module-parameter-names\2.13.4\jackson-module-parameter-names-2.13.4.jar;C:\Users\user\.m2\repository\org\springframework\boot\spring-boot-starter-tomcat\2.7.7-SNAPSHOT\spring-boot-starter-tomcat-2.7.7-20221212.130126-11.jar;C:\Users\user\.m2\repository\org\apache\tomcat\embed\tomcat-embed-core\9.0.69\tomcat-embed-core-9.0.69.jar;C:\Users\user\.m2\repository\org\apache\tomcat\embed\tomcat-embed-el\9.0.69\tomcat-embed-el-9.0.69.jar;C:\Users\user\.m2\repository\org\apache\tomcat\embed\tomcat-embed-websocket\9.0.69\tomcat-embed-websocket-9.0.69.jar;C:\Users\user\.m2\repository\org\springframework\spring-web\5.3.24\spring-web-5.3.24.jar;C:\Users\user\.m2\repository\org\springframework\spring-webmvc\5.3.24\spring-webmvc-5.3.24.jar;C:\Users\user\.m2\repository\org\springframework\spring-expression\5.3.24\spring-expression-5.3.24.jar;C:\Users\user\.m2\repository\org\springframework\boot\spring-boot-devtools\2.7.7-SNAPSHOT\spring-boot-devtools-2.7.7-20221212.130126-11.jar;C:\Users\user\.m2\repository\org\springframework\boot\spring-boot\2.7.7-SNAPSHOT\spring-boot-2.7.7-20221212.130126-11.jar;C:\Users\user\.m2\repository\org\springframework\boot\spring-boot-autoconfigure\2.7.7-SNAPSHOT\spring-boot-autoconfigure-2.7.7-20221212.130126-11.jar;C:\Users\user\.m2\repository\com\h2database\h2\2.1.214\h2-2.1.214.jar;C:\Users\user\.m2\repository\com\mysql\mysql-connector-j\8.0.31\mysql-connector-j-8.0.31.jar;C:\Users\user\.m2\repository\org\springframework\boot\spring-boot-configuration-processor\2.7.7-SNAPSHOT\spring-boot-configuration-processor-2.7.7-20221212.130126-11.jar;C:\Users\user\.m2\repository\org\projectlombok\lombok\1.18.24\lombok-1.18.24.jar;C:\Users\user\.m2\repository\jakarta\xml\bind\jakarta.xml.bind-api\2.3.3\jakarta.xml.bind-api-2.3.3.jar;C:\Users\user\.m2\repository\jakarta\activation\jakarta.activation-api\1.2.2\jakarta.activation-api-1.2.2.jar;C:\Users\user\.m2\repository\org\springframework\spring-core\5.3.24\spring-core-5.3.24.jar;C:\Users\user\.m2\repository\org\springframework\spring-jcl\5.3.24\spring-jcl-5.3.24.jar
Launcher Type: SUN_STANDARD

[Global flags]
     intx CICompilerCount                          = 4                                         {product} {ergonomic}
     uint ConcGCThreads                            = 2                                         {product} {ergonomic}
     uint G1ConcRefinementThreads                  = 8                                         {product} {ergonomic}
   size_t G1HeapRegionSize                         = 1048576                                   {product} {ergonomic}
    uintx GCDrainStackTargetSize                   = 64                                        {product} {ergonomic}
   size_t InitialHeapSize                          = 132120576                                 {product} {ergonomic}
   size_t MarkStackSize                            = 4194304                                   {product} {ergonomic}
   size_t MaxHeapSize                              = 2097152000                                {product} {ergonomic}
   size_t MaxNewSize                               = 1258291200                                {product} {ergonomic}
   size_t MinHeapDeltaBytes                        = 1048576                                   {product} {ergonomic}
   size_t MinHeapSize                              = 8388608                                   {product} {ergonomic}
    uintx NonNMethodCodeHeapSize                   = 5839372                                {pd product} {ergonomic}
    uintx NonProfiledCodeHeapSize                  = 122909434                              {pd product} {ergonomic}
    uintx ProfiledCodeHeapSize                     = 122909434                              {pd product} {ergonomic}
    uintx ReservedCodeCacheSize                    = 251658240                              {pd product} {ergonomic}
     bool SegmentedCodeCache                       = true                                      {product} {ergonomic}
   size_t SoftMaxHeapSize                          = 2097152000                             {manageable} {ergonomic}
     bool UseCompressedClassPointers               = true                           {product lp64_product} {ergonomic}
     bool UseCompressedOops                        = true                           {product lp64_product} {ergonomic}
     bool UseG1GC                                  = true                                      {product} {ergonomic}
     bool UseLargePagesIndividualAllocation        = false                                  {pd product} {ergonomic}

Logging:
Log output configuration:
 #0: stdout all=warning uptime,level,tags foldmultilines=false
 #1: stderr all=off uptime,level,tags foldmultilines=false

Environment Variables:
JAVA_HOME=C:\Program Files\Java\jdk-17.0.1\bin
PATH=C:\Program Files\Common Files\Oracle\Java\javapath;C:\DevSuiteHome_3\jdk\jre\bin\classic;C:\DevSuiteHome_3\jdk\jre\bin;C:\DevSuiteHome_3\jdk\jre\bin\client;C:\DevSuiteHome_3\jlib;C:\DevSuiteHome_3\bin;C:\DevSuiteHome_3\jre\1.4.2\bin\client;C:\DevSuiteHome_3\jre\1.4.2\bin;C:\oraclexe\app\oracle\product\10.2.0\server\bin;C:\WINDOWS\system32;C:\WINDOWS;C:\WINDOWS\System32\Wbem;C:\WINDOWS\System32\WindowsPowerShell\v1.0\;C:\WINDOWS\System32\OpenSSH\;C:\Program Files\dotnet\;C:\Program Files\Git\cmd;C:\Program Files\Microsoft SQL Server\130\Tools\Binn\;C:\Program Files\Java\jdk-17.0.1\bin;C:\Users\user\AppData\Local\Microsoft\WindowsApps;C:\Users\user\.dotnet\tools;C:\Users\user\AppData\Local\Programs\Microsoft VS Code\bin;C:\Users\user\OneDrive\Documents\Flutter\flutter\bin;;C:\Program Files\JetBrains\IntelliJ IDEA Community Edition 2022.2.3\bin;
USERNAME=user
OS=Windows_NT
PROCESSOR_IDENTIFIER=Intel64 Family 6 Model 142 Stepping 12, GenuineIntel
TMP=C:\Users\user\AppData\Local\Temp
TEMP=C:\Users\user\AppData\Local\Temp



---------------  S Y S T E M  ---------------

OS:
 Windows 10 , 64 bit Build 19041 (10.0.19041.2364)
OS uptime: 0 days 1:09 hours

CPU: total 8 (initial active 8) (4 cores per cpu, 2 threads per core) family 6 model 142 stepping 12 microcode 0xde, cx8, cmov, fxsr, ht, mmx, 3dnowpref, sse, sse2, sse3, ssse3, sse4.1, sse4.2, popcnt, lzcnt, tsc, tscinvbit, avx, avx2, aes, erms, clmul, bmi1, bmi2, adx, fma, vzeroupper, clflush, clflushopt, rdtscp

Memory: 4k page, system-wide physical 7995M (1170M free)
TotalPageFile size 10043M (AvailPageFile size 7M)
current process WorkingSet (physical memory assigned to process): 240M, peak: 243M
current process commit charge ("private bytes"): 301M, peak: 306M

vm_info: Java HotSpot(TM) 64-Bit Server VM (19.0.1+10-21) for windows-amd64 JRE (19.0.1+10-21), built on 2022-09-14T12:45:06Z by "mach5one" with MS VC++ 17.1 (VS2022)

END.
