#
# There is insufficient memory for the Java Runtime Environment to continue.
# Native memory allocation (mmap) failed to map 19922944 bytes for G1 virtual space
# Possible reasons:
#   The system is out of physical RAM or swap space
#   The process is running with CompressedOops enabled, and the Java Heap may be blocking the growth of the native heap
# Possible solutions:
#   Reduce memory load on the system
#   Increase physical memory or swap space
#   Check if swap backing store is full
#   Decrease Java heap size (-Xmx/-Xms)
#   Decrease number of Java threads
#   Decrease Java thread stack sizes (-Xss)
#   Set larger code cache with -XX:ReservedCodeCacheSize=
#   JVM is running with Unscaled Compressed Oops mode in which the Java heap is
#     placed in the first 4GB address space. The Java Heap base address is the
#     maximum limit for the native heap growth. Please use -XX:HeapBaseMinAddress
#     to set the Java Heap base and to place the Java Heap above 4GB virtual address.
# This output file may be truncated or incomplete.
#
#  Out of Memory Error (os_windows.cpp:3527), pid=12316, tid=7712
#
# JRE version: Java(TM) SE Runtime Environment (19.0.1+10) (build 19.0.1+10-21)
# Java VM: Java HotSpot(TM) 64-Bit Server VM (19.0.1+10-21, mixed mode, sharing, tiered, compressed oops, compressed class ptrs, g1 gc, windows-amd64)
# No core dump will be written. Minidumps are not enabled by default on client versions of Windows
#

---------------  S U M M A R Y ------------

Command Line: -ea -Didea.test.cyclic.buffer.size=1048576 -javaagent:C:\Program Files\JetBrains\IntelliJ IDEA Community Edition 2022.2.3\lib\idea_rt.jar=51146:C:\Program Files\JetBrains\IntelliJ IDEA Community Edition 2022.2.3\bin -Dfile.encoding=UTF-8 -Dsun.stdout.encoding=UTF-8 -Dsun.stderr.encoding=UTF-8 com.intellij.rt.junit.JUnitStarter -ideVersion5 -junit5 com.example.cityHotel.test.CityHotelApplicationTests

Host: Intel(R) Core(TM) i7-10510U CPU @ 1.80GHz, 8 cores, 7G,  Windows 10 , 64 bit Build 19041 (10.0.19041.2364)
Time: Mon Dec 26 18:54:25 2022 West Bank Gaza Standard Time elapsed time: 8.202604 seconds (0d 0h 0m 8s)

---------------  T H R E A D  ---------------

Current thread (0x00000205dc9ae7d0):  VMThread "VM Thread" [stack: 0x0000003077400000,0x0000003077500000] [id=7712]

Stack: [0x0000003077400000,0x0000003077500000]
Native frames: (J=compiled Java code, j=interpreted, Vv=VM code, C=native code)
V  [jvm.dll+0x6ee8fa]
V  [jvm.dll+0x857a1e]
V  [jvm.dll+0x85940e]
V  [jvm.dll+0x859ac3]
V  [jvm.dll+0x28291f]
V  [jvm.dll+0x6eb6e9]
V  [jvm.dll+0x6e028a]
V  [jvm.dll+0x357136]
V  [jvm.dll+0x35eb96]
V  [jvm.dll+0x3b555e]
V  [jvm.dll+0x3b578f]
V  [jvm.dll+0x32c6ea]
V  [jvm.dll+0x32c797]
V  [jvm.dll+0x374b52]
V  [jvm.dll+0x37328f]
V  [jvm.dll+0x32bf10]
V  [jvm.dll+0x37282b]
V  [jvm.dll+0x85ef83]
V  [jvm.dll+0x85fd49]
V  [jvm.dll+0x86027d]
V  [jvm.dll+0x86070b]
V  [jvm.dll+0x8607c7]
V  [jvm.dll+0x8015fa]
V  [jvm.dll+0x6ed5eb]
C  [ucrtbase.dll+0x21bb2]
C  [KERNEL32.DLL+0x17614]
C  [ntdll.dll+0x526a1]

VM_Operation (0x0000003076ef9b50): G1CollectForAllocation, mode: safepoint, requested by thread 0x00000205be2b20a0


---------------  P R O C E S S  ---------------

Threads class SMR info:
_java_thread_list=0x00000205e3658110, length=18, elements={
0x00000205be2b20a0, 0x00000205dc9c90c0, 0x00000205dc9c9cb0, 0x00000205dc9cf200,
0x00000205dc9d0b40, 0x00000205dc9d1c10, 0x00000205dc9d3230, 0x00000205dc9d81c0,
0x00000205dc9dc330, 0x00000205dc9eb4a0, 0x00000205e0cc1840, 0x00000205e0e3c160,
0x00000205e0d8a500, 0x00000205e40b0a40, 0x00000205e3be87f0, 0x00000205e3be9290,
0x00000205e57b3010, 0x00000205e549fa40
}

Java Threads: ( => current thread )
  0x00000205be2b20a0 JavaThread "main" [_thread_blocked, id=8496, stack(0x0000003076e00000,0x0000003076f00000)]
  0x00000205dc9c90c0 JavaThread "Reference Handler" daemon [_thread_blocked, id=244, stack(0x0000003077500000,0x0000003077600000)]
  0x00000205dc9c9cb0 JavaThread "Finalizer" daemon [_thread_blocked, id=7392, stack(0x0000003077600000,0x0000003077700000)]
  0x00000205dc9cf200 JavaThread "Signal Dispatcher" daemon [_thread_blocked, id=9108, stack(0x0000003077700000,0x0000003077800000)]
  0x00000205dc9d0b40 JavaThread "Attach Listener" daemon [_thread_blocked, id=9052, stack(0x0000003077800000,0x0000003077900000)]
  0x00000205dc9d1c10 JavaThread "Service Thread" daemon [_thread_blocked, id=5140, stack(0x0000003077900000,0x0000003077a00000)]
  0x00000205dc9d3230 JavaThread "Monitor Deflation Thread" daemon [_thread_blocked, id=5472, stack(0x0000003077a00000,0x0000003077b00000)]
  0x00000205dc9d81c0 JavaThread "C2 CompilerThread0" daemon [_thread_blocked, id=12924, stack(0x0000003077b00000,0x0000003077c00000)]
  0x00000205dc9dc330 JavaThread "C1 CompilerThread0" daemon [_thread_blocked, id=1648, stack(0x0000003077c00000,0x0000003077d00000)]
  0x00000205dc9eb4a0 JavaThread "Sweeper thread" daemon [_thread_blocked, id=11608, stack(0x0000003077d00000,0x0000003077e00000)]
  0x00000205e0cc1840 JavaThread "Common-Cleaner" daemon [_thread_blocked, id=1888, stack(0x0000003077e00000,0x0000003077f00000)]
  0x00000205e0e3c160 JavaThread "Monitor Ctrl-Break" daemon [_thread_in_native, id=3460, stack(0x0000003077f00000,0x0000003078000000)]
  0x00000205e0d8a500 JavaThread "Notification Thread" daemon [_thread_blocked, id=11888, stack(0x0000003078000000,0x0000003078100000)]
  0x00000205e40b0a40 JavaThread "mysql-cj-abandoned-connection-cleanup" daemon [_thread_blocked, id=8908, stack(0x0000003078b00000,0x0000003078c00000)]
  0x00000205e3be87f0 JavaThread "HikariPool-1 housekeeper" daemon [_thread_blocked, id=6944, stack(0x0000003078e00000,0x0000003078f00000)]
  0x00000205e3be9290 JavaThread "HikariPool-1 connection adder" daemon [_thread_blocked, id=10412, stack(0x0000003078f00000,0x0000003079000000)]
  0x00000205e57b3010 JavaThread "C2 CompilerThread1" daemon [_thread_blocked, id=11896, stack(0x0000003078200000,0x0000003078300000)]
  0x00000205e549fa40 JavaThread "C2 CompilerThread2" daemon [_thread_blocked, id=9508, stack(0x0000003078d00000,0x0000003078e00000)]

Other Threads:
=>0x00000205dc9ae7d0 VMThread "VM Thread" [stack: 0x0000003077400000,0x0000003077500000] [id=7712]
  0x00000205e0d8b6d0 WatcherThread "VM Periodic Task Thread" [stack: 0x0000003078100000,0x0000003078200000] [id=7056]
  0x00000205be311bc0 WorkerThread "GC Thread#0" [stack: 0x0000003076f00000,0x0000003077000000] [id=9192]
  0x00000205e18e1520 WorkerThread "GC Thread#1" [stack: 0x0000003078300000,0x0000003078400000] [id=7020]
  0x00000205e18e17f0 WorkerThread "GC Thread#2" [stack: 0x0000003078400000,0x0000003078500000] [id=12260]
  0x00000205e1953150 WorkerThread "GC Thread#3" [stack: 0x0000003078500000,0x0000003078600000] [id=8308]
  0x00000205e1953420 WorkerThread "GC Thread#4" [stack: 0x0000003078600000,0x0000003078700000] [id=13020]
  0x00000205e19571e0 WorkerThread "GC Thread#5" [stack: 0x0000003078700000,0x0000003078800000] [id=6716]
  0x00000205e1956f10 WorkerThread "GC Thread#6" [stack: 0x0000003078900000,0x0000003078a00000] [id=10364]
  0x00000205e1956970 WorkerThread "GC Thread#7" [stack: 0x0000003078a00000,0x0000003078b00000] [id=9952]
  0x00000205be3226c0 ConcurrentGCThread "G1 Main Marker" [stack: 0x0000003077000000,0x0000003077100000] [id=1616]
  0x00000205be323890 WorkerThread "G1 Conc#0" [stack: 0x0000003077100000,0x0000003077200000] [id=1340]
  0x00000205e19566a0 WorkerThread "G1 Conc#1" [stack: 0x0000003078c00000,0x0000003078d00000] [id=9092]
  0x00000205dc86a110 ConcurrentGCThread "G1 Refine#0" [stack: 0x0000003077200000,0x0000003077300000] [id=10920]
  0x00000205dc86ca70 ConcurrentGCThread "G1 Service" [stack: 0x0000003077300000,0x0000003077400000] [id=768]

Threads with active compile tasks:
C2 CompilerThread0     8215 6166   !   4       org.springframework.util.ReflectionUtils::doWithLocalMethods (89 bytes)
C2 CompilerThread1     8215 6210       4       java.util.stream.ReferencePipeline::filter (22 bytes)
C2 CompilerThread2     8215 6139   !   4       org.springframework.util.ReflectionUtils::doWithMethods (207 bytes)

VM state: at safepoint (normal execution)

VM Mutex/Monitor currently owned by a thread:  ([mutex/lock_event])
[0x00000205be2ae2e0] Threads_lock - owner thread: 0x00000205dc9ae7d0
[0x00000205be2adcb0] Heap_lock - owner thread: 0x00000205be2b20a0

Heap address: 0x0000000083000000, size: 2000 MB, Compressed Oops mode: 32-bit

CDS archive(s) mapped at: [0x0000000800000000-0x0000000800c40000-0x0000000800c40000), size 12845056, SharedBaseAddress: 0x0000000800000000, ArchiveRelocationMode: 0.
Compressed class space mapped at: 0x0000000801000000-0x0000000841000000, reserved size: 1073741824
Narrow klass base: 0x0000000800000000, Narrow klass shift: 0, Narrow klass range: 0x100000000

GC Precious Log:
 CardTable entry size: 512
 Card Set container configuration: InlinePtr #cards 5 size 8 Array Of Cards #cards 12 size 40 Howl #buckets 4 coarsen threshold 1843 Howl Bitmap #cards 512 size 80 coarsen threshold 460 Card regions per heap region 1 cards per card region 2048
 CPUs: 8 total, 8 available
 Memory: 7995M
 Large Page Support: Disabled
 NUMA Support: Disabled
 Compressed Oops: Enabled (32-bit)
 Heap Region Size: 1M
 Heap Min Capacity: 8M
 Heap Initial Capacity: 126M
 Heap Max Capacity: 2000M
 Pre-touch: Disabled
 Parallel Workers: 8
 Concurrent Workers: 2
 Concurrent Refinement Workers: 8
 Periodic GC: Disabled

Heap:
 garbage-first heap   total 129024K, used 38471K [0x0000000083000000, 0x0000000100000000)
  region size 1024K, 4 young (4096K), 4 survivors (4096K)
 Metaspace       used 60286K, committed 60800K, reserved 1114112K
  class space    used 7884K, committed 8128K, reserved 1048576K

Heap Regions: E=young(eden), S=young(survivor), O=old, HS=humongous(starts), HC=humongous(continues), CS=collection set, F=free, OA=open archive, CA=closed archive, TAMS=top-at-mark-start (previous, next)
|   0|0x0000000083000000, 0x0000000083100000, 0x0000000083100000|100%|HS|  |TAMS 0x0000000083100000, 0x0000000083000000| Complete 
|   1|0x0000000083100000, 0x0000000083200000, 0x0000000083200000|100%| O|  |TAMS 0x0000000083200000, 0x0000000083100000| Untracked 
|   2|0x0000000083200000, 0x0000000083300000, 0x0000000083300000|100%| O|  |TAMS 0x0000000083300000, 0x0000000083200000| Untracked 
|   3|0x0000000083300000, 0x0000000083400000, 0x0000000083400000|100%| O|  |TAMS 0x0000000083400000, 0x0000000083300000| Untracked 
|   4|0x0000000083400000, 0x0000000083500000, 0x0000000083500000|100%| O|  |TAMS 0x0000000083500000, 0x0000000083400000| Untracked 
|   5|0x0000000083500000, 0x0000000083600000, 0x0000000083600000|100%| O|  |TAMS 0x0000000083600000, 0x0000000083500000| Untracked 
|   6|0x0000000083600000, 0x0000000083700000, 0x0000000083700000|100%| O|  |TAMS 0x0000000083700000, 0x0000000083600000| Untracked 
|   7|0x0000000083700000, 0x0000000083800000, 0x0000000083800000|100%| O|  |TAMS 0x0000000083800000, 0x0000000083700000| Untracked 
|   8|0x0000000083800000, 0x0000000083900000, 0x0000000083900000|100%| O|  |TAMS 0x0000000083900000, 0x0000000083800000| Untracked 
|   9|0x0000000083900000, 0x0000000083a00000, 0x0000000083a00000|100%| O|  |TAMS 0x0000000083a00000, 0x0000000083900000| Untracked 
|  10|0x0000000083a00000, 0x0000000083b00000, 0x0000000083b00000|100%| O|  |TAMS 0x0000000083b00000, 0x0000000083a00000| Untracked 
|  11|0x0000000083b00000, 0x0000000083c00000, 0x0000000083c00000|100%| O|  |TAMS 0x0000000083c00000, 0x0000000083b00000| Untracked 
|  12|0x0000000083c00000, 0x0000000083d00000, 0x0000000083d00000|100%| O|  |TAMS 0x0000000083d00000, 0x0000000083c00000| Untracked 
|  13|0x0000000083d00000, 0x0000000083e00000, 0x0000000083e00000|100%| O|  |TAMS 0x0000000083e00000, 0x0000000083d00000| Untracked 
|  14|0x0000000083e00000, 0x0000000083f00000, 0x0000000083f00000|100%| O|  |TAMS 0x0000000083f00000, 0x0000000083e00000| Untracked 
|  15|0x0000000083f00000, 0x0000000084000000, 0x0000000084000000|100%| O|  |TAMS 0x0000000084000000, 0x0000000083f00000| Untracked 
|  16|0x0000000084000000, 0x0000000084100000, 0x0000000084100000|100%| O|  |TAMS 0x0000000084100000, 0x0000000084000000| Untracked 
|  17|0x0000000084100000, 0x0000000084200000, 0x0000000084200000|100%| O|  |TAMS 0x0000000084200000, 0x0000000084100000| Untracked 
|  18|0x0000000084200000, 0x0000000084300000, 0x0000000084300000|100%| O|  |TAMS 0x0000000084200000, 0x0000000084200000| Untracked 
|  19|0x0000000084300000, 0x0000000084400000, 0x0000000084400000|100%| O|  |TAMS 0x0000000084300000, 0x0000000084300000| Untracked 
|  20|0x0000000084400000, 0x0000000084500000, 0x0000000084500000|100%| O|  |TAMS 0x0000000084400000, 0x0000000084400000| Untracked 
|  21|0x0000000084500000, 0x0000000084600000, 0x0000000084600000|100%| O|  |TAMS 0x0000000084500000, 0x0000000084500000| Untracked 
|  22|0x0000000084600000, 0x0000000084700000, 0x0000000084700000|100%| O|  |TAMS 0x0000000084600000, 0x0000000084600000| Untracked 
|  23|0x0000000084700000, 0x0000000084800000, 0x0000000084800000|100%| O|  |TAMS 0x0000000084700000, 0x0000000084700000| Untracked 
|  24|0x0000000084800000, 0x0000000084900000, 0x0000000084900000|100%| O|  |TAMS 0x0000000084800000, 0x0000000084800000| Untracked 
|  25|0x0000000084900000, 0x0000000084a00000, 0x0000000084a00000|100%| O|  |TAMS 0x0000000084900000, 0x0000000084900000| Untracked 
|  26|0x0000000084a00000, 0x0000000084b00000, 0x0000000084b00000|100%| O|  |TAMS 0x0000000084a00000, 0x0000000084a00000| Untracked 
|  27|0x0000000084b00000, 0x0000000084c00000, 0x0000000084c00000|100%| O|  |TAMS 0x0000000084b00000, 0x0000000084b00000| Untracked 
|  28|0x0000000084c00000, 0x0000000084d00000, 0x0000000084d00000|100%| O|  |TAMS 0x0000000084c00000, 0x0000000084c00000| Untracked 
|  29|0x0000000084d00000, 0x0000000084e00000, 0x0000000084e00000|100%| O|  |TAMS 0x0000000084d00000, 0x0000000084d00000| Untracked 
|  30|0x0000000084e00000, 0x0000000084f00000, 0x0000000084f00000|100%| O|  |TAMS 0x0000000084e00000, 0x0000000084e00000| Untracked 
|  31|0x0000000084f00000, 0x0000000085000000, 0x0000000085000000|100%| O|  |TAMS 0x0000000084f00000, 0x0000000084f00000| Untracked 
|  32|0x0000000085000000, 0x0000000085100000, 0x0000000085100000|100%| O|  |TAMS 0x0000000085000000, 0x0000000085000000| Untracked 
|  33|0x0000000085100000, 0x00000000851cb000, 0x0000000085200000| 79%| O|  |TAMS 0x0000000085100000, 0x0000000085100000| Untracked 
|  34|0x0000000085200000, 0x0000000085200000, 0x0000000085300000|  0%| F|  |TAMS 0x0000000085200000, 0x0000000085200000| Untracked 
|  35|0x0000000085300000, 0x0000000085300000, 0x0000000085400000|  0%| F|  |TAMS 0x0000000085300000, 0x0000000085300000| Untracked 
|  36|0x0000000085400000, 0x0000000085400000, 0x0000000085500000|  0%| F|  |TAMS 0x0000000085400000, 0x0000000085400000| Untracked 
|  37|0x0000000085500000, 0x0000000085500000, 0x0000000085600000|  0%| F|  |TAMS 0x0000000085500000, 0x0000000085500000| Untracked 
|  38|0x0000000085600000, 0x0000000085600000, 0x0000000085700000|  0%| F|  |TAMS 0x0000000085600000, 0x0000000085600000| Untracked 
|  39|0x0000000085700000, 0x0000000085700000, 0x0000000085800000|  0%| F|  |TAMS 0x0000000085700000, 0x0000000085700000| Untracked 
|  40|0x0000000085800000, 0x0000000085800000, 0x0000000085900000|  0%| F|  |TAMS 0x0000000085800000, 0x0000000085800000| Untracked 
|  41|0x0000000085900000, 0x0000000085900000, 0x0000000085a00000|  0%| F|  |TAMS 0x0000000085900000, 0x0000000085900000| Untracked 
|  42|0x0000000085a00000, 0x0000000085a00000, 0x0000000085b00000|  0%| F|  |TAMS 0x0000000085a00000, 0x0000000085a00000| Untracked 
|  43|0x0000000085b00000, 0x0000000085bc6c20, 0x0000000085c00000| 77%| S|CS|TAMS 0x0000000085b00000, 0x0000000085b00000| Complete 
|  44|0x0000000085c00000, 0x0000000085c00000, 0x0000000085d00000|  0%| F|  |TAMS 0x0000000085c00000, 0x0000000085c00000| Untracked 
|  45|0x0000000085d00000, 0x0000000085d00000, 0x0000000085e00000|  0%| F|  |TAMS 0x0000000085d00000, 0x0000000085d00000| Untracked 
|  46|0x0000000085e00000, 0x0000000085e00000, 0x0000000085f00000|  0%| F|  |TAMS 0x0000000085e00000, 0x0000000085e00000| Untracked 
|  47|0x0000000085f00000, 0x0000000086000000, 0x0000000086000000|100%| S|CS|TAMS 0x0000000085f00000, 0x0000000085f00000| Complete 
|  48|0x0000000086000000, 0x0000000086100000, 0x0000000086100000|100%| S|CS|TAMS 0x0000000086000000, 0x0000000086000000| Complete 
|  49|0x0000000086100000, 0x0000000086200000, 0x0000000086200000|100%| S|CS|TAMS 0x0000000086100000, 0x0000000086100000| Complete 
|  50|0x0000000086200000, 0x0000000086200000, 0x0000000086300000|  0%| F|  |TAMS 0x0000000086200000, 0x0000000086200000| Untracked 
|  51|0x0000000086300000, 0x0000000086300000, 0x0000000086400000|  0%| F|  |TAMS 0x0000000086300000, 0x0000000086300000| Untracked 
|  52|0x0000000086400000, 0x0000000086400000, 0x0000000086500000|  0%| F|  |TAMS 0x0000000086400000, 0x0000000086400000| Untracked 
|  53|0x0000000086500000, 0x0000000086500000, 0x0000000086600000|  0%| F|  |TAMS 0x0000000086500000, 0x0000000086500000| Untracked 
|  54|0x0000000086600000, 0x0000000086600000, 0x0000000086700000|  0%| F|  |TAMS 0x0000000086600000, 0x0000000086600000| Untracked 
|  55|0x0000000086700000, 0x0000000086700000, 0x0000000086800000|  0%| F|  |TAMS 0x0000000086700000, 0x0000000086700000| Untracked 
|  56|0x0000000086800000, 0x0000000086800000, 0x0000000086900000|  0%| F|  |TAMS 0x0000000086800000, 0x0000000086800000| Untracked 
|  57|0x0000000086900000, 0x0000000086900000, 0x0000000086a00000|  0%| F|  |TAMS 0x0000000086900000, 0x0000000086900000| Untracked 
|  58|0x0000000086a00000, 0x0000000086a00000, 0x0000000086b00000|  0%| F|  |TAMS 0x0000000086a00000, 0x0000000086a00000| Untracked 
|  59|0x0000000086b00000, 0x0000000086b00000, 0x0000000086c00000|  0%| F|  |TAMS 0x0000000086b00000, 0x0000000086b00000| Untracked 
|  60|0x0000000086c00000, 0x0000000086c00000, 0x0000000086d00000|  0%| F|  |TAMS 0x0000000086c00000, 0x0000000086c00000| Untracked 
|  61|0x0000000086d00000, 0x0000000086d00000, 0x0000000086e00000|  0%| F|  |TAMS 0x0000000086d00000, 0x0000000086d00000| Untracked 
|  62|0x0000000086e00000, 0x0000000086e00000, 0x0000000086f00000|  0%| F|  |TAMS 0x0000000086e00000, 0x0000000086e00000| Untracked 
|  63|0x0000000086f00000, 0x0000000086f00000, 0x0000000087000000|  0%| F|  |TAMS 0x0000000086f00000, 0x0000000086f00000| Untracked 
|  64|0x0000000087000000, 0x0000000087000000, 0x0000000087100000|  0%| F|  |TAMS 0x0000000087000000, 0x0000000087000000| Untracked 
|  65|0x0000000087100000, 0x0000000087100000, 0x0000000087200000|  0%| F|  |TAMS 0x0000000087100000, 0x0000000087100000| Untracked 
|  66|0x0000000087200000, 0x0000000087200000, 0x0000000087300000|  0%| F|  |TAMS 0x0000000087200000, 0x0000000087200000| Untracked 
|  67|0x0000000087300000, 0x0000000087300000, 0x0000000087400000|  0%| F|  |TAMS 0x0000000087300000, 0x0000000087300000| Untracked 
|  68|0x0000000087400000, 0x0000000087400000, 0x0000000087500000|  0%| F|  |TAMS 0x0000000087400000, 0x0000000087400000| Untracked 
|  69|0x0000000087500000, 0x0000000087500000, 0x0000000087600000|  0%| F|  |TAMS 0x0000000087500000, 0x0000000087500000| Untracked 
|  70|0x0000000087600000, 0x0000000087600000, 0x0000000087700000|  0%| F|  |TAMS 0x0000000087600000, 0x0000000087600000| Untracked 
|  71|0x0000000087700000, 0x0000000087700000, 0x0000000087800000|  0%| F|  |TAMS 0x0000000087700000, 0x0000000087700000| Untracked 
|  72|0x0000000087800000, 0x0000000087800000, 0x0000000087900000|  0%| F|  |TAMS 0x0000000087800000, 0x0000000087800000| Untracked 
|  73|0x0000000087900000, 0x0000000087900000, 0x0000000087a00000|  0%| F|  |TAMS 0x0000000087900000, 0x0000000087900000| Untracked 
|  74|0x0000000087a00000, 0x0000000087a00000, 0x0000000087b00000|  0%| F|  |TAMS 0x0000000087a00000, 0x0000000087a00000| Untracked 
|  75|0x0000000087b00000, 0x0000000087b00000, 0x0000000087c00000|  0%| F|  |TAMS 0x0000000087b00000, 0x0000000087b00000| Untracked 
|  76|0x0000000087c00000, 0x0000000087c00000, 0x0000000087d00000|  0%| F|  |TAMS 0x0000000087c00000, 0x0000000087c00000| Untracked 
|  77|0x0000000087d00000, 0x0000000087d00000, 0x0000000087e00000|  0%| F|  |TAMS 0x0000000087d00000, 0x0000000087d00000| Untracked 
|  78|0x0000000087e00000, 0x0000000087e00000, 0x0000000087f00000|  0%| F|  |TAMS 0x0000000087e00000, 0x0000000087e00000| Untracked 
|  79|0x0000000087f00000, 0x0000000087f00000, 0x0000000088000000|  0%| F|  |TAMS 0x0000000087f00000, 0x0000000087f00000| Untracked 
|  80|0x0000000088000000, 0x0000000088000000, 0x0000000088100000|  0%| F|  |TAMS 0x0000000088000000, 0x0000000088000000| Untracked 
|  81|0x0000000088100000, 0x0000000088100000, 0x0000000088200000|  0%| F|  |TAMS 0x0000000088100000, 0x0000000088100000| Untracked 
|  82|0x0000000088200000, 0x0000000088200000, 0x0000000088300000|  0%| F|  |TAMS 0x0000000088200000, 0x0000000088200000| Untracked 
|  83|0x0000000088300000, 0x0000000088300000, 0x0000000088400000|  0%| F|  |TAMS 0x0000000088300000, 0x0000000088300000| Untracked 
|  84|0x0000000088400000, 0x0000000088400000, 0x0000000088500000|  0%| F|  |TAMS 0x0000000088400000, 0x0000000088400000| Untracked 
|  85|0x0000000088500000, 0x0000000088500000, 0x0000000088600000|  0%| F|  |TAMS 0x0000000088500000, 0x0000000088500000| Untracked 
|  86|0x0000000088600000, 0x0000000088600000, 0x0000000088700000|  0%| F|  |TAMS 0x0000000088600000, 0x0000000088600000| Untracked 
|  87|0x0000000088700000, 0x0000000088700000, 0x0000000088800000|  0%| F|  |TAMS 0x0000000088700000, 0x0000000088700000| Untracked 
|  88|0x0000000088800000, 0x0000000088800000, 0x0000000088900000|  0%| F|  |TAMS 0x0000000088800000, 0x0000000088800000| Untracked 
|  89|0x0000000088900000, 0x0000000088900000, 0x0000000088a00000|  0%| F|  |TAMS 0x0000000088900000, 0x0000000088900000| Untracked 
|  90|0x0000000088a00000, 0x0000000088a00000, 0x0000000088b00000|  0%| F|  |TAMS 0x0000000088a00000, 0x0000000088a00000| Untracked 
|  91|0x0000000088b00000, 0x0000000088b00000, 0x0000000088c00000|  0%| F|  |TAMS 0x0000000088b00000, 0x0000000088b00000| Untracked 
|  92|0x0000000088c00000, 0x0000000088c00000, 0x0000000088d00000|  0%| F|  |TAMS 0x0000000088c00000, 0x0000000088c00000| Untracked 
|  93|0x0000000088d00000, 0x0000000088d00000, 0x0000000088e00000|  0%| F|  |TAMS 0x0000000088d00000, 0x0000000088d00000| Untracked 
|  94|0x0000000088e00000, 0x0000000088e00000, 0x0000000088f00000|  0%| F|  |TAMS 0x0000000088e00000, 0x0000000088e00000| Untracked 
|  95|0x0000000088f00000, 0x0000000088f00000, 0x0000000089000000|  0%| F|  |TAMS 0x0000000088f00000, 0x0000000088f00000| Untracked 
|  96|0x0000000089000000, 0x0000000089000000, 0x0000000089100000|  0%| F|  |TAMS 0x0000000089000000, 0x0000000089000000| Untracked 
|  97|0x0000000089100000, 0x0000000089100000, 0x0000000089200000|  0%| F|  |TAMS 0x0000000089100000, 0x0000000089100000| Untracked 
|  98|0x0000000089200000, 0x0000000089200000, 0x0000000089300000|  0%| F|  |TAMS 0x0000000089200000, 0x0000000089200000| Untracked 
|  99|0x0000000089300000, 0x0000000089300000, 0x0000000089400000|  0%| F|  |TAMS 0x0000000089300000, 0x0000000089300000| Untracked 
| 100|0x0000000089400000, 0x0000000089400000, 0x0000000089500000|  0%| F|  |TAMS 0x0000000089400000, 0x0000000089400000| Untracked 
| 101|0x0000000089500000, 0x0000000089500000, 0x0000000089600000|  0%| F|  |TAMS 0x0000000089500000, 0x0000000089500000| Untracked 
| 102|0x0000000089600000, 0x0000000089600000, 0x0000000089700000|  0%| F|  |TAMS 0x0000000089600000, 0x0000000089600000| Untracked 
| 103|0x0000000089700000, 0x0000000089700000, 0x0000000089800000|  0%| F|  |TAMS 0x0000000089700000, 0x0000000089700000| Untracked 
| 104|0x0000000089800000, 0x0000000089800000, 0x0000000089900000|  0%| F|  |TAMS 0x0000000089800000, 0x0000000089800000| Untracked 
| 105|0x0000000089900000, 0x0000000089900000, 0x0000000089a00000|  0%| F|  |TAMS 0x0000000089900000, 0x0000000089900000| Untracked 
| 106|0x0000000089a00000, 0x0000000089a00000, 0x0000000089b00000|  0%| F|  |TAMS 0x0000000089a00000, 0x0000000089a00000| Untracked 
| 107|0x0000000089b00000, 0x0000000089b00000, 0x0000000089c00000|  0%| F|  |TAMS 0x0000000089b00000, 0x0000000089b00000| Untracked 
| 108|0x0000000089c00000, 0x0000000089c00000, 0x0000000089d00000|  0%| F|  |TAMS 0x0000000089c00000, 0x0000000089c00000| Untracked 
| 109|0x0000000089d00000, 0x0000000089d00000, 0x0000000089e00000|  0%| F|  |TAMS 0x0000000089d00000, 0x0000000089d00000| Untracked 
| 110|0x0000000089e00000, 0x0000000089e00000, 0x0000000089f00000|  0%| F|  |TAMS 0x0000000089e00000, 0x0000000089e00000| Untracked 
| 111|0x0000000089f00000, 0x0000000089f00000, 0x000000008a000000|  0%| F|  |TAMS 0x0000000089f00000, 0x0000000089f00000| Untracked 
| 112|0x000000008a000000, 0x000000008a000000, 0x000000008a100000|  0%| F|  |TAMS 0x000000008a000000, 0x000000008a000000| Untracked 
| 113|0x000000008a100000, 0x000000008a100000, 0x000000008a200000|  0%| F|  |TAMS 0x000000008a100000, 0x000000008a100000| Untracked 
| 114|0x000000008a200000, 0x000000008a200000, 0x000000008a300000|  0%| F|  |TAMS 0x000000008a200000, 0x000000008a200000| Untracked 
| 115|0x000000008a300000, 0x000000008a300000, 0x000000008a400000|  0%| F|  |TAMS 0x000000008a300000, 0x000000008a300000| Untracked 
| 116|0x000000008a400000, 0x000000008a400000, 0x000000008a500000|  0%| F|  |TAMS 0x000000008a400000, 0x000000008a400000| Untracked 
| 117|0x000000008a500000, 0x000000008a500000, 0x000000008a600000|  0%| F|  |TAMS 0x000000008a500000, 0x000000008a500000| Untracked 
| 118|0x000000008a600000, 0x000000008a600000, 0x000000008a700000|  0%| F|  |TAMS 0x000000008a600000, 0x000000008a600000| Untracked 
| 119|0x000000008a700000, 0x000000008a700000, 0x000000008a800000|  0%| F|  |TAMS 0x000000008a700000, 0x000000008a700000| Untracked 
| 120|0x000000008a800000, 0x000000008a800000, 0x000000008a900000|  0%| F|  |TAMS 0x000000008a800000, 0x000000008a800000| Untracked 
| 121|0x000000008a900000, 0x000000008a900000, 0x000000008aa00000|  0%| F|  |TAMS 0x000000008a900000, 0x000000008a900000| Untracked 
| 122|0x000000008aa00000, 0x000000008aa00000, 0x000000008ab00000|  0%| F|  |TAMS 0x000000008aa00000, 0x000000008aa00000| Untracked 
| 123|0x000000008ab00000, 0x000000008ab00000, 0x000000008ac00000|  0%| F|  |TAMS 0x000000008ab00000, 0x000000008ab00000| Untracked 
| 124|0x000000008ac00000, 0x000000008ac00000, 0x000000008ad00000|  0%| F|  |TAMS 0x000000008ac00000, 0x000000008ac00000| Untracked 
| 125|0x000000008ad00000, 0x000000008ad00000, 0x000000008ae00000|  0%| F|  |TAMS 0x000000008ad00000, 0x000000008ad00000| Untracked 

Card table byte_map: [0x00000205d5940000,0x00000205d5d30000] _byte_map_base: 0x00000205d5528000

Marking Bits (Prev, Next): (CMBitMap*) 0x00000205be3121f0, (CMBitMap*) 0x00000205be312230
 Prev Bits: [0x00000205d6120000, 0x00000205d8060000)
 Next Bits: [0x00000205d8060000, 0x00000205d9fa0000)

Polling page: 0x00000205bc270000

Metaspace:

Usage:
  Non-class:     51.17 MB used.
      Class:      7.70 MB used.
       Both:     58.87 MB used.

Virtual space:
  Non-class space:       64.00 MB reserved,      51.44 MB ( 80%) committed,  1 nodes.
      Class space:        1.00 GB reserved,       7.94 MB ( <1%) committed,  1 nodes.
             Both:        1.06 GB reserved,      59.38 MB (  5%) committed. 

Chunk freelists:
   Non-Class:  3.78 MB
       Class:  73.00 KB
        Both:  3.85 MB

MaxMetaspaceSize: unlimited
CompressedClassSpaceSize: 1.00 GB
Initial GC threshold: 21.00 MB
Current GC threshold: 59.50 MB
CDS: on
MetaspaceReclaimPolicy: balanced
 - commit_granule_bytes: 65536.
 - commit_granule_words: 8192.
 - virtual_space_node_default_size: 8388608.
 - enlarge_chunks_in_place: 1.
 - new_chunks_are_fully_committed: 0.
 - uncommit_free_chunks: 1.
 - use_allocation_guard: 0.


Internal statistics:

num_allocs_failed_limit: 8.
num_arena_births: 680.
num_arena_deaths: 0.
num_vsnodes_births: 2.
num_vsnodes_deaths: 0.
num_space_committed: 950.
num_space_uncommitted: 0.
num_chunks_returned_to_freelist: 8.
num_chunks_taken_from_freelist: 2834.
num_chunk_merges: 8.
num_chunk_splits: 2079.
num_chunks_enlarged: 1710.
num_inconsistent_stats: 0.

CodeHeap 'non-profiled nmethods': size=120000Kb used=3608Kb max_used=3608Kb free=116391Kb
 bounds [0x00000205cdce0000, 0x00000205ce070000, 0x00000205d5210000]
CodeHeap 'profiled nmethods': size=120000Kb used=11751Kb max_used=11751Kb free=108248Kb
 bounds [0x00000205c6210000, 0x00000205c6d90000, 0x00000205cd740000]
CodeHeap 'non-nmethods': size=5760Kb used=1398Kb max_used=1531Kb free=4361Kb
 bounds [0x00000205cd740000, 0x00000205cd9b0000, 0x00000205cdce0000]
 total_blobs=6100 nmethods=5457 adapters=551
 compilation: enabled
              stopped_count=0, restarted_count=0
 full_count=0

Compilation events (20 events):
Event: 8.181 Thread 0x00000205dc9dc330 6221       3       java.util.regex.Matcher::appendReplacement (75 bytes)
Event: 8.181 Thread 0x00000205dc9dc330 nmethod 6221 0x00000205c6d89610 code [0x00000205c6d89820, 0x00000205c6d89ce8]
Event: 8.181 Thread 0x00000205dc9dc330 6222       3       java.util.regex.Matcher::replaceFirst (63 bytes)
Event: 8.182 Thread 0x00000205dc9dc330 nmethod 6222 0x00000205c6d89f10 code [0x00000205c6d8a180, 0x00000205c6d8aa48]
Event: 8.182 Thread 0x00000205dc9dc330 6227       3       java.util.Formatter$FormatSpecifier::print (234 bytes)
Event: 8.182 Thread 0x00000205dc9dc330 nmethod 6227 0x00000205c6d8ad90 code [0x00000205c6d8b020, 0x00000205c6d8b7c8]
Event: 8.182 Thread 0x00000205dc9dc330 6228       3       java.util.Formatter$FormatSpecifier::printString (97 bytes)
Event: 8.183 Thread 0x00000205dc9dc330 nmethod 6228 0x00000205c6d8b990 code [0x00000205c6d8bc60, 0x00000205c6d8cb78]
Event: 8.183 Thread 0x00000205dc9dc330 6224       3       org.springframework.util.StringUtils::isEmpty (19 bytes)
Event: 8.183 Thread 0x00000205dc9dc330 nmethod 6224 0x00000205c6d8d010 code [0x00000205c6d8d1c0, 0x00000205c6d8d388]
Event: 8.183 Thread 0x00000205dc9dc330 6225       1       org.springframework.web.servlet.mvc.method.RequestMappingInfo::getPatternsCondition (5 bytes)
Event: 8.183 Thread 0x00000205dc9dc330 nmethod 6225 0x00000205ce064090 code [0x00000205ce064220, 0x00000205ce0642d8]
Event: 8.183 Thread 0x00000205dc9dc330 6226       1       org.springframework.web.servlet.mvc.condition.PatternsRequestCondition::getPatterns (5 bytes)
Event: 8.183 Thread 0x00000205dc9dc330 nmethod 6226 0x00000205ce064390 code [0x00000205ce064520, 0x00000205ce0645d8]
Event: 8.185 Thread 0x00000205e57b3010 nmethod 6181 0x00000205ce064690 code [0x00000205ce064860, 0x00000205ce065010]
Event: 8.185 Thread 0x00000205e57b3010 6223       4       java.lang.StringBuilder::append (10 bytes)
Event: 8.188 Thread 0x00000205e57b3010 nmethod 6223 0x00000205ce065390 code [0x00000205ce065540, 0x00000205ce0659f8]
Event: 8.188 Thread 0x00000205e57b3010 6169       4       java.lang.Boolean::valueOf (14 bytes)
Event: 8.188 Thread 0x00000205e57b3010 nmethod 6169 0x00000205ce065e10 code [0x00000205ce065fa0, 0x00000205ce066018]
Event: 8.188 Thread 0x00000205e57b3010 6210       4       java.util.stream.ReferencePipeline::filter (22 bytes)

GC Heap History (20 events):
Event: 2.105 GC heap after
{Heap after GC invocations=6 (full 0):
 garbage-first heap   total 58368K, used 15685K [0x0000000083000000, 0x0000000100000000)
  region size 1024K, 1 young (1024K), 1 survivors (1024K)
 Metaspace       used 24350K, committed 24640K, reserved 1114112K
  class space    used 3067K, committed 3200K, reserved 1048576K
}
Event: 2.509 GC heap before
{Heap before GC invocations=6 (full 0):
 garbage-first heap   total 58368K, used 39237K [0x0000000083000000, 0x0000000100000000)
  region size 1024K, 25 young (25600K), 1 survivors (1024K)
 Metaspace       used 26310K, committed 26624K, reserved 1114112K
  class space    used 3300K, committed 3456K, reserved 1048576K
}
Event: 2.512 GC heap after
{Heap after GC invocations=7 (full 0):
 garbage-first heap   total 58368K, used 16489K [0x0000000083000000, 0x0000000100000000)
  region size 1024K, 2 young (2048K), 2 survivors (2048K)
 Metaspace       used 26310K, committed 26624K, reserved 1114112K
  class space    used 3300K, committed 3456K, reserved 1048576K
}
Event: 3.188 GC heap before
{Heap before GC invocations=7 (full 0):
 garbage-first heap   total 58368K, used 42089K [0x0000000083000000, 0x0000000100000000)
  region size 1024K, 27 young (27648K), 2 survivors (2048K)
 Metaspace       used 30104K, committed 30464K, reserved 1114112K
  class space    used 3798K, committed 3968K, reserved 1048576K
}
Event: 3.195 GC heap after
{Heap after GC invocations=8 (full 0):
 garbage-first heap   total 58368K, used 18851K [0x0000000083000000, 0x0000000100000000)
  region size 1024K, 4 young (4096K), 4 survivors (4096K)
 Metaspace       used 30104K, committed 30464K, reserved 1114112K
  class space    used 3798K, committed 3968K, reserved 1048576K
}
Event: 3.854 GC heap before
{Heap before GC invocations=8 (full 0):
 garbage-first heap   total 58368K, used 42403K [0x0000000083000000, 0x0000000100000000)
  region size 1024K, 27 young (27648K), 4 survivors (4096K)
 Metaspace       used 34802K, committed 35200K, reserved 1114112K
  class space    used 4452K, committed 4672K, reserved 1048576K
}
Event: 3.866 GC heap after
{Heap after GC invocations=9 (full 0):
 garbage-first heap   total 116736K, used 20792K [0x0000000083000000, 0x0000000100000000)
  region size 1024K, 2 young (2048K), 2 survivors (2048K)
 Metaspace       used 34802K, committed 35200K, reserved 1114112K
  class space    used 4452K, committed 4672K, reserved 1048576K
}
Event: 3.999 GC heap before
{Heap before GC invocations=9 (full 0):
 garbage-first heap   total 116736K, used 22840K [0x0000000083000000, 0x0000000100000000)
  region size 1024K, 5 young (5120K), 2 survivors (2048K)
 Metaspace       used 35941K, committed 36288K, reserved 1114112K
  class space    used 4675K, committed 4800K, reserved 1048576K
}
Event: 4.004 GC heap after
{Heap after GC invocations=10 (full 0):
 garbage-first heap   total 116736K, used 21001K [0x0000000083000000, 0x0000000100000000)
  region size 1024K, 3 young (3072K), 3 survivors (3072K)
 Metaspace       used 35941K, committed 36288K, reserved 1114112K
  class space    used 4675K, committed 4800K, reserved 1048576K
}
Event: 5.282 GC heap before
{Heap before GC invocations=11 (full 0):
 garbage-first heap   total 78848K, used 65033K [0x0000000083000000, 0x0000000100000000)
  region size 1024K, 46 young (47104K), 3 survivors (3072K)
 Metaspace       used 47880K, committed 48192K, reserved 1114112K
  class space    used 6317K, committed 6464K, reserved 1048576K
}
Event: 5.290 GC heap after
{Heap after GC invocations=12 (full 0):
 garbage-first heap   total 78848K, used 24258K [0x0000000083000000, 0x0000000100000000)
  region size 1024K, 6 young (6144K), 6 survivors (6144K)
 Metaspace       used 47880K, committed 48192K, reserved 1114112K
  class space    used 6317K, committed 6464K, reserved 1048576K
}
Event: 5.311 GC heap before
{Heap before GC invocations=12 (full 0):
 garbage-first heap   total 78848K, used 25282K [0x0000000083000000, 0x0000000100000000)
  region size 1024K, 7 young (7168K), 6 survivors (6144K)
 Metaspace       used 48129K, committed 48448K, reserved 1114112K
  class space    used 6351K, committed 6528K, reserved 1048576K
}
Event: 5.318 GC heap after
{Heap after GC invocations=13 (full 0):
 garbage-first heap   total 78848K, used 24953K [0x0000000083000000, 0x0000000100000000)
  region size 1024K, 1 young (1024K), 1 survivors (1024K)
 Metaspace       used 48129K, committed 48448K, reserved 1114112K
  class space    used 6351K, committed 6528K, reserved 1048576K
}
Event: 6.219 GC heap before
{Heap before GC invocations=13 (full 0):
 garbage-first heap   total 78848K, used 59769K [0x0000000083000000, 0x0000000100000000)
  region size 1024K, 36 young (36864K), 1 survivors (1024K)
 Metaspace       used 53724K, committed 54144K, reserved 1114112K
  class space    used 7044K, committed 7232K, reserved 1048576K
}
Event: 6.227 GC heap after
{Heap after GC invocations=14 (full 0):
 garbage-first heap   total 78848K, used 26799K [0x0000000083000000, 0x0000000100000000)
  region size 1024K, 3 young (3072K), 3 survivors (3072K)
 Metaspace       used 53724K, committed 54144K, reserved 1114112K
  class space    used 7044K, committed 7232K, reserved 1048576K
}
Event: 7.046 GC heap before
{Heap before GC invocations=14 (full 0):
 garbage-first heap   total 78848K, used 60591K [0x0000000083000000, 0x0000000100000000)
  region size 1024K, 36 young (36864K), 3 survivors (3072K)
 Metaspace       used 56754K, committed 57280K, reserved 1114112K
  class space    used 7398K, committed 7680K, reserved 1048576K
}
Event: 7.062 GC heap after
{Heap after GC invocations=15 (full 0):
 garbage-first heap   total 78848K, used 30346K [0x0000000083000000, 0x0000000100000000)
  region size 1024K, 5 young (5120K), 5 survivors (5120K)
 Metaspace       used 56754K, committed 57280K, reserved 1114112K
  class space    used 7398K, committed 7680K, reserved 1048576K
}
Event: 7.746 GC heap before
{Heap before GC invocations=15 (full 0):
 garbage-first heap   total 78848K, used 61066K [0x0000000083000000, 0x0000000100000000)
  region size 1024K, 35 young (35840K), 5 survivors (5120K)
 Metaspace       used 59243K, committed 59712K, reserved 1114112K
  class space    used 7710K, committed 7936K, reserved 1048576K
}
Event: 7.763 GC heap after
{Heap after GC invocations=16 (full 0):
 garbage-first heap   total 78848K, used 34373K [0x0000000083000000, 0x0000000100000000)
  region size 1024K, 4 young (4096K), 4 survivors (4096K)
 Metaspace       used 59243K, committed 59712K, reserved 1114112K
  class space    used 7710K, committed 7936K, reserved 1048576K
}
Event: 8.190 GC heap before
{Heap before GC invocations=16 (full 0):
 garbage-first heap   total 78848K, used 62021K [0x0000000083000000, 0x0000000100000000)
  region size 1024K, 31 young (31744K), 4 survivors (4096K)
 Metaspace       used 60286K, committed 60800K, reserved 1114112K
  class space    used 7884K, committed 8128K, reserved 1048576K
}

Dll operation events (13 events):
Event: 0.007 Loaded shared library C:\Program Files\Java\jdk-19\bin\java.dll
Event: 0.015 Loaded shared library C:\Program Files\Java\jdk-19\bin\jsvml.dll
Event: 0.122 Loaded shared library C:\Program Files\Java\jdk-19\bin\zip.dll
Event: 0.124 Loaded shared library C:\Program Files\Java\jdk-19\bin\instrument.dll
Event: 0.128 Loaded shared library C:\Program Files\Java\jdk-19\bin\net.dll
Event: 0.130 Loaded shared library C:\Program Files\Java\jdk-19\bin\nio.dll
Event: 0.133 Loaded shared library C:\Program Files\Java\jdk-19\bin\zip.dll
Event: 0.143 Loaded shared library C:\Program Files\JetBrains\IntelliJ IDEA Community Edition 2022.2.3\bin\breakgen64.dll
Event: 0.150 Loaded shared library C:\Program Files\Java\jdk-19\bin\extnet.dll
Event: 0.283 Loaded shared library C:\Program Files\Java\jdk-19\bin\jimage.dll
Event: 0.607 Loaded shared library C:\Program Files\Java\jdk-19\bin\verify.dll
Event: 1.219 Loaded shared library C:\Program Files\Java\jdk-19\bin\management.dll
Event: 1.221 Loaded shared library C:\Program Files\Java\jdk-19\bin\management_ext.dll

Deoptimization events (20 events):
Event: 8.178 Thread 0x00000205be2b20a0 Uncommon trap: trap_request=0xffffffde fr.pc=0x00000205cddac6fc relative=0x000000000000015c
Event: 8.178 Thread 0x00000205be2b20a0 Uncommon trap: reason=class_check action=maybe_recompile pc=0x00000205cddac6fc method=java.util.stream.StreamOpFlag.fromCharacteristics(Ljava/util/Spliterator;)I @ 14 c2
Event: 8.178 Thread 0x00000205be2b20a0 DEOPT PACKING pc=0x00000205cddac6fc sp=0x0000003076efb9a0
Event: 8.178 Thread 0x00000205be2b20a0 DEOPT UNPACKING pc=0x00000205cd7a6da3 sp=0x0000003076efb8e0 mode 2
Event: 8.178 Thread 0x00000205be2b20a0 Uncommon trap: trap_request=0xffffffde fr.pc=0x00000205cddac6fc relative=0x000000000000015c
Event: 8.178 Thread 0x00000205be2b20a0 Uncommon trap: reason=class_check action=maybe_recompile pc=0x00000205cddac6fc method=java.util.stream.StreamOpFlag.fromCharacteristics(Ljava/util/Spliterator;)I @ 14 c2
Event: 8.178 Thread 0x00000205be2b20a0 DEOPT PACKING pc=0x00000205cddac6fc sp=0x0000003076efb9a0
Event: 8.178 Thread 0x00000205be2b20a0 DEOPT UNPACKING pc=0x00000205cd7a6da3 sp=0x0000003076efb8e0 mode 2
Event: 8.178 Thread 0x00000205be2b20a0 Uncommon trap: trap_request=0xffffffde fr.pc=0x00000205cdcf9a7c relative=0x000000000000005c
Event: 8.178 Thread 0x00000205be2b20a0 Uncommon trap: reason=class_check action=maybe_recompile pc=0x00000205cdcf9a7c method=java.util.stream.StreamOpFlag.fromCharacteristics(Ljava/util/Spliterator;)I @ 14 c2
Event: 8.178 Thread 0x00000205be2b20a0 DEOPT PACKING pc=0x00000205cdcf9a7c sp=0x0000003076efb930
Event: 8.178 Thread 0x00000205be2b20a0 DEOPT UNPACKING pc=0x00000205cd7a6da3 sp=0x0000003076efb8c8 mode 2
Event: 8.185 Thread 0x00000205be2b20a0 Uncommon trap: trap_request=0xffffff45 fr.pc=0x00000205cde175b0 relative=0x0000000000000250
Event: 8.185 Thread 0x00000205be2b20a0 Uncommon trap: reason=unstable_if action=reinterpret pc=0x00000205cde175b0 method=java.util.HashMap.getNode(Ljava/lang/Object;)Ljava/util/HashMap$Node; @ 131 c2
Event: 8.185 Thread 0x00000205be2b20a0 DEOPT PACKING pc=0x00000205cde175b0 sp=0x0000003076efc020
Event: 8.185 Thread 0x00000205be2b20a0 DEOPT UNPACKING pc=0x00000205cd7a6da3 sp=0x0000003076efbf40 mode 2
Event: 8.185 Thread 0x00000205be2b20a0 Uncommon trap: trap_request=0xffffff45 fr.pc=0x00000205cdf67ca4 relative=0x00000000000001c4
Event: 8.185 Thread 0x00000205be2b20a0 Uncommon trap: reason=unstable_if action=reinterpret pc=0x00000205cdf67ca4 method=java.util.HashMap.getNode(Ljava/lang/Object;)Ljava/util/HashMap$Node; @ 66 c2
Event: 8.185 Thread 0x00000205be2b20a0 DEOPT PACKING pc=0x00000205cdf67ca4 sp=0x0000003076efb890
Event: 8.185 Thread 0x00000205be2b20a0 DEOPT UNPACKING pc=0x00000205cd7a6da3 sp=0x0000003076efb820 mode 2

Classes loaded (20 events):
Event: 8.146 Loading class java/lang/ObjectCustomizer
Event: 8.146 Loading class java/lang/ObjectCustomizer done
Event: 8.146 Loading class java/lang/ObjectCustomizer
Event: 8.146 Loading class java/lang/ObjectCustomizer done
Event: 8.153 Loading class java/lang/ObjectCustomizer
Event: 8.153 Loading class java/lang/ObjectCustomizer done
Event: 8.153 Loading class java/lang/ObjectCustomizer
Event: 8.153 Loading class java/lang/ObjectCustomizer done
Event: 8.156 Loading class java/lang/ObjectCustomizer
Event: 8.156 Loading class java/lang/ObjectCustomizer done
Event: 8.156 Loading class java/lang/ObjectCustomizer
Event: 8.156 Loading class java/lang/ObjectCustomizer done
Event: 8.159 Loading class java/lang/ObjectCustomizer
Event: 8.159 Loading class java/lang/ObjectCustomizer done
Event: 8.159 Loading class java/lang/ObjectCustomizer
Event: 8.159 Loading class java/lang/ObjectCustomizer done
Event: 8.178 Loading class java/util/TreeMap$KeySpliterator
Event: 8.178 Loading class java/util/TreeMap$TreeMapSpliterator
Event: 8.178 Loading class java/util/TreeMap$TreeMapSpliterator done
Event: 8.178 Loading class java/util/TreeMap$KeySpliterator done

Classes unloaded (0 events):
No events

Classes redefined (0 events):
No events

Internal exceptions (20 events):
Event: 8.147 Thread 0x00000205be2b20a0 Exception <a 'java/lang/ClassNotFoundException'{0x000000008642f180}: springfox/documentation/swagger2/configuration/Swagger2WebMvcConfiguration$$EnhancerBySpringCGLIB$$801c1a13Customizer> (0x000000008642f180) 
thrown [s\open\src\hotspot\share\classfile\systemDictionary.cpp, line 255]
Event: 8.148 Thread 0x00000205be2b20a0 Exception <a 'java/lang/ClassNotFoundException'{0x000000008643a128}: org/springframework/context/annotation/ConfigurationClassEnhancer$EnhancedConfigurationCustomizer> (0x000000008643a128) 
thrown [s\open\src\hotspot\share\classfile\systemDictionary.cpp, line 255]
Event: 8.148 Thread 0x00000205be2b20a0 Exception <a 'java/lang/ClassNotFoundException'{0x000000008643ec80}: org/springframework/beans/factory/BeanFactoryAwareCustomizer> (0x000000008643ec80) 
thrown [s\open\src\hotspot\share\classfile\systemDictionary.cpp, line 255]
Event: 8.149 Thread 0x00000205be2b20a0 Exception <a 'java/lang/ClassNotFoundException'{0x00000000864449c8}: org/springframework/beans/factory/AwareCustomizer> (0x00000000864449c8) 
thrown [s\open\src\hotspot\share\classfile\systemDictionary.cpp, line 255]
Event: 8.153 Thread 0x00000205be2b20a0 Exception <a 'java/lang/ClassNotFoundException'{0x000000008649ea00}: java/lang/ObjectCustomizer> (0x000000008649ea00) 
thrown [s\open\src\hotspot\share\classfile\systemDictionary.cpp, line 255]
Event: 8.154 Thread 0x00000205be2b20a0 Exception <a 'java/lang/ClassNotFoundException'{0x00000000864a7018}: springfox/documentation/swagger2/web/WebMvcBasePathAndHostnameTransformationFilterCustomizer> (0x00000000864a7018) 
thrown [s\open\src\hotspot\share\classfile\systemDictionary.cpp, line 255]
Event: 8.154 Thread 0x00000205be2b20a0 Exception <a 'java/lang/ClassNotFoundException'{0x00000000864b0898}: springfox/documentation/swagger2/web/WebMvcSwaggerTransformationFilterCustomizer> (0x00000000864b0898) 
thrown [s\open\src\hotspot\share\classfile\systemDictionary.cpp, line 255]
Event: 8.154 Thread 0x00000205be2b20a0 Exception <a 'java/lang/ClassNotFoundException'{0x00000000864b5910}: springfox/documentation/swagger2/web/SwaggerTransformationFilterCustomizer> (0x00000000864b5910) 
thrown [s\open\src\hotspot\share\classfile\systemDictionary.cpp, line 255]
Event: 8.155 Thread 0x00000205be2b20a0 Exception <a 'java/lang/ClassNotFoundException'{0x00000000864bb8f0}: org/springframework/plugin/core/PluginCustomizer> (0x00000000864bb8f0) 
thrown [s\open\src\hotspot\share\classfile\systemDictionary.cpp, line 255]
Event: 8.156 Thread 0x00000205be2b20a0 Exception <a 'java/lang/ClassNotFoundException'{0x00000000864c7118}: java/lang/ObjectCustomizer> (0x00000000864c7118) 
thrown [s\open\src\hotspot\share\classfile\systemDictionary.cpp, line 255]
Event: 8.156 Thread 0x00000205be2b20a0 Exception <a 'java/lang/ClassNotFoundException'{0x00000000864cf290}: springfox/boot/starter/autoconfigure/OpenApiAutoConfigurationCustomizer> (0x00000000864cf290) 
thrown [s\open\src\hotspot\share\classfile\systemDictionary.cpp, line 255]
Event: 8.157 Thread 0x00000205be2b20a0 Exception <a 'java/lang/ClassNotFoundException'{0x00000000864d5838}: springfox/boot/starter/autoconfigure/OpenApiAutoConfiguration$$EnhancerBySpringCGLIB$$ae55a966Customizer> (0x00000000864d5838) 
thrown [s\open\src\hotspot\share\classfile\systemDictionary.cpp, line 255]
Event: 8.157 Thread 0x00000205be2b20a0 Exception <a 'java/lang/ClassNotFoundException'{0x00000000864df8f0}: org/springframework/context/annotation/ConfigurationClassEnhancer$EnhancedConfigurationCustomizer> (0x00000000864df8f0) 
thrown [s\open\src\hotspot\share\classfile\systemDictionary.cpp, line 255]
Event: 8.158 Thread 0x00000205be2b20a0 Exception <a 'java/lang/ClassNotFoundException'{0x00000000864e4448}: org/springframework/beans/factory/BeanFactoryAwareCustomizer> (0x00000000864e4448) 
thrown [s\open\src\hotspot\share\classfile\systemDictionary.cpp, line 255]
Event: 8.158 Thread 0x00000205be2b20a0 Exception <a 'java/lang/ClassNotFoundException'{0x00000000864ea190}: org/springframework/beans/factory/AwareCustomizer> (0x00000000864ea190) 
thrown [s\open\src\hotspot\share\classfile\systemDictionary.cpp, line 255]
Event: 8.159 Thread 0x00000205be2b20a0 Exception <a 'java/lang/ClassNotFoundException'{0x00000000864f43a0}: java/lang/ObjectCustomizer> (0x00000000864f43a0) 
thrown [s\open\src\hotspot\share\classfile\systemDictionary.cpp, line 255]
Event: 8.160 Thread 0x00000205be2b20a0 Exception <a 'java/lang/ClassNotFoundException'{0x00000000864fc708}: springfox/boot/starter/autoconfigure/SpringfoxConfigurationPropertiesCustomizer> (0x00000000864fc708) 
thrown [s\open\src\hotspot\share\classfile\systemDictionary.cpp, line 255]
Event: 8.172 Thread 0x00000205be2b20a0 Exception <a 'java/lang/NoSuchMethodError'{0x0000000086206128}: 'java.lang.Object java.lang.invoke.DirectMethodHandle$Holder.invokeSpecial(java.lang.Object, java.lang.Object, int, java.lang.Object, int, java.lang.Object)'> (0x0000000086206128) 
thrown [s\open\src\hotspot\share\interpreter\linkResolver.cpp, line 774]
Event: 8.172 Thread 0x00000205be2b20a0 Exception <a 'java/lang/NoSuchMethodError'{0x000000008620e710}: 'java.lang.Object java.lang.invoke.DirectMethodHandle$Holder.newInvokeSpecial(java.lang.Object, java.lang.Object, int, java.lang.Object, int)'> (0x000000008620e710) 
thrown [s\open\src\hotspot\share\interpreter\linkResolver.cpp, line 774]
Event: 8.172 Thread 0x00000205be2b20a0 Exception <a 'java/lang/NoSuchMethodError'{0x0000000086212d88}: 'java.lang.Object java.lang.invoke.DirectMethodHandle$Holder.invokeSpecial(java.lang.Object, java.lang.Object, java.lang.Object, int, java.lang.Object, int)'> (0x0000000086212d88) 
thrown [s\open\src\hotspot\share\interpreter\linkResolver.cpp, line 774]

VM Operations (20 events):
Event: 6.688 Executing VM operation: ICBufferFull done
Event: 6.895 Executing VM operation: HandshakeAllThreads
Event: 6.895 Executing VM operation: HandshakeAllThreads done
Event: 6.940 Executing VM operation: HandshakeAllThreads
Event: 6.940 Executing VM operation: HandshakeAllThreads done
Event: 6.941 Executing VM operation: HandshakeAllThreads
Event: 6.941 Executing VM operation: HandshakeAllThreads done
Event: 7.046 Executing VM operation: G1CollectForAllocation
Event: 7.062 Executing VM operation: G1CollectForAllocation done
Event: 7.237 Executing VM operation: HandshakeAllThreads
Event: 7.237 Executing VM operation: HandshakeAllThreads done
Event: 7.602 Executing VM operation: HandshakeAllThreads
Event: 7.602 Executing VM operation: HandshakeAllThreads done
Event: 7.690 Executing VM operation: ICBufferFull
Event: 7.690 Executing VM operation: ICBufferFull done
Event: 7.746 Executing VM operation: G1CollectForAllocation
Event: 7.763 Executing VM operation: G1CollectForAllocation done
Event: 8.179 Executing VM operation: ICBufferFull
Event: 8.179 Executing VM operation: ICBufferFull done
Event: 8.190 Executing VM operation: G1CollectForAllocation

Events (20 events):
Event: 5.201 Thread 0x00000205dc9eb4a0 flushing nmethod 0x00000205c6ab9710
Event: 5.201 Thread 0x00000205dc9eb4a0 flushing nmethod 0x00000205c6accc90
Event: 5.201 Thread 0x00000205dc9eb4a0 flushing nmethod 0x00000205c6aceb90
Event: 5.201 Thread 0x00000205dc9eb4a0 flushing nmethod 0x00000205c6acf490
Event: 5.202 Thread 0x00000205dc9eb4a0 flushing nmethod 0x00000205c6af4610
Event: 5.202 Thread 0x00000205dc9eb4a0 flushing nmethod 0x00000205c6af9990
Event: 5.202 Thread 0x00000205dc9eb4a0 flushing nmethod 0x00000205c6afbe90
Event: 5.202 Thread 0x00000205dc9eb4a0 flushing nmethod 0x00000205c6b01b90
Event: 5.202 Thread 0x00000205dc9eb4a0 flushing nmethod 0x00000205c6b53810
Event: 5.202 Thread 0x00000205dc9eb4a0 flushing nmethod 0x00000205c6b54410
Event: 5.202 Thread 0x00000205dc9eb4a0 flushing nmethod 0x00000205c6b56790
Event: 5.202 Thread 0x00000205dc9eb4a0 flushing nmethod 0x00000205c6b6d090
Event: 5.202 Thread 0x00000205dc9eb4a0 flushing nmethod 0x00000205c6b6d690
Event: 5.202 Thread 0x00000205dc9eb4a0 flushing nmethod 0x00000205c6b72f90
Event: 5.202 Thread 0x00000205dc9eb4a0 flushing nmethod 0x00000205c6b74c90
Event: 5.202 Thread 0x00000205dc9eb4a0 flushing nmethod 0x00000205c6bb8190
Event: 5.217 Thread 0x00000205e3a85bb0 Thread exited: 0x00000205e3a85bb0
Event: 5.217 Thread 0x00000205e0e63810 Thread exited: 0x00000205e0e63810
Event: 5.547 Thread 0x00000205e57b3010 Thread added: 0x00000205e57b3010
Event: 5.552 Thread 0x00000205e549fa40 Thread added: 0x00000205e549fa40


Dynamic libraries:
0x00007ff69cdf0000 - 0x00007ff69ce00000 	C:\Program Files\Java\jdk-19\bin\java.exe
0x00007ff916e10000 - 0x00007ff917008000 	C:\WINDOWS\SYSTEM32\ntdll.dll
0x00007ff916d10000 - 0x00007ff916dcf000 	C:\WINDOWS\System32\KERNEL32.DLL
0x00007ff914500000 - 0x00007ff9147d2000 	C:\WINDOWS\System32\KERNELBASE.dll
0x00007ff914810000 - 0x00007ff914910000 	C:\WINDOWS\System32\ucrtbase.dll
0x00007ff8e1ab0000 - 0x00007ff8e1ac8000 	C:\Program Files\Java\jdk-19\bin\jli.dll
0x00007ff8e1a90000 - 0x00007ff8e1aab000 	C:\Program Files\Java\jdk-19\bin\VCRUNTIME140.dll
0x00007ff9150e0000 - 0x00007ff91518e000 	C:\WINDOWS\System32\ADVAPI32.dll
0x00007ff915010000 - 0x00007ff9150ae000 	C:\WINDOWS\System32\msvcrt.dll
0x00007ff915c30000 - 0x00007ff915ccc000 	C:\WINDOWS\System32\sechost.dll
0x00007ff915cd0000 - 0x00007ff915df5000 	C:\WINDOWS\System32\RPCRT4.dll
0x00007ff915920000 - 0x00007ff915ac1000 	C:\WINDOWS\System32\USER32.dll
0x00007ff913900000 - 0x00007ff913b9a000 	C:\WINDOWS\WinSxS\amd64_microsoft.windows.common-controls_6595b64144ccf1df_6.0.19041.1110_none_60b5254171f9507e\COMCTL32.dll
0x00007ff914be0000 - 0x00007ff914c02000 	C:\WINDOWS\System32\win32u.dll
0x00007ff915ad0000 - 0x00007ff915afb000 	C:\WINDOWS\System32\GDI32.dll
0x00007ff914d40000 - 0x00007ff914e4f000 	C:\WINDOWS\System32\gdi32full.dll
0x00007ff914c10000 - 0x00007ff914cad000 	C:\WINDOWS\System32\msvcp_win.dll
0x00007ff90d900000 - 0x00007ff90d90a000 	C:\WINDOWS\SYSTEM32\VERSION.dll
0x00007ff915ed0000 - 0x00007ff915f02000 	C:\WINDOWS\System32\IMM32.DLL
0x00007ff8ed6f0000 - 0x00007ff8ed6fc000 	C:\Program Files\Java\jdk-19\bin\vcruntime140_1.dll
0x00007ff8c5560000 - 0x00007ff8c55ee000 	C:\Program Files\Java\jdk-19\bin\msvcp140.dll
0x00007ff8a7370000 - 0x00007ff8a8030000 	C:\Program Files\Java\jdk-19\bin\server\jvm.dll
0x00007ff8f92e0000 - 0x00007ff8f9307000 	C:\WINDOWS\SYSTEM32\WINMM.dll
0x00007ff8f3a60000 - 0x00007ff8f3a69000 	C:\WINDOWS\SYSTEM32\WSOCK32.dll
0x00007ff915e00000 - 0x00007ff915e6b000 	C:\WINDOWS\System32\WS2_32.dll
0x00007ff9126e0000 - 0x00007ff9126f2000 	C:\WINDOWS\SYSTEM32\kernel.appcore.dll
0x00007ff8e3180000 - 0x00007ff8e318a000 	C:\Program Files\Java\jdk-19\bin\jimage.dll
0x00007ff913eb0000 - 0x00007ff914094000 	C:\WINDOWS\SYSTEM32\DBGHELP.DLL
0x00007ff913cd0000 - 0x00007ff913d05000 	C:\WINDOWS\SYSTEM32\dbgcore.DLL
0x00007ff914cb0000 - 0x00007ff914d32000 	C:\WINDOWS\System32\bcryptPrimitives.dll
0x00007ff9112d0000 - 0x00007ff9112de000 	C:\Program Files\Java\jdk-19\bin\instrument.dll
0x00007ff8e1a60000 - 0x00007ff8e1a86000 	C:\Program Files\Java\jdk-19\bin\java.dll
0x00007ff8c5480000 - 0x00007ff8c5557000 	C:\Program Files\Java\jdk-19\bin\jsvml.dll
0x00007ff915fc0000 - 0x00007ff916704000 	C:\WINDOWS\System32\SHELL32.dll
0x00007ff911f30000 - 0x00007ff9126c2000 	C:\WINDOWS\SYSTEM32\windows.storage.dll
0x00007ff915550000 - 0x00007ff9158a5000 	C:\WINDOWS\System32\combase.dll
0x00007ff913860000 - 0x00007ff913890000 	C:\WINDOWS\SYSTEM32\Wldp.dll
0x00007ff9154a0000 - 0x00007ff91554d000 	C:\WINDOWS\System32\SHCORE.dll
0x00007ff916710000 - 0x00007ff916765000 	C:\WINDOWS\System32\shlwapi.dll
0x00007ff914440000 - 0x00007ff91445f000 	C:\WINDOWS\SYSTEM32\profapi.dll
0x00007ff8d92a0000 - 0x00007ff8d92b8000 	C:\Program Files\Java\jdk-19\bin\zip.dll
0x00007ff8e1a40000 - 0x00007ff8e1a53000 	C:\Program Files\Java\jdk-19\bin\net.dll
0x00007ff90a860000 - 0x00007ff90a96c000 	C:\WINDOWS\SYSTEM32\WINHTTP.dll
0x00007ff913730000 - 0x00007ff91379a000 	C:\WINDOWS\system32\mswsock.dll
0x00007ff8e1a20000 - 0x00007ff8e1a36000 	C:\Program Files\Java\jdk-19\bin\nio.dll
0x00007ff90d150000 - 0x00007ff90d16a000 	C:\Program Files\JetBrains\IntelliJ IDEA Community Edition 2022.2.3\bin\breakgen64.dll
0x00007ff8e1a10000 - 0x00007ff8e1a18000 	C:\Program Files\Java\jdk-19\bin\extnet.dll
0x00007ff8d9270000 - 0x00007ff8d9280000 	C:\Program Files\Java\jdk-19\bin\verify.dll
0x00007ff9112c0000 - 0x00007ff9112ca000 	C:\Program Files\Java\jdk-19\bin\management.dll
0x00007ff9112a0000 - 0x00007ff9112ab000 	C:\Program Files\Java\jdk-19\bin\management_ext.dll
0x00007ff9150b0000 - 0x00007ff9150b8000 	C:\WINDOWS\System32\PSAPI.DLL
0x00007ff8ed740000 - 0x00007ff8ed757000 	C:\WINDOWS\system32\napinsp.dll
0x00007ff8ed6d0000 - 0x00007ff8ed6eb000 	C:\WINDOWS\system32\pnrpnsp.dll
0x00007ff8ed690000 - 0x00007ff8ed6a5000 	C:\WINDOWS\system32\wshbth.dll
0x00007ff910b40000 - 0x00007ff910b5d000 	C:\WINDOWS\system32\NLAapi.dll
0x00007ff9132b0000 - 0x00007ff9132eb000 	C:\WINDOWS\SYSTEM32\IPHLPAPI.DLL
0x00007ff9132f0000 - 0x00007ff9133ba000 	C:\WINDOWS\SYSTEM32\DNSAPI.dll
0x00007ff9158b0000 - 0x00007ff9158b8000 	C:\WINDOWS\System32\NSI.dll
0x00007ff8ed650000 - 0x00007ff8ed662000 	C:\WINDOWS\System32\winrnr.dll
0x00000000721d0000 - 0x00000000721da000 	C:\Program Files\National Instruments\Shared\mDNS Responder\nimdnsNSP.dll
0x00000000721c0000 - 0x00000000721d0000 	C:\WINDOWS\SYSTEM32\nimdnsResponder.dll
0x00007ff8ffdf0000 - 0x00007ff8ffdfa000 	C:\Windows\System32\rasadhlp.dll
0x00007ff8fc1e0000 - 0x00007ff8fc260000 	C:\WINDOWS\System32\fwpuclnt.dll
0x00007ff9147e0000 - 0x00007ff914807000 	C:\WINDOWS\System32\bcrypt.dll
0x00007ff914290000 - 0x00007ff9142a8000 	C:\WINDOWS\SYSTEM32\CRYPTSP.dll
0x00007ff912f40000 - 0x00007ff912f74000 	C:\WINDOWS\system32\rsaenh.dll
0x00007ff914400000 - 0x00007ff91442e000 	C:\WINDOWS\SYSTEM32\USERENV.dll
0x00007ff913820000 - 0x00007ff91382c000 	C:\WINDOWS\SYSTEM32\CRYPTBASE.dll
0x00007ff90b2f0000 - 0x00007ff90b307000 	C:\WINDOWS\SYSTEM32\dhcpcsvc6.DLL
0x00007ff90c210000 - 0x00007ff90c22d000 	C:\WINDOWS\SYSTEM32\dhcpcsvc.DLL

dbghelp: loaded successfully - version: 4.0.5 - missing functions: none
symbol engine: initialized successfully - sym options: 0x614 - pdb path: .;C:\Program Files\Java\jdk-19\bin;C:\WINDOWS\SYSTEM32;C:\WINDOWS\WinSxS\amd64_microsoft.windows.common-controls_6595b64144ccf1df_6.0.19041.1110_none_60b5254171f9507e;C:\Program Files\Java\jdk-19\bin\server;C:\Program Files\JetBrains\IntelliJ IDEA Community Edition 2022.2.3\bin;C:\Program Files\National Instruments\Shared\mDNS Responder

VM Arguments:
jvm_args: -ea -Didea.test.cyclic.buffer.size=1048576 -javaagent:C:\Program Files\JetBrains\IntelliJ IDEA Community Edition 2022.2.3\lib\idea_rt.jar=51146:C:\Program Files\JetBrains\IntelliJ IDEA Community Edition 2022.2.3\bin -Dfile.encoding=UTF-8 -Dsun.stdout.encoding=UTF-8 -Dsun.stderr.encoding=UTF-8 
java_command: com.intellij.rt.junit.JUnitStarter -ideVersion5 -junit5 com.example.cityHotel.test.CityHotelApplicationTests
java_class_path (initial): C:\Users\user\.m2\repository\org\junit\platform\junit-platform-launcher\1.8.2\junit-platform-launcher-1.8.2.jar;C:\Program Files\JetBrains\IntelliJ IDEA Community Edition 2022.2.3\lib\idea_rt.jar;C:\Program Files\JetBrains\IntelliJ IDEA Community Edition 2022.2.3\plugins\junit\lib\junit5-rt.jar;C:\Program Files\JetBrains\IntelliJ IDEA Community Edition 2022.2.3\plugins\junit\lib\junit-rt.jar;C:\Users\user\OneDrive\Desktop\complete project with Swagger and responseEntity\TrainingProject\target\test-classes;C:\Users\user\OneDrive\Desktop\complete project with Swagger and responseEntity\TrainingProject\target\classes;C:\Users\user\.m2\repository\org\springframework\boot\spring-boot-starter-data-jpa\2.7.7-SNAPSHOT\spring-boot-starter-data-jpa-2.7.7-20221222.092404-18.jar;C:\Users\user\.m2\repository\org\springframework\boot\spring-boot-starter-aop\2.7.7-SNAPSHOT\spring-boot-starter-aop-2.7.7-20221222.092404-18.jar;C:\Users\user\.m2\repository\org\springframework\spring-aop\5.3.24\spring-aop-5.3.24.jar;C:\Users\user\.m2\repository\org\aspectj\aspectjweaver\1.9.7\aspectjweaver-1.9.7.jar;C:\Users\user\.m2\repository\org\springframework\boot\spring-boot-starter-jdbc\2.7.7-SNAPSHOT\spring-boot-starter-jdbc-2.7.7-20221222.092404-18.jar;C:\Users\user\.m2\repository\com\zaxxer\HikariCP\4.0.3\HikariCP-4.0.3.jar;C:\Users\user\.m2\repository\org\springframework\spring-jdbc\5.3.24\spring-jdbc-5.3.24.jar;C:\Users\user\.m2\repository\jakarta\transaction\jakarta.transaction-api\1.3.3\jakarta.transaction-api-1.3.3.jar;C:\Users\user\.m2\repository\jakarta\persistence\jakarta.persistence-api\2.2.3\jakarta.persistence-api-2.2.3.jar;C:\Users\user\.m2\repository\org\hibernate\hibernate-core\5.6.14.Final\hibernate-core-5.6.14.Final.jar;C:\Users\user\.m2\repository\org\jboss\logging\jboss-logging\3.4.3.Final\jboss-logging-3.4.3.Final.jar;C:\Users\user\.m2\repository\net\bytebuddy\byte-buddy\1.12.20\byte-buddy-1.12.20.jar;C:\Users\user\.m2\repository\antlr\antlr\2.7.7\antlr-2.7.7.jar;C:\Users\user\.m2\repository\org\jboss\jandex\2.4.2.Final\jandex-2.4.2.Final.jar;C:\Users\user\.m2\repository\org\hibernate\common\hibernate-commons-annotations\5.1.2.Final\hibernate-commons-annotations-5.1.2.Final.jar;C:\Users\user\.m2\repository\org\glassfish\jaxb\jaxb-runtime\2.3.7\jaxb-runtime-2.3.7.jar;C:\Users\user\.m2\repository\org\glassfish\jaxb\txw2\2.3.7\txw2-2.3.7.jar;C:\Users\user\.m2\repository\com\sun\istack\istack-commons-runtime\3.0.12\istack-commons-runtime-3.0.12.jar;C:\Users\user\.m2\repository\com\sun\activation\jakarta.activation\1.2.2\jakarta.activation-1.2.2.jar;C:\Users\user\.m2\repository\org\springframework\data\spring-data-jpa\2.7.6\spring-data-jpa-2.7.6.jar;C:\Users\user\.m2\repository\org\springframework\data\spring-data-commons\2.7.6\spring-data-commons-2.7.6.jar;C:\Users\user\.m2\repository\org\springframework\spring-orm\5.3.24\spring-orm-5.3.24.jar;C:\Users\user\.m2\repository\org\springframework\spring-context\5.3.24\spring-context-5.3.24.jar;C:\Users\user\.m2\repository\org\springframework\spring-tx\5.3.24\spring-tx-5.3.24.jar;C:\Users\user\.m2\repository\org\springframework\spring-beans\5.3.24\spring-beans-5.3.24.jar;C:\Users\user\.m2\repository\org\springframework\spring-aspects\5.3.24\spring-aspects-5.3.24.jar;C:\Users\user\.m2\repository\org\springframework\boot\spring-boot-starter-web\2.7.7-SNAPSHOT\spring-boot-starter-web-2.7.7-20221222.092404-18.jar;C:\Users\user\.m2\repository\org\springframework\boot\spring-boot-starter\2.7.7-SNAPSHOT\spring-boot-starter-2.7.7-20221222.092404-18.jar;C:\Users\user\.m2\repository\org\springframework\boot\spring-boot-starter-logging\2.7.7-SNAPSHOT\spring-boot-starter-logging-2.7.7-20221222.092404-18.jar;C:\Users\user\.m2\repository\ch\qos\logback\logback-classic\1.2.11\logback-classic-1.2.11.jar;C:\Users\user\.m2\repository\ch\qos\logback\logback-core\1.2.11\logback-core-1.2.11.jar;C:\Users\user\.m2\repository\org\apache\logging\log4j\log4j-to-slf4j\2.17.2\log4j-to-slf4j-2.17.2.jar;C:\Users\user\.m2\repository\org\apache\logging\log4j\log4j-api\2.17.2\log4j-api-2.17.2.jar;C:\Users\user\.m2\repository\org\slf4j\jul-to-slf4j\1.7.36\jul-to-slf4j-1.7.36.jar;C:\Users\user\.m2\repository\jakarta\annotation\jakarta.annotation-api\1.3.5\jakarta.annotation-api-1.3.5.jar;C:\Users\user\.m2\repository\org\yaml\snakeyaml\1.30\snakeyaml-1.30.jar;C:\Users\user\.m2\repository\org\springframework\boot\spring-boot-starter-json\2.7.7-SNAPSHOT\spring-boot-starter-json-2.7.7-20221222.092404-18.jar;C:\Users\user\.m2\repository\com\fasterxml\jackson\datatype\jackson-datatype-jdk8\2.13.4\jackson-datatype-jdk8-2.13.4.jar;C:\Users\user\.m2\repository\com\fasterxml\jackson\datatype\jackson-datatype-jsr310\2.13.4\jackson-datatype-jsr310-2.13.4.jar;C:\Users\user\.m2\repository\com\fasterxml\jackson\module\jackson-module-parameter-names\2.13.4\jackson-module-parameter-names-2.13.4.jar;C:\Users\user\.m2\repository\org\springframework\boot\spring-boot-starter-tomcat\2.7.7-SNAPSHOT\spring-boot-starter-tomcat-2.7.7-20221222.092404-18.jar;C:\Users\user\.m2\repository\org\apache\tomcat\embed\tomcat-embed-core\9.0.70\tomcat-embed-core-9.0.70.jar;C:\Users\user\.m2\repository\org\apache\tomcat\embed\tomcat-embed-websocket\9.0.70\tomcat-embed-websocket-9.0.70.jar;C:\Users\user\.m2\repository\org\springframework\spring-web\5.3.24\spring-web-5.3.24.jar;C:\Users\user\.m2\repository\org\springframework\spring-webmvc\5.3.24\spring-webmvc-5.3.24.jar;C:\Users\user\.m2\repository\org\springframework\spring-expression\5.3.24\spring-expression-5.3.24.jar;C:\Users\user\.m2\repository\org\springframework\boot\spring-boot-devtools\2.7.7-SNAPSHOT\spring-boot-devtools-2.7.7-20221222.092404-18.jar;C:\Users\user\.m2\repository\org\springframework\boot\spring-boot\2.7.7-SNAPSHOT\spring-boot-2.7.7-20221222.092404-18.jar;C:\Users\user\.m2\repository\org\springframework\boot\spring-boot-autoconfigure\2.7.7-SNAPSHOT\spring-boot-autoconfigure-2.7.7-20221222.092404-18.jar;C:\Users\user\.m2\repository\com\h2database\h2\2.1.214\h2-2.1.214.jar;C:\Users\user\.m2\repository\com\mysql\mysql-connector-j\8.0.31\mysql-connector-j-8.0.31.jar;C:\Users\user\.m2\repository\org\springframework\boot\spring-boot-configuration-processor\2.7.7-SNAPSHOT\spring-boot-configuration-processor-2.7.7-20221222.092404-18.jar;C:\Users\user\.m2\repository\org\projectlombok\lombok\1.18.24\lombok-1.18.24.jar;C:\Users\user\.m2\repository\org\springframework\boot\spring-boot-starter-test\2.7.7-SNAPSHOT\spring-boot-starter-test-2.7.7-20221222.092404-18.jar;C:\Users\user\.m2\repository\org\springframework\boot\spring-boot-test\2.7.7-SNAPSHOT\spring-boot-test-2.7.7-20221222.092404-18.jar;C:\Users\user\.m2\repository\org\springframework\boot\spring-boot-test-autoconfigure\2.7.7-SNAPSHOT\spring-boot-test-autoconfigure-2.7.7-20221222.092404-18.jar;C:\Users\user\.m2\repository\com\jayway\jsonpath\json-path\2.7.0\json-path-2.7.0.jar;C:\Users\user\.m2\repository\net\minidev\json-smart\2.4.8\json-smart-2.4.8.jar;C:\Users\user\.m2\repository\net\minidev\accessors-smart\2.4.8\accessors-smart-2.4.8.jar;C:\Users\user\.m2\repository\org\ow2\asm\asm\9.1\asm-9.1.jar;C:\Users\user\.m2\repository\jakarta\xml\bind\jakarta.xml.bind-api\2.3.3\jakarta.xml.bind-api-2.3.3.jar;C:\Users\user\.m2\repository\jakarta\activation\jakarta.activation-api\1.2.2\jakarta.activation-api-1.2.2.jar;C:\Users\user\.m2\repository\org\assertj\assertj-core\3.22.0\assertj-core-3.22.0.jar;C:\Users\user\.m2\repository\org\hamcrest\hamcrest\2.2\hamcrest-2.2.jar;C:\Users\user\.m2\repository\org\junit\jupiter\junit-jupiter\5.8.2\junit-jupiter-5.8.2.jar;C:\Users\user\.m2\repository\org\junit\jupiter\junit-jupiter-params\5.8.2\junit-jupiter-params-5.8.2.jar;C:\Users\user\.m2\repository\org\mockito\mockito-core\4.5.1\mockito-core-4.5.1.jar;C:\Users\user\.m2\repository\net\bytebuddy\byte-buddy-agent\1.12.20\byte-buddy-agent-1.12.20.jar;C:\Users\user\.m2\repository\org\objenesis\objenesis\3.2\objenesis-3.2.jar;C:\Users\user\.m2\repository\org\mockito\mockito-junit-jupiter\4.5.1\mockito-junit-jupiter-4.5.1.jar;C:\Users\user\.m2\repository\org\skyscreamer\jsonassert\1.5.1\jsonassert-1.5.1.jar;C:\Users\user\.m2\repository\com\vaadin\external\google\android-json\0.0.20131108.vaadin1\android-json-0.0.20131108.vaadin1.jar;C:\Users\user\.m2\repository\org\springframework\spring-core\5.3.24\spring-core-5.3.24.jar;C:\Users\user\.m2\repository\org\springframework\spring-jcl\5.3.24\spring-jcl-5.3.24.jar;C:\Users\user\.m2\repository\org\springframework\spring-test\5.3.24\spring-test-5.3.24.jar;C:\Users\user\.m2\repository\org\xmlunit\xmlunit-core\2.9.0\xmlunit-core-2.9.0.jar;C:\Users\user\.m2\repository\com\fasterxml\jackson\core\jackson-databind\2.14.0\jackson-databind-2.14.0.jar;C:\Users\user\.m2\repository\com\fasterxml\jackson\core\jackson-annotations\2.13.4\jackson-annotations-2.13.4.jar;C:\Users\user\.m2\repository\com\fasterxml\jackson\core\jackson-core\2.13.4\jackson-core-2.13.4.jar;C:\Users\user\.m2\repository\io\springfox\springfox-boot-starter\3.0.0\springfox-boot-starter-3.0.0.jar;C:\Users\user\.m2\repository\io\springfox\springfox-oas\3.0.0\springfox-oas-3.0.0.jar;C:\Users\user\.m2\repository\io\swagger\core\v3\swagger-annotations\2.1.2\swagger-annotations-2.1.2.jar;C:\Users\user\.m2\repository\io\swagger\core\v3\swagger-models\2.1.2\swagger-models-2.1.2.jar;C:\Users\user\.m2\repository\io\springfox\springfox-spi\3.0.0\springfox-spi-3.0.0.jar;C:\Users\user\.m2\repository\io\springfox\springfox-schema\3.0.0\springfox-schema-3.0.0.jar;C:\Users\user\.m2\repository\io\springfox\springfox-core\3.0.0\springfox-core-3.0.0.jar;C:\Users\user\.m2\repository\io\springfox\springfox-spring-web\3.0.0\springfox-spring-web-3.0.0.jar;C:\Users\user\.m2\repository\io\github\classgraph\classgraph\4.8.83\classgraph-4.8.83.jar;C:\Users\user\.m2\repository\io\springfox\springfox-spring-webmvc\3.0.0\springfox-spring-webmvc-3.0.0.jar;C:\Users\user\.m2\repository\io\springfox\springfox-spring-webflux\3.0.0\springfox-spring-webflux-3.0.0.jar;C:\Users\user\.m2\repository\io\springfox\springfox-swagger-common\3.0.0\springfox-swagger-common-3.0.0.jar;C:\Users\user\.m2\repository\org\mapstruct\mapstruct\1.3.1.Final\mapstruct-1.3.1.Final.jar;C:\Users\user\.m2\repository\io\springfox\springfox-data-rest\3.0.0\springfox-data-rest-3.0.0.jar;C:\Users\user\.m2\repository\io\springfox\springfox-bean-validators\3.0.0\springfox-bean-validators-3.0.0.jar;C:\Users\user\.m2\repository\io\springfox\springfox-swagger2\3.0.0\springfox-swagger2-3.0.0.jar;C:\Users\user\.m2\repository\io\swagger\swagger-annotations\1.5.20\swagger-annotations-1.5.20.jar;C:\Users\user\.m2\repository\io\swagger\swagger-models\1.5.20\swagger-models-1.5.20.jar;C:\Users\user\.m2\repository\io\springfox\springfox-swagger-ui\3.0.0\springfox-swagger-ui-3.0.0.jar;C:\Users\user\.m2\repository\com\fasterxml\classmate\1.5.1\classmate-1.5.1.jar;C:\Users\user\.m2\repository\org\slf4j\slf4j-api\1.7.36\slf4j-api-1.7.36.jar;C:\Users\user\.m2\repository\org\springframework\plugin\spring-plugin-core\2.0.0.RELEASE\spring-plugin-core-2.0.0.RELEASE.jar;C:\Users\user\.m2\repository\org\springframework\plugin\spring-plugin-metadata\2.0.0.RELEASE\spring-plugin-metadata-2.0.0.RELEASE.jar;C:\Users\user\.m2\repository\org\springframework\boot\spring-boot-starter-validation\2.7.7-SNAPSHOT\spring-boot-starter-validation-2.7.7-20221222.092404-18.jar;C:\Users\user\.m2\repository\org\apache\tomcat\embed\tomcat-embed-el\9.0.70\tomcat-embed-el-9.0.70.jar;C:\Users\user\.m2\repository\org\hibernate\validator\hibernate-validator\6.2.5.Final\hibernate-validator-6.2.5.Final.jar;C:\Users\user\.m2\repository\jakarta\validation\jakarta.validation-api\2.0.2\jakarta.validation-api-2.0.2.jar;C:\Users\user\.m2\repository\org\junit\jupiter\junit-jupiter-api\5.9.0\junit-jupiter-api-5.9.0.jar;C:\Users\user\.m2\repository\org\opentest4j\opentest4j\1.2.0\opentest4j-1.2.0.jar;C:\Users\user\.m2\repository\org\junit\platform\junit-platform-commons\1.8.2\junit-platform-commons-1.8.2.jar;C:\Users\user\.m2\repository\org\apiguardian\apiguardian-api\1.1.2\apiguardian-api-1.1.2.jar;C:\Users\user\.m2\repository\org\junit\jupiter\junit-jupiter-engine\5.9.0\junit-jupiter-engine-5.9.0.jar;C:\Users\user\.m2\repository\org\junit\platform\junit-platform-engine\1.8.2\junit-platform-engine-1.8.2.jar
Launcher Type: SUN_STANDARD

[Global flags]
     intx CICompilerCount                          = 4                                         {product} {ergonomic}
     uint ConcGCThreads                            = 2                                         {product} {ergonomic}
     uint G1ConcRefinementThreads                  = 8                                         {product} {ergonomic}
   size_t G1HeapRegionSize                         = 1048576                                   {product} {ergonomic}
    uintx GCDrainStackTargetSize                   = 64                                        {product} {ergonomic}
   size_t InitialHeapSize                          = 132120576                                 {product} {ergonomic}
   size_t MarkStackSize                            = 4194304                                   {product} {ergonomic}
   size_t MaxHeapSize                              = 2097152000                                {product} {ergonomic}
   size_t MaxNewSize                               = 1258291200                                {product} {ergonomic}
   size_t MinHeapDeltaBytes                        = 1048576                                   {product} {ergonomic}
   size_t MinHeapSize                              = 8388608                                   {product} {ergonomic}
    uintx NonNMethodCodeHeapSize                   = 5839372                                {pd product} {ergonomic}
    uintx NonProfiledCodeHeapSize                  = 122909434                              {pd product} {ergonomic}
    uintx ProfiledCodeHeapSize                     = 122909434                              {pd product} {ergonomic}
    uintx ReservedCodeCacheSize                    = 251658240                              {pd product} {ergonomic}
     bool SegmentedCodeCache                       = true                                      {product} {ergonomic}
   size_t SoftMaxHeapSize                          = 2097152000                             {manageable} {ergonomic}
     bool UseCompressedClassPointers               = true                           {product lp64_product} {ergonomic}
     bool UseCompressedOops                        = true                           {product lp64_product} {ergonomic}
     bool UseG1GC                                  = true                                      {product} {ergonomic}
     bool UseLargePagesIndividualAllocation        = false                                  {pd product} {ergonomic}

Logging:
Log output configuration:
 #0: stdout all=warning uptime,level,tags foldmultilines=false
 #1: stderr all=off uptime,level,tags foldmultilines=false

Environment Variables:
JAVA_HOME=C:\Program Files\Java\jdk-17.0.1\bin
PATH=C:\Program Files\Common Files\Oracle\Java\javapath;C:\DevSuiteHome_3\jdk\jre\bin\classic;C:\DevSuiteHome_3\jdk\jre\bin;C:\DevSuiteHome_3\jdk\jre\bin\client;C:\DevSuiteHome_3\jlib;C:\DevSuiteHome_3\bin;C:\DevSuiteHome_3\jre\1.4.2\bin\client;C:\DevSuiteHome_3\jre\1.4.2\bin;C:\oraclexe\app\oracle\product\10.2.0\server\bin;C:\WINDOWS\system32;C:\WINDOWS;C:\WINDOWS\System32\Wbem;C:\WINDOWS\System32\WindowsPowerShell\v1.0\;C:\WINDOWS\System32\OpenSSH\;C:\Program Files\dotnet\;C:\Program Files\Git\cmd;C:\Program Files\Microsoft SQL Server\130\Tools\Binn\;C:\Program Files\Java\jdk-17.0.1\bin;C:\Users\user\AppData\Local\Microsoft\WindowsApps;C:\Users\user\.dotnet\tools;C:\Users\user\AppData\Local\Programs\Microsoft VS Code\bin;C:\Users\user\OneDrive\Documents\Flutter\flutter\bin;;C:\Program Files\JetBrains\IntelliJ IDEA Community Edition 2022.2.3\bin;
USERNAME=user
OS=Windows_NT
PROCESSOR_IDENTIFIER=Intel64 Family 6 Model 142 Stepping 12, GenuineIntel
TMP=C:\Users\user\AppData\Local\Temp
TEMP=C:\Users\user\AppData\Local\Temp



---------------  S Y S T E M  ---------------

OS:
 Windows 10 , 64 bit Build 19041 (10.0.19041.2364)
OS uptime: 0 days 2:03 hours

CPU: total 8 (initial active 8) (4 cores per cpu, 2 threads per core) family 6 model 142 stepping 12 microcode 0xde, cx8, cmov, fxsr, ht, mmx, 3dnowpref, sse, sse2, sse3, ssse3, sse4.1, sse4.2, popcnt, lzcnt, tsc, tscinvbit, avx, avx2, aes, erms, clmul, bmi1, bmi2, adx, fma, vzeroupper, clflush, clflushopt, rdtscp

Memory: 4k page, system-wide physical 7995M (1145M free)
TotalPageFile size 10043M (AvailPageFile size 21M)
current process WorkingSet (physical memory assigned to process): 275M, peak: 286M
current process commit charge ("private bytes"): 366M, peak: 385M

vm_info: Java HotSpot(TM) 64-Bit Server VM (19.0.1+10-21) for windows-amd64 JRE (19.0.1+10-21), built on 2022-09-14T12:45:06Z by "mach5one" with MS VC++ 17.1 (VS2022)

END.
