#
# There is insufficient memory for the Java Runtime Environment to continue.
# Native memory allocation (malloc) failed to allocate 131088 bytes for Chunk::new
# Possible reasons:
#   The system is out of physical RAM or swap space
#   The process is running with CompressedOops enabled, and the Java Heap may be blocking the growth of the native heap
# Possible solutions:
#   Reduce memory load on the system
#   Increase physical memory or swap space
#   Check if swap backing store is full
#   Decrease Java heap size (-Xmx/-Xms)
#   Decrease number of Java threads
#   Decrease Java thread stack sizes (-Xss)
#   Set larger code cache with -XX:ReservedCodeCacheSize=
#   JVM is running with Unscaled Compressed Oops mode in which the Java heap is
#     placed in the first 4GB address space. The Java Heap base address is the
#     maximum limit for the native heap growth. Please use -XX:HeapBaseMinAddress
#     to set the Java Heap base and to place the Java Heap above 4GB virtual address.
# This output file may be truncated or incomplete.
#
#  Out of Memory Error (arena.cpp:184), pid=9728, tid=2956
#
# JRE version: Java(TM) SE Runtime Environment (19.0.1+10) (build 19.0.1+10-21)
# Java VM: Java HotSpot(TM) 64-Bit Server VM (19.0.1+10-21, mixed mode, sharing, tiered, compressed oops, compressed class ptrs, g1 gc, windows-amd64)
# No core dump will be written. Minidumps are not enabled by default on client versions of Windows
#

---------------  S U M M A R Y ------------

Command Line: -javaagent:C:\Program Files\JetBrains\IntelliJ IDEA Community Edition 2022.2.3\lib\idea_rt.jar=51510:C:\Program Files\JetBrains\IntelliJ IDEA Community Edition 2022.2.3\bin -Dfile.encoding=UTF-8 -Dsun.stdout.encoding=UTF-8 -Dsun.stderr.encoding=UTF-8 com.example.cityHotel.CityHotelApplication

Host: Intel(R) Core(TM) i7-10510U CPU @ 1.80GHz, 8 cores, 7G,  Windows 10 , 64 bit Build 19041 (10.0.19041.2364)
Time: Sun Dec 18 20:09:29 2022 West Bank Gaza Standard Time elapsed time: 678.767760 seconds (0d 0h 11m 18s)

---------------  T H R E A D  ---------------

Current thread (0x000001eccbdbe630):  JavaThread "C2 CompilerThread0" daemon [_thread_in_native, id=2956, stack(0x0000004aa3400000,0x0000004aa3500000)]


Current CompileTask:
C2: 678768 4997       4       org.springframework.boot.devtools.filewatch.DirectorySnapshot::collectFiles (99 bytes)

Stack: [0x0000004aa3400000,0x0000004aa3500000]
Native frames: (J=compiled Java code, j=interpreted, Vv=VM code, C=native code)
V  [jvm.dll+0x6ee8fa]
V  [jvm.dll+0x857a1e]
V  [jvm.dll+0x85940e]
V  [jvm.dll+0x859ac3]
V  [jvm.dll+0x28291f]
V  [jvm.dll+0xc9b5f]
V  [jvm.dll+0xc9ee5]
V  [jvm.dll+0xc9c84]
V  [jvm.dll+0x6ccd6c]
V  [jvm.dll+0x2534c9]
V  [jvm.dll+0x713c12]
V  [jvm.dll+0x24b393]
V  [jvm.dll+0x1d6d61]
V  [jvm.dll+0x25b0fa]
V  [jvm.dll+0x259588]
V  [jvm.dll+0x807928]
V  [jvm.dll+0x8015fa]
V  [jvm.dll+0x6ed5eb]
C  [ucrtbase.dll+0x21bb2]
C  [KERNEL32.DLL+0x17614]
C  [ntdll.dll+0x526a1]


---------------  P R O C E S S  ---------------

Threads class SMR info:
_java_thread_list=0x000001ecd2b3db40, length=32, elements={
0x000001eccbdaf100, 0x000001eccbdafcf0, 0x000001eccbdb4300, 0x000001eccbdb5c40,
0x000001eccbdb6570, 0x000001eccbdb9ec0, 0x000001eccbdbe630, 0x000001eccbdc6fb0,
0x000001eccbdd4830, 0x000001eccbdd5820, 0x000001eccbdd52d0, 0x000001eccbdd62c0,
0x000001ecd218d660, 0x000001ecd218c120, 0x000001ecd2189150, 0x000001ecd21896a0,
0x000001ecd2188c00, 0x000001ecd218dbb0, 0x000001ecd218b130, 0x000001ecd218a690,
0x000001ecd218f0f0, 0x000001ecd218d110, 0x000001ecd218abe0, 0x000001ecd218b680,
0x000001ecd218e100, 0x000001ecd218e650, 0x000001ecd21886b0, 0x000001ecd218bbd0,
0x000001ecd218c670, 0x000001ecd218eba0, 0x000001ecd218cbc0, 0x000001ecd218f640
}

Java Threads: ( => current thread )
  0x000001eccbdaf100 JavaThread "Reference Handler" daemon [_thread_blocked, id=6564, stack(0x0000004aa2e00000,0x0000004aa2f00000)]
  0x000001eccbdafcf0 JavaThread "Finalizer" daemon [_thread_blocked, id=6160, stack(0x0000004aa2f00000,0x0000004aa3000000)]
  0x000001eccbdb4300 JavaThread "Signal Dispatcher" daemon [_thread_blocked, id=4180, stack(0x0000004aa3000000,0x0000004aa3100000)]
  0x000001eccbdb5c40 JavaThread "Attach Listener" daemon [_thread_blocked, id=9556, stack(0x0000004aa3100000,0x0000004aa3200000)]
  0x000001eccbdb6570 JavaThread "Service Thread" daemon [_thread_blocked, id=14148, stack(0x0000004aa3200000,0x0000004aa3300000)]
  0x000001eccbdb9ec0 JavaThread "Monitor Deflation Thread" daemon [_thread_blocked, id=3216, stack(0x0000004aa3300000,0x0000004aa3400000)]
=>0x000001eccbdbe630 JavaThread "C2 CompilerThread0" daemon [_thread_in_native, id=2956, stack(0x0000004aa3400000,0x0000004aa3500000)]
  0x000001eccbdc6fb0 JavaThread "C1 CompilerThread0" daemon [_thread_blocked, id=12248, stack(0x0000004aa3500000,0x0000004aa3600000)]
  0x000001eccbdd4830 JavaThread "Sweeper thread" daemon [_thread_blocked, id=4804, stack(0x0000004aa3600000,0x0000004aa3700000)]
  0x000001eccbdd5820 JavaThread "Common-Cleaner" daemon [_thread_blocked, id=5552, stack(0x0000004aa3700000,0x0000004aa3800000)]
  0x000001eccbdd52d0 JavaThread "Monitor Ctrl-Break" daemon [_thread_in_native, id=9280, stack(0x0000004aa3900000,0x0000004aa3a00000)]
  0x000001eccbdd62c0 JavaThread "Notification Thread" daemon [_thread_blocked, id=12804, stack(0x0000004aa3a00000,0x0000004aa3b00000)]
  0x000001ecd218d660 JavaThread "mysql-cj-abandoned-connection-cleanup" daemon [_thread_blocked, id=13484, stack(0x0000004aa4700000,0x0000004aa4800000)]
  0x000001ecd218c120 JavaThread "HikariPool-1 housekeeper" daemon [_thread_blocked, id=2580, stack(0x0000004aa4900000,0x0000004aa4a00000)]
  0x000001ecd2189150 JavaThread "Catalina-utility-1" [_thread_blocked, id=5168, stack(0x0000004aa4a00000,0x0000004aa4b00000)]
  0x000001ecd21896a0 JavaThread "Catalina-utility-2" [_thread_blocked, id=7424, stack(0x0000004aa4b00000,0x0000004aa4c00000)]
  0x000001ecd2188c00 JavaThread "container-0" [_thread_blocked, id=10628, stack(0x0000004aa4c00000,0x0000004aa4d00000)]
  0x000001ecd218dbb0 JavaThread "File Watcher" daemon [_thread_blocked, id=7756, stack(0x0000004aa4e00000,0x0000004aa4f00000)]
  0x000001ecd218b130 JavaThread "Live Reload Server" daemon [_thread_in_native, id=7300, stack(0x0000004aa5000000,0x0000004aa5100000)]
  0x000001ecd218a690 JavaThread "http-nio-8084-exec-1" daemon [_thread_blocked, id=6788, stack(0x0000004aa4f00000,0x0000004aa5000000)]
  0x000001ecd218f0f0 JavaThread "http-nio-8084-exec-2" daemon [_thread_blocked, id=904, stack(0x0000004aa5100000,0x0000004aa5200000)]
  0x000001ecd218d110 JavaThread "http-nio-8084-exec-3" daemon [_thread_blocked, id=88, stack(0x0000004aa5200000,0x0000004aa5300000)]
  0x000001ecd218abe0 JavaThread "http-nio-8084-exec-4" daemon [_thread_blocked, id=12068, stack(0x0000004aa5300000,0x0000004aa5400000)]
  0x000001ecd218b680 JavaThread "http-nio-8084-exec-5" daemon [_thread_blocked, id=2736, stack(0x0000004aa5400000,0x0000004aa5500000)]
  0x000001ecd218e100 JavaThread "http-nio-8084-exec-6" daemon [_thread_blocked, id=8276, stack(0x0000004aa5500000,0x0000004aa5600000)]
  0x000001ecd218e650 JavaThread "http-nio-8084-exec-7" daemon [_thread_blocked, id=560, stack(0x0000004aa5600000,0x0000004aa5700000)]
  0x000001ecd21886b0 JavaThread "http-nio-8084-exec-8" daemon [_thread_blocked, id=1368, stack(0x0000004aa5700000,0x0000004aa5800000)]
  0x000001ecd218bbd0 JavaThread "http-nio-8084-exec-9" daemon [_thread_blocked, id=3992, stack(0x0000004aa5800000,0x0000004aa5900000)]
  0x000001ecd218c670 JavaThread "http-nio-8084-exec-10" daemon [_thread_blocked, id=2952, stack(0x0000004aa5900000,0x0000004aa5a00000)]
  0x000001ecd218eba0 JavaThread "http-nio-8084-Poller" daemon [_thread_in_native, id=14256, stack(0x0000004aa5a00000,0x0000004aa5b00000)]
  0x000001ecd218cbc0 JavaThread "http-nio-8084-Acceptor" daemon [_thread_in_native, id=11624, stack(0x0000004aa5b00000,0x0000004aa5c00000)]
  0x000001ecd218f640 JavaThread "DestroyJavaVM" [_thread_blocked, id=13428, stack(0x0000004aa2700000,0x0000004aa2800000)]

Other Threads:
  0x000001eccbd95390 VMThread "VM Thread" [stack: 0x0000004aa2d00000,0x0000004aa2e00000] [id=2176]
  0x000001ecd049e0c0 WatcherThread "VM Periodic Task Thread" [stack: 0x0000004aa3b00000,0x0000004aa3c00000] [id=4944]
  0x000001ecad6f8da0 WorkerThread "GC Thread#0" [stack: 0x0000004aa2800000,0x0000004aa2900000] [id=12960]
  0x000001ecd0b4edd0 WorkerThread "GC Thread#1" [stack: 0x0000004aa3e00000,0x0000004aa3f00000] [id=9348]
  0x000001ecd0b37890 WorkerThread "GC Thread#2" [stack: 0x0000004aa3f00000,0x0000004aa4000000] [id=12984]
  0x000001ecd0d41750 WorkerThread "GC Thread#3" [stack: 0x0000004aa4000000,0x0000004aa4100000] [id=11860]
  0x000001ecd0d41480 WorkerThread "GC Thread#4" [stack: 0x0000004aa4100000,0x0000004aa4200000] [id=1556]
  0x000001ecd0d411b0 WorkerThread "GC Thread#5" [stack: 0x0000004aa4200000,0x0000004aa4300000] [id=5308]
  0x000001ecd0d41a20 WorkerThread "GC Thread#6" [stack: 0x0000004aa4300000,0x0000004aa4400000] [id=12748]
  0x000001ecd0d41cf0 WorkerThread "GC Thread#7" [stack: 0x0000004aa4400000,0x0000004aa4500000] [id=6268]
  0x000001ecad7097a0 ConcurrentGCThread "G1 Main Marker" [stack: 0x0000004aa2900000,0x0000004aa2a00000] [id=4028]
  0x000001ecad70a0d0 WorkerThread "G1 Conc#0" [stack: 0x0000004aa2a00000,0x0000004aa2b00000] [id=14072]
  0x000001ecd0d40ee0 WorkerThread "G1 Conc#1" [stack: 0x0000004aa4500000,0x0000004aa4600000] [id=928]
  0x000001ecad75e630 ConcurrentGCThread "G1 Refine#0" [stack: 0x0000004aa2b00000,0x0000004aa2c00000] [id=888]
  0x000001eccbc512a0 ConcurrentGCThread "G1 Service" [stack: 0x0000004aa2c00000,0x0000004aa2d00000] [id=5252]

Threads with active compile tasks:
C2 CompilerThread0   678800 4997       4       org.springframework.boot.devtools.filewatch.DirectorySnapshot::collectFiles (99 bytes)

VM state: not at safepoint (normal execution)

VM Mutex/Monitor currently owned by a thread: None

Heap address: 0x0000000083000000, size: 2000 MB, Compressed Oops mode: 32-bit

CDS archive(s) mapped at: [0x0000000800000000-0x0000000800c40000-0x0000000800c40000), size 12845056, SharedBaseAddress: 0x0000000800000000, ArchiveRelocationMode: 0.
Compressed class space mapped at: 0x0000000801000000-0x0000000841000000, reserved size: 1073741824
Narrow klass base: 0x0000000800000000, Narrow klass shift: 0, Narrow klass range: 0x100000000

GC Precious Log:
 CardTable entry size: 512
 Card Set container configuration: InlinePtr #cards 5 size 8 Array Of Cards #cards 12 size 40 Howl #buckets 4 coarsen threshold 1843 Howl Bitmap #cards 512 size 80 coarsen threshold 460 Card regions per heap region 1 cards per card region 2048
 CPUs: 8 total, 8 available
 Memory: 7995M
 Large Page Support: Disabled
 NUMA Support: Disabled
 Compressed Oops: Enabled (32-bit)
 Heap Region Size: 1M
 Heap Min Capacity: 8M
 Heap Initial Capacity: 126M
 Heap Max Capacity: 2000M
 Pre-touch: Disabled
 Parallel Workers: 8
 Concurrent Workers: 2
 Concurrent Refinement Workers: 8
 Periodic GC: Disabled

Heap:
 garbage-first heap   total 86016K, used 37564K [0x0000000083000000, 0x0000000100000000)
  region size 1024K, 20 young (20480K), 5 survivors (5120K)
 Metaspace       used 50123K, committed 50560K, reserved 1114112K
  class space    used 6516K, committed 6720K, reserved 1048576K

Heap Regions: E=young(eden), S=young(survivor), O=old, HS=humongous(starts), HC=humongous(continues), CS=collection set, F=free, OA=open archive, CA=closed archive, TAMS=top-at-mark-start (previous, next)
|   0|0x0000000083000000, 0x0000000083100000, 0x0000000083100000|100%|HS|  |TAMS 0x0000000083100000, 0x0000000083000000| Complete 
|   1|0x0000000083100000, 0x0000000083200000, 0x0000000083200000|100%| O|  |TAMS 0x0000000083200000, 0x0000000083100000| Untracked 
|   2|0x0000000083200000, 0x0000000083300000, 0x0000000083300000|100%| O|  |TAMS 0x0000000083300000, 0x0000000083200000| Untracked 
|   3|0x0000000083300000, 0x0000000083400000, 0x0000000083400000|100%| O|  |TAMS 0x0000000083400000, 0x0000000083300000| Untracked 
|   4|0x0000000083400000, 0x0000000083500000, 0x0000000083500000|100%| O|  |TAMS 0x0000000083500000, 0x0000000083400000| Untracked 
|   5|0x0000000083500000, 0x0000000083600000, 0x0000000083600000|100%| O|  |TAMS 0x0000000083600000, 0x0000000083500000| Untracked 
|   6|0x0000000083600000, 0x0000000083700000, 0x0000000083700000|100%| O|  |TAMS 0x0000000083700000, 0x0000000083600000| Untracked 
|   7|0x0000000083700000, 0x0000000083800000, 0x0000000083800000|100%| O|  |TAMS 0x0000000083800000, 0x0000000083700000| Untracked 
|   8|0x0000000083800000, 0x0000000083900000, 0x0000000083900000|100%| O|  |TAMS 0x0000000083900000, 0x0000000083800000| Untracked 
|   9|0x0000000083900000, 0x0000000083a00000, 0x0000000083a00000|100%| O|  |TAMS 0x0000000083a00000, 0x0000000083900000| Untracked 
|  10|0x0000000083a00000, 0x0000000083b00000, 0x0000000083b00000|100%| O|  |TAMS 0x0000000083b00000, 0x0000000083a00000| Untracked 
|  11|0x0000000083b00000, 0x0000000083c00000, 0x0000000083c00000|100%| O|  |TAMS 0x0000000083c00000, 0x0000000083b00000| Untracked 
|  12|0x0000000083c00000, 0x0000000083d00000, 0x0000000083d00000|100%| O|  |TAMS 0x0000000083d00000, 0x0000000083c00000| Untracked 
|  13|0x0000000083d00000, 0x0000000083e00000, 0x0000000083e00000|100%| O|  |TAMS 0x0000000083e00000, 0x0000000083d00000| Untracked 
|  14|0x0000000083e00000, 0x0000000083f00000, 0x0000000083f00000|100%| O|  |TAMS 0x0000000083f00000, 0x0000000083e00000| Untracked 
|  15|0x0000000083f00000, 0x0000000084000000, 0x0000000084000000|100%| O|  |TAMS 0x0000000083f15c00, 0x0000000083f00000| Untracked 
|  16|0x0000000084000000, 0x0000000084100000, 0x0000000084100000|100%| O|  |TAMS 0x0000000084000000, 0x0000000084000000| Untracked 
|  17|0x0000000084100000, 0x0000000084200000, 0x0000000084200000|100%| O|  |TAMS 0x0000000084100000, 0x0000000084100000| Untracked 
|  18|0x0000000084200000, 0x0000000084280200, 0x0000000084300000| 50%| O|  |TAMS 0x0000000084200000, 0x0000000084200000| Untracked 
|  19|0x0000000084300000, 0x0000000084300000, 0x0000000084400000|  0%| F|  |TAMS 0x0000000084300000, 0x0000000084300000| Untracked 
|  20|0x0000000084400000, 0x0000000084400000, 0x0000000084500000|  0%| F|  |TAMS 0x0000000084400000, 0x0000000084400000| Untracked 
|  21|0x0000000084500000, 0x0000000084500000, 0x0000000084600000|  0%| F|  |TAMS 0x0000000084500000, 0x0000000084500000| Untracked 
|  22|0x0000000084600000, 0x0000000084600000, 0x0000000084700000|  0%| F|  |TAMS 0x0000000084600000, 0x0000000084600000| Untracked 
|  23|0x0000000084700000, 0x0000000084700000, 0x0000000084800000|  0%| F|  |TAMS 0x0000000084700000, 0x0000000084700000| Untracked 
|  24|0x0000000084800000, 0x0000000084800000, 0x0000000084900000|  0%| F|  |TAMS 0x0000000084800000, 0x0000000084800000| Untracked 
|  25|0x0000000084900000, 0x0000000084900000, 0x0000000084a00000|  0%| F|  |TAMS 0x0000000084900000, 0x0000000084900000| Untracked 
|  26|0x0000000084a00000, 0x0000000084a00000, 0x0000000084b00000|  0%| F|  |TAMS 0x0000000084a00000, 0x0000000084a00000| Untracked 
|  27|0x0000000084b00000, 0x0000000084b00000, 0x0000000084c00000|  0%| F|  |TAMS 0x0000000084b00000, 0x0000000084b00000| Untracked 
|  28|0x0000000084c00000, 0x0000000084c00000, 0x0000000084d00000|  0%| F|  |TAMS 0x0000000084c00000, 0x0000000084c00000| Untracked 
|  29|0x0000000084d00000, 0x0000000084d00000, 0x0000000084e00000|  0%| F|  |TAMS 0x0000000084d00000, 0x0000000084d00000| Untracked 
|  30|0x0000000084e00000, 0x0000000084e00000, 0x0000000084f00000|  0%| F|  |TAMS 0x0000000084e00000, 0x0000000084e00000| Untracked 
|  31|0x0000000084f00000, 0x0000000084f00000, 0x0000000085000000|  0%| F|  |TAMS 0x0000000084f00000, 0x0000000084f00000| Untracked 
|  32|0x0000000085000000, 0x0000000085000000, 0x0000000085100000|  0%| F|  |TAMS 0x0000000085000000, 0x0000000085000000| Untracked 
|  33|0x0000000085100000, 0x000000008512efd8, 0x0000000085200000| 18%| S|CS|TAMS 0x0000000085100000, 0x0000000085100000| Complete 
|  34|0x0000000085200000, 0x0000000085300000, 0x0000000085300000|100%| S|CS|TAMS 0x0000000085200000, 0x0000000085200000| Complete 
|  35|0x0000000085300000, 0x0000000085400000, 0x0000000085400000|100%| S|CS|TAMS 0x0000000085300000, 0x0000000085300000| Complete 
|  36|0x0000000085400000, 0x0000000085500000, 0x0000000085500000|100%| S|CS|TAMS 0x0000000085400000, 0x0000000085400000| Complete 
|  37|0x0000000085500000, 0x0000000085600000, 0x0000000085600000|100%| S|CS|TAMS 0x0000000085500000, 0x0000000085500000| Complete 
|  38|0x0000000085600000, 0x0000000085600000, 0x0000000085700000|  0%| F|  |TAMS 0x0000000085600000, 0x0000000085600000| Untracked 
|  39|0x0000000085700000, 0x0000000085700000, 0x0000000085800000|  0%| F|  |TAMS 0x0000000085700000, 0x0000000085700000| Untracked 
|  40|0x0000000085800000, 0x0000000085800000, 0x0000000085900000|  0%| F|  |TAMS 0x0000000085800000, 0x0000000085800000| Untracked 
|  41|0x0000000085900000, 0x0000000085900000, 0x0000000085a00000|  0%| F|  |TAMS 0x0000000085900000, 0x0000000085900000| Untracked 
|  42|0x0000000085a00000, 0x0000000085a00000, 0x0000000085b00000|  0%| F|  |TAMS 0x0000000085a00000, 0x0000000085a00000| Untracked 
|  43|0x0000000085b00000, 0x0000000085b00000, 0x0000000085c00000|  0%| F|  |TAMS 0x0000000085b00000, 0x0000000085b00000| Untracked 
|  44|0x0000000085c00000, 0x0000000085c00000, 0x0000000085d00000|  0%| F|  |TAMS 0x0000000085c00000, 0x0000000085c00000| Untracked 
|  45|0x0000000085d00000, 0x0000000085d00000, 0x0000000085e00000|  0%| F|  |TAMS 0x0000000085d00000, 0x0000000085d00000| Untracked 
|  46|0x0000000085e00000, 0x0000000085e00000, 0x0000000085f00000|  0%| F|  |TAMS 0x0000000085e00000, 0x0000000085e00000| Untracked 
|  47|0x0000000085f00000, 0x0000000085f00000, 0x0000000086000000|  0%| F|  |TAMS 0x0000000085f00000, 0x0000000085f00000| Untracked 
|  48|0x0000000086000000, 0x0000000086000000, 0x0000000086100000|  0%| F|  |TAMS 0x0000000086000000, 0x0000000086000000| Untracked 
|  49|0x0000000086100000, 0x0000000086100000, 0x0000000086200000|  0%| F|  |TAMS 0x0000000086100000, 0x0000000086100000| Untracked 
|  50|0x0000000086200000, 0x0000000086200000, 0x0000000086300000|  0%| F|  |TAMS 0x0000000086200000, 0x0000000086200000| Untracked 
|  51|0x0000000086300000, 0x0000000086300000, 0x0000000086400000|  0%| F|  |TAMS 0x0000000086300000, 0x0000000086300000| Untracked 
|  52|0x0000000086400000, 0x0000000086400000, 0x0000000086500000|  0%| F|  |TAMS 0x0000000086400000, 0x0000000086400000| Untracked 
|  53|0x0000000086500000, 0x0000000086500000, 0x0000000086600000|  0%| F|  |TAMS 0x0000000086500000, 0x0000000086500000| Untracked 
|  54|0x0000000086600000, 0x0000000086600000, 0x0000000086700000|  0%| F|  |TAMS 0x0000000086600000, 0x0000000086600000| Untracked 
|  55|0x0000000086700000, 0x0000000086700000, 0x0000000086800000|  0%| F|  |TAMS 0x0000000086700000, 0x0000000086700000| Untracked 
|  56|0x0000000086800000, 0x0000000086800000, 0x0000000086900000|  0%| F|  |TAMS 0x0000000086800000, 0x0000000086800000| Untracked 
|  57|0x0000000086900000, 0x0000000086900000, 0x0000000086a00000|  0%| F|  |TAMS 0x0000000086900000, 0x0000000086900000| Untracked 
|  58|0x0000000086a00000, 0x0000000086a00000, 0x0000000086b00000|  0%| F|  |TAMS 0x0000000086a00000, 0x0000000086a00000| Untracked 
|  59|0x0000000086b00000, 0x0000000086b00000, 0x0000000086c00000|  0%| F|  |TAMS 0x0000000086b00000, 0x0000000086b00000| Untracked 
|  60|0x0000000086c00000, 0x0000000086c00000, 0x0000000086d00000|  0%| F|  |TAMS 0x0000000086c00000, 0x0000000086c00000| Untracked 
|  61|0x0000000086d00000, 0x0000000086d00000, 0x0000000086e00000|  0%| F|  |TAMS 0x0000000086d00000, 0x0000000086d00000| Untracked 
|  62|0x0000000086e00000, 0x0000000086e00000, 0x0000000086f00000|  0%| F|  |TAMS 0x0000000086e00000, 0x0000000086e00000| Untracked 
|  63|0x0000000086f00000, 0x0000000086f00000, 0x0000000087000000|  0%| F|  |TAMS 0x0000000086f00000, 0x0000000086f00000| Untracked 
|  64|0x0000000087000000, 0x0000000087000000, 0x0000000087100000|  0%| F|  |TAMS 0x0000000087000000, 0x0000000087000000| Untracked 
|  65|0x0000000087100000, 0x0000000087100000, 0x0000000087200000|  0%| F|  |TAMS 0x0000000087100000, 0x0000000087100000| Untracked 
|  66|0x0000000087200000, 0x0000000087200000, 0x0000000087300000|  0%| F|  |TAMS 0x0000000087200000, 0x0000000087200000| Untracked 
|  67|0x0000000087300000, 0x0000000087300000, 0x0000000087400000|  0%| F|  |TAMS 0x0000000087300000, 0x0000000087300000| Untracked 
|  68|0x0000000087400000, 0x0000000087400000, 0x0000000087500000|  0%| F|  |TAMS 0x0000000087400000, 0x0000000087400000| Untracked 
|  69|0x0000000087500000, 0x0000000087546888, 0x0000000087600000| 27%| E|  |TAMS 0x0000000087500000, 0x0000000087500000| Complete 
|  70|0x0000000087600000, 0x0000000087700000, 0x0000000087700000|100%| E|CS|TAMS 0x0000000087600000, 0x0000000087600000| Complete 
|  71|0x0000000087700000, 0x0000000087800000, 0x0000000087800000|100%| E|CS|TAMS 0x0000000087700000, 0x0000000087700000| Complete 
|  72|0x0000000087800000, 0x0000000087900000, 0x0000000087900000|100%| E|CS|TAMS 0x0000000087800000, 0x0000000087800000| Complete 
|  73|0x0000000087900000, 0x0000000087a00000, 0x0000000087a00000|100%| E|CS|TAMS 0x0000000087900000, 0x0000000087900000| Complete 
|  74|0x0000000087a00000, 0x0000000087b00000, 0x0000000087b00000|100%| E|CS|TAMS 0x0000000087a00000, 0x0000000087a00000| Complete 
|  75|0x0000000087b00000, 0x0000000087c00000, 0x0000000087c00000|100%| E|CS|TAMS 0x0000000087b00000, 0x0000000087b00000| Complete 
|  76|0x0000000087c00000, 0x0000000087d00000, 0x0000000087d00000|100%| E|CS|TAMS 0x0000000087c00000, 0x0000000087c00000| Complete 
|  77|0x0000000087d00000, 0x0000000087e00000, 0x0000000087e00000|100%| E|CS|TAMS 0x0000000087d00000, 0x0000000087d00000| Complete 
|  78|0x0000000087e00000, 0x0000000087f00000, 0x0000000087f00000|100%| E|CS|TAMS 0x0000000087e00000, 0x0000000087e00000| Complete 
|  79|0x0000000087f00000, 0x0000000088000000, 0x0000000088000000|100%| E|CS|TAMS 0x0000000087f00000, 0x0000000087f00000| Complete 
|  80|0x0000000088000000, 0x0000000088100000, 0x0000000088100000|100%| E|CS|TAMS 0x0000000088000000, 0x0000000088000000| Complete 
|  81|0x0000000088100000, 0x0000000088200000, 0x0000000088200000|100%| E|CS|TAMS 0x0000000088100000, 0x0000000088100000| Complete 
|  82|0x0000000088200000, 0x0000000088300000, 0x0000000088300000|100%| E|CS|TAMS 0x0000000088200000, 0x0000000088200000| Complete 
| 125|0x000000008ad00000, 0x000000008ae00000, 0x000000008ae00000|100%| E|CS|TAMS 0x000000008ad00000, 0x000000008ad00000| Complete 

Card table byte_map: [0x000001ecc4d20000,0x000001ecc5110000] _byte_map_base: 0x000001ecc4908000

Marking Bits (Prev, Next): (CMBitMap*) 0x000001ecad6f92d0, (CMBitMap*) 0x000001ecad6f9310
 Prev Bits: [0x000001ecc5500000, 0x000001ecc7440000)
 Next Bits: [0x000001ecc7440000, 0x000001ecc9380000)

Polling page: 0x000001ecace60000

Metaspace:

Usage:
  Non-class:     42.58 MB used.
      Class:      6.36 MB used.
       Both:     48.95 MB used.

Virtual space:
  Non-class space:       64.00 MB reserved,      42.81 MB ( 67%) committed,  1 nodes.
      Class space:        1.00 GB reserved,       6.56 MB ( <1%) committed,  1 nodes.
             Both:        1.06 GB reserved,      49.38 MB (  5%) committed. 

Chunk freelists:
   Non-Class:  1.02 MB
       Class:  1.45 MB
        Both:  2.46 MB

MaxMetaspaceSize: unlimited
CompressedClassSpaceSize: 1.00 GB
Initial GC threshold: 21.00 MB
Current GC threshold: 59.06 MB
CDS: on
MetaspaceReclaimPolicy: balanced
 - commit_granule_bytes: 65536.
 - commit_granule_words: 8192.
 - virtual_space_node_default_size: 8388608.
 - enlarge_chunks_in_place: 1.
 - new_chunks_are_fully_committed: 0.
 - uncommit_free_chunks: 1.
 - use_allocation_guard: 0.


Internal statistics:

num_allocs_failed_limit: 6.
num_arena_births: 486.
num_arena_deaths: 0.
num_vsnodes_births: 2.
num_vsnodes_deaths: 0.
num_space_committed: 790.
num_space_uncommitted: 0.
num_chunks_returned_to_freelist: 6.
num_chunks_taken_from_freelist: 2254.
num_chunk_merges: 6.
num_chunk_splits: 1636.
num_chunks_enlarged: 1357.
num_inconsistent_stats: 0.

CodeHeap 'non-profiled nmethods': size=120000Kb used=2555Kb max_used=2794Kb free=117444Kb
 bounds [0x000001ecbd0d0000, 0x000001ecbd3a0000, 0x000001ecc4600000]
CodeHeap 'profiled nmethods': size=120000Kb used=8412Kb max_used=9818Kb free=111587Kb
 bounds [0x000001ecb5600000, 0x000001ecb5fb0000, 0x000001ecbcb30000]
CodeHeap 'non-nmethods': size=5760Kb used=1374Kb max_used=1443Kb free=4385Kb
 bounds [0x000001ecbcb30000, 0x000001ecbcda0000, 0x000001ecbd0d0000]
 total_blobs=4836 nmethods=4222 adapters=522
 compilation: enabled
              stopped_count=0, restarted_count=0
 full_count=0

Compilation events (20 events):
Event: 522.974 Thread 0x000001eccbdc6fb0 nmethod 4987 0x000001ecb579c910 code [0x000001ecb579cac0, 0x000001ecb579cc38]
Event: 538.127 Thread 0x000001eccbdbe630 4988       4       java.util.concurrent.locks.AbstractQueuedSynchronizer$Node::setPrevRelaxed (12 bytes)
Event: 538.130 Thread 0x000001eccbdbe630 nmethod 4988 0x000001ecbd25ec90 code [0x000001ecbd25ee00, 0x000001ecbd25ef58]
Event: 538.130 Thread 0x000001eccbdbe630 4989       4       java.util.concurrent.locks.AbstractQueuedSynchronizer::casTail (13 bytes)
Event: 538.133 Thread 0x000001eccbdbe630 nmethod 4989 0x000001ecbd2c0b90 code [0x000001ecbd2c0d00, 0x000001ecbd2c0e78]
Event: 541.862 Thread 0x000001eccbdbe630 4990       4       java.util.HashSet::add (20 bytes)
Event: 541.921 Thread 0x000001eccbdbe630 nmethod 4990 0x000001ecbd1a0190 code [0x000001ecbd1a0400, 0x000001ecbd1a2040]
Event: 563.000 Thread 0x000001eccbdc6fb0 4991       3       java.util.TreeSet::add (22 bytes)
Event: 563.000 Thread 0x000001eccbdc6fb0 nmethod 4991 0x000001ecb5dbc910 code [0x000001ecb5dbcac0, 0x000001ecb5dbcd08]
Event: 578.322 Thread 0x000001eccbdc6fb0 4992       1       jdk.internal.loader.URLClassPath$FileLoader$1::getURL (5 bytes)
Event: 578.322 Thread 0x000001eccbdc6fb0 nmethod 4992 0x000001ecbd2c0890 code [0x000001ecbd2c0a20, 0x000001ecbd2c0ad8]
Event: 632.739 Thread 0x000001eccbdc6fb0 4993       3       java.util.concurrent.atomic.AtomicIntegerFieldUpdater$AtomicIntegerFieldUpdaterImpl::accessCheck (17 bytes)
Event: 632.740 Thread 0x000001eccbdc6fb0 nmethod 4993 0x000001ecb5f05a10 code [0x000001ecb5f05bc0, 0x000001ecb5f05d88]
Event: 632.740 Thread 0x000001eccbdc6fb0 4994       3       com.zaxxer.hikari.pool.PoolEntry::getState (8 bytes)
Event: 632.741 Thread 0x000001eccbdc6fb0 nmethod 4994 0x000001ecb5925410 code [0x000001ecb59255e0, 0x000001ecb59258a8]
Event: 643.063 Thread 0x000001eccbdc6fb0 4995       1       org.apache.catalina.core.StandardWrapper::getServlet (5 bytes)
Event: 643.064 Thread 0x000001eccbdc6fb0 nmethod 4995 0x000001ecbd2c0590 code [0x000001ecbd2c0720, 0x000001ecbd2c07f8]
Event: 675.647 Thread 0x000001eccbdbe630 4996       4       java.io.File::listFiles (52 bytes)
Event: 675.678 Thread 0x000001eccbdbe630 nmethod 4996 0x000001ecbd108490 code [0x000001ecbd108660, 0x000001ecbd108e48]
Event: 678.721 Thread 0x000001eccbdbe630 4997       4       org.springframework.boot.devtools.filewatch.DirectorySnapshot::collectFiles (99 bytes)

GC Heap History (20 events):
Event: 1.061 GC heap before
{Heap before GC invocations=1 (full 0):
 garbage-first heap   total 129024K, used 36617K [0x0000000083000000, 0x0000000100000000)
  region size 1024K, 33 young (33792K), 3 survivors (3072K)
 Metaspace       used 14194K, committed 14464K, reserved 1114112K
  class space    used 1657K, committed 1792K, reserved 1048576K
}
Event: 1.065 GC heap after
{Heap after GC invocations=2 (full 0):
 garbage-first heap   total 129024K, used 9162K [0x0000000083000000, 0x0000000100000000)
  region size 1024K, 3 young (3072K), 3 survivors (3072K)
 Metaspace       used 14194K, committed 14464K, reserved 1114112K
  class space    used 1657K, committed 1792K, reserved 1048576K
}
Event: 1.794 GC heap before
{Heap before GC invocations=2 (full 0):
 garbage-first heap   total 129024K, used 54218K [0x0000000083000000, 0x0000000100000000)
  region size 1024K, 48 young (49152K), 3 survivors (3072K)
 Metaspace       used 21224K, committed 21504K, reserved 1114112K
  class space    used 2522K, committed 2688K, reserved 1048576K
}
Event: 1.798 GC heap after
{Heap after GC invocations=3 (full 0):
 garbage-first heap   total 129024K, used 12185K [0x0000000083000000, 0x0000000100000000)
  region size 1024K, 6 young (6144K), 6 survivors (6144K)
 Metaspace       used 21224K, committed 21504K, reserved 1114112K
  class space    used 2522K, committed 2688K, reserved 1048576K
}
Event: 2.228 GC heap before
{Heap before GC invocations=4 (full 0):
 garbage-first heap   total 48128K, used 34713K [0x0000000083000000, 0x0000000100000000)
  region size 1024K, 28 young (28672K), 6 survivors (6144K)
 Metaspace       used 26061K, committed 26432K, reserved 1114112K
  class space    used 3173K, committed 3328K, reserved 1048576K
}
Event: 2.234 GC heap after
{Heap after GC invocations=5 (full 0):
 garbage-first heap   total 48128K, used 15291K [0x0000000083000000, 0x0000000100000000)
  region size 1024K, 4 young (4096K), 4 survivors (4096K)
 Metaspace       used 26061K, committed 26432K, reserved 1114112K
  class space    used 3173K, committed 3328K, reserved 1048576K
}
Event: 2.246 GC heap before
{Heap before GC invocations=5 (full 0):
 garbage-first heap   total 48128K, used 16315K [0x0000000083000000, 0x0000000100000000)
  region size 1024K, 5 young (5120K), 4 survivors (4096K)
 Metaspace       used 26202K, committed 26560K, reserved 1114112K
  class space    used 3192K, committed 3328K, reserved 1048576K
}
Event: 2.250 GC heap after
{Heap after GC invocations=6 (full 0):
 garbage-first heap   total 48128K, used 15486K [0x0000000083000000, 0x0000000100000000)
  region size 1024K, 1 young (1024K), 1 survivors (1024K)
 Metaspace       used 26202K, committed 26560K, reserved 1114112K
  class space    used 3192K, committed 3328K, reserved 1048576K
}
Event: 2.526 GC heap before
{Heap before GC invocations=6 (full 0):
 garbage-first heap   total 48128K, used 32894K [0x0000000083000000, 0x0000000100000000)
  region size 1024K, 19 young (19456K), 1 survivors (1024K)
 Metaspace       used 30276K, committed 30656K, reserved 1114112K
  class space    used 3622K, committed 3840K, reserved 1048576K
}
Event: 2.528 GC heap after
{Heap after GC invocations=7 (full 0):
 garbage-first heap   total 48128K, used 16514K [0x0000000083000000, 0x0000000100000000)
  region size 1024K, 2 young (2048K), 2 survivors (2048K)
 Metaspace       used 30276K, committed 30656K, reserved 1114112K
  class space    used 3622K, committed 3840K, reserved 1048576K
}
Event: 2.876 GC heap before
{Heap before GC invocations=7 (full 0):
 garbage-first heap   total 48128K, used 34946K [0x0000000083000000, 0x0000000100000000)
  region size 1024K, 20 young (20480K), 2 survivors (2048K)
 Metaspace       used 35050K, committed 35392K, reserved 1114112K
  class space    used 4305K, committed 4480K, reserved 1048576K
}
Event: 2.878 GC heap after
{Heap after GC invocations=8 (full 0):
 garbage-first heap   total 48128K, used 18175K [0x0000000083000000, 0x0000000100000000)
  region size 1024K, 2 young (2048K), 2 survivors (2048K)
 Metaspace       used 35050K, committed 35392K, reserved 1114112K
  class space    used 4305K, committed 4480K, reserved 1048576K
}
Event: 2.920 GC heap before
{Heap before GC invocations=8 (full 0):
 garbage-first heap   total 48128K, used 19199K [0x0000000083000000, 0x0000000100000000)
  region size 1024K, 4 young (4096K), 2 survivors (2048K)
 Metaspace       used 35671K, committed 35968K, reserved 1114112K
  class space    used 4443K, committed 4608K, reserved 1048576K
}
Event: 2.921 GC heap after
{Heap after GC invocations=9 (full 0):
 garbage-first heap   total 48128K, used 18362K [0x0000000083000000, 0x0000000100000000)
  region size 1024K, 1 young (1024K), 1 survivors (1024K)
 Metaspace       used 35671K, committed 35968K, reserved 1114112K
  class space    used 4443K, committed 4608K, reserved 1048576K
}
Event: 3.246 GC heap before
{Heap before GC invocations=10 (full 0):
 garbage-first heap   total 48128K, used 34746K [0x0000000083000000, 0x0000000100000000)
  region size 1024K, 18 young (18432K), 1 survivors (1024K)
 Metaspace       used 41225K, committed 41664K, reserved 1114112K
  class space    used 5227K, committed 5440K, reserved 1048576K
}
Event: 3.248 GC heap after
{Heap after GC invocations=11 (full 0):
 garbage-first heap   total 86016K, used 19170K [0x0000000083000000, 0x0000000100000000)
  region size 1024K, 2 young (2048K), 2 survivors (2048K)
 Metaspace       used 41225K, committed 41664K, reserved 1114112K
  class space    used 5227K, committed 5440K, reserved 1048576K
}
Event: 3.282 GC heap before
{Heap before GC invocations=11 (full 0):
 garbage-first heap   total 86016K, used 21218K [0x0000000083000000, 0x0000000100000000)
  region size 1024K, 4 young (4096K), 2 survivors (2048K)
 Metaspace       used 41715K, committed 42112K, reserved 1114112K
  class space    used 5341K, committed 5504K, reserved 1048576K
}
Event: 3.284 GC heap after
{Heap after GC invocations=12 (full 0):
 garbage-first heap   total 86016K, used 19193K [0x0000000083000000, 0x0000000100000000)
  region size 1024K, 1 young (1024K), 1 survivors (1024K)
 Metaspace       used 41715K, committed 42112K, reserved 1114112K
  class space    used 5341K, committed 5504K, reserved 1048576K
}
Event: 4.086 GC heap before
{Heap before GC invocations=12 (full 0):
 garbage-first heap   total 86016K, used 64249K [0x0000000083000000, 0x0000000100000000)
  region size 1024K, 46 young (47104K), 1 survivors (1024K)
 Metaspace       used 49447K, committed 49856K, reserved 1114112K
  class space    used 6447K, committed 6656K, reserved 1048576K
}
Event: 4.090 GC heap after
{Heap after GC invocations=13 (full 0):
 garbage-first heap   total 86016K, used 23228K [0x0000000083000000, 0x0000000100000000)
  region size 1024K, 5 young (5120K), 5 survivors (5120K)
 Metaspace       used 49447K, committed 49856K, reserved 1114112K
  class space    used 6447K, committed 6656K, reserved 1048576K
}

Dll operation events (14 events):
Event: 0.013 Loaded shared library C:\Program Files\Java\jdk-19\bin\java.dll
Event: 0.023 Loaded shared library C:\Program Files\Java\jdk-19\bin\jsvml.dll
Event: 0.094 Loaded shared library C:\Program Files\Java\jdk-19\bin\zip.dll
Event: 0.097 Loaded shared library C:\Program Files\Java\jdk-19\bin\instrument.dll
Event: 0.102 Loaded shared library C:\Program Files\Java\jdk-19\bin\net.dll
Event: 0.103 Loaded shared library C:\Program Files\Java\jdk-19\bin\nio.dll
Event: 0.106 Loaded shared library C:\Program Files\Java\jdk-19\bin\zip.dll
Event: 0.168 Loaded shared library C:\Program Files\JetBrains\IntelliJ IDEA Community Edition 2022.2.3\bin\breakgen64.dll
Event: 0.175 Loaded shared library C:\Program Files\Java\jdk-19\bin\extnet.dll
Event: 0.196 Loaded shared library C:\Program Files\Java\jdk-19\bin\verify.dll
Event: 0.200 Loaded shared library C:\Program Files\Java\jdk-19\bin\jimage.dll
Event: 0.475 Loaded shared library C:\Program Files\Java\jdk-19\bin\management.dll
Event: 0.477 Loaded shared library C:\Program Files\Java\jdk-19\bin\management_ext.dll
Event: 2.214 Loaded shared library C:\Program Files\Java\jdk-19\bin\sunmscapi.dll

Deoptimization events (20 events):
Event: 4.104 Thread 0x000001eccbdd5d70 Uncommon trap: trap_request=0xffffff45 fr.pc=0x000001ecbd2d1b40 relative=0x0000000000000bc0
Event: 4.104 Thread 0x000001eccbdd5d70 Uncommon trap: reason=unstable_if action=reinterpret pc=0x000001ecbd2d1b40 method=org.springframework.core.annotation.AnnotationsScanner.isWithoutHierarchy(Ljava/lang/reflect/AnnotatedElement;Lorg/springframework/core/annotation/MergedAnnotations$SearchSt
Event: 4.104 Thread 0x000001eccbdd5d70 DEOPT PACKING pc=0x000001ecbd2d1b40 sp=0x0000004aa3dfe650
Event: 4.104 Thread 0x000001eccbdd5d70 DEOPT UNPACKING pc=0x000001ecbcb96da3 sp=0x0000004aa3dfe5b8 mode 2
Event: 4.104 Thread 0x000001eccbdd5d70 Uncommon trap: trap_request=0xffffff45 fr.pc=0x000001ecbd2b44ac relative=0x000000000000078c
Event: 4.104 Thread 0x000001eccbdd5d70 Uncommon trap: reason=unstable_if action=reinterpret pc=0x000001ecbd2b44ac method=org.springframework.core.annotation.AnnotationsScanner.isWithoutHierarchy(Ljava/lang/reflect/AnnotatedElement;Lorg/springframework/core/annotation/MergedAnnotations$SearchSt
Event: 4.104 Thread 0x000001eccbdd5d70 DEOPT PACKING pc=0x000001ecbd2b44ac sp=0x0000004aa3dfe6a0
Event: 4.104 Thread 0x000001eccbdd5d70 DEOPT UNPACKING pc=0x000001ecbcb96da3 sp=0x0000004aa3dfe680 mode 2
Event: 4.122 Thread 0x000001eccbdd5d70 Uncommon trap: trap_request=0xffffff45 fr.pc=0x000001ecbd16dcd8 relative=0x0000000000000a78
Event: 4.122 Thread 0x000001eccbdd5d70 Uncommon trap: reason=unstable_if action=reinterpret pc=0x000001ecbd16dcd8 method=java.lang.Integer.stringSize(I)I @ 19 c2
Event: 4.122 Thread 0x000001eccbdd5d70 DEOPT PACKING pc=0x000001ecbd16dcd8 sp=0x0000004aa3dfdfa0
Event: 4.122 Thread 0x000001eccbdd5d70 DEOPT UNPACKING pc=0x000001ecbcb96da3 sp=0x0000004aa3dfdea0 mode 2
Event: 4.133 Thread 0x000001eccbdd5d70 Uncommon trap: trap_request=0xffffff45 fr.pc=0x000001ecbd15d080 relative=0x0000000000000060
Event: 4.133 Thread 0x000001eccbdd5d70 Uncommon trap: reason=unstable_if action=reinterpret pc=0x000001ecbd15d080 method=org.springframework.util.ConcurrentReferenceHashMap$Segment.clear()V @ 7 c2
Event: 4.133 Thread 0x000001eccbdd5d70 DEOPT PACKING pc=0x000001ecbd15d080 sp=0x0000004aa3dfea70
Event: 4.133 Thread 0x000001eccbdd5d70 DEOPT UNPACKING pc=0x000001ecbcb96da3 sp=0x0000004aa3dfea00 mode 2
Event: 4.135 Thread 0x000001eccbdd5d70 Uncommon trap: trap_request=0xffffff45 fr.pc=0x000001ecbd15c9a8 relative=0x0000000000000108
Event: 4.135 Thread 0x000001eccbdd5d70 Uncommon trap: reason=unstable_if action=reinterpret pc=0x000001ecbd15c9a8 method=java.lang.ref.ReferenceQueue.poll()Ljava/lang/ref/Reference; @ 4 c2
Event: 4.135 Thread 0x000001eccbdd5d70 DEOPT PACKING pc=0x000001ecbd15c9a8 sp=0x0000004aa3dfeae0
Event: 4.135 Thread 0x000001eccbdd5d70 DEOPT UNPACKING pc=0x000001ecbcb96da3 sp=0x0000004aa3dfe9a8 mode 2

Classes loaded (20 events):
Event: 4.125 Loading class java/nio/channels/spi/AbstractSelector$1
Event: 4.125 Loading class java/nio/channels/spi/AbstractSelector$1 done
Event: 4.126 Loading class java/util/TreeMap$ValueSpliterator
Event: 4.126 Loading class java/util/TreeMap$TreeMapSpliterator
Event: 4.126 Loading class java/util/TreeMap$TreeMapSpliterator done
Event: 4.126 Loading class java/util/TreeMap$ValueSpliterator done
Event: 4.139 Loading class java/beans/ThreadGroupContext
Event: 4.139 Loading class java/beans/ThreadGroupContext done
Event: 4.139 Loading class java/beans/ThreadGroupContext$1
Event: 4.139 Loading class java/beans/WeakIdentityMap
Event: 4.139 Loading class java/beans/WeakIdentityMap done
Event: 4.139 Loading class java/beans/ThreadGroupContext$1 done
Event: 4.139 Loading class java/beans/WeakIdentityMap$Entry
Event: 4.139 Loading class java/beans/WeakIdentityMap$Entry done
Event: 4.140 Loading class java/util/stream/LongStream
Event: 4.141 Loading class java/util/stream/LongStream done
Event: 4.141 Loading class java/util/stream/DoubleStream
Event: 4.141 Loading class java/util/stream/DoubleStream done
Event: 4.141 Loading class java/util/concurrent/Future$State
Event: 4.141 Loading class java/util/concurrent/Future$State done

Classes unloaded (0 events):
No events

Classes redefined (0 events):
No events

Internal exceptions (20 events):
Event: 3.856 Thread 0x000001eccbdd5d70 Exception <a 'java/lang/ClassNotFoundException'{0x000000008675edb8}: org/springframework/beans/factory/BeanClassLoaderAwareCustomizer> (0x000000008675edb8) 
thrown [s\open\src\hotspot\share\classfile\systemDictionary.cpp, line 255]
Event: 3.856 Thread 0x000001eccbdd5d70 Exception <a 'java/lang/ClassNotFoundException'{0x00000000867632e8}: org/springframework/beans/factory/AwareCustomizer> (0x00000000867632e8) 
thrown [s\open\src\hotspot\share\classfile\systemDictionary.cpp, line 255]
Event: 3.857 Thread 0x000001eccbdd5d70 Exception <a 'java/lang/ClassNotFoundException'{0x0000000086766ec8}: org/springframework/beans/factory/BeanFactoryAwareCustomizer> (0x0000000086766ec8) 
thrown [s\open\src\hotspot\share\classfile\systemDictionary.cpp, line 255]
Event: 3.857 Thread 0x000001eccbdd5d70 Exception <a 'java/lang/ClassNotFoundException'{0x000000008676ba98}: org/springframework/beans/factory/AwareCustomizer> (0x000000008676ba98) 
thrown [s\open\src\hotspot\share\classfile\systemDictionary.cpp, line 255]
Event: 3.857 Thread 0x000001eccbdd5d70 Exception <a 'java/lang/ClassNotFoundException'{0x000000008676f568}: org/springframework/context/ApplicationEventPublisherAwareCustomizer> (0x000000008676f568) 
thrown [s\open\src\hotspot\share\classfile\systemDictionary.cpp, line 255]
Event: 3.857 Thread 0x000001eccbdd5d70 Exception <a 'java/lang/ClassNotFoundException'{0x0000000086774460}: org/springframework/beans/factory/AwareCustomizer> (0x0000000086774460) 
thrown [s\open\src\hotspot\share\classfile\systemDictionary.cpp, line 255]
Event: 3.864 Thread 0x000001eccbdd5d70 Exception <a 'java/lang/ClassNotFoundException'{0x000000008679f258}: java/lang/ObjectCustomizer> (0x000000008679f258) 
thrown [s\open\src\hotspot\share\classfile\systemDictionary.cpp, line 255]
Event: 3.865 Thread 0x000001eccbdd5d70 Exception <a 'java/lang/ClassNotFoundException'{0x00000000867a60c8}: org/springframework/core/io/support/PropertiesLoaderSupportCustomizer> (0x00000000867a60c8) 
thrown [s\open\src\hotspot\share\classfile\systemDictionary.cpp, line 255]
Event: 3.866 Thread 0x000001eccbdd5d70 Exception <a 'java/lang/ClassNotFoundException'{0x00000000867b2968}: org/springframework/beans/factory/config/PropertiesFactoryBeanCustomizer> (0x00000000867b2968) 
thrown [s\open\src\hotspot\share\classfile\systemDictionary.cpp, line 255]
Event: 3.867 Thread 0x000001eccbdd5d70 Exception <a 'java/lang/ClassNotFoundException'{0x00000000867c6db0}: org/springframework/beans/factory/FactoryBeanCustomizer> (0x00000000867c6db0) 
thrown [s\open\src\hotspot\share\classfile\systemDictionary.cpp, line 255]
Event: 3.868 Thread 0x000001eccbdd5d70 Exception <a 'java/lang/ClassNotFoundException'{0x00000000867cd060}: org/springframework/beans/factory/InitializingBeanCustomizer> (0x00000000867cd060) 
thrown [s\open\src\hotspot\share\classfile\systemDictionary.cpp, line 255]
Event: 3.923 Thread 0x000001eccbdd5d70 Exception <a 'java/lang/IncompatibleClassChangeError'{0x00000000863a7d20}: Found class java.lang.Object, but interface was expected> (0x00000000863a7d20) 
thrown [s\open\src\hotspot\share\interpreter\linkResolver.cpp, line 841]
Event: 3.975 Thread 0x000001eccbdd5d70 Exception <a 'java/lang/ClassNotFoundException'{0x00000000860e4558}: java/lang/ObjectCustomizer> (0x00000000860e4558) 
thrown [s\open\src\hotspot\share\classfile\systemDictionary.cpp, line 255]
Event: 3.976 Thread 0x000001eccbdd5d70 Exception <a 'java/lang/ClassNotFoundException'{0x00000000860ebb98}: com/example/cityHotel/model/CityCustomizer> (0x00000000860ebb98) 
thrown [s\open\src\hotspot\share\classfile\systemDictionary.cpp, line 255]
Event: 3.988 Thread 0x000001eccbdd5d70 Exception <a 'java/lang/NoSuchMethodError'{0x0000000085fe9918}: 'int java.lang.invoke.DirectMethodHandle$Holder.invokeVirtual(java.lang.Object, java.lang.Object, java.lang.Object)'> (0x0000000085fe9918) 
thrown [s\open\src\hotspot\share\interpreter\linkResolver.cpp, line 774]
Event: 4.010 Thread 0x000001eccbdd5d70 Exception <a 'java/lang/IncompatibleClassChangeError'{0x0000000085d8d968}: Found class java.lang.Object, but interface was expected> (0x0000000085d8d968) 
thrown [s\open\src\hotspot\share\interpreter\linkResolver.cpp, line 841]
Event: 4.109 Thread 0x000001eccbdd5d70 Exception <a 'java/lang/NoSuchMethodError'{0x0000000088265440}: 'java.lang.Object java.lang.invoke.DirectMethodHandle$Holder.invokeSpecial(java.lang.Object, java.lang.Object, int, java.lang.Object, int, java.lang.Object)'> (0x0000000088265440) 
thrown [s\open\src\hotspot\share\interpreter\linkResolver.cpp, line 774]
Event: 4.109 Thread 0x000001eccbdd5d70 Exception <a 'java/lang/NoSuchMethodError'{0x000000008826d218}: 'java.lang.Object java.lang.invoke.DirectMethodHandle$Holder.newInvokeSpecial(java.lang.Object, java.lang.Object, int, java.lang.Object, int)'> (0x000000008826d218) 
thrown [s\open\src\hotspot\share\interpreter\linkResolver.cpp, line 774]
Event: 4.109 Thread 0x000001eccbdd5d70 Exception <a 'java/lang/NoSuchMethodError'{0x0000000088271330}: 'java.lang.Object java.lang.invoke.DirectMethodHandle$Holder.invokeSpecial(java.lang.Object, java.lang.Object, java.lang.Object, int, java.lang.Object, int)'> (0x0000000088271330) 
thrown [s\open\src\hotspot\share\interpreter\linkResolver.cpp, line 774]
Event: 4.142 Thread 0x000001ecad69a4c0 Exception <a 'java/lang/NoSuchMethodError'{0x0000000087e6cce8}: 'int java.lang.invoke.DirectMethodHandle$Holder.invokeSpecialIFC(java.lang.Object, java.lang.Object, java.lang.Object)'> (0x0000000087e6cce8) 
thrown [s\open\src\hotspot\share\interpreter\linkResolver.cpp, line 774]

VM Operations (20 events):
Event: 202.922 Executing VM operation: Cleanup
Event: 202.923 Executing VM operation: Cleanup done
Event: 203.923 Executing VM operation: Cleanup
Event: 203.923 Executing VM operation: Cleanup done
Event: 209.955 Executing VM operation: Cleanup
Event: 209.955 Executing VM operation: Cleanup done
Event: 310.883 Executing VM operation: Cleanup
Event: 310.884 Executing VM operation: Cleanup done
Event: 410.794 Executing VM operation: Cleanup
Event: 410.794 Executing VM operation: Cleanup done
Event: 464.297 Executing VM operation: Cleanup
Event: 464.298 Executing VM operation: Cleanup done
Event: 523.818 Executing VM operation: Cleanup
Event: 523.819 Executing VM operation: Cleanup done
Event: 533.885 Executing VM operation: Cleanup
Event: 533.886 Executing VM operation: Cleanup done
Event: 542.943 Executing VM operation: Cleanup
Event: 542.943 Executing VM operation: Cleanup done
Event: 584.329 Executing VM operation: Cleanup
Event: 584.329 Executing VM operation: Cleanup done

Events (20 events):
Event: 4.101 Thread 0x000001ecd218b130 Thread added: 0x000001ecd218b130
Event: 4.116 Thread 0x000001ecd218a690 Thread added: 0x000001ecd218a690
Event: 4.116 Thread 0x000001ecd218f0f0 Thread added: 0x000001ecd218f0f0
Event: 4.116 Thread 0x000001ecd218d110 Thread added: 0x000001ecd218d110
Event: 4.116 Thread 0x000001ecd218abe0 Thread added: 0x000001ecd218abe0
Event: 4.116 Thread 0x000001ecd218b680 Thread added: 0x000001ecd218b680
Event: 4.116 Thread 0x000001ecd218e100 Thread added: 0x000001ecd218e100
Event: 4.116 Thread 0x000001ecd218e650 Thread added: 0x000001ecd218e650
Event: 4.116 Thread 0x000001ecd21886b0 Thread added: 0x000001ecd21886b0
Event: 4.116 Thread 0x000001ecd218bbd0 Thread added: 0x000001ecd218bbd0
Event: 4.116 Thread 0x000001ecd218c670 Thread added: 0x000001ecd218c670
Event: 4.125 Thread 0x000001ecd218eba0 Thread added: 0x000001ecd218eba0
Event: 4.125 Thread 0x000001ecd218cbc0 Thread added: 0x000001ecd218cbc0
Event: 4.139 Thread 0x000001eccbdd5d70 Thread exited: 0x000001eccbdd5d70
Event: 4.141 Thread 0x000001eccbdd6d60 Thread exited: 0x000001eccbdd6d60
Event: 4.142 Thread 0x000001ecad69a4c0 Thread exited: 0x000001ecad69a4c0
Event: 4.142 Thread 0x000001ecd218f640 Thread added: 0x000001ecd218f640
Event: 7.172 Thread 0x000001ecd16436d0 Thread exited: 0x000001ecd16436d0
Event: 7.172 Thread 0x000001ecd01e25c0 Thread exited: 0x000001ecd01e25c0
Event: 7.635 Thread 0x000001ecd2189bf0 Thread exited: 0x000001ecd2189bf0


Dynamic libraries:
0x00007ff72bc20000 - 0x00007ff72bc30000 	C:\Program Files\Java\jdk-19\bin\java.exe
0x00007fffe46b0000 - 0x00007fffe48a8000 	C:\WINDOWS\SYSTEM32\ntdll.dll
0x00007fffe3070000 - 0x00007fffe312f000 	C:\WINDOWS\System32\KERNEL32.DLL
0x00007fffe21f0000 - 0x00007fffe24c2000 	C:\WINDOWS\System32\KERNELBASE.dll
0x00007fffe1e10000 - 0x00007fffe1f10000 	C:\WINDOWS\System32\ucrtbase.dll
0x00007fffce420000 - 0x00007fffce438000 	C:\Program Files\Java\jdk-19\bin\jli.dll
0x00007fffd9030000 - 0x00007fffd904b000 	C:\Program Files\Java\jdk-19\bin\VCRUNTIME140.dll
0x00007fffe36d0000 - 0x00007fffe377e000 	C:\WINDOWS\System32\ADVAPI32.dll
0x00007fffe26f0000 - 0x00007fffe278e000 	C:\WINDOWS\System32\msvcrt.dll
0x00007fffe2f90000 - 0x00007fffe302c000 	C:\WINDOWS\System32\sechost.dll
0x00007fffe2a20000 - 0x00007fffe2b45000 	C:\WINDOWS\System32\RPCRT4.dll
0x00007fffe2d80000 - 0x00007fffe2f21000 	C:\WINDOWS\System32\USER32.dll
0x00007fffc7110000 - 0x00007fffc73aa000 	C:\WINDOWS\WinSxS\amd64_microsoft.windows.common-controls_6595b64144ccf1df_6.0.19041.1110_none_60b5254171f9507e\COMCTL32.dll
0x00007fffe1f10000 - 0x00007fffe1f32000 	C:\WINDOWS\System32\win32u.dll
0x00007fffe3030000 - 0x00007fffe305b000 	C:\WINDOWS\System32\GDI32.dll
0x00007fffe25e0000 - 0x00007fffe26ef000 	C:\WINDOWS\System32\gdi32full.dll
0x00007fffe2150000 - 0x00007fffe21ed000 	C:\WINDOWS\System32\msvcp_win.dll
0x00007fffdb7b0000 - 0x00007fffdb7ba000 	C:\WINDOWS\SYSTEM32\VERSION.dll
0x00007fffe4560000 - 0x00007fffe4592000 	C:\WINDOWS\System32\IMM32.DLL
0x00007fffdb9a0000 - 0x00007fffdb9ac000 	C:\Program Files\Java\jdk-19\bin\vcruntime140_1.dll
0x00007fffbc790000 - 0x00007fffbc81e000 	C:\Program Files\Java\jdk-19\bin\msvcp140.dll
0x00007fff9d7e0000 - 0x00007fff9e4a0000 	C:\Program Files\Java\jdk-19\bin\server\jvm.dll
0x00007fffc7030000 - 0x00007fffc7057000 	C:\WINDOWS\SYSTEM32\WINMM.dll
0x00007fffddef0000 - 0x00007fffddef9000 	C:\WINDOWS\SYSTEM32\WSOCK32.dll
0x00007fffe45a0000 - 0x00007fffe460b000 	C:\WINDOWS\System32\WS2_32.dll
0x00007fffdfe40000 - 0x00007fffdfe52000 	C:\WINDOWS\SYSTEM32\kernel.appcore.dll
0x00007fffcdb20000 - 0x00007fffcdb2a000 	C:\Program Files\Java\jdk-19\bin\jimage.dll
0x00007fffdf7d0000 - 0x00007fffdf9b4000 	C:\WINDOWS\SYSTEM32\DBGHELP.DLL
0x00007fffc31a0000 - 0x00007fffc31d5000 	C:\WINDOWS\SYSTEM32\dbgcore.DLL
0x00007fffe2550000 - 0x00007fffe25d2000 	C:\WINDOWS\System32\bcryptPrimitives.dll
0x00007fffdec00000 - 0x00007fffdec0e000 	C:\Program Files\Java\jdk-19\bin\instrument.dll
0x00007fffcd9d0000 - 0x00007fffcd9f6000 	C:\Program Files\Java\jdk-19\bin\java.dll
0x00007fffbbf10000 - 0x00007fffbbfe7000 	C:\Program Files\Java\jdk-19\bin\jsvml.dll
0x00007fffe3e10000 - 0x00007fffe4554000 	C:\WINDOWS\System32\SHELL32.dll
0x00007fffdfe60000 - 0x00007fffe05f2000 	C:\WINDOWS\SYSTEM32\windows.storage.dll
0x00007fffe3990000 - 0x00007fffe3ce5000 	C:\WINDOWS\System32\combase.dll
0x00007fffe1800000 - 0x00007fffe1830000 	C:\WINDOWS\SYSTEM32\Wldp.dll
0x00007fffe2890000 - 0x00007fffe293d000 	C:\WINDOWS\System32\SHCORE.dll
0x00007fffe3670000 - 0x00007fffe36c5000 	C:\WINDOWS\System32\shlwapi.dll
0x00007fffe1ce0000 - 0x00007fffe1cff000 	C:\WINDOWS\SYSTEM32\profapi.dll
0x00007fffcd890000 - 0x00007fffcd8a8000 	C:\Program Files\Java\jdk-19\bin\zip.dll
0x00007fffcda20000 - 0x00007fffcda33000 	C:\Program Files\Java\jdk-19\bin\net.dll
0x00007fffd7e60000 - 0x00007fffd7f6c000 	C:\WINDOWS\SYSTEM32\WINHTTP.dll
0x00007fffe1560000 - 0x00007fffe15ca000 	C:\WINDOWS\system32\mswsock.dll
0x00007fffcd8b0000 - 0x00007fffcd8c6000 	C:\Program Files\Java\jdk-19\bin\nio.dll
0x00007fffdde30000 - 0x00007fffdde4a000 	C:\Program Files\JetBrains\IntelliJ IDEA Community Edition 2022.2.3\bin\breakgen64.dll
0x00007fffcdb10000 - 0x00007fffcdb18000 	C:\Program Files\Java\jdk-19\bin\extnet.dll
0x00007fffccb70000 - 0x00007fffccb80000 	C:\Program Files\Java\jdk-19\bin\verify.dll
0x00007fffdebf0000 - 0x00007fffdebfa000 	C:\Program Files\Java\jdk-19\bin\management.dll
0x00007fffdebb0000 - 0x00007fffdebbb000 	C:\Program Files\Java\jdk-19\bin\management_ext.dll
0x00007fffe2880000 - 0x00007fffe2888000 	C:\WINDOWS\System32\PSAPI.DLL
0x00007fffbb5a0000 - 0x00007fffbb5b7000 	C:\WINDOWS\system32\napinsp.dll
0x00007fffbb580000 - 0x00007fffbb59b000 	C:\WINDOWS\system32\pnrpnsp.dll
0x00007fffbb560000 - 0x00007fffbb575000 	C:\WINDOWS\system32\wshbth.dll
0x00007fffdd6c0000 - 0x00007fffdd6dd000 	C:\WINDOWS\system32\NLAapi.dll
0x00007fffe1200000 - 0x00007fffe123b000 	C:\WINDOWS\SYSTEM32\IPHLPAPI.DLL
0x00007fffe1240000 - 0x00007fffe130a000 	C:\WINDOWS\SYSTEM32\DNSAPI.dll
0x00007fffe3980000 - 0x00007fffe3988000 	C:\WINDOWS\System32\NSI.dll
0x00007fffbb540000 - 0x00007fffbb552000 	C:\WINDOWS\System32\winrnr.dll
0x000000005a230000 - 0x000000005a23a000 	C:\Program Files\National Instruments\Shared\mDNS Responder\nimdnsNSP.dll
0x000000005a220000 - 0x000000005a230000 	C:\WINDOWS\SYSTEM32\nimdnsResponder.dll
0x00007fffc9620000 - 0x00007fffc962a000 	C:\Windows\System32\rasadhlp.dll
0x00007fffcd0c0000 - 0x00007fffcd140000 	C:\WINDOWS\System32\fwpuclnt.dll
0x00007fffe24d0000 - 0x00007fffe24f7000 	C:\WINDOWS\System32\bcrypt.dll
0x00007fffe1750000 - 0x00007fffe1768000 	C:\WINDOWS\SYSTEM32\CRYPTSP.dll
0x00007fffe0e10000 - 0x00007fffe0e44000 	C:\WINDOWS\system32\rsaenh.dll
0x00007fffe1ca0000 - 0x00007fffe1cce000 	C:\WINDOWS\SYSTEM32\USERENV.dll
0x00007fffe1770000 - 0x00007fffe177c000 	C:\WINDOWS\SYSTEM32\CRYPTBASE.dll
0x00007fffd8ec0000 - 0x00007fffd8ed7000 	C:\WINDOWS\SYSTEM32\dhcpcsvc6.DLL
0x00007fffd9d90000 - 0x00007fffd9dad000 	C:\WINDOWS\SYSTEM32\dhcpcsvc.DLL
0x00007fffcc9d0000 - 0x00007fffcc9de000 	C:\Program Files\Java\jdk-19\bin\sunmscapi.dll
0x00007fffe1f40000 - 0x00007fffe2096000 	C:\WINDOWS\System32\CRYPT32.dll
0x00007fffe1870000 - 0x00007fffe1897000 	C:\WINDOWS\SYSTEM32\ncrypt.dll
0x00007fffe1830000 - 0x00007fffe186b000 	C:\WINDOWS\SYSTEM32\NTASN1.dll
0x00007fffdba30000 - 0x00007fffdba37000 	C:\WINDOWS\system32\wshunix.dll

dbghelp: loaded successfully - version: 4.0.5 - missing functions: none
symbol engine: initialized successfully - sym options: 0x614 - pdb path: .;C:\Program Files\Java\jdk-19\bin;C:\WINDOWS\SYSTEM32;C:\WINDOWS\WinSxS\amd64_microsoft.windows.common-controls_6595b64144ccf1df_6.0.19041.1110_none_60b5254171f9507e;C:\Program Files\Java\jdk-19\bin\server;C:\Program Files\JetBrains\IntelliJ IDEA Community Edition 2022.2.3\bin;C:\Program Files\National Instruments\Shared\mDNS Responder

VM Arguments:
jvm_args: -javaagent:C:\Program Files\JetBrains\IntelliJ IDEA Community Edition 2022.2.3\lib\idea_rt.jar=51510:C:\Program Files\JetBrains\IntelliJ IDEA Community Edition 2022.2.3\bin -Dfile.encoding=UTF-8 -Dsun.stdout.encoding=UTF-8 -Dsun.stderr.encoding=UTF-8 
java_command: com.example.cityHotel.CityHotelApplication
java_class_path (initial): C:\Users\user\OneDrive\Desktop\spring boot\cityHotel\target\classes;C:\Users\user\.m2\repository\org\springframework\boot\spring-boot-starter-data-jpa\2.7.7-SNAPSHOT\spring-boot-starter-data-jpa-2.7.7-20221212.130126-11.jar;C:\Users\user\.m2\repository\org\springframework\boot\spring-boot-starter-aop\2.7.7-SNAPSHOT\spring-boot-starter-aop-2.7.7-20221212.130126-11.jar;C:\Users\user\.m2\repository\org\springframework\spring-aop\5.3.24\spring-aop-5.3.24.jar;C:\Users\user\.m2\repository\org\aspectj\aspectjweaver\1.9.7\aspectjweaver-1.9.7.jar;C:\Users\user\.m2\repository\org\springframework\boot\spring-boot-starter-jdbc\2.7.7-SNAPSHOT\spring-boot-starter-jdbc-2.7.7-20221212.130126-11.jar;C:\Users\user\.m2\repository\com\zaxxer\HikariCP\4.0.3\HikariCP-4.0.3.jar;C:\Users\user\.m2\repository\org\springframework\spring-jdbc\5.3.24\spring-jdbc-5.3.24.jar;C:\Users\user\.m2\repository\jakarta\transaction\jakarta.transaction-api\1.3.3\jakarta.transaction-api-1.3.3.jar;C:\Users\user\.m2\repository\jakarta\persistence\jakarta.persistence-api\2.2.3\jakarta.persistence-api-2.2.3.jar;C:\Users\user\.m2\repository\org\hibernate\hibernate-core\5.6.14.Final\hibernate-core-5.6.14.Final.jar;C:\Users\user\.m2\repository\org\jboss\logging\jboss-logging\3.4.3.Final\jboss-logging-3.4.3.Final.jar;C:\Users\user\.m2\repository\net\bytebuddy\byte-buddy\1.12.19\byte-buddy-1.12.19.jar;C:\Users\user\.m2\repository\antlr\antlr\2.7.7\antlr-2.7.7.jar;C:\Users\user\.m2\repository\org\jboss\jandex\2.4.2.Final\jandex-2.4.2.Final.jar;C:\Users\user\.m2\repository\com\fasterxml\classmate\1.5.1\classmate-1.5.1.jar;C:\Users\user\.m2\repository\org\hibernate\common\hibernate-commons-annotations\5.1.2.Final\hibernate-commons-annotations-5.1.2.Final.jar;C:\Users\user\.m2\repository\org\glassfish\jaxb\jaxb-runtime\2.3.7\jaxb-runtime-2.3.7.jar;C:\Users\user\.m2\repository\org\glassfish\jaxb\txw2\2.3.7\txw2-2.3.7.jar;C:\Users\user\.m2\repository\com\sun\istack\istack-commons-runtime\3.0.12\istack-commons-runtime-3.0.12.jar;C:\Users\user\.m2\repository\com\sun\activation\jakarta.activation\1.2.2\jakarta.activation-1.2.2.jar;C:\Users\user\.m2\repository\org\springframework\data\spring-data-jpa\2.7.6\spring-data-jpa-2.7.6.jar;C:\Users\user\.m2\repository\org\springframework\data\spring-data-commons\2.7.6\spring-data-commons-2.7.6.jar;C:\Users\user\.m2\repository\org\springframework\spring-orm\5.3.24\spring-orm-5.3.24.jar;C:\Users\user\.m2\repository\org\springframework\spring-context\5.3.24\spring-context-5.3.24.jar;C:\Users\user\.m2\repository\org\springframework\spring-tx\5.3.24\spring-tx-5.3.24.jar;C:\Users\user\.m2\repository\org\springframework\spring-beans\5.3.24\spring-beans-5.3.24.jar;C:\Users\user\.m2\repository\org\slf4j\slf4j-api\1.7.36\slf4j-api-1.7.36.jar;C:\Users\user\.m2\repository\org\springframework\spring-aspects\5.3.24\spring-aspects-5.3.24.jar;C:\Users\user\.m2\repository\org\springframework\boot\spring-boot-starter-web\2.7.7-SNAPSHOT\spring-boot-starter-web-2.7.7-20221212.130126-11.jar;C:\Users\user\.m2\repository\org\springframework\boot\spring-boot-starter\2.7.7-SNAPSHOT\spring-boot-starter-2.7.7-20221212.130126-11.jar;C:\Users\user\.m2\repository\org\springframework\boot\spring-boot-starter-logging\2.7.7-SNAPSHOT\spring-boot-starter-logging-2.7.7-20221212.130126-11.jar;C:\Users\user\.m2\repository\ch\qos\logback\logback-classic\1.2.11\logback-classic-1.2.11.jar;C:\Users\user\.m2\repository\ch\qos\logback\logback-core\1.2.11\logback-core-1.2.11.jar;C:\Users\user\.m2\repository\org\apache\logging\log4j\log4j-to-slf4j\2.17.2\log4j-to-slf4j-2.17.2.jar;C:\Users\user\.m2\repository\org\apache\logging\log4j\log4j-api\2.17.2\log4j-api-2.17.2.jar;C:\Users\user\.m2\repository\org\slf4j\jul-to-slf4j\1.7.36\jul-to-slf4j-1.7.36.jar;C:\Users\user\.m2\repository\jakarta\annotation\jakarta.annotation-api\1.3.5\jakarta.annotation-api-1.3.5.jar;C:\Users\user\.m2\repository\org\yaml\snakeyaml\1.30\snakeyaml-1.30.jar;C:\Users\user\.m2\repository\org\springframework\boot\spring-boot-starter-json\2.7.7-SNAPSHOT\spring-boot-starter-json-2.7.7-20221212.130126-11.jar;C:\Users\user\.m2\repository\com\fasterxml\jackson\core\jackson-databind\2.13.4.2\jackson-databind-2.13.4.2.jar;C:\Users\user\.m2\repository\com\fasterxml\jackson\core\jackson-annotations\2.13.4\jackson-annotations-2.13.4.jar;C:\Users\user\.m2\repository\com\fasterxml\jackson\core\jackson-core\2.13.4\jackson-core-2.13.4.jar;C:\Users\user\.m2\repository\com\fasterxml\jackson\datatype\jackson-datatype-jdk8\2.13.4\jackson-datatype-jdk8-2.13.4.jar;C:\Users\user\.m2\repository\com\fasterxml\jackson\datatype\jackson-datatype-jsr310\2.13.4\jackson-datatype-jsr310-2.13.4.jar;C:\Users\user\.m2\repository\com\fasterxml\jackson\module\jackson-module-parameter-names\2.13.4\jackson-module-parameter-names-2.13.4.jar;C:\Users\user\.m2\repository\org\springframework\boot\spring-boot-starter-tomcat\2.7.7-SNAPSHOT\spring-boot-starter-tomcat-2.7.7-20221212.130126-11.jar;C:\Users\user\.m2\repository\org\apache\tomcat\embed\tomcat-embed-core\9.0.69\tomcat-embed-core-9.0.69.jar;C:\Users\user\.m2\repository\org\apache\tomcat\embed\tomcat-embed-el\9.0.69\tomcat-embed-el-9.0.69.jar;C:\Users\user\.m2\repository\org\apache\tomcat\embed\tomcat-embed-websocket\9.0.69\tomcat-embed-websocket-9.0.69.jar;C:\Users\user\.m2\repository\org\springframework\spring-web\5.3.24\spring-web-5.3.24.jar;C:\Users\user\.m2\repository\org\springframework\spring-webmvc\5.3.24\spring-webmvc-5.3.24.jar;C:\Users\user\.m2\repository\org\springframework\spring-expression\5.3.24\spring-expression-5.3.24.jar;C:\Users\user\.m2\repository\org\springframework\boot\spring-boot-devtools\2.7.7-SNAPSHOT\spring-boot-devtools-2.7.7-20221212.130126-11.jar;C:\Users\user\.m2\repository\org\springframework\boot\spring-boot\2.7.7-SNAPSHOT\spring-boot-2.7.7-20221212.130126-11.jar;C:\Users\user\.m2\repository\org\springframework\boot\spring-boot-autoconfigure\2.7.7-SNAPSHOT\spring-boot-autoconfigure-2.7.7-20221212.130126-11.jar;C:\Users\user\.m2\repository\com\h2database\h2\2.1.214\h2-2.1.214.jar;C:\Users\user\.m2\repository\com\mysql\mysql-connector-j\8.0.31\mysql-connector-j-8.0.31.jar;C:\Users\user\.m2\repository\org\springframework\boot\spring-boot-configuration-processor\2.7.7-SNAPSHOT\spring-boot-configuration-processor-2.7.7-20221212.130126-11.jar;C:\Users\user\.m2\repository\org\projectlombok\lombok\1.18.24\lombok-1.18.24.jar;C:\Users\user\.m2\repository\jakarta\xml\bind\jakarta.xml.bind-api\2.3.3\jakarta.xml.bind-api-2.3.3.jar;C:\Users\user\.m2\repository\jakarta\activation\jakarta.activation-api\1.2.2\jakarta.activation-api-1.2.2.jar;C:\Users\user\.m2\repository\org\springframework\spring-core\5.3.24\spring-core-5.3.24.jar;C:\Users\user\.m2\repository\org\springframework\spring-jcl\5.3.24\spring-jcl-5.3.24.jar
Launcher Type: SUN_STANDARD

[Global flags]
     intx CICompilerCount                          = 4                                         {product} {ergonomic}
     uint ConcGCThreads                            = 2                                         {product} {ergonomic}
     uint G1ConcRefinementThreads                  = 8                                         {product} {ergonomic}
   size_t G1HeapRegionSize                         = 1048576                                   {product} {ergonomic}
    uintx GCDrainStackTargetSize                   = 64                                        {product} {ergonomic}
   size_t InitialHeapSize                          = 132120576                                 {product} {ergonomic}
   size_t MarkStackSize                            = 4194304                                   {product} {ergonomic}
   size_t MaxHeapSize                              = 2097152000                                {product} {ergonomic}
   size_t MaxNewSize                               = 1258291200                                {product} {ergonomic}
   size_t MinHeapDeltaBytes                        = 1048576                                   {product} {ergonomic}
   size_t MinHeapSize                              = 8388608                                   {product} {ergonomic}
    uintx NonNMethodCodeHeapSize                   = 5839372                                {pd product} {ergonomic}
    uintx NonProfiledCodeHeapSize                  = 122909434                              {pd product} {ergonomic}
    uintx ProfiledCodeHeapSize                     = 122909434                              {pd product} {ergonomic}
    uintx ReservedCodeCacheSize                    = 251658240                              {pd product} {ergonomic}
     bool SegmentedCodeCache                       = true                                      {product} {ergonomic}
   size_t SoftMaxHeapSize                          = 2097152000                             {manageable} {ergonomic}
     bool UseCompressedClassPointers               = true                           {product lp64_product} {ergonomic}
     bool UseCompressedOops                        = true                           {product lp64_product} {ergonomic}
     bool UseG1GC                                  = true                                      {product} {ergonomic}
     bool UseLargePagesIndividualAllocation        = false                                  {pd product} {ergonomic}

Logging:
Log output configuration:
 #0: stdout all=warning uptime,level,tags foldmultilines=false
 #1: stderr all=off uptime,level,tags foldmultilines=false

Environment Variables:
JAVA_HOME=C:\Program Files\Java\jdk-17.0.1\bin
PATH=C:\Program Files\Common Files\Oracle\Java\javapath;C:\DevSuiteHome_3\jdk\jre\bin\classic;C:\DevSuiteHome_3\jdk\jre\bin;C:\DevSuiteHome_3\jdk\jre\bin\client;C:\DevSuiteHome_3\jlib;C:\DevSuiteHome_3\bin;C:\DevSuiteHome_3\jre\1.4.2\bin\client;C:\DevSuiteHome_3\jre\1.4.2\bin;C:\oraclexe\app\oracle\product\10.2.0\server\bin;C:\WINDOWS\system32;C:\WINDOWS;C:\WINDOWS\System32\Wbem;C:\WINDOWS\System32\WindowsPowerShell\v1.0\;C:\WINDOWS\System32\OpenSSH\;C:\Program Files\dotnet\;C:\Program Files\Git\cmd;C:\Program Files\Microsoft SQL Server\130\Tools\Binn\;C:\Program Files\Java\jdk-17.0.1\bin;C:\Users\user\AppData\Local\Microsoft\WindowsApps;C:\Users\user\.dotnet\tools;C:\Users\user\AppData\Local\Programs\Microsoft VS Code\bin;C:\Users\user\OneDrive\Documents\Flutter\flutter\bin;;C:\Program Files\JetBrains\IntelliJ IDEA Community Edition 2022.2.3\bin;
USERNAME=user
OS=Windows_NT
PROCESSOR_IDENTIFIER=Intel64 Family 6 Model 142 Stepping 12, GenuineIntel
TMP=C:\Users\user\AppData\Local\Temp
TEMP=C:\Users\user\AppData\Local\Temp



---------------  S Y S T E M  ---------------

OS:
 Windows 10 , 64 bit Build 19041 (10.0.19041.2364)
OS uptime: 0 days 1:46 hours

CPU: total 8 (initial active 8) (4 cores per cpu, 2 threads per core) family 6 model 142 stepping 12 microcode 0xde, cx8, cmov, fxsr, ht, mmx, 3dnowpref, sse, sse2, sse3, ssse3, sse4.1, sse4.2, popcnt, lzcnt, tsc, tscinvbit, avx, avx2, aes, erms, clmul, bmi1, bmi2, adx, fma, vzeroupper, clflush, clflushopt, rdtscp

Memory: 4k page, system-wide physical 7995M (1183M free)
TotalPageFile size 10043M (AvailPageFile size 2M)
current process WorkingSet (physical memory assigned to process): 217M, peak: 257M
current process commit charge ("private bytes"): 256M, peak: 300M

vm_info: Java HotSpot(TM) 64-Bit Server VM (19.0.1+10-21) for windows-amd64 JRE (19.0.1+10-21), built on 2022-09-14T12:45:06Z by "mach5one" with MS VC++ 17.1 (VS2022)

END.
