#
# There is insufficient memory for the Java Runtime Environment to continue.
# Native memory allocation (mmap) failed to map 32505856 bytes for G1 virtual space
# Possible reasons:
#   The system is out of physical RAM or swap space
#   The process is running with CompressedOops enabled, and the Java Heap may be blocking the growth of the native heap
# Possible solutions:
#   Reduce memory load on the system
#   Increase physical memory or swap space
#   Check if swap backing store is full
#   Decrease Java heap size (-Xmx/-Xms)
#   Decrease number of Java threads
#   Decrease Java thread stack sizes (-Xss)
#   Set larger code cache with -XX:ReservedCodeCacheSize=
#   JVM is running with Unscaled Compressed Oops mode in which the Java heap is
#     placed in the first 4GB address space. The Java Heap base address is the
#     maximum limit for the native heap growth. Please use -XX:HeapBaseMinAddress
#     to set the Java Heap base and to place the Java Heap above 4GB virtual address.
# This output file may be truncated or incomplete.
#
#  Out of Memory Error (os_windows.cpp:3527), pid=2752, tid=1548
#
# JRE version: Java(TM) SE Runtime Environment (19.0.1+10) (build 19.0.1+10-21)
# Java VM: Java HotSpot(TM) 64-Bit Server VM (19.0.1+10-21, mixed mode, sharing, tiered, compressed oops, compressed class ptrs, g1 gc, windows-amd64)
# No core dump will be written. Minidumps are not enabled by default on client versions of Windows
#

---------------  S U M M A R Y ------------

Command Line: -ea -Didea.test.cyclic.buffer.size=1048576 -javaagent:C:\Program Files\JetBrains\IntelliJ IDEA Community Edition 2022.2.3\lib\idea_rt.jar=56782:C:\Program Files\JetBrains\IntelliJ IDEA Community Edition 2022.2.3\bin -Dfile.encoding=UTF-8 -Dsun.stdout.encoding=UTF-8 -Dsun.stderr.encoding=UTF-8 com.intellij.rt.junit.JUnitStarter -ideVersion5 -junit5 com.example.cityHotel.test.CityHotelApplicationTests

Host: Intel(R) Core(TM) i7-10510U CPU @ 1.80GHz, 8 cores, 7G,  Windows 10 , 64 bit Build 19041 (10.0.19041.2364)
Time: Mon Dec 26 16:48:15 2022 West Bank Gaza Standard Time elapsed time: 2.895651 seconds (0d 0h 0m 2s)

---------------  T H R E A D  ---------------

Current thread (0x0000018d59689fe0):  VMThread "VM Thread" [stack: 0x0000007adc300000,0x0000007adc400000] [id=1548]

Stack: [0x0000007adc300000,0x0000007adc400000]
Native frames: (J=compiled Java code, j=interpreted, Vv=VM code, C=native code)
V  [jvm.dll+0x6ee8fa]
V  [jvm.dll+0x857a1e]
V  [jvm.dll+0x85940e]
V  [jvm.dll+0x859ac3]
V  [jvm.dll+0x28291f]
V  [jvm.dll+0x6eb6e9]
V  [jvm.dll+0x6e028a]
V  [jvm.dll+0x357136]
V  [jvm.dll+0x35eb96]
V  [jvm.dll+0x3b555e]
V  [jvm.dll+0x3b578f]
V  [jvm.dll+0x32c6ea]
V  [jvm.dll+0x32c797]
V  [jvm.dll+0x374b52]
V  [jvm.dll+0x37328f]
V  [jvm.dll+0x32bf10]
V  [jvm.dll+0x32f8de]
V  [jvm.dll+0x384b66]
V  [jvm.dll+0x85ef83]
V  [jvm.dll+0x85fd49]
V  [jvm.dll+0x86027d]
V  [jvm.dll+0x86070b]
V  [jvm.dll+0x8607c7]
V  [jvm.dll+0x8015fa]
V  [jvm.dll+0x6ed5eb]
C  [ucrtbase.dll+0x21bb2]
C  [KERNEL32.DLL+0x17614]
C  [ntdll.dll+0x526a1]

VM_Operation (0x0000007adbdf9ed0): CollectForMetadataAllocation, mode: safepoint, requested by thread 0x0000018d3afa3150


---------------  P R O C E S S  ---------------

Threads class SMR info:
_java_thread_list=0x0000018d61493000, length=16, elements={
0x0000018d3afa3150, 0x0000018d596a9660, 0x0000018d596aa5f0, 0x0000018d596aeda0,
0x0000018d596b0880, 0x0000018d596b1490, 0x0000018d596b1f60, 0x0000018d596b8530,
0x0000018d596b7080, 0x0000018d596ccea0, 0x0000018d5d887960, 0x0000018d5d9a6840,
0x0000018d5d9e9360, 0x0000018d5daab030, 0x0000018d5e900910, 0x0000018d601b8e40
}

Java Threads: ( => current thread )
  0x0000018d3afa3150 JavaThread "main" [_thread_blocked, id=5076, stack(0x0000007adbd00000,0x0000007adbe00000)]
  0x0000018d596a9660 JavaThread "Reference Handler" daemon [_thread_blocked, id=4344, stack(0x0000007adc400000,0x0000007adc500000)]
  0x0000018d596aa5f0 JavaThread "Finalizer" daemon [_thread_blocked, id=4436, stack(0x0000007adc500000,0x0000007adc600000)]
  0x0000018d596aeda0 JavaThread "Signal Dispatcher" daemon [_thread_blocked, id=12212, stack(0x0000007adc600000,0x0000007adc700000)]
  0x0000018d596b0880 JavaThread "Attach Listener" daemon [_thread_blocked, id=2244, stack(0x0000007adc700000,0x0000007adc800000)]
  0x0000018d596b1490 JavaThread "Service Thread" daemon [_thread_blocked, id=13640, stack(0x0000007adc800000,0x0000007adc900000)]
  0x0000018d596b1f60 JavaThread "Monitor Deflation Thread" daemon [_thread_blocked, id=2504, stack(0x0000007adc900000,0x0000007adca00000)]
  0x0000018d596b8530 JavaThread "C2 CompilerThread0" daemon [_thread_blocked, id=8916, stack(0x0000007adca00000,0x0000007adcb00000)]
  0x0000018d596b7080 JavaThread "C1 CompilerThread0" daemon [_thread_blocked, id=12372, stack(0x0000007adcb00000,0x0000007adcc00000)]
  0x0000018d596ccea0 JavaThread "Sweeper thread" daemon [_thread_blocked, id=10536, stack(0x0000007adcc00000,0x0000007adcd00000)]
  0x0000018d5d887960 JavaThread "Common-Cleaner" daemon [_thread_blocked, id=10256, stack(0x0000007adcd00000,0x0000007adce00000)]
  0x0000018d5d9a6840 JavaThread "Monitor Ctrl-Break" daemon [_thread_in_native, id=11484, stack(0x0000007adce00000,0x0000007adcf00000)]
  0x0000018d5d9e9360 JavaThread "Notification Thread" daemon [_thread_blocked, id=8760, stack(0x0000007adcf00000,0x0000007add000000)]
  0x0000018d5daab030 JavaThread "C2 CompilerThread1" daemon [_thread_blocked, id=3644, stack(0x0000007add100000,0x0000007add200000)]
  0x0000018d5e900910 JavaThread "C2 CompilerThread2" daemon [_thread_blocked, id=8940, stack(0x0000007add700000,0x0000007add800000)]
  0x0000018d601b8e40 JavaThread "mysql-cj-abandoned-connection-cleanup" daemon [_thread_blocked, id=3444, stack(0x0000007adda00000,0x0000007addb00000)]

Other Threads:
=>0x0000018d59689fe0 VMThread "VM Thread" [stack: 0x0000007adc300000,0x0000007adc400000] [id=1548]
  0x0000018d5d9ebd80 WatcherThread "VM Periodic Task Thread" [stack: 0x0000007add000000,0x0000007add100000] [id=6500]
  0x0000018d3b001d30 WorkerThread "GC Thread#0" [stack: 0x0000007adbe00000,0x0000007adbf00000] [id=7000]
  0x0000018d5e547960 WorkerThread "GC Thread#1" [stack: 0x0000007add200000,0x0000007add300000] [id=3896]
  0x0000018d5e526450 WorkerThread "GC Thread#2" [stack: 0x0000007add300000,0x0000007add400000] [id=13864]
  0x0000018d5e08fbf0 WorkerThread "GC Thread#3" [stack: 0x0000007add400000,0x0000007add500000] [id=9968]
  0x0000018d5e07bc20 WorkerThread "GC Thread#4" [stack: 0x0000007add500000,0x0000007add600000] [id=12948]
  0x0000018d5e58ca20 WorkerThread "GC Thread#5" [stack: 0x0000007add600000,0x0000007add700000] [id=7912]
  0x0000018d5e58cfc0 WorkerThread "GC Thread#6" [stack: 0x0000007add800000,0x0000007add900000] [id=12892]
  0x0000018d5e58d560 WorkerThread "GC Thread#7" [stack: 0x0000007add900000,0x0000007adda00000] [id=10656]
  0x0000018d3b012830 ConcurrentGCThread "G1 Main Marker" [stack: 0x0000007adbf00000,0x0000007adc000000] [id=9212]
  0x0000018d3b013a00 WorkerThread "G1 Conc#0" [stack: 0x0000007adc000000,0x0000007adc100000] [id=9520]
  0x0000018d5e58c1b0 WorkerThread "G1 Conc#1" [stack: 0x0000007addb00000,0x0000007addc00000] [id=9456]
  0x0000018d3b05da30 ConcurrentGCThread "G1 Refine#0" [stack: 0x0000007adc100000,0x0000007adc200000] [id=5492]
  0x0000018d3b05e570 ConcurrentGCThread "G1 Service" [stack: 0x0000007adc200000,0x0000007adc300000] [id=14096]

Threads with active compile tasks:
C2 CompilerThread1     2915 4297       4       jdk.internal.loader.ClassLoaders$AppClassLoader::loadClass (40 bytes)
C2 CompilerThread2     2915 4295       4       java.lang.ClassLoader::loadClass (7 bytes)

VM state: at safepoint (normal execution)

VM Mutex/Monitor currently owned by a thread:  ([mutex/lock_event])
[0x0000018d3af9ead0] Threads_lock - owner thread: 0x0000018d59689fe0
[0x0000018d3af9f2b0] Heap_lock - owner thread: 0x0000018d3afa3150

Heap address: 0x0000000083000000, size: 2000 MB, Compressed Oops mode: 32-bit

CDS archive(s) mapped at: [0x0000000800000000-0x0000000800c40000-0x0000000800c40000), size 12845056, SharedBaseAddress: 0x0000000800000000, ArchiveRelocationMode: 0.
Compressed class space mapped at: 0x0000000801000000-0x0000000841000000, reserved size: 1073741824
Narrow klass base: 0x0000000800000000, Narrow klass shift: 0, Narrow klass range: 0x100000000

GC Precious Log:
 CardTable entry size: 512
 Card Set container configuration: InlinePtr #cards 5 size 8 Array Of Cards #cards 12 size 40 Howl #buckets 4 coarsen threshold 1843 Howl Bitmap #cards 512 size 80 coarsen threshold 460 Card regions per heap region 1 cards per card region 2048
 CPUs: 8 total, 8 available
 Memory: 7995M
 Large Page Support: Disabled
 NUMA Support: Disabled
 Compressed Oops: Enabled (32-bit)
 Heap Region Size: 1M
 Heap Min Capacity: 8M
 Heap Initial Capacity: 126M
 Heap Max Capacity: 2000M
 Pre-touch: Disabled
 Parallel Workers: 8
 Concurrent Workers: 2
 Concurrent Refinement Workers: 8
 Periodic GC: Disabled

Heap:
 garbage-first heap   total 87040K, used 20746K [0x0000000083000000, 0x0000000100000000)
  region size 1024K, 2 young (2048K), 2 survivors (2048K)
 Metaspace       used 35825K, committed 36160K, reserved 1114112K
  class space    used 4650K, committed 4800K, reserved 1048576K

Heap Regions: E=young(eden), S=young(survivor), O=old, HS=humongous(starts), HC=humongous(continues), CS=collection set, F=free, OA=open archive, CA=closed archive, TAMS=top-at-mark-start (previous, next)
|   0|0x0000000083000000, 0x0000000083100000, 0x0000000083100000|100%|HS|  |TAMS 0x0000000083100000, 0x0000000083100000| Complete 
|   1|0x0000000083100000, 0x0000000083200000, 0x0000000083200000|100%| O|  |TAMS 0x0000000083200000, 0x0000000083200000| Untracked 
|   2|0x0000000083200000, 0x0000000083300000, 0x0000000083300000|100%| O|  |TAMS 0x0000000083300000, 0x0000000083300000| Untracked 
|   3|0x0000000083300000, 0x0000000083400000, 0x0000000083400000|100%| O|  |TAMS 0x0000000083400000, 0x0000000083400000| Untracked 
|   4|0x0000000083400000, 0x0000000083500000, 0x0000000083500000|100%| O|  |TAMS 0x0000000083500000, 0x0000000083500000| Untracked 
|   5|0x0000000083500000, 0x0000000083600000, 0x0000000083600000|100%| O|  |TAMS 0x0000000083600000, 0x0000000083600000| Untracked 
|   6|0x0000000083600000, 0x0000000083700000, 0x0000000083700000|100%| O|  |TAMS 0x0000000083700000, 0x0000000083700000| Untracked 
|   7|0x0000000083700000, 0x0000000083800000, 0x0000000083800000|100%| O|  |TAMS 0x0000000083700000, 0x0000000083700000| Untracked 
|   8|0x0000000083800000, 0x0000000083900000, 0x0000000083900000|100%| O|  |TAMS 0x0000000083800000, 0x0000000083900000| Untracked 
|   9|0x0000000083900000, 0x0000000083a00000, 0x0000000083a00000|100%| O|  |TAMS 0x0000000083900000, 0x0000000083a00000| Untracked 
|  10|0x0000000083a00000, 0x0000000083b00000, 0x0000000083b00000|100%| O|  |TAMS 0x0000000083a00000, 0x0000000083a00000| Untracked 
|  11|0x0000000083b00000, 0x0000000083c00000, 0x0000000083c00000|100%| O|  |TAMS 0x0000000083b00000, 0x0000000083b00000| Untracked 
|  12|0x0000000083c00000, 0x0000000083c9da00, 0x0000000083d00000| 61%| O|  |TAMS 0x0000000083c00000, 0x0000000083c00000| Untracked 
|  13|0x0000000083d00000, 0x0000000083e00000, 0x0000000083e00000|100%| O|  |TAMS 0x0000000083d00000, 0x0000000083e00000| Untracked 
|  14|0x0000000083e00000, 0x0000000083f00000, 0x0000000083f00000|100%| O|  |TAMS 0x0000000083e00000, 0x0000000083f00000| Untracked 
|  15|0x0000000083f00000, 0x0000000084000000, 0x0000000084000000|100%| O|  |TAMS 0x0000000083f00000, 0x0000000084000000| Untracked 
|  16|0x0000000084000000, 0x0000000084100000, 0x0000000084100000|100%| O|  |TAMS 0x0000000084000000, 0x0000000084100000| Untracked 
|  17|0x0000000084100000, 0x0000000084200000, 0x0000000084200000|100%| O|  |TAMS 0x0000000084100000, 0x00000000841bf000| Untracked 
|  18|0x0000000084200000, 0x0000000084200000, 0x0000000084300000|  0%| F|  |TAMS 0x0000000084200000, 0x0000000084200000| Untracked 
|  19|0x0000000084300000, 0x0000000084300000, 0x0000000084400000|  0%| F|  |TAMS 0x0000000084300000, 0x0000000084300000| Untracked 
|  20|0x0000000084400000, 0x0000000084400000, 0x0000000084500000|  0%| F|  |TAMS 0x0000000084400000, 0x0000000084400000| Untracked 
|  21|0x0000000084500000, 0x0000000084500000, 0x0000000084600000|  0%| F|  |TAMS 0x0000000084500000, 0x0000000084500000| Untracked 
|  22|0x0000000084600000, 0x0000000084600000, 0x0000000084700000|  0%| F|  |TAMS 0x0000000084600000, 0x0000000084600000| Untracked 
|  23|0x0000000084700000, 0x0000000084700000, 0x0000000084800000|  0%| F|  |TAMS 0x0000000084700000, 0x0000000084700000| Untracked 
|  24|0x0000000084800000, 0x0000000084800000, 0x0000000084900000|  0%| F|  |TAMS 0x0000000084800000, 0x0000000084800000| Untracked 
|  25|0x0000000084900000, 0x0000000084900000, 0x0000000084a00000|  0%| F|  |TAMS 0x0000000084900000, 0x0000000084900000| Untracked 
|  26|0x0000000084a00000, 0x0000000084a00000, 0x0000000084b00000|  0%| F|  |TAMS 0x0000000084a00000, 0x0000000084a00000| Untracked 
|  27|0x0000000084b00000, 0x0000000084b00000, 0x0000000084c00000|  0%| F|  |TAMS 0x0000000084b00000, 0x0000000084b00000| Untracked 
|  28|0x0000000084c00000, 0x0000000084c00000, 0x0000000084d00000|  0%| F|  |TAMS 0x0000000084c00000, 0x0000000084c00000| Untracked 
|  29|0x0000000084d00000, 0x0000000084d00000, 0x0000000084e00000|  0%| F|  |TAMS 0x0000000084d00000, 0x0000000084d00000| Untracked 
|  30|0x0000000084e00000, 0x0000000084e00000, 0x0000000084f00000|  0%| F|  |TAMS 0x0000000084e00000, 0x0000000084e00000| Untracked 
|  31|0x0000000084f00000, 0x0000000084f00000, 0x0000000085000000|  0%| F|  |TAMS 0x0000000084f00000, 0x0000000084f00000| Untracked 
|  32|0x0000000085000000, 0x0000000085000000, 0x0000000085100000|  0%| F|  |TAMS 0x0000000085000000, 0x0000000085000000| Untracked 
|  33|0x0000000085100000, 0x0000000085100000, 0x0000000085200000|  0%| F|  |TAMS 0x0000000085100000, 0x0000000085100000| Untracked 
|  34|0x0000000085200000, 0x0000000085200000, 0x0000000085300000|  0%| F|  |TAMS 0x0000000085200000, 0x0000000085200000| Untracked 
|  35|0x0000000085300000, 0x00000000853a5100, 0x0000000085400000| 64%| S|CS|TAMS 0x0000000085300000, 0x0000000085300000| Complete 
|  36|0x0000000085400000, 0x0000000085500000, 0x0000000085500000|100%| S|CS|TAMS 0x0000000085400000, 0x0000000085400000| Complete 
|  37|0x0000000085500000, 0x0000000085500000, 0x0000000085600000|  0%| F|  |TAMS 0x0000000085500000, 0x0000000085500000| Untracked 
|  38|0x0000000085600000, 0x0000000085600000, 0x0000000085700000|  0%| F|  |TAMS 0x0000000085600000, 0x0000000085600000| Untracked 
|  39|0x0000000085700000, 0x0000000085700000, 0x0000000085800000|  0%| F|  |TAMS 0x0000000085700000, 0x0000000085700000| Untracked 
|  40|0x0000000085800000, 0x0000000085800000, 0x0000000085900000|  0%| F|  |TAMS 0x0000000085800000, 0x0000000085800000| Untracked 
|  41|0x0000000085900000, 0x0000000085900000, 0x0000000085a00000|  0%| F|  |TAMS 0x0000000085900000, 0x0000000085900000| Untracked 
|  42|0x0000000085a00000, 0x0000000085a00000, 0x0000000085b00000|  0%| F|  |TAMS 0x0000000085a00000, 0x0000000085a00000| Untracked 
|  43|0x0000000085b00000, 0x0000000085b00000, 0x0000000085c00000|  0%| F|  |TAMS 0x0000000085b00000, 0x0000000085b00000| Untracked 
|  44|0x0000000085c00000, 0x0000000085c00000, 0x0000000085d00000|  0%| F|  |TAMS 0x0000000085c00000, 0x0000000085c00000| Untracked 
|  45|0x0000000085d00000, 0x0000000085d00000, 0x0000000085e00000|  0%| F|  |TAMS 0x0000000085d00000, 0x0000000085d00000| Untracked 
|  46|0x0000000085e00000, 0x0000000085e00000, 0x0000000085f00000|  0%| F|  |TAMS 0x0000000085e00000, 0x0000000085e00000| Untracked 
|  47|0x0000000085f00000, 0x0000000085f00000, 0x0000000086000000|  0%| F|  |TAMS 0x0000000085f00000, 0x0000000085f00000| Untracked 
|  48|0x0000000086000000, 0x0000000086000000, 0x0000000086100000|  0%| F|  |TAMS 0x0000000086000000, 0x0000000086000000| Untracked 
|  49|0x0000000086100000, 0x0000000086100000, 0x0000000086200000|  0%| F|  |TAMS 0x0000000086100000, 0x0000000086100000| Untracked 
|  50|0x0000000086200000, 0x0000000086200000, 0x0000000086300000|  0%| F|  |TAMS 0x0000000086200000, 0x0000000086200000| Untracked 
|  51|0x0000000086300000, 0x0000000086300000, 0x0000000086400000|  0%| F|  |TAMS 0x0000000086300000, 0x0000000086300000| Untracked 
|  52|0x0000000086400000, 0x0000000086400000, 0x0000000086500000|  0%| F|  |TAMS 0x0000000086400000, 0x0000000086400000| Untracked 
|  53|0x0000000086500000, 0x0000000086500000, 0x0000000086600000|  0%| F|  |TAMS 0x0000000086500000, 0x0000000086500000| Untracked 
|  54|0x0000000086600000, 0x0000000086600000, 0x0000000086700000|  0%| F|  |TAMS 0x0000000086600000, 0x0000000086600000| Untracked 
|  55|0x0000000086700000, 0x0000000086700000, 0x0000000086800000|  0%| F|  |TAMS 0x0000000086700000, 0x0000000086700000| Untracked 
|  56|0x0000000086800000, 0x0000000086800000, 0x0000000086900000|  0%| F|  |TAMS 0x0000000086800000, 0x0000000086800000| Untracked 
|  57|0x0000000086900000, 0x0000000086900000, 0x0000000086a00000|  0%| F|  |TAMS 0x0000000086900000, 0x0000000086900000| Untracked 
|  58|0x0000000086a00000, 0x0000000086a00000, 0x0000000086b00000|  0%| F|  |TAMS 0x0000000086a00000, 0x0000000086a00000| Untracked 
|  59|0x0000000086b00000, 0x0000000086b00000, 0x0000000086c00000|  0%| F|  |TAMS 0x0000000086b00000, 0x0000000086b00000| Untracked 
|  60|0x0000000086c00000, 0x0000000086c00000, 0x0000000086d00000|  0%| F|  |TAMS 0x0000000086c00000, 0x0000000086c00000| Untracked 
|  61|0x0000000086d00000, 0x0000000086d00000, 0x0000000086e00000|  0%| F|  |TAMS 0x0000000086d00000, 0x0000000086d00000| Untracked 
|  62|0x0000000086e00000, 0x0000000086e00000, 0x0000000086f00000|  0%| F|  |TAMS 0x0000000086e00000, 0x0000000086e00000| Untracked 
|  63|0x0000000086f00000, 0x0000000086f00000, 0x0000000087000000|  0%| F|  |TAMS 0x0000000086f00000, 0x0000000086f00000| Untracked 
|  64|0x0000000087000000, 0x0000000087000000, 0x0000000087100000|  0%| F|  |TAMS 0x0000000087000000, 0x0000000087000000| Untracked 
|  65|0x0000000087100000, 0x0000000087100000, 0x0000000087200000|  0%| F|  |TAMS 0x0000000087100000, 0x0000000087100000| Untracked 
|  66|0x0000000087200000, 0x0000000087200000, 0x0000000087300000|  0%| F|  |TAMS 0x0000000087200000, 0x0000000087200000| Untracked 
|  67|0x0000000087300000, 0x0000000087300000, 0x0000000087400000|  0%| F|  |TAMS 0x0000000087300000, 0x0000000087300000| Untracked 
|  68|0x0000000087400000, 0x0000000087400000, 0x0000000087500000|  0%| F|  |TAMS 0x0000000087400000, 0x0000000087400000| Untracked 
|  69|0x0000000087500000, 0x0000000087500000, 0x0000000087600000|  0%| F|  |TAMS 0x0000000087500000, 0x0000000087500000| Untracked 
|  70|0x0000000087600000, 0x0000000087600000, 0x0000000087700000|  0%| F|  |TAMS 0x0000000087600000, 0x0000000087600000| Untracked 
|  71|0x0000000087700000, 0x0000000087700000, 0x0000000087800000|  0%| F|  |TAMS 0x0000000087700000, 0x0000000087700000| Untracked 
|  72|0x0000000087800000, 0x0000000087800000, 0x0000000087900000|  0%| F|  |TAMS 0x0000000087800000, 0x0000000087800000| Untracked 
|  73|0x0000000087900000, 0x0000000087900000, 0x0000000087a00000|  0%| F|  |TAMS 0x0000000087900000, 0x0000000087900000| Untracked 
|  74|0x0000000087a00000, 0x0000000087a00000, 0x0000000087b00000|  0%| F|  |TAMS 0x0000000087a00000, 0x0000000087a00000| Untracked 
|  75|0x0000000087b00000, 0x0000000087b00000, 0x0000000087c00000|  0%| F|  |TAMS 0x0000000087b00000, 0x0000000087b00000| Untracked 
|  76|0x0000000087c00000, 0x0000000087c00000, 0x0000000087d00000|  0%| F|  |TAMS 0x0000000087c00000, 0x0000000087c00000| Untracked 
|  77|0x0000000087d00000, 0x0000000087d00000, 0x0000000087e00000|  0%| F|  |TAMS 0x0000000087d00000, 0x0000000087d00000| Untracked 
|  78|0x0000000087e00000, 0x0000000087e00000, 0x0000000087f00000|  0%| F|  |TAMS 0x0000000087e00000, 0x0000000087e00000| Untracked 
|  79|0x0000000087f00000, 0x0000000087f00000, 0x0000000088000000|  0%| F|  |TAMS 0x0000000087f00000, 0x0000000087f00000| Untracked 
|  80|0x0000000088000000, 0x0000000088000000, 0x0000000088100000|  0%| F|  |TAMS 0x0000000088000000, 0x0000000088000000| Untracked 
|  81|0x0000000088100000, 0x0000000088100000, 0x0000000088200000|  0%| F|  |TAMS 0x0000000088100000, 0x0000000088100000| Untracked 
|  82|0x0000000088200000, 0x0000000088200000, 0x0000000088300000|  0%| F|  |TAMS 0x0000000088200000, 0x0000000088200000| Untracked 
| 125|0x000000008ad00000, 0x000000008ad00000, 0x000000008ae00000|  0%| F|  |TAMS 0x000000008ad00000, 0x000000008ad00000| Untracked 
|1999|0x00000000fff00000, 0x0000000100000000, 0x0000000100000000|100%| O|  |TAMS 0x00000000fff00000, 0x0000000100000000| Untracked 

Card table byte_map: [0x0000018d52620000,0x0000018d52a10000] _byte_map_base: 0x0000018d52208000

Marking Bits (Prev, Next): (CMBitMap*) 0x0000018d3b0023a0, (CMBitMap*) 0x0000018d3b002360
 Prev Bits: [0x0000018d54d40000, 0x0000018d56c80000)
 Next Bits: [0x0000018d52e00000, 0x0000018d54d40000)

Polling page: 0x0000018d38e40000

Metaspace:

Usage:
  Non-class:     30.44 MB used.
      Class:      4.54 MB used.
       Both:     34.99 MB used.

Virtual space:
  Non-class space:       64.00 MB reserved,      30.62 MB ( 48%) committed,  1 nodes.
      Class space:        1.00 GB reserved,       4.69 MB ( <1%) committed,  1 nodes.
             Both:        1.06 GB reserved,      35.31 MB (  3%) committed. 

Chunk freelists:
   Non-Class:  448.00 KB
       Class:  3.31 MB
        Both:  3.75 MB

MaxMetaspaceSize: unlimited
CompressedClassSpaceSize: 1.00 GB
Initial GC threshold: 21.00 MB
Current GC threshold: 35.31 MB
CDS: on
MetaspaceReclaimPolicy: balanced
 - commit_granule_bytes: 65536.
 - commit_granule_words: 8192.
 - virtual_space_node_default_size: 8388608.
 - enlarge_chunks_in_place: 1.
 - new_chunks_are_fully_committed: 0.
 - uncommit_free_chunks: 1.
 - use_allocation_guard: 0.


Internal statistics:

num_allocs_failed_limit: 6.
num_arena_births: 382.
num_arena_deaths: 0.
num_vsnodes_births: 2.
num_vsnodes_deaths: 0.
num_space_committed: 565.
num_space_uncommitted: 0.
num_chunks_returned_to_freelist: 6.
num_chunks_taken_from_freelist: 1595.
num_chunk_merges: 6.
num_chunk_splits: 1154.
num_chunks_enlarged: 957.
num_inconsistent_stats: 0.

CodeHeap 'non-profiled nmethods': size=120000Kb used=2350Kb max_used=2350Kb free=117649Kb
 bounds [0x0000018d4a9d0000, 0x0000018d4ac40000, 0x0000018d51f00000]
CodeHeap 'profiled nmethods': size=120000Kb used=9589Kb max_used=9589Kb free=110410Kb
 bounds [0x0000018d42f00000, 0x0000018d43860000, 0x0000018d4a430000]
CodeHeap 'non-nmethods': size=5760Kb used=1299Kb max_used=1386Kb free=4460Kb
 bounds [0x0000018d4a430000, 0x0000018d4a6a0000, 0x0000018d4a9d0000]
 total_blobs=4822 nmethods=4299 adapters=432
 compilation: enabled
              stopped_count=0, restarted_count=0
 full_count=0

Compilation events (20 events):
Event: 2.841 Thread 0x0000018d596b7080 nmethod 4288 0x0000018d4385ac10 code [0x0000018d4385ae00, 0x0000018d4385b158]
Event: 2.841 Thread 0x0000018d596b7080 4289       3       java.lang.String::encodeUTF8 (141 bytes)
Event: 2.842 Thread 0x0000018d596b7080 nmethod 4289 0x0000018d4385b290 code [0x0000018d4385b4a0, 0x0000018d4385ba98]
Event: 2.842 Thread 0x0000018d5daab030 nmethod 4293 0x0000018d4ac09310 code [0x0000018d4ac094c0, 0x0000018d4ac09618]
Event: 2.843 Thread 0x0000018d596b7080 4294       3       sun.security.provider.DigestBase::engineUpdate (176 bytes)
Event: 2.843 Thread 0x0000018d596b7080 nmethod 4294 0x0000018d4385bd10 code [0x0000018d4385bf80, 0x0000018d4385cbd8]
Event: 2.844 Thread 0x0000018d5e900910 nmethod 4287 0x0000018d4ac09790 code [0x0000018d4ac09960, 0x0000018d4ac09ea8]
Event: 2.854 Thread 0x0000018d5e900910 4295       4       java.lang.ClassLoader::loadClass (7 bytes)
Event: 2.854 Thread 0x0000018d596b8530 nmethod 4221 0x0000018d4ac0a290 code [0x0000018d4ac0aa80, 0x0000018d4ac13468]
Event: 2.856 Thread 0x0000018d596b8530 4296   !   4       java.util.zip.ZipFile$ZipFileInflaterInputStream::close (67 bytes)
Event: 2.864 Thread 0x0000018d5daab030 4297       4       jdk.internal.loader.ClassLoaders$AppClassLoader::loadClass (40 bytes)
Event: 2.872 Thread 0x0000018d596b7080 4299       3       java.lang.Character::hashCode (8 bytes)
Event: 2.872 Thread 0x0000018d596b7080 nmethod 4299 0x0000018d4385cf90 code [0x0000018d4385d140, 0x0000018d4385d298]
Event: 2.872 Thread 0x0000018d596b7080 4300       3       java.lang.Character::hashCode (2 bytes)
Event: 2.872 Thread 0x0000018d596b7080 nmethod 4300 0x0000018d4385d390 code [0x0000018d4385d520, 0x0000018d4385d618]
Event: 2.873 Thread 0x0000018d596b8530 nmethod 4296 0x0000018d4ac18e90 code [0x0000018d4ac190e0, 0x0000018d4ac1a640]
Event: 2.873 Thread 0x0000018d596b8530 4298       4       java.util.zip.Checksum::update (11 bytes)
Event: 2.874 Thread 0x0000018d596b8530 nmethod 4298 0x0000018d4ac1b290 code [0x0000018d4ac1b420, 0x0000018d4ac1b5d8]
Event: 2.881 Thread 0x0000018d596b7080 4301       1       org.apache.logging.log4j.Level::getStandardLevel (5 bytes)
Event: 2.881 Thread 0x0000018d596b7080 nmethod 4301 0x0000018d4ac1b790 code [0x0000018d4ac1b920, 0x0000018d4ac1b9d8]

GC Heap History (15 events):
Event: 0.540 GC heap before
{Heap before GC invocations=0 (full 0):
 garbage-first heap   total 129024K, used 23552K [0x0000000083000000, 0x0000000100000000)
  region size 1024K, 23 young (23552K), 0 survivors (0K)
 Metaspace       used 5625K, committed 5824K, reserved 1114112K
  class space    used 665K, committed 768K, reserved 1048576K
}
Event: 0.545 GC heap after
{Heap after GC invocations=1 (full 0):
 garbage-first heap   total 129024K, used 7424K [0x0000000083000000, 0x0000000100000000)
  region size 1024K, 3 young (3072K), 3 survivors (3072K)
 Metaspace       used 5625K, committed 5824K, reserved 1114112K
  class space    used 665K, committed 768K, reserved 1048576K
}
Event: 1.083 GC heap before
{Heap before GC invocations=1 (full 0):
 garbage-first heap   total 129024K, used 36096K [0x0000000083000000, 0x0000000100000000)
  region size 1024K, 31 young (31744K), 3 survivors (3072K)
 Metaspace       used 12478K, committed 12736K, reserved 1114112K
  class space    used 1532K, committed 1664K, reserved 1048576K
}
Event: 1.090 GC heap after
{Heap after GC invocations=2 (full 0):
 garbage-first heap   total 129024K, used 10940K [0x0000000083000000, 0x0000000100000000)
  region size 1024K, 4 young (4096K), 4 survivors (4096K)
 Metaspace       used 12478K, committed 12736K, reserved 1114112K
  class space    used 1532K, committed 1664K, reserved 1048576K
}
Event: 1.448 GC heap before
{Heap before GC invocations=2 (full 0):
 garbage-first heap   total 129024K, used 48828K [0x0000000083000000, 0x0000000100000000)
  region size 1024K, 43 young (44032K), 4 survivors (4096K)
 Metaspace       used 21311K, committed 21504K, reserved 1114112K
  class space    used 2677K, committed 2752K, reserved 1048576K
}
Event: 1.455 GC heap after
{Heap after GC invocations=3 (full 0):
 garbage-first heap   total 129024K, used 13923K [0x0000000083000000, 0x0000000100000000)
  region size 1024K, 7 young (7168K), 7 survivors (7168K)
 Metaspace       used 21311K, committed 21504K, reserved 1114112K
  class space    used 2677K, committed 2752K, reserved 1048576K
}
Event: 1.764 GC heap before
{Heap before GC invocations=4 (full 0):
 garbage-first heap   total 55296K, used 48739K [0x0000000083000000, 0x0000000100000000)
  region size 1024K, 41 young (41984K), 7 survivors (7168K)
 Metaspace       used 24363K, committed 24576K, reserved 1114112K
  class space    used 3065K, committed 3136K, reserved 1048576K
}
Event: 1.771 GC heap after
{Heap after GC invocations=5 (full 0):
 garbage-first heap   total 58368K, used 15344K [0x0000000083000000, 0x0000000100000000)
  region size 1024K, 5 young (5120K), 5 survivors (5120K)
 Metaspace       used 24363K, committed 24576K, reserved 1114112K
  class space    used 3065K, committed 3136K, reserved 1048576K
}
Event: 1.777 GC heap before
{Heap before GC invocations=5 (full 0):
 garbage-first heap   total 58368K, used 16368K [0x0000000083000000, 0x0000000100000000)
  region size 1024K, 6 young (6144K), 5 survivors (5120K)
 Metaspace       used 24376K, committed 24576K, reserved 1114112K
  class space    used 3065K, committed 3136K, reserved 1048576K
}
Event: 1.782 GC heap after
{Heap after GC invocations=6 (full 0):
 garbage-first heap   total 58368K, used 16019K [0x0000000083000000, 0x0000000100000000)
  region size 1024K, 1 young (1024K), 1 survivors (1024K)
 Metaspace       used 24376K, committed 24576K, reserved 1114112K
  class space    used 3065K, committed 3136K, reserved 1048576K
}
Event: 2.094 GC heap before
{Heap before GC invocations=6 (full 0):
 garbage-first heap   total 58368K, used 40595K [0x0000000083000000, 0x0000000100000000)
  region size 1024K, 25 young (25600K), 1 survivors (1024K)
 Metaspace       used 27178K, committed 27392K, reserved 1114112K
  class space    used 3433K, committed 3520K, reserved 1048576K
}
Event: 2.097 GC heap after
{Heap after GC invocations=7 (full 0):
 garbage-first heap   total 58368K, used 16717K [0x0000000083000000, 0x0000000100000000)
  region size 1024K, 2 young (2048K), 2 survivors (2048K)
 Metaspace       used 27178K, committed 27392K, reserved 1114112K
  class space    used 3433K, committed 3520K, reserved 1048576K
}
Event: 2.499 GC heap before
{Heap before GC invocations=7 (full 0):
 garbage-first heap   total 58368K, used 42317K [0x0000000083000000, 0x0000000100000000)
  region size 1024K, 27 young (27648K), 2 survivors (2048K)
 Metaspace       used 30702K, committed 31040K, reserved 1114112K
  class space    used 3864K, committed 4032K, reserved 1048576K
}
Event: 2.505 GC heap after
{Heap after GC invocations=8 (full 0):
 garbage-first heap   total 58368K, used 19189K [0x0000000083000000, 0x0000000100000000)
  region size 1024K, 4 young (4096K), 4 survivors (4096K)
 Metaspace       used 30702K, committed 31040K, reserved 1114112K
  class space    used 3864K, committed 4032K, reserved 1048576K
}
Event: 2.882 GC heap before
{Heap before GC invocations=8 (full 0):
 garbage-first heap   total 58368K, used 37621K [0x0000000083000000, 0x0000000100000000)
  region size 1024K, 23 young (23552K), 4 survivors (4096K)
 Metaspace       used 35825K, committed 36160K, reserved 1114112K
  class space    used 4650K, committed 4800K, reserved 1048576K
}

Dll operation events (13 events):
Event: 0.007 Loaded shared library C:\Program Files\Java\jdk-19\bin\java.dll
Event: 0.015 Loaded shared library C:\Program Files\Java\jdk-19\bin\jsvml.dll
Event: 0.105 Loaded shared library C:\Program Files\Java\jdk-19\bin\zip.dll
Event: 0.108 Loaded shared library C:\Program Files\Java\jdk-19\bin\instrument.dll
Event: 0.111 Loaded shared library C:\Program Files\Java\jdk-19\bin\net.dll
Event: 0.112 Loaded shared library C:\Program Files\Java\jdk-19\bin\nio.dll
Event: 0.114 Loaded shared library C:\Program Files\Java\jdk-19\bin\zip.dll
Event: 0.124 Loaded shared library C:\Program Files\JetBrains\IntelliJ IDEA Community Edition 2022.2.3\bin\breakgen64.dll
Event: 0.130 Loaded shared library C:\Program Files\Java\jdk-19\bin\extnet.dll
Event: 0.213 Loaded shared library C:\Program Files\Java\jdk-19\bin\jimage.dll
Event: 0.503 Loaded shared library C:\Program Files\Java\jdk-19\bin\verify.dll
Event: 1.041 Loaded shared library C:\Program Files\Java\jdk-19\bin\management.dll
Event: 1.043 Loaded shared library C:\Program Files\Java\jdk-19\bin\management_ext.dll

Deoptimization events (20 events):
Event: 2.538 Thread 0x0000018d3afa3150 DEOPT PACKING pc=0x0000018d4aaeeee4 sp=0x0000007adbdfa500
Event: 2.538 Thread 0x0000018d3afa3150 DEOPT UNPACKING pc=0x0000018d4a496da3 sp=0x0000007adbdfa468 mode 2
Event: 2.599 Thread 0x0000018d3afa3150 Uncommon trap: trap_request=0xffffffde fr.pc=0x0000018d4ab9b440 relative=0x0000000000000280
Event: 2.599 Thread 0x0000018d3afa3150 Uncommon trap: reason=class_check action=maybe_recompile pc=0x0000018d4ab9b440 method=java.util.Collections$SetFromMap.contains(Ljava/lang/Object;)Z @ 5 c2
Event: 2.599 Thread 0x0000018d3afa3150 DEOPT PACKING pc=0x0000018d4ab9b440 sp=0x0000007adbdfb9c0
Event: 2.599 Thread 0x0000018d3afa3150 DEOPT UNPACKING pc=0x0000018d4a496da3 sp=0x0000007adbdfb968 mode 2
Event: 2.604 Thread 0x0000018d3afa3150 Uncommon trap: trap_request=0xffffff45 fr.pc=0x0000018d4ab79100 relative=0x0000000000000060
Event: 2.604 Thread 0x0000018d3afa3150 Uncommon trap: reason=unstable_if action=reinterpret pc=0x0000018d4ab79100 method=java.lang.ClassLoader.createOrGetClassLoaderValueMap()Ljava/util/concurrent/ConcurrentHashMap; @ 6 c2
Event: 2.604 Thread 0x0000018d3afa3150 DEOPT PACKING pc=0x0000018d4ab79100 sp=0x0000007adbdfb590
Event: 2.604 Thread 0x0000018d3afa3150 DEOPT UNPACKING pc=0x0000018d4a496da3 sp=0x0000007adbdfb518 mode 2
Event: 2.678 Thread 0x0000018d3afa3150 Uncommon trap: trap_request=0xffffffde fr.pc=0x0000018d4ab9b440 relative=0x0000000000000280
Event: 2.678 Thread 0x0000018d3afa3150 Uncommon trap: reason=class_check action=maybe_recompile pc=0x0000018d4ab9b440 method=java.util.Collections$SetFromMap.contains(Ljava/lang/Object;)Z @ 5 c2
Event: 2.678 Thread 0x0000018d3afa3150 DEOPT PACKING pc=0x0000018d4ab9b440 sp=0x0000007adbdf8d30
Event: 2.678 Thread 0x0000018d3afa3150 DEOPT UNPACKING pc=0x0000018d4a496da3 sp=0x0000007adbdf8cd8 mode 2
Event: 2.678 Thread 0x0000018d3afa3150 Uncommon trap: trap_request=0xffffff45 fr.pc=0x0000018d4aab8d8c relative=0x00000000000000ec
Event: 2.678 Thread 0x0000018d3afa3150 Uncommon trap: reason=unstable_if action=reinterpret pc=0x0000018d4aab8d8c method=java.lang.ClassLoader.getClassLoadingLock(Ljava/lang/String;)Ljava/lang/Object; @ 6 c2
Event: 2.678 Thread 0x0000018d3afa3150 DEOPT PACKING pc=0x0000018d4aab8d8c sp=0x0000007adbdf7700
Event: 2.678 Thread 0x0000018d3afa3150 DEOPT UNPACKING pc=0x0000018d4a496da3 sp=0x0000007adbdf76a0 mode 2
Event: 2.769 Thread 0x0000018d3afa3150 DEOPT PACKING pc=0x0000018d4340f002 sp=0x0000007adbdfb670
Event: 2.769 Thread 0x0000018d3afa3150 DEOPT UNPACKING pc=0x0000018d4a497543 sp=0x0000007adbdfab98 mode 0

Classes loaded (20 events):
Event: 2.837 Loading class java/nio/file/Files$AcceptAllFilter
Event: 2.837 Loading class java/nio/file/DirectoryStream$Filter
Event: 2.837 Loading class java/nio/file/DirectoryStream$Filter done
Event: 2.837 Loading class java/nio/file/Files$AcceptAllFilter done
Event: 2.837 Loading class sun/nio/fs/WindowsDirectoryStream
Event: 2.837 Loading class java/nio/file/DirectoryStream
Event: 2.837 Loading class java/nio/file/DirectoryStream done
Event: 2.837 Loading class sun/nio/fs/WindowsDirectoryStream done
Event: 2.837 Loading class sun/nio/fs/WindowsDirectoryStream$WindowsDirectoryIterator
Event: 2.837 Loading class sun/nio/fs/WindowsDirectoryStream$WindowsDirectoryIterator done
Event: 2.837 Loading class sun/nio/fs/WindowsPath$WindowsPathWithAttributes
Event: 2.837 Loading class sun/nio/fs/BasicFileAttributesHolder
Event: 2.837 Loading class sun/nio/fs/BasicFileAttributesHolder done
Event: 2.837 Loading class sun/nio/fs/WindowsPath$WindowsPathWithAttributes done
Event: 2.842 Loading class sun/security/provider/AbstractDrbg$NonceProvider
Event: 2.842 Loading class sun/security/provider/AbstractDrbg$NonceProvider done
Event: 2.842 Loading class sun/security/provider/SHA2$SHA256
Event: 2.842 Loading class sun/security/provider/SHA2
Event: 2.842 Loading class sun/security/provider/SHA2 done
Event: 2.842 Loading class sun/security/provider/SHA2$SHA256 done

Classes unloaded (0 events):
No events

Classes redefined (0 events):
No events

Internal exceptions (20 events):
Event: 2.557 Thread 0x0000018d3afa3150 Exception <a 'java/lang/ClassNotFoundException'{0x000000008816b3f8}: java/lang/ObjectCustomizer> (0x000000008816b3f8) 
thrown [s\open\src\hotspot\share\classfile\systemDictionary.cpp, line 255]
Event: 2.557 Thread 0x0000018d3afa3150 Exception <a 'java/lang/ClassNotFoundException'{0x0000000088173440}: org/springframework/orm/jpa/AbstractEntityManagerFactoryBeanCustomizer> (0x0000000088173440) 
thrown [s\open\src\hotspot\share\classfile\systemDictionary.cpp, line 255]
Event: 2.559 Thread 0x0000018d3afa3150 Exception <a 'java/lang/ClassNotFoundException'{0x000000008819e518}: org/springframework/orm/jpa/LocalContainerEntityManagerFactoryBeanCustomizer> (0x000000008819e518) 
thrown [s\open\src\hotspot\share\classfile\systemDictionary.cpp, line 255]
Event: 2.561 Thread 0x0000018d3afa3150 Exception <a 'java/lang/ClassNotFoundException'{0x00000000881e49d0}: org/springframework/context/ResourceLoaderAwareCustomizer> (0x00000000881e49d0) 
thrown [s\open\src\hotspot\share\classfile\systemDictionary.cpp, line 255]
Event: 2.561 Thread 0x0000018d3afa3150 Exception <a 'java/lang/ClassNotFoundException'{0x00000000881ea050}: org/springframework/beans/factory/AwareCustomizer> (0x00000000881ea050) 
thrown [s\open\src\hotspot\share\classfile\systemDictionary.cpp, line 255]
Event: 2.561 Thread 0x0000018d3afa3150 Exception <a 'java/lang/ClassNotFoundException'{0x00000000881eeca8}: org/springframework/context/weaving/LoadTimeWeaverAwareCustomizer> (0x00000000881eeca8) 
thrown [s\open\src\hotspot\share\classfile\systemDictionary.cpp, line 255]
Event: 2.562 Thread 0x0000018d3afa3150 Exception <a 'java/lang/ClassNotFoundException'{0x00000000881f4830}: org/springframework/beans/factory/AwareCustomizer> (0x00000000881f4830) 
thrown [s\open\src\hotspot\share\classfile\systemDictionary.cpp, line 255]
Event: 2.562 Thread 0x0000018d3afa3150 Exception <a 'java/lang/ClassNotFoundException'{0x00000000881f9338}: org/springframework/beans/factory/FactoryBeanCustomizer> (0x00000000881f9338) 
thrown [s\open\src\hotspot\share\classfile\systemDictionary.cpp, line 255]
Event: 2.563 Thread 0x0000018d3afa3150 Exception <a 'java/lang/ClassNotFoundException'{0x0000000088002610}: org/springframework/beans/factory/BeanClassLoaderAwareCustomizer> (0x0000000088002610) 
thrown [s\open\src\hotspot\share\classfile\systemDictionary.cpp, line 255]
Event: 2.563 Thread 0x0000018d3afa3150 Exception <a 'java/lang/ClassNotFoundException'{0x0000000088007cb8}: org/springframework/beans/factory/AwareCustomizer> (0x0000000088007cb8) 
thrown [s\open\src\hotspot\share\classfile\systemDictionary.cpp, line 255]
Event: 2.563 Thread 0x0000018d3afa3150 Exception <a 'java/lang/ClassNotFoundException'{0x000000008800c750}: org/springframework/beans/factory/BeanFactoryAwareCustomizer> (0x000000008800c750) 
thrown [s\open\src\hotspot\share\classfile\systemDictionary.cpp, line 255]
Event: 2.564 Thread 0x0000018d3afa3150 Exception <a 'java/lang/ClassNotFoundException'{0x0000000088012498}: org/springframework/beans/factory/AwareCustomizer> (0x0000000088012498) 
thrown [s\open\src\hotspot\share\classfile\systemDictionary.cpp, line 255]
Event: 2.564 Thread 0x0000018d3afa3150 Exception <a 'java/lang/ClassNotFoundException'{0x0000000088016f00}: org/springframework/beans/factory/BeanNameAwareCustomizer> (0x0000000088016f00) 
thrown [s\open\src\hotspot\share\classfile\systemDictionary.cpp, line 255]
Event: 2.564 Thread 0x0000018d3afa3150 Exception <a 'java/lang/ClassNotFoundException'{0x000000008801c948}: org/springframework/beans/factory/AwareCustomizer> (0x000000008801c948) 
thrown [s\open\src\hotspot\share\classfile\systemDictionary.cpp, line 255]
Event: 2.565 Thread 0x0000018d3afa3150 Exception <a 'java/lang/ClassNotFoundException'{0x00000000880213e0}: org/springframework/beans/factory/InitializingBeanCustomizer> (0x00000000880213e0) 
thrown [s\open\src\hotspot\share\classfile\systemDictionary.cpp, line 255]
Event: 2.565 Thread 0x0000018d3afa3150 Exception <a 'java/lang/ClassNotFoundException'{0x00000000880266d0}: org/springframework/beans/factory/DisposableBeanCustomizer> (0x00000000880266d0) 
thrown [s\open\src\hotspot\share\classfile\systemDictionary.cpp, line 255]
Event: 2.565 Thread 0x0000018d3afa3150 Exception <a 'java/lang/ClassNotFoundException'{0x000000008802bfb0}: org/springframework/orm/jpa/EntityManagerFactoryInfoCustomizer> (0x000000008802bfb0) 
thrown [s\open\src\hotspot\share\classfile\systemDictionary.cpp, line 255]
Event: 2.567 Thread 0x0000018d3afa3150 Exception <a 'java/lang/ClassNotFoundException'{0x000000008803b428}: org/springframework/dao/support/PersistenceExceptionTranslatorCustomizer> (0x000000008803b428) 
thrown [s\open\src\hotspot\share\classfile\systemDictionary.cpp, line 255]
Event: 2.795 Thread 0x0000018d3afa3150 Exception <a 'java/lang/NoSuchMethodError'{0x0000000085727d48}: 'java.lang.Object java.lang.invoke.DirectMethodHandle$Holder.invokeStaticInit(java.lang.Object, int, int, int, int)'> (0x0000000085727d48) 
thrown [s\open\src\hotspot\share\interpreter\linkResolver.cpp, line 774]
Event: 2.841 Thread 0x0000018d3afa3150 Exception <a 'java/lang/NoSuchMethodError'{0x0000000085782ca0}: 'java.lang.Object java.lang.invoke.DirectMethodHandle$Holder.invokeStaticInit(java.lang.Object, java.lang.Object, int, int, int, int)'> (0x0000000085782ca0) 
thrown [s\open\src\hotspot\share\interpreter\linkResolver.cpp, line 774]

VM Operations (20 events):
Event: 2.129 Executing VM operation: HandshakeAllThreads done
Event: 2.132 Executing VM operation: HandshakeAllThreads
Event: 2.132 Executing VM operation: HandshakeAllThreads done
Event: 2.191 Executing VM operation: HandshakeAllThreads
Event: 2.191 Executing VM operation: HandshakeAllThreads done
Event: 2.192 Executing VM operation: HandshakeAllThreads
Event: 2.192 Executing VM operation: HandshakeAllThreads done
Event: 2.358 Executing VM operation: ICBufferFull
Event: 2.358 Executing VM operation: ICBufferFull done
Event: 2.390 Executing VM operation: HandshakeAllThreads
Event: 2.390 Executing VM operation: HandshakeAllThreads done
Event: 2.451 Executing VM operation: HandshakeAllThreads
Event: 2.451 Executing VM operation: HandshakeAllThreads done
Event: 2.499 Executing VM operation: G1CollectForAllocation
Event: 2.505 Executing VM operation: G1CollectForAllocation done
Event: 2.787 Executing VM operation: HandshakeAllThreads
Event: 2.788 Executing VM operation: HandshakeAllThreads done
Event: 2.838 Executing VM operation: HandshakeAllThreads
Event: 2.838 Executing VM operation: HandshakeAllThreads done
Event: 2.881 Executing VM operation: CollectForMetadataAllocation

Events (20 events):
Event: 0.015 Thread 0x0000018d3afa3150 Thread added: 0x0000018d3afa3150
Event: 0.026 Thread 0x0000018d596a9660 Thread added: 0x0000018d596a9660
Event: 0.027 Thread 0x0000018d596aa5f0 Thread added: 0x0000018d596aa5f0
Event: 0.027 Thread 0x0000018d596aeda0 Thread added: 0x0000018d596aeda0
Event: 0.027 Thread 0x0000018d596b0880 Thread added: 0x0000018d596b0880
Event: 0.027 Thread 0x0000018d596b1490 Thread added: 0x0000018d596b1490
Event: 0.027 Thread 0x0000018d596b1f60 Thread added: 0x0000018d596b1f60
Event: 0.027 Thread 0x0000018d596b8530 Thread added: 0x0000018d596b8530
Event: 0.027 Thread 0x0000018d596b7080 Thread added: 0x0000018d596b7080
Event: 0.027 Thread 0x0000018d596ccea0 Thread added: 0x0000018d596ccea0
Event: 0.090 Thread 0x0000018d5d887960 Thread added: 0x0000018d5d887960
Event: 0.124 Thread 0x0000018d5d9a6840 Thread added: 0x0000018d5d9a6840
Event: 0.124 Thread 0x0000018d5d9e9360 Thread added: 0x0000018d5d9e9360
Event: 0.147 Thread 0x0000018d5daab030 Thread added: 0x0000018d5daab030
Event: 0.999 Thread 0x0000018d5e900910 Thread added: 0x0000018d5e900910
Event: 1.108 Thread 0x0000018d5f2340e0 Thread added: 0x0000018d5f2340e0
Event: 1.391 Thread 0x0000018d5ee58490 Thread added: 0x0000018d5ee58490
Event: 1.413 Thread 0x0000018d5ee58490 Thread exited: 0x0000018d5ee58490
Event: 1.586 Thread 0x0000018d5f2340e0 Thread exited: 0x0000018d5f2340e0
Event: 2.452 Thread 0x0000018d601b8e40 Thread added: 0x0000018d601b8e40


Dynamic libraries:
0x00007ff6f0290000 - 0x00007ff6f02a0000 	C:\Program Files\Java\jdk-19\bin\java.exe
0x00007ffa55df0000 - 0x00007ffa55fe8000 	C:\WINDOWS\SYSTEM32\ntdll.dll
0x00007ffa55cf0000 - 0x00007ffa55daf000 	C:\WINDOWS\System32\KERNEL32.DLL
0x00007ffa53b50000 - 0x00007ffa53e22000 	C:\WINDOWS\System32\KERNELBASE.dll
0x00007ffa53640000 - 0x00007ffa53740000 	C:\WINDOWS\System32\ucrtbase.dll
0x00007ffa4e8d0000 - 0x00007ffa4e8e8000 	C:\Program Files\Java\jdk-19\bin\jli.dll
0x00007ffa4e8f0000 - 0x00007ffa4e90b000 	C:\Program Files\Java\jdk-19\bin\VCRUNTIME140.dll
0x00007ffa54070000 - 0x00007ffa5411e000 	C:\WINDOWS\System32\ADVAPI32.dll
0x00007ffa55860000 - 0x00007ffa558fe000 	C:\WINDOWS\System32\msvcrt.dll
0x00007ffa559f0000 - 0x00007ffa55a8c000 	C:\WINDOWS\System32\sechost.dll
0x00007ffa54330000 - 0x00007ffa54455000 	C:\WINDOWS\System32\RPCRT4.dll
0x00007ffa53e30000 - 0x00007ffa53fd1000 	C:\WINDOWS\System32\USER32.dll
0x00007ffa53800000 - 0x00007ffa53822000 	C:\WINDOWS\System32\win32u.dll
0x00007ffa38890000 - 0x00007ffa38b2a000 	C:\WINDOWS\WinSxS\amd64_microsoft.windows.common-controls_6595b64144ccf1df_6.0.19041.1110_none_60b5254171f9507e\COMCTL32.dll
0x00007ffa53fe0000 - 0x00007ffa5400b000 	C:\WINDOWS\System32\GDI32.dll
0x00007ffa53830000 - 0x00007ffa5393f000 	C:\WINDOWS\System32\gdi32full.dll
0x00007ffa53a00000 - 0x00007ffa53a9d000 	C:\WINDOWS\System32\msvcp_win.dll
0x00007ffa4d180000 - 0x00007ffa4d18a000 	C:\WINDOWS\SYSTEM32\VERSION.dll
0x00007ffa542f0000 - 0x00007ffa54322000 	C:\WINDOWS\System32\IMM32.DLL
0x00007ffa4d1d0000 - 0x00007ffa4d1dc000 	C:\Program Files\Java\jdk-19\bin\vcruntime140_1.dll
0x00007ffa4c410000 - 0x00007ffa4c49e000 	C:\Program Files\Java\jdk-19\bin\msvcp140.dll
0x00007ffa0e900000 - 0x00007ffa0f5c0000 	C:\Program Files\Java\jdk-19\bin\server\jvm.dll
0x00007ffa4edf0000 - 0x00007ffa4edf9000 	C:\WINDOWS\SYSTEM32\WSOCK32.dll
0x00007ffa38010000 - 0x00007ffa38037000 	C:\WINDOWS\SYSTEM32\WINMM.dll
0x00007ffa547f0000 - 0x00007ffa5485b000 	C:\WINDOWS\System32\WS2_32.dll
0x00007ffa51d30000 - 0x00007ffa51d42000 	C:\WINDOWS\SYSTEM32\kernel.appcore.dll
0x00007ffa4ce40000 - 0x00007ffa4ce4a000 	C:\Program Files\Java\jdk-19\bin\jimage.dll
0x00007ffa512a0000 - 0x00007ffa51484000 	C:\WINDOWS\SYSTEM32\DBGHELP.DLL
0x00007ffa33e80000 - 0x00007ffa33eb5000 	C:\WINDOWS\SYSTEM32\dbgcore.DLL
0x00007ffa53940000 - 0x00007ffa539c2000 	C:\WINDOWS\System32\bcryptPrimitives.dll
0x00007ffa4ce30000 - 0x00007ffa4ce3e000 	C:\Program Files\Java\jdk-19\bin\instrument.dll
0x00007ffa4c0e0000 - 0x00007ffa4c106000 	C:\Program Files\Java\jdk-19\bin\java.dll
0x00007ffa2fc60000 - 0x00007ffa2fd37000 	C:\Program Files\Java\jdk-19\bin\jsvml.dll
0x00007ffa54860000 - 0x00007ffa54fa4000 	C:\WINDOWS\System32\SHELL32.dll
0x00007ffa51580000 - 0x00007ffa51d12000 	C:\WINDOWS\SYSTEM32\windows.storage.dll
0x00007ffa55500000 - 0x00007ffa55855000 	C:\WINDOWS\System32\combase.dll
0x00007ffa52f40000 - 0x00007ffa52f70000 	C:\WINDOWS\SYSTEM32\Wldp.dll
0x00007ffa54120000 - 0x00007ffa541cd000 	C:\WINDOWS\System32\SHCORE.dll
0x00007ffa541d0000 - 0x00007ffa54225000 	C:\WINDOWS\System32\shlwapi.dll
0x00007ffa53420000 - 0x00007ffa5343f000 	C:\WINDOWS\SYSTEM32\profapi.dll
0x00007ffa3f160000 - 0x00007ffa3f178000 	C:\Program Files\Java\jdk-19\bin\zip.dll
0x00007ffa4c0c0000 - 0x00007ffa4c0d3000 	C:\Program Files\Java\jdk-19\bin\net.dll
0x00007ffa478b0000 - 0x00007ffa479bc000 	C:\WINDOWS\SYSTEM32\WINHTTP.dll
0x00007ffa52ca0000 - 0x00007ffa52d0a000 	C:\WINDOWS\system32\mswsock.dll
0x00007ffa4b800000 - 0x00007ffa4b816000 	C:\Program Files\Java\jdk-19\bin\nio.dll
0x00007ffa3edd0000 - 0x00007ffa3edea000 	C:\Program Files\JetBrains\IntelliJ IDEA Community Edition 2022.2.3\bin\breakgen64.dll
0x00007ffa4bf40000 - 0x00007ffa4bf48000 	C:\Program Files\Java\jdk-19\bin\extnet.dll
0x00007ffa4c400000 - 0x00007ffa4c410000 	C:\Program Files\Java\jdk-19\bin\verify.dll
0x00007ffa4bf20000 - 0x00007ffa4bf2a000 	C:\Program Files\Java\jdk-19\bin\management.dll
0x00007ffa4b7f0000 - 0x00007ffa4b7fb000 	C:\Program Files\Java\jdk-19\bin\management_ext.dll
0x00007ffa54230000 - 0x00007ffa54238000 	C:\WINDOWS\System32\PSAPI.DLL
0x00007ffa2c300000 - 0x00007ffa2c317000 	C:\WINDOWS\system32\napinsp.dll
0x00007ffa2c2e0000 - 0x00007ffa2c2fb000 	C:\WINDOWS\system32\pnrpnsp.dll
0x00007ffa2c2c0000 - 0x00007ffa2c2d5000 	C:\WINDOWS\system32\wshbth.dll
0x00007ffa4ed50000 - 0x00007ffa4ed6d000 	C:\WINDOWS\system32\NLAapi.dll
0x00007ffa52940000 - 0x00007ffa5297b000 	C:\WINDOWS\SYSTEM32\IPHLPAPI.DLL
0x00007ffa52980000 - 0x00007ffa52a4a000 	C:\WINDOWS\SYSTEM32\DNSAPI.dll
0x00007ffa55980000 - 0x00007ffa55988000 	C:\WINDOWS\System32\NSI.dll
0x00007ffa2c2a0000 - 0x00007ffa2c2b2000 	C:\WINDOWS\System32\winrnr.dll
0x00000000627b0000 - 0x00000000627ba000 	C:\Program Files\National Instruments\Shared\mDNS Responder\nimdnsNSP.dll
0x00000000627a0000 - 0x00000000627b0000 	C:\WINDOWS\SYSTEM32\nimdnsResponder.dll
0x00007ffa3afe0000 - 0x00007ffa3afea000 	C:\Windows\System32\rasadhlp.dll
0x00007ffa3b020000 - 0x00007ffa3b0a0000 	C:\WINDOWS\System32\fwpuclnt.dll
0x00007ffa539d0000 - 0x00007ffa539f7000 	C:\WINDOWS\System32\bcrypt.dll
0x00007ffa52e90000 - 0x00007ffa52ea8000 	C:\WINDOWS\SYSTEM32\CRYPTSP.dll
0x00007ffa52550000 - 0x00007ffa52584000 	C:\WINDOWS\system32\rsaenh.dll
0x00007ffa533e0000 - 0x00007ffa5340e000 	C:\WINDOWS\SYSTEM32\USERENV.dll
0x00007ffa52eb0000 - 0x00007ffa52ebc000 	C:\WINDOWS\SYSTEM32\CRYPTBASE.dll
0x00007ffa4b770000 - 0x00007ffa4b787000 	C:\WINDOWS\SYSTEM32\dhcpcsvc6.DLL
0x00007ffa4b9f0000 - 0x00007ffa4ba0d000 	C:\WINDOWS\SYSTEM32\dhcpcsvc.DLL

dbghelp: loaded successfully - version: 4.0.5 - missing functions: none
symbol engine: initialized successfully - sym options: 0x614 - pdb path: .;C:\Program Files\Java\jdk-19\bin;C:\WINDOWS\SYSTEM32;C:\WINDOWS\WinSxS\amd64_microsoft.windows.common-controls_6595b64144ccf1df_6.0.19041.1110_none_60b5254171f9507e;C:\Program Files\Java\jdk-19\bin\server;C:\Program Files\JetBrains\IntelliJ IDEA Community Edition 2022.2.3\bin;C:\Program Files\National Instruments\Shared\mDNS Responder

VM Arguments:
jvm_args: -ea -Didea.test.cyclic.buffer.size=1048576 -javaagent:C:\Program Files\JetBrains\IntelliJ IDEA Community Edition 2022.2.3\lib\idea_rt.jar=56782:C:\Program Files\JetBrains\IntelliJ IDEA Community Edition 2022.2.3\bin -Dfile.encoding=UTF-8 -Dsun.stdout.encoding=UTF-8 -Dsun.stderr.encoding=UTF-8 
java_command: com.intellij.rt.junit.JUnitStarter -ideVersion5 -junit5 com.example.cityHotel.test.CityHotelApplicationTests
java_class_path (initial): C:\Users\user\.m2\repository\org\junit\platform\junit-platform-launcher\1.8.2\junit-platform-launcher-1.8.2.jar;C:\Program Files\JetBrains\IntelliJ IDEA Community Edition 2022.2.3\lib\idea_rt.jar;C:\Program Files\JetBrains\IntelliJ IDEA Community Edition 2022.2.3\plugins\junit\lib\junit5-rt.jar;C:\Program Files\JetBrains\IntelliJ IDEA Community Edition 2022.2.3\plugins\junit\lib\junit-rt.jar;C:\Users\user\OneDrive\Desktop\complete project with Swagger and responseEntity\TrainingProject\target\test-classes;C:\Users\user\OneDrive\Desktop\complete project with Swagger and responseEntity\TrainingProject\target\classes;C:\Users\user\.m2\repository\org\springframework\boot\spring-boot-starter-data-jpa\2.7.7-SNAPSHOT\spring-boot-starter-data-jpa-2.7.7-20221222.092404-18.jar;C:\Users\user\.m2\repository\org\springframework\boot\spring-boot-starter-aop\2.7.7-SNAPSHOT\spring-boot-starter-aop-2.7.7-20221222.092404-18.jar;C:\Users\user\.m2\repository\org\springframework\spring-aop\5.3.24\spring-aop-5.3.24.jar;C:\Users\user\.m2\repository\org\aspectj\aspectjweaver\1.9.7\aspectjweaver-1.9.7.jar;C:\Users\user\.m2\repository\org\springframework\boot\spring-boot-starter-jdbc\2.7.7-SNAPSHOT\spring-boot-starter-jdbc-2.7.7-20221222.092404-18.jar;C:\Users\user\.m2\repository\com\zaxxer\HikariCP\4.0.3\HikariCP-4.0.3.jar;C:\Users\user\.m2\repository\org\springframework\spring-jdbc\5.3.24\spring-jdbc-5.3.24.jar;C:\Users\user\.m2\repository\jakarta\transaction\jakarta.transaction-api\1.3.3\jakarta.transaction-api-1.3.3.jar;C:\Users\user\.m2\repository\jakarta\persistence\jakarta.persistence-api\2.2.3\jakarta.persistence-api-2.2.3.jar;C:\Users\user\.m2\repository\org\hibernate\hibernate-core\5.6.14.Final\hibernate-core-5.6.14.Final.jar;C:\Users\user\.m2\repository\org\jboss\logging\jboss-logging\3.4.3.Final\jboss-logging-3.4.3.Final.jar;C:\Users\user\.m2\repository\net\bytebuddy\byte-buddy\1.12.20\byte-buddy-1.12.20.jar;C:\Users\user\.m2\repository\antlr\antlr\2.7.7\antlr-2.7.7.jar;C:\Users\user\.m2\repository\org\jboss\jandex\2.4.2.Final\jandex-2.4.2.Final.jar;C:\Users\user\.m2\repository\org\hibernate\common\hibernate-commons-annotations\5.1.2.Final\hibernate-commons-annotations-5.1.2.Final.jar;C:\Users\user\.m2\repository\org\glassfish\jaxb\jaxb-runtime\2.3.7\jaxb-runtime-2.3.7.jar;C:\Users\user\.m2\repository\org\glassfish\jaxb\txw2\2.3.7\txw2-2.3.7.jar;C:\Users\user\.m2\repository\com\sun\istack\istack-commons-runtime\3.0.12\istack-commons-runtime-3.0.12.jar;C:\Users\user\.m2\repository\com\sun\activation\jakarta.activation\1.2.2\jakarta.activation-1.2.2.jar;C:\Users\user\.m2\repository\org\springframework\data\spring-data-jpa\2.7.6\spring-data-jpa-2.7.6.jar;C:\Users\user\.m2\repository\org\springframework\data\spring-data-commons\2.7.6\spring-data-commons-2.7.6.jar;C:\Users\user\.m2\repository\org\springframework\spring-orm\5.3.24\spring-orm-5.3.24.jar;C:\Users\user\.m2\repository\org\springframework\spring-context\5.3.24\spring-context-5.3.24.jar;C:\Users\user\.m2\repository\org\springframework\spring-tx\5.3.24\spring-tx-5.3.24.jar;C:\Users\user\.m2\repository\org\springframework\spring-beans\5.3.24\spring-beans-5.3.24.jar;C:\Users\user\.m2\repository\org\springframework\spring-aspects\5.3.24\spring-aspects-5.3.24.jar;C:\Users\user\.m2\repository\org\springframework\boot\spring-boot-starter-web\2.7.7-SNAPSHOT\spring-boot-starter-web-2.7.7-20221222.092404-18.jar;C:\Users\user\.m2\repository\org\springframework\boot\spring-boot-starter\2.7.7-SNAPSHOT\spring-boot-starter-2.7.7-20221222.092404-18.jar;C:\Users\user\.m2\repository\org\springframework\boot\spring-boot-starter-logging\2.7.7-SNAPSHOT\spring-boot-starter-logging-2.7.7-20221222.092404-18.jar;C:\Users\user\.m2\repository\ch\qos\logback\logback-classic\1.2.11\logback-classic-1.2.11.jar;C:\Users\user\.m2\repository\ch\qos\logback\logback-core\1.2.11\logback-core-1.2.11.jar;C:\Users\user\.m2\repository\org\apache\logging\log4j\log4j-to-slf4j\2.17.2\log4j-to-slf4j-2.17.2.jar;C:\Users\user\.m2\repository\org\apache\logging\log4j\log4j-api\2.17.2\log4j-api-2.17.2.jar;C:\Users\user\.m2\repository\org\slf4j\jul-to-slf4j\1.7.36\jul-to-slf4j-1.7.36.jar;C:\Users\user\.m2\repository\jakarta\annotation\jakarta.annotation-api\1.3.5\jakarta.annotation-api-1.3.5.jar;C:\Users\user\.m2\repository\org\yaml\snakeyaml\1.30\snakeyaml-1.30.jar;C:\Users\user\.m2\repository\org\springframework\boot\spring-boot-starter-json\2.7.7-SNAPSHOT\spring-boot-starter-json-2.7.7-20221222.092404-18.jar;C:\Users\user\.m2\repository\com\fasterxml\jackson\datatype\jackson-datatype-jdk8\2.13.4\jackson-datatype-jdk8-2.13.4.jar;C:\Users\user\.m2\repository\com\fasterxml\jackson\datatype\jackson-datatype-jsr310\2.13.4\jackson-datatype-jsr310-2.13.4.jar;C:\Users\user\.m2\repository\com\fasterxml\jackson\module\jackson-module-parameter-names\2.13.4\jackson-module-parameter-names-2.13.4.jar;C:\Users\user\.m2\repository\org\springframework\boot\spring-boot-starter-tomcat\2.7.7-SNAPSHOT\spring-boot-starter-tomcat-2.7.7-20221222.092404-18.jar;C:\Users\user\.m2\repository\org\apache\tomcat\embed\tomcat-embed-core\9.0.70\tomcat-embed-core-9.0.70.jar;C:\Users\user\.m2\repository\org\apache\tomcat\embed\tomcat-embed-websocket\9.0.70\tomcat-embed-websocket-9.0.70.jar;C:\Users\user\.m2\repository\org\springframework\spring-web\5.3.24\spring-web-5.3.24.jar;C:\Users\user\.m2\repository\org\springframework\spring-webmvc\5.3.24\spring-webmvc-5.3.24.jar;C:\Users\user\.m2\repository\org\springframework\spring-expression\5.3.24\spring-expression-5.3.24.jar;C:\Users\user\.m2\repository\org\springframework\boot\spring-boot-devtools\2.7.7-SNAPSHOT\spring-boot-devtools-2.7.7-20221222.092404-18.jar;C:\Users\user\.m2\repository\org\springframework\boot\spring-boot\2.7.7-SNAPSHOT\spring-boot-2.7.7-20221222.092404-18.jar;C:\Users\user\.m2\repository\org\springframework\boot\spring-boot-autoconfigure\2.7.7-SNAPSHOT\spring-boot-autoconfigure-2.7.7-20221222.092404-18.jar;C:\Users\user\.m2\repository\com\h2database\h2\2.1.214\h2-2.1.214.jar;C:\Users\user\.m2\repository\com\mysql\mysql-connector-j\8.0.31\mysql-connector-j-8.0.31.jar;C:\Users\user\.m2\repository\org\springframework\boot\spring-boot-configuration-processor\2.7.7-SNAPSHOT\spring-boot-configuration-processor-2.7.7-20221222.092404-18.jar;C:\Users\user\.m2\repository\org\projectlombok\lombok\1.18.24\lombok-1.18.24.jar;C:\Users\user\.m2\repository\org\springframework\boot\spring-boot-starter-test\2.7.7-SNAPSHOT\spring-boot-starter-test-2.7.7-20221222.092404-18.jar;C:\Users\user\.m2\repository\org\springframework\boot\spring-boot-test\2.7.7-SNAPSHOT\spring-boot-test-2.7.7-20221222.092404-18.jar;C:\Users\user\.m2\repository\org\springframework\boot\spring-boot-test-autoconfigure\2.7.7-SNAPSHOT\spring-boot-test-autoconfigure-2.7.7-20221222.092404-18.jar;C:\Users\user\.m2\repository\com\jayway\jsonpath\json-path\2.7.0\json-path-2.7.0.jar;C:\Users\user\.m2\repository\net\minidev\json-smart\2.4.8\json-smart-2.4.8.jar;C:\Users\user\.m2\repository\net\minidev\accessors-smart\2.4.8\accessors-smart-2.4.8.jar;C:\Users\user\.m2\repository\org\ow2\asm\asm\9.1\asm-9.1.jar;C:\Users\user\.m2\repository\jakarta\xml\bind\jakarta.xml.bind-api\2.3.3\jakarta.xml.bind-api-2.3.3.jar;C:\Users\user\.m2\repository\jakarta\activation\jakarta.activation-api\1.2.2\jakarta.activation-api-1.2.2.jar;C:\Users\user\.m2\repository\org\assertj\assertj-core\3.22.0\assertj-core-3.22.0.jar;C:\Users\user\.m2\repository\org\hamcrest\hamcrest\2.2\hamcrest-2.2.jar;C:\Users\user\.m2\repository\org\junit\jupiter\junit-jupiter\5.8.2\junit-jupiter-5.8.2.jar;C:\Users\user\.m2\repository\org\junit\jupiter\junit-jupiter-api\5.8.2\junit-jupiter-api-5.8.2.jar;C:\Users\user\.m2\repository\org\opentest4j\opentest4j\1.2.0\opentest4j-1.2.0.jar;C:\Users\user\.m2\repository\org\junit\platform\junit-platform-commons\1.8.2\junit-platform-commons-1.8.2.jar;C:\Users\user\.m2\repository\org\apiguardian\apiguardian-api\1.1.2\apiguardian-api-1.1.2.jar;C:\Users\user\.m2\repository\org\junit\jupiter\junit-jupiter-params\5.8.2\junit-jupiter-params-5.8.2.jar;C:\Users\user\.m2\repository\org\junit\jupiter\junit-jupiter-engine\5.8.2\junit-jupiter-engine-5.8.2.jar;C:\Users\user\.m2\repository\org\junit\platform\junit-platform-engine\1.8.2\junit-platform-engine-1.8.2.jar;C:\Users\user\.m2\repository\org\mockito\mockito-core\4.5.1\mockito-core-4.5.1.jar;C:\Users\user\.m2\repository\net\bytebuddy\byte-buddy-agent\1.12.20\byte-buddy-agent-1.12.20.jar;C:\Users\user\.m2\repository\org\objenesis\objenesis\3.2\objenesis-3.2.jar;C:\Users\user\.m2\repository\org\mockito\mockito-junit-jupiter\4.5.1\mockito-junit-jupiter-4.5.1.jar;C:\Users\user\.m2\repository\org\skyscreamer\jsonassert\1.5.1\jsonassert-1.5.1.jar;C:\Users\user\.m2\repository\com\vaadin\external\google\android-json\0.0.20131108.vaadin1\android-json-0.0.20131108.vaadin1.jar;C:\Users\user\.m2\repository\org\springframework\spring-core\5.3.24\spring-core-5.3.24.jar;C:\Users\user\.m2\repository\org\springframework\spring-jcl\5.3.24\spring-jcl-5.3.24.jar;C:\Users\user\.m2\repository\org\springframework\spring-test\5.3.24\spring-test-5.3.24.jar;C:\Users\user\.m2\repository\org\xmlunit\xmlunit-core\2.9.0\xmlunit-core-2.9.0.jar;C:\Users\user\.m2\repository\com\fasterxml\jackson\core\jackson-databind\2.14.0\jackson-databind-2.14.0.jar;C:\Users\user\.m2\repository\com\fasterxml\jackson\core\jackson-annotations\2.13.4\jackson-annotations-2.13.4.jar;C:\Users\user\.m2\repository\com\fasterxml\jackson\core\jackson-core\2.13.4\jackson-core-2.13.4.jar;C:\Users\user\.m2\repository\io\springfox\springfox-boot-starter\3.0.0\springfox-boot-starter-3.0.0.jar;C:\Users\user\.m2\repository\io\springfox\springfox-oas\3.0.0\springfox-oas-3.0.0.jar;C:\Users\user\.m2\repository\io\swagger\core\v3\swagger-annotations\2.1.2\swagger-annotations-2.1.2.jar;C:\Users\user\.m2\repository\io\swagger\core\v3\swagger-models\2.1.2\swagger-models-2.1.2.jar;C:\Users\user\.m2\repository\io\springfox\springfox-spi\3.0.0\springfox-spi-3.0.0.jar;C:\Users\user\.m2\repository\io\springfox\springfox-schema\3.0.0\springfox-schema-3.0.0.jar;C:\Users\user\.m2\repository\io\springfox\springfox-core\3.0.0\springfox-core-3.0.0.jar;C:\Users\user\.m2\repository\io\springfox\springfox-spring-web\3.0.0\springfox-spring-web-3.0.0.jar;C:\Users\user\.m2\repository\io\github\classgraph\classgraph\4.8.83\classgraph-4.8.83.jar;C:\Users\user\.m2\repository\io\springfox\springfox-spring-webmvc\3.0.0\springfox-spring-webmvc-3.0.0.jar;C:\Users\user\.m2\repository\io\springfox\springfox-spring-webflux\3.0.0\springfox-spring-webflux-3.0.0.jar;C:\Users\user\.m2\repository\io\springfox\springfox-swagger-common\3.0.0\springfox-swagger-common-3.0.0.jar;C:\Users\user\.m2\repository\org\mapstruct\mapstruct\1.3.1.Final\mapstruct-1.3.1.Final.jar;C:\Users\user\.m2\repository\io\springfox\springfox-data-rest\3.0.0\springfox-data-rest-3.0.0.jar;C:\Users\user\.m2\repository\io\springfox\springfox-bean-validators\3.0.0\springfox-bean-validators-3.0.0.jar;C:\Users\user\.m2\repository\io\springfox\springfox-swagger2\3.0.0\springfox-swagger2-3.0.0.jar;C:\Users\user\.m2\repository\io\swagger\swagger-annotations\1.5.20\swagger-annotations-1.5.20.jar;C:\Users\user\.m2\repository\io\swagger\swagger-models\1.5.20\swagger-models-1.5.20.jar;C:\Users\user\.m2\repository\io\springfox\springfox-swagger-ui\3.0.0\springfox-swagger-ui-3.0.0.jar;C:\Users\user\.m2\repository\com\fasterxml\classmate\1.5.1\classmate-1.5.1.jar;C:\Users\user\.m2\repository\org\slf4j\slf4j-api\1.7.36\slf4j-api-1.7.36.jar;C:\Users\user\.m2\repository\org\springframework\plugin\spring-plugin-core\2.0.0.RELEASE\spring-plugin-core-2.0.0.RELEASE.jar;C:\Users\user\.m2\repository\org\springframework\plugin\spring-plugin-metadata\2.0.0.RELEASE\spring-plugin-metadata-2.0.0.RELEASE.jar;C:\Users\user\.m2\repository\org\springframework\boot\spring-boot-starter-validation\2.7.7-SNAPSHOT\spring-boot-starter-validation-2.7.7-20221222.092404-18.jar;C:\Users\user\.m2\repository\org\apache\tomcat\embed\tomcat-embed-el\9.0.70\tomcat-embed-el-9.0.70.jar;C:\Users\user\.m2\repository\org\hibernate\validator\hibernate-validator\6.2.5.Final\hibernate-validator-6.2.5.Final.jar;C:\Users\user\.m2\repository\jakarta\validation\jakarta.validation-api\2.0.2\jakarta.validation-api-2.0.2.jar
Launcher Type: SUN_STANDARD

[Global flags]
     intx CICompilerCount                          = 4                                         {product} {ergonomic}
     uint ConcGCThreads                            = 2                                         {product} {ergonomic}
     uint G1ConcRefinementThreads                  = 8                                         {product} {ergonomic}
   size_t G1HeapRegionSize                         = 1048576                                   {product} {ergonomic}
    uintx GCDrainStackTargetSize                   = 64                                        {product} {ergonomic}
   size_t InitialHeapSize                          = 132120576                                 {product} {ergonomic}
   size_t MarkStackSize                            = 4194304                                   {product} {ergonomic}
   size_t MaxHeapSize                              = 2097152000                                {product} {ergonomic}
   size_t MaxNewSize                               = 1258291200                                {product} {ergonomic}
   size_t MinHeapDeltaBytes                        = 1048576                                   {product} {ergonomic}
   size_t MinHeapSize                              = 8388608                                   {product} {ergonomic}
    uintx NonNMethodCodeHeapSize                   = 5839372                                {pd product} {ergonomic}
    uintx NonProfiledCodeHeapSize                  = 122909434                              {pd product} {ergonomic}
    uintx ProfiledCodeHeapSize                     = 122909434                              {pd product} {ergonomic}
    uintx ReservedCodeCacheSize                    = 251658240                              {pd product} {ergonomic}
     bool SegmentedCodeCache                       = true                                      {product} {ergonomic}
   size_t SoftMaxHeapSize                          = 2097152000                             {manageable} {ergonomic}
     bool UseCompressedClassPointers               = true                           {product lp64_product} {ergonomic}
     bool UseCompressedOops                        = true                           {product lp64_product} {ergonomic}
     bool UseG1GC                                  = true                                      {product} {ergonomic}
     bool UseLargePagesIndividualAllocation        = false                                  {pd product} {ergonomic}

Logging:
Log output configuration:
 #0: stdout all=warning uptime,level,tags foldmultilines=false
 #1: stderr all=off uptime,level,tags foldmultilines=false

Environment Variables:
JAVA_HOME=C:\Program Files\Java\jdk-17.0.1\bin
PATH=C:\Program Files\Common Files\Oracle\Java\javapath;C:\DevSuiteHome_3\jdk\jre\bin\classic;C:\DevSuiteHome_3\jdk\jre\bin;C:\DevSuiteHome_3\jdk\jre\bin\client;C:\DevSuiteHome_3\jlib;C:\DevSuiteHome_3\bin;C:\DevSuiteHome_3\jre\1.4.2\bin\client;C:\DevSuiteHome_3\jre\1.4.2\bin;C:\oraclexe\app\oracle\product\10.2.0\server\bin;C:\WINDOWS\system32;C:\WINDOWS;C:\WINDOWS\System32\Wbem;C:\WINDOWS\System32\WindowsPowerShell\v1.0\;C:\WINDOWS\System32\OpenSSH\;C:\Program Files\dotnet\;C:\Program Files\Git\cmd;C:\Program Files\Microsoft SQL Server\130\Tools\Binn\;C:\Program Files\Java\jdk-17.0.1\bin;C:\Users\user\AppData\Local\Microsoft\WindowsApps;C:\Users\user\.dotnet\tools;C:\Users\user\AppData\Local\Programs\Microsoft VS Code\bin;C:\Users\user\OneDrive\Documents\Flutter\flutter\bin;;C:\Program Files\JetBrains\IntelliJ IDEA Community Edition 2022.2.3\bin;
USERNAME=user
OS=Windows_NT
PROCESSOR_IDENTIFIER=Intel64 Family 6 Model 142 Stepping 12, GenuineIntel
TMP=C:\Users\user\AppData\Local\Temp
TEMP=C:\Users\user\AppData\Local\Temp



---------------  S Y S T E M  ---------------

OS:
 Windows 10 , 64 bit Build 19041 (10.0.19041.2364)
OS uptime: 0 days 5:47 hours

CPU: total 8 (initial active 8) (4 cores per cpu, 2 threads per core) family 6 model 142 stepping 12 microcode 0xde, cx8, cmov, fxsr, ht, mmx, 3dnowpref, sse, sse2, sse3, ssse3, sse4.1, sse4.2, popcnt, lzcnt, tsc, tscinvbit, avx, avx2, aes, erms, clmul, bmi1, bmi2, adx, fma, vzeroupper, clflush, clflushopt, rdtscp

Memory: 4k page, system-wide physical 7995M (1218M free)
TotalPageFile size 10043M (AvailPageFile size 32M)
current process WorkingSet (physical memory assigned to process): 196M, peak: 199M
current process commit charge ("private bytes"): 264M, peak: 295M

vm_info: Java HotSpot(TM) 64-Bit Server VM (19.0.1+10-21) for windows-amd64 JRE (19.0.1+10-21), built on 2022-09-14T12:45:06Z by "mach5one" with MS VC++ 17.1 (VS2022)

END.
